#
# A fatal error has been detected by the Java Runtime Environment:
#
#  EXCEPTION_ACCESS_VIOLATION (0xc0000005) at pc=0x6cee8b52, pid=3040, tid=4788
#
# JRE version: Java(TM) SE Runtime Environment (7.0_55-b14) (build 1.7.0_55-b14)
# Java VM: Java HotSpot(TM) Client VM (24.55-b03 mixed mode windows-x86 )
# Problematic frame:
# C  [gdx.dll+0x28b52]
#
# Failed to write core dump. Minidumps are not enabled by default on client versions of Windows
#
# If you would like to submit a bug report, please visit:
#   http://bugreport.sun.com/bugreport/crash.jsp
# The crash happened outside the Java Virtual Machine in native code.
# See problematic frame for where to report the bug.
#

---------------  T H R E A D  ---------------

Current thread (0x00e76400):  JavaThread "LWJGL Application" [_thread_in_native, id=4788, stack(0x18830000,0x18880000)]

siginfo: ExceptionCode=0xc0000005, reading address 0x1fed0dfc

Registers:
EAX=0x09677dfc, EBX=0x00e76530, ECX=0x95514b39, EDX=0x00d208c4
ESP=0x1887efdc, EBP=0x1887f02c, ESI=0x1887f03c, EDI=0x1fed0db8
EIP=0x6cee8b52, EFLAGS=0x00010246

Top of Stack: (sp=0x1887efdc)
0x1887efdc:   01e9f67c 14189498 14189498 00e76400
0x1887efec:   01c6f358 00e76530 1887f048 1fed0db8
0x1887effc:   00000000 1887f03c 00000000 092bdd40
0x1887f00c:   1887f00c 00000000 1887f048 1418c9b0
0x1887f01c:   00000000 14189498 00000000 1887f03c
0x1887f02c:   1887f06c 01c63287 00000000 01c6bde9
0x1887f03c:   09677df0 1fed0db8 00000000 0965c7e0
0x1887f04c:   1887f04c 141893e1 1887f074 1418c9b0 

Instructions: (pc=0x6cee8b52)
0x6cee8b32:   30 89 7c 24 18 8b 7c 24 28 8b 03 89 74 24 04 89
0x6cee8b42:   1c 24 c7 44 24 08 00 00 00 00 ff 90 78 03 00 00
0x6cee8b52:   8b 57 44 8b 4f 40 89 50 04 8b 13 83 ec 0c 89 08
0x6cee8b62:   89 74 24 04 89 1c 24 c7 44 24 0c 00 00 00 00 89 


Register to memory mapping:

EAX=0x09677dfc is pointing into object: 0x09677df0
[F 
 - klass: {type array float}
 - length: 4
EBX=0x00e76530 is an unknown value
ECX=0x95514b39 is an unknown value
EDX=0x00d208c4 is an unknown value
ESP=0x1887efdc is pointing into the stack for thread: 0x00e76400
EBP=0x1887f02c is pointing into the stack for thread: 0x00e76400
ESI=0x1887f03c is pointing into the stack for thread: 0x00e76400
EDI=0x1fed0db8 is an unknown value


Stack: [0x18830000,0x18880000],  sp=0x1887efdc,  free space=315k
Native frames: (J=compiled Java code, j=interpreted, Vv=VM code, C=native code)
C  [gdx.dll+0x28b52]
j  com.badlogic.gdx.physics.box2d.Body.getLinearVelocity()Lcom/badlogic/gdx/math/Vector2;+9
j  com.valyrian.firstgame.entidades.Jugador.Saltar()V+15
j  com.valyrian.firstgame.utilidades.input.Teclado.keyDown(I)Z+131
J  com.badlogic.gdx.backends.lwjgl.LwjglInput.processEvents()V
v  ~StubRoutines::call_stub
V  [jvm.dll+0x13f25a]
V  [jvm.dll+0x202c1e]
V  [jvm.dll+0x13f425]
V  [jvm.dll+0x13f487]
V  [jvm.dll+0xeb7cf]
V  [jvm.dll+0x1604dc]
V  [jvm.dll+0x160f17]
V  [jvm.dll+0x1a4ab9]
C  [msvcr100.dll+0x5c556]
C  [msvcr100.dll+0x5c600]
C  [KERNEL32.dll+0x4ee1c]
C  [ntdll.dll+0x637eb]
C  [ntdll.dll+0x637be]

Java frames: (J=compiled Java code, j=interpreted, Vv=VM code)
j  com.badlogic.gdx.physics.box2d.Body.jniGetLinearVelocity(J[F)V+0
j  com.badlogic.gdx.physics.box2d.Body.getLinearVelocity()Lcom/badlogic/gdx/math/Vector2;+9
j  com.valyrian.firstgame.entidades.Jugador.Saltar()V+15
j  com.valyrian.firstgame.utilidades.input.Teclado.keyDown(I)Z+131
J  com.badlogic.gdx.backends.lwjgl.LwjglInput.processEvents()V
J  com.badlogic.gdx.backends.lwjgl.LwjglApplication.mainLoop()V
j  com.badlogic.gdx.backends.lwjgl.LwjglApplication$1.run()V+27
v  ~StubRoutines::call_stub

---------------  P R O C E S S  ---------------

Java Threads: ( => current thread )
  0x1955d400 JavaThread "LWJGL Timer" daemon [_thread_blocked, id=4300, stack(0x1c470000,0x1c4c0000)]
  0x195e7400 JavaThread "AsynchExecutor-Thread" daemon [_thread_blocked, id=4448, stack(0x1c4d0000,0x1c520000)]
  0x004ad400 JavaThread "DestroyJavaVM" [_thread_blocked, id=6128, stack(0x00c80000,0x00cd0000)]
=>0x00e76400 JavaThread "LWJGL Application" [_thread_in_native, id=4788, stack(0x18830000,0x18880000)]
  0x00d32000 JavaThread "Service Thread" daemon [_thread_blocked, id=6048, stack(0x184b0000,0x18500000)]
  0x00d2f000 JavaThread "C1 CompilerThread0" daemon [_thread_blocked, id=4192, stack(0x18140000,0x18190000)]
  0x00d1d400 JavaThread "JDWP Command Reader" daemon [_thread_in_native, id=5464, stack(0x182e0000,0x18330000)]
  0x00d19800 JavaThread "JDWP Event Helper Thread" daemon [_thread_blocked, id=5740, stack(0x18420000,0x18470000)]
  0x00d11400 JavaThread "JDWP Transport Listener: dt_socket" daemon [_thread_blocked, id=5888, stack(0x18280000,0x182d0000)]
  0x00d0b800 JavaThread "Attach Listener" daemon [_thread_blocked, id=3316, stack(0x00c30000,0x00c80000)]
  0x00d08800 JavaThread "Signal Dispatcher" daemon [_thread_blocked, id=5320, stack(0x17e20000,0x17e70000)]
  0x00cd5800 JavaThread "Finalizer" daemon [_thread_blocked, id=5832, stack(0x00f30000,0x00f80000)]
  0x00cd4400 JavaThread "Reference Handler" daemon [_thread_blocked, id=5552, stack(0x17d60000,0x17db0000)]

Other Threads:
  0x00cd2c00 VMThread [stack: 0x00fe0000,0x01030000] [id=4624]
  0x00d3b800 WatcherThread [stack: 0x18600000,0x18650000] [id=5860]

VM state:not at safepoint (normal execution)

VM Mutex/Monitor currently owned by a thread: None

Heap
 def new generation   total 4992K, used 392K [0x03c60000, 0x041c0000, 0x091b0000)
  eden space 4480K,   2% used [0x03c60000, 0x03c81470, 0x040c0000)
  from space 512K,  50% used [0x04140000, 0x04180c80, 0x041c0000)
  to   space 512K,   0% used [0x040c0000, 0x040c0000, 0x04140000)
 tenured generation   total 10944K, used 5390K [0x091b0000, 0x09c60000, 0x13c60000)
   the space 10944K,  49% used [0x091b0000, 0x096f3950, 0x096f3a00, 0x09c60000)
 compacting perm gen  total 12288K, used 5563K [0x13c60000, 0x14860000, 0x17c60000)
   the space 12288K,  45% used [0x13c60000, 0x141cecc8, 0x141cee00, 0x14860000)
No shared spaces configured.

Card table byte_map: [0x00ae0000,0x00b90000] byte_map_base: 0x00ac1d00

Polling page: 0x001c0000

Code Cache  [0x01c60000, 0x01f00000, 0x03c60000)
 total_blobs=1174 nmethods=912 adapters=207 free_code_cache=30107Kb largest_free_block=30829504

Compilation events (10 events):
Event: 498.218 Thread 0x00d2f000  913             java.nio.Bits::long2 (7 bytes)
Event: 498.218 Thread 0x00d2f000 nmethod 913 0x01ef8648 code [0x01ef8740, 0x01ef87e0]
Event: 498.218 Thread 0x00d2f000  914             java.nio.Bits::long1 (7 bytes)
Event: 498.218 Thread 0x00d2f000 nmethod 914 0x01ef8848 code [0x01ef8940, 0x01ef89e0]
Event: 498.218 Thread 0x00d2f000  915             java.nio.Bits::long0 (4 bytes)
Event: 498.218 Thread 0x00d2f000 nmethod 915 0x01ef8a48 code [0x01ef8b40, 0x01ef8bc0]
Event: 498.218 Thread 0x00d2f000  916             java.nio.Bits::getLongB (60 bytes)
Event: 498.219 Thread 0x00d2f000 nmethod 916 0x01ef8c08 code [0x01ef8d80, 0x01ef8f6c]
Event: 498.219 Thread 0x00d2f000  917             java.nio.Bits::makeLong (77 bytes)
Event: 498.219 Thread 0x00d2f000 nmethod 917 0x01ef9108 code [0x01ef9200, 0x01ef9400]

GC Heap History (10 events):
Event: 317.170 GC heap before
{Heap before GC invocations=48 (full 2):
 def new generation   total 4992K, used 4480K [0x03c60000, 0x041c0000, 0x091b0000)
  eden space 4480K, 100% used [0x03c60000, 0x040c0000, 0x040c0000)
  from space 512K,   0% used [0x040c0000, 0x040c00f0, 0x04140000)
  to   space 512K,   0% used [0x04140000, 0x04140000, 0x041c0000)
 tenured generation   total 10944K, used 5292K [0x091b0000, 0x09c60000, 0x13c60000)
   the space 10944K,  48% used [0x091b0000, 0x096db0b8, 0x096db200, 0x09c60000)
 compacting perm gen  total 12288K, used 5479K [0x13c60000, 0x14860000, 0x17c60000)
   the space 12288K,  44% used [0x13c60000, 0x141b9e60, 0x141ba000, 0x14860000)
No shared spaces configured.
Event: 317.171 GC heap after
Heap after GC invocations=49 (full 2):
 def new generation   total 4992K, used 0K [0x03c60000, 0x041c0000, 0x091b0000)
  eden space 4480K,   0% used [0x03c60000, 0x03c60000, 0x040c0000)
  from space 512K,   0% used [0x04140000, 0x041400f0, 0x041c0000)
  to   space 512K,   0% used [0x040c0000, 0x040c0000, 0x04140000)
 tenured generation   total 10944K, used 5292K [0x091b0000, 0x09c60000, 0x13c60000)
   the space 10944K,  48% used [0x091b0000, 0x096db0b8, 0x096db200, 0x09c60000)
 compacting perm gen  total 12288K, used 5479K [0x13c60000, 0x14860000, 0x17c60000)
   the space 12288K,  44% used [0x13c60000, 0x141b9e60, 0x141ba000, 0x14860000)
No shared spaces configured.
}
Event: 333.103 GC heap before
{Heap before GC invocations=49 (full 2):
 def new generation   total 4992K, used 4480K [0x03c60000, 0x041c0000, 0x091b0000)
  eden space 4480K, 100% used [0x03c60000, 0x040c0000, 0x040c0000)
  from space 512K,   0% used [0x04140000, 0x041400f0, 0x041c0000)
  to   space 512K,   0% used [0x040c0000, 0x040c0000, 0x04140000)
 tenured generation   total 10944K, used 5292K [0x091b0000, 0x09c60000, 0x13c60000)
   the space 10944K,  48% used [0x091b0000, 0x096db0b8, 0x096db200, 0x09c60000)
 compacting perm gen  total 12288K, used 5479K [0x13c60000, 0x14860000, 0x17c60000)
   the space 12288K,  44% used [0x13c60000, 0x141b9e60, 0x141ba000, 0x14860000)
No shared spaces configured.
Event: 333.103 GC heap after
Heap after GC invocations=50 (full 2):
 def new generation   total 4992K, used 0K [0x03c60000, 0x041c0000, 0x091b0000)
  eden space 4480K,   0% used [0x03c60000, 0x03c60000, 0x040c0000)
  from space 512K,   0% used [0x040c0000, 0x040c00f0, 0x04140000)
  to   space 512K,   0% used [0x04140000, 0x04140000, 0x041c0000)
 tenured generation   total 10944K, used 5292K [0x091b0000, 0x09c60000, 0x13c60000)
   the space 10944K,  48% used [0x091b0000, 0x096db0b8, 0x096db200, 0x09c60000)
 compacting perm gen  total 12288K, used 5479K [0x13c60000, 0x14860000, 0x17c60000)
   the space 12288K,  44% used [0x13c60000, 0x141b9e60, 0x141ba000, 0x14860000)
No shared spaces configured.
}
Event: 349.351 GC heap before
{Heap before GC invocations=50 (full 2):
 def new generation   total 4992K, used 4480K [0x03c60000, 0x041c0000, 0x091b0000)
  eden space 4480K, 100% used [0x03c60000, 0x040c0000, 0x040c0000)
  from space 512K,   0% used [0x040c0000, 0x040c00f0, 0x04140000)
  to   space 512K,   0% used [0x04140000, 0x04140000, 0x041c0000)
 tenured generation   total 10944K, used 5292K [0x091b0000, 0x09c60000, 0x13c60000)
   the space 10944K,  48% used [0x091b0000, 0x096db0b8, 0x096db200, 0x09c60000)
 compacting perm gen  total 12288K, used 5479K [0x13c60000, 0x14860000, 0x17c60000)
   the space 12288K,  44% used [0x13c60000, 0x141b9eb0, 0x141ba000, 0x14860000)
No shared spaces configured.
Event: 349.351 GC heap after
Heap after GC invocations=51 (full 2):
 def new generation   total 4992K, used 98K [0x03c60000, 0x041c0000, 0x091b0000)
  eden space 4480K,   0% used [0x03c60000, 0x03c60000, 0x040c0000)
  from space 512K,  19% used [0x04140000, 0x04158948, 0x041c0000)
  to   space 512K,   0% used [0x040c0000, 0x040c0000, 0x04140000)
 tenured generation   total 10944K, used 5292K [0x091b0000, 0x09c60000, 0x13c60000)
   the space 10944K,  48% used [0x091b0000, 0x096db0b8, 0x096db200, 0x09c60000)
 compacting perm gen  total 12288K, used 5479K [0x13c60000, 0x14860000, 0x17c60000)
   the space 12288K,  44% used [0x13c60000, 0x141b9eb0, 0x141ba000, 0x14860000)
No shared spaces configured.
}
Event: 415.413 GC heap before
{Heap before GC invocations=51 (full 2):
 def new generation   total 4992K, used 4578K [0x03c60000, 0x041c0000, 0x091b0000)
  eden space 4480K, 100% used [0x03c60000, 0x040c0000, 0x040c0000)
  from space 512K,  19% used [0x04140000, 0x04158948, 0x041c0000)
  to   space 512K,   0% used [0x040c0000, 0x040c0000, 0x04140000)
 tenured generation   total 10944K, used 5292K [0x091b0000, 0x09c60000, 0x13c60000)
   the space 10944K,  48% used [0x091b0000, 0x096db0b8, 0x096db200, 0x09c60000)
 compacting perm gen  total 12288K, used 5528K [0x13c60000, 0x14860000, 0x17c60000)
   the space 12288K,  44% used [0x13c60000, 0x141c6260, 0x141c6400, 0x14860000)
No shared spaces configured.
Event: 415.413 GC heap after
Heap after GC invocations=52 (full 2):
 def new generation   total 4992K, used 296K [0x03c60000, 0x041c0000, 0x091b0000)
  eden space 4480K,   0% used [0x03c60000, 0x03c60000, 0x040c0000)
  from space 512K,  57% used [0x040c0000, 0x0410a2d8, 0x04140000)
  to   space 512K,   0% used [0x04140000, 0x04140000, 0x041c0000)
 tenured generation   total 10944K, used 5292K [0x091b0000, 0x09c60000, 0x13c60000)
   the space 10944K,  48% used [0x091b0000, 0x096db0b8, 0x096db200, 0x09c60000)
 compacting perm gen  total 12288K, used 5528K [0x13c60000, 0x14860000, 0x17c60000)
   the space 12288K,  44% used [0x13c60000, 0x141c6260, 0x141c6400, 0x14860000)
No shared spaces configured.
}
Event: 509.787 GC heap before
{Heap before GC invocations=52 (full 2):
 def new generation   total 4992K, used 4776K [0x03c60000, 0x041c0000, 0x091b0000)
  eden space 4480K, 100% used [0x03c60000, 0x040c0000, 0x040c0000)
  from space 512K,  57% used [0x040c0000, 0x0410a2d8, 0x04140000)
  to   space 512K,   0% used [0x04140000, 0x04140000, 0x041c0000)
 tenured generation   total 10944K, used 5292K [0x091b0000, 0x09c60000, 0x13c60000)
   the space 10944K,  48% used [0x091b0000, 0x096db0b8, 0x096db200, 0x09c60000)
 compacting perm gen  total 12288K, used 5563K [0x13c60000, 0x14860000, 0x17c60000)
   the space 12288K,  45% used [0x13c60000, 0x141cecb8, 0x141cee00, 0x14860000)
No shared spaces configured.
Event: 509.788 GC heap after
Heap after GC invocations=53 (full 2):
 def new generation   total 4992K, used 259K [0x03c60000, 0x041c0000, 0x091b0000)
  eden space 4480K,   0% used [0x03c60000, 0x03c60000, 0x040c0000)
  from space 512K,  50% used [0x04140000, 0x04180c80, 0x041c0000)
  to   space 512K,   0% used [0x040c0000, 0x040c0000, 0x04140000)
 tenured generation   total 10944K, used 5390K [0x091b0000, 0x09c60000, 0x13c60000)
   the space 10944K,  49% used [0x091b0000, 0x096f3950, 0x096f3a00, 0x09c60000)
 compacting perm gen  total 12288K, used 5563K [0x13c60000, 0x14860000, 0x17c60000)
   the space 12288K,  45% used [0x13c60000, 0x141cecb8, 0x141cee00, 0x14860000)
No shared spaces configured.
}

Deoptimization events (0 events):
No events

Internal exceptions (10 events):
Event: 7.804 Thread 0x00e76400 Threw 0x03cf3260 at C:\re\jdk7u55\985\hotspot\src\share\vm\prims\jvm.cpp:1244
Event: 7.805 Thread 0x00e76400 Threw 0x03cf7340 at C:\re\jdk7u55\985\hotspot\src\share\vm\prims\jvm.cpp:1244
Event: 7.806 Thread 0x00e76400 Threw 0x03cfbdb0 at C:\re\jdk7u55\985\hotspot\src\share\vm\prims\jvm.cpp:1244
Event: 7.807 Thread 0x00e76400 Threw 0x03d00ca0 at C:\re\jdk7u55\985\hotspot\src\share\vm\prims\jvm.cpp:1244
Event: 7.824 Thread 0x00e76400 Threw 0x03d04390 at C:\re\jdk7u55\985\hotspot\src\share\vm\prims\jvm.cpp:1244
Event: 7.845 Thread 0x00e76400 Threw 0x03d0f488 at C:\re\jdk7u55\985\hotspot\src\share\vm\prims\jvm.cpp:1244
Event: 7.846 Thread 0x00e76400 Threw 0x03d13d88 at C:\re\jdk7u55\985\hotspot\src\share\vm\prims\jvm.cpp:1244
Event: 7.846 Thread 0x00e76400 Threw 0x03d18400 at C:\re\jdk7u55\985\hotspot\src\share\vm\prims\jvm.cpp:1244
Event: 7.848 Thread 0x00e76400 Threw 0x03d1d138 at C:\re\jdk7u55\985\hotspot\src\share\vm\prims\jvm.cpp:1244
Event: 9.053 Thread 0x00e76400 Threw 0x03e89e48 at C:\re\jdk7u55\985\hotspot\src\share\vm\prims\jvm.cpp:1244

Events (10 events):
Event: 509.788 Executing VM operation: RevokeBias
Event: 509.788 Executing VM operation: RevokeBias done
Event: 509.788 Executing VM operation: RevokeBias
Event: 509.788 Executing VM operation: RevokeBias done
Event: 509.788 Executing VM operation: RevokeBias
Event: 509.788 Executing VM operation: RevokeBias done
Event: 509.789 Executing VM operation: RevokeBias
Event: 509.789 Executing VM operation: RevokeBias done
Event: 509.789 Executing VM operation: RevokeBias
Event: 509.789 Executing VM operation: RevokeBias done


Dynamic libraries:
0x01030000 - 0x0105f000 	C:\Program Files\Java\jre7\bin\javaw.exe
0x77490000 - 0x775cc000 	C:\Windows\SYSTEM32\ntdll.dll
0x74950000 - 0x7498f000 	C:\Program Files\AVAST Software\Avast\snxhk.dll
0x77020000 - 0x770f4000 	C:\Windows\system32\KERNEL32.dll
0x75510000 - 0x7555b000 	C:\Windows\system32\KERNELBASE.dll
0x76780000 - 0x76820000 	C:\Windows\system32\ADVAPI32.dll
0x772d0000 - 0x7737c000 	C:\Windows\system32\msvcrt.dll
0x76b90000 - 0x76ba9000 	C:\Windows\SYSTEM32\sechost.dll
0x77220000 - 0x772c2000 	C:\Windows\system32\RPCRT4.dll
0x77380000 - 0x77449000 	C:\Windows\system32\USER32.dll
0x76fd0000 - 0x7701e000 	C:\Windows\system32\GDI32.dll
0x775e0000 - 0x775ea000 	C:\Windows\system32\LPK.dll
0x775f0000 - 0x7768d000 	C:\Windows\system32\USP10.dll
0x74540000 - 0x746de000 	C:\Windows\WinSxS\x86_microsoft.windows.common-controls_6595b64144ccf1df_6.0.7601.17514_none_41e6975e2bd6f2b2\COMCTL32.dll
0x759c0000 - 0x75a17000 	C:\Windows\system32\SHLWAPI.dll
0x77690000 - 0x776af000 	C:\Windows\system32\IMM32.DLL
0x76bb0000 - 0x76c7c000 	C:\Windows\system32\MSCTF.dll
0x5b3c0000 - 0x5b47f000 	C:\Program Files\Java\jre7\bin\msvcr100.dll
0x5b8d0000 - 0x5bc50000 	C:\Program Files\Java\jre7\bin\client\jvm.dll
0x71a30000 - 0x71a37000 	C:\Windows\system32\WSOCK32.dll
0x77450000 - 0x77485000 	C:\Windows\system32\WS2_32.dll
0x775d0000 - 0x775d6000 	C:\Windows\system32\NSI.dll
0x6f2e0000 - 0x6f312000 	C:\Windows\system32\WINMM.dll
0x75810000 - 0x75815000 	C:\Windows\system32\PSAPI.DLL
0x6e810000 - 0x6e81c000 	C:\Program Files\Java\jre7\bin\verify.dll
0x69120000 - 0x69140000 	C:\Program Files\Java\jre7\bin\java.dll
0x71c10000 - 0x71c3a000 	C:\Program Files\Java\jre7\bin\jdwp.dll
0x72bf0000 - 0x72bf7000 	C:\Program Files\Java\jre7\bin\npt.dll
0x69380000 - 0x69393000 	C:\Program Files\Java\jre7\bin\zip.dll
0x71f10000 - 0x71f18000 	C:\Program Files\Java\jre7\bin\dt_socket.dll
0x73800000 - 0x73810000 	C:\Windows\system32\NLAapi.dll
0x6efa0000 - 0x6efb0000 	C:\Windows\system32\napinsp.dll
0x6ef80000 - 0x6ef92000 	C:\Windows\system32\pnrpnsp.dll
0x74ec0000 - 0x74efc000 	C:\Windows\System32\mswsock.dll
0x74d80000 - 0x74dc4000 	C:\Windows\system32\DNSAPI.dll
0x6ef50000 - 0x6ef58000 	C:\Windows\System32\winrnr.dll
0x73650000 - 0x7366c000 	C:\Windows\system32\IPHLPAPI.DLL
0x73630000 - 0x73637000 	C:\Windows\system32\WINNSI.DLL
0x734f0000 - 0x73528000 	C:\Windows\System32\fwpuclnt.dll
0x6d9a0000 - 0x6d9a6000 	C:\Windows\system32\rasadhlp.dll
0x74a30000 - 0x74a35000 	C:\Windows\System32\wshtcpip.dll
0x6cec0000 - 0x6cf45000 	C:\Users\Carlos\AppData\Local\Temp\libgdxCarlos\56953fb7\gdx.dll
0x00f80000 - 0x00fcc000 	C:\Users\Carlos\AppData\Local\Temp\libgdxCarlos\52d76f2b\lwjgl.dll
0x68980000 - 0x68a48000 	C:\Windows\system32\OPENGL32.dll
0x67ad0000 - 0x67af2000 	C:\Windows\system32\GLU32.dll
0x5d8d0000 - 0x5d9b7000 	C:\Windows\system32\DDRAW.dll
0x71ef0000 - 0x71ef6000 	C:\Windows\system32\DCIMAN32.dll
0x75820000 - 0x759bd000 	C:\Windows\system32\SETUPAPI.dll
0x75590000 - 0x755b7000 	C:\Windows\system32\CFGMGR32.dll
0x77190000 - 0x7721f000 	C:\Windows\system32\OLEAUT32.dll
0x76870000 - 0x769cc000 	C:\Windows\system32\ole32.dll
0x75620000 - 0x75632000 	C:\Windows\system32\DEVOBJ.dll
0x74090000 - 0x740a3000 	C:\Windows\system32\dwmapi.dll
0x749a0000 - 0x749a9000 	C:\Windows\system32\VERSION.dll
0x17db0000 - 0x17e15000 	C:\Users\Carlos\AppData\Local\Temp\libgdxCarlos\52d76f2b\OpenAL32.dll
0x75b30000 - 0x7677a000 	C:\Windows\system32\SHELL32.dll
0x75410000 - 0x7541c000 	C:\Windows\system32\CRYPTBASE.dll
0x743c0000 - 0x74400000 	C:\Windows\system32\uxtheme.dll
0x75aa0000 - 0x75b23000 	C:\Windows\system32\CLBCatQ.DLL
0x74400000 - 0x744f5000 	C:\Windows\System32\PROPSYS.dll
0x755d0000 - 0x755fe000 	C:\Windows\system32\WINTRUST.dll
0x756d0000 - 0x757f0000 	C:\Windows\system32\CRYPT32.dll
0x75500000 - 0x7550c000 	C:\Windows\system32\MSASN1.dll
0x71ca0000 - 0x71d12000 	C:\Windows\system32\dsound.dll
0x73b40000 - 0x73b65000 	C:\Windows\system32\POWRPROF.dll
0x740b0000 - 0x740e9000 	C:\Windows\System32\MMDevApi.dll
0x6d450000 - 0x6d486000 	C:\Windows\system32\AUDIOSES.DLL
0x19870000 - 0x1a314000 	C:\Windows\system32\ig4icd32.dll
0x708c0000 - 0x70939000 	C:\Windows\system32\mscms.dll
0x75570000 - 0x75587000 	C:\Windows\system32\USERENV.dll
0x754f0000 - 0x754fb000 	C:\Windows\system32\profapi.dll
0x652e0000 - 0x65318000 	C:\Windows\system32\icm32.dll
0x6dd40000 - 0x6de11000 	C:\Users\Carlos\AppData\Local\Temp\libgdxCarlos\1757f8d2\gdx-controllers-desktop.dll
0x71e70000 - 0x71ea0000 	C:\Windows\system32\dinput8.dll
0x740f0000 - 0x740f9000 	C:\Windows\system32\HID.DLL
0x6f1a0000 - 0x6f28b000 	C:\Windows\system32\dbghelp.dll

VM Arguments:
jvm_args: -agentlib:jdwp=transport=dt_socket,suspend=y,address=localhost:50274 -Dfile.encoding=Cp1252 
java_command: com.valyrian.firstgame.Main
Launcher Type: SUN_STANDARD

Environment Variables:
PATH=C:/Program Files/Java/jre7/bin/client;C:/Program Files/Java/jre7/bin;C:/Program Files/Java/jre7/lib/i386;C:\Windows\system32;C:\Windows;C:\Windows\System32\Wbem;C:\Windows\System32\WindowsPowerShell\v1.0\;C:\Program Files\Common Files\Autodesk Shared\;C:\Program Files\Mercurial;C:\Program Files\nodejs\;C:\Users\Carlos\AppData\Roaming\npm;C:\Users\Carlos\Desktop\DAVID\eclipse;
USERNAME=Carlos
OS=Windows_NT
PROCESSOR_IDENTIFIER=x86 Family 6 Model 15 Stepping 13, GenuineIntel



---------------  S Y S T E M  ---------------

OS: Windows 7 Build 7601 Service Pack 1

CPU:total 2 (2 cores per cpu, 1 threads per core) family 6 model 15 stepping 13, cmov, cx8, fxsr, mmx, sse, sse2, sse3, ssse3, tsc

Memory: 4k page, physical 3010560k(1605040k free), swap 6019368k(3889140k free)

vm_info: Java HotSpot(TM) Client VM (24.55-b03) for windows-x86 JRE (1.7.0_55-b14), built on Apr 14 2014 18:25:32 by "java_re" with unknown MS VC++:1600

time: Sun Jun 15 11:41:31 2014
elapsed time: 510 seconds

