#
# A fatal error has been detected by the Java Runtime Environment:
#
#  SIGSEGV (0xb) at pc=0x8a2416a0, pid=8547, tid=2236095296
#
# JRE version: 6.0_27-b27
# Java VM: OpenJDK Server VM (20.0-b12 mixed mode linux-x86 )
# Derivative: IcedTea6 1.12.6
# Distribution: Ubuntu 12.04 LTS, package 6b27-1.12.6-1ubuntu0.12.04.2
# Problematic frame:
# C  [libgdx.so+0x386a0]  b2World::DestroyBody(b2Body*)+0x50
#
# If you would like to submit a bug report, please include
# instructions how to reproduce the bug and visit:
#   https://bugs.launchpad.net/ubuntu/+source/openjdk-6/
# The crash happened outside the Java Virtual Machine in native code.
# See problematic frame for where to report the bug.
#

---------------  T H R E A D  ---------------

Current thread (0x8534d400):  JavaThread "LWJGL Application" [_thread_in_native, id=8568, stack(0x85431000,0x85482000)]

siginfo:si_signo=SIGSEGV: si_errno=0, si_code=1 (SEGV_MAPERR), si_addr=0x3f80000c

Registers:
EAX=0x00000000, EBX=0x8a27bff4, ECX=0x8a27bd28, EDX=0x85480b04
ESP=0x85480aa0, EBP=0x090ca158, ESI=0x3f800000, EDI=0x090ee900
EIP=0x8a2416a0, EFLAGS=0x00010206, CR2=0x3f80000c

Top of Stack: (sp=0x85480aa0)
0x85480aa0:   8bc601a8 b35e14b9 854182b0 ffffffff
0x85480ab0:   00000000 00010000 090ee900 8bcd9360
0x85480ac0:   85480aec 8bcda330 8bd35b80 8a27bff4
0x85480ad0:   090ca158 090ee900 85480b64 8a24a540
0x85480ae0:   090ca158 090ee900 3c800000 a9323470
0x85480af0:   85480af0 8bcd9ddf 8a27bd10 8534d520
0x85480b00:   85480b84 8a27bd28 8534d520 85480b84
0x85480b10:   8bce2c50 8bce2c50 8534d400 b35e364a 

Instructions: (pc=0x8a2416a0)
0x8a241680:   85 9d 01 00 00 8b 45 6c 85 c0 74 48 89 6c 24 18
0x8a241690:   89 f5 89 c6 eb 04 66 90 89 fe 8b 85 44 92 01 00
0x8a2416a0:   8b 7e 0c 85 c0 74 0f 8b 10 8b 4e 04 89 04 24 89
0x8a2416b0:   4c 24 04 ff 52 08 8b 46 04 89 2c 24 89 44 24 04 

Register to memory mapping:

EAX=0x00000000 is an unknown value
EBX=0x8a27bff4: <offset 0x72ff4> in /tmp/libgdxroger/98aad7b2/libgdx.so at 0x8a209000
ECX=0x8a27bd28: _ZTV21CustomContactListener+0x8 in /tmp/libgdxroger/98aad7b2/libgdx.so at 0x8a209000
EDX=0x85480b04 is pointing into the stack for thread: 0x8534d400
ESP=0x85480aa0 is pointing into the stack for thread: 0x8534d400
EBP=0x090ca158 is an unknown value
ESI=0x3f800000 is an unknown value
EDI=0x090ee900 is an unknown value


Stack: [0x85431000,0x85482000],  sp=0x85480aa0,  free space=318k
Native frames: (J=compiled Java code, j=interpreted, Vv=VM code, C=native code)
C  [libgdx.so+0x386a0]  b2World::DestroyBody(b2Body*)+0x50

Java frames: (J=compiled Java code, j=interpreted, Vv=VM code)
j  com.badlogic.gdx.physics.box2d.World.jniDestroyBody(JJ)V+0
j  com.badlogic.gdx.physics.box2d.World.destroyBody(Lcom/badlogic/gdx/physics/box2d/Body;)V+99
j  com.valyrian.firstgame.pantallas.pruebas.PantallaPruebaPersonaje.render(F)V+172
j  com.badlogic.gdx.Game.render()V+19
j  com.badlogic.gdx.backends.lwjgl.LwjglApplication.mainLoop()V+642
j  com.badlogic.gdx.backends.lwjgl.LwjglApplication$1.run()V+27
v  ~StubRoutines::call_stub

---------------  P R O C E S S  ---------------

Java Threads: ( => current thread )
  0xb6606000 JavaThread "DestroyJavaVM" [_thread_blocked, id=8552, stack(0xb6762000,0xb67b3000)]
=>0x8534d400 JavaThread "LWJGL Application" [_thread_in_native, id=8568, stack(0x85431000,0x85482000)]
  0x8a7c6800 JavaThread "AWT-XAWT" daemon [_thread_in_native, id=8564, stack(0x8a1b8000,0x8a209000)]
  0x8a74bc00 JavaThread "Java2D Disposer" daemon [_thread_blocked, id=8563, stack(0x8a3af000,0x8a400000)]
  0xb66a5800 JavaThread "Low Memory Detector" daemon [_thread_blocked, id=8561, stack(0x8a8f6000,0x8a947000)]
  0xb66a3c00 JavaThread "C2 CompilerThread1" daemon [_thread_blocked, id=8560, stack(0x8a947000,0x8a9c8000)]
  0xb66a1c00 JavaThread "C2 CompilerThread0" daemon [_thread_blocked, id=8559, stack(0x8a9c8000,0x8aa49000)]
  0xb66a0800 JavaThread "Signal Dispatcher" daemon [_thread_blocked, id=8558, stack(0x8b02e000,0x8b07f000)]
  0xb6690000 JavaThread "Finalizer" daemon [_thread_blocked, id=8557, stack(0x8ac49000,0x8ac9a000)]
  0xb668e800 JavaThread "Reference Handler" daemon [_thread_blocked, id=8556, stack(0x8ac9a000,0x8aceb000)]

Other Threads:
  0xb668bc00 VMThread [stack: 0x8aceb000,0x8ad6c000] [id=8555]
  0xb66a7800 WatcherThread [stack: 0x8a875000,0x8a8f6000] [id=8562]

VM state:not at safepoint (normal execution)

VM Mutex/Monitor currently owned by a thread: None

Heap
 PSYoungGen      total 9280K, used 2158K [0xa8a70000, 0xa9c90000, 0xb3510000)
  eden space 8000K, 11% used [0xa8a70000,0xa8b4eaf8,0xa9240000)
  from space 1280K, 99% used [0xa9240000,0xa937cf68,0xa9380000)
  to   space 1280K, 0% used [0xa9b50000,0xa9b50000,0xa9c90000)
 PSOldGen        total 21120K, used 2294K [0x93510000, 0x949b0000, 0xa8a70000)
  object space 21120K, 10% used [0x93510000,0x9374d9c0,0x949b0000)
 PSPermGen       total 16384K, used 8350K [0x8b510000, 0x8c510000, 0x93510000)
  object space 16384K, 50% used [0x8b510000,0x8bd37940,0x8c510000)

Code Cache  [0xb35d9000, 0xb3819000, 0xb65d9000)
 total_blobs=447 nmethods=144 adapters=258 free_code_cache=49688768 largest_free_block=6336

Dynamic libraries:
08048000-08051000 r-xp 00000000 08:06 17488      /usr/lib/jvm/java-6-openjdk-i386/jre/bin/java
08051000-08052000 r--p 00008000 08:06 17488      /usr/lib/jvm/java-6-openjdk-i386/jre/bin/java
08052000-08053000 rw-p 00009000 08:06 17488      /usr/lib/jvm/java-6-openjdk-i386/jre/bin/java
08ca4000-09599000 rw-p 00000000 00:00 0          [heap]
80c02000-81802000 rw-s 3534d000 00:05 7876       /dev/dri/card0
81802000-82402000 rw-s 3474d000 00:05 7876       /dev/dri/card0
826b9000-826c5000 rw-s 23e26000 00:05 7876       /dev/dri/card0
826c5000-826d1000 rw-s 23e1a000 00:05 7876       /dev/dri/card0
826d1000-826dd000 rw-s 23e0e000 00:05 7876       /dev/dri/card0
826dd000-826e9000 rw-s 23e02000 00:05 7876       /dev/dri/card0
826e9000-826f5000 rw-s 23df6000 00:05 7876       /dev/dri/card0
826f5000-82701000 rw-s 23dea000 00:05 7876       /dev/dri/card0
82701000-82981000 rw-s 3635d000 00:05 7876       /dev/dri/card0
82981000-83581000 rw-s 33b4d000 00:05 7876       /dev/dri/card0
8358c000-83598000 rw-s 23dc6000 00:05 7876       /dev/dri/card0
83598000-835a4000 rw-s 23dba000 00:05 7876       /dev/dri/card0
835a4000-835b0000 rw-s 23dae000 00:05 7876       /dev/dri/card0
835b0000-835bc000 rw-s 23da2000 00:05 7876       /dev/dri/card0
835bc000-835c8000 rw-s 23d96000 00:05 7876       /dev/dri/card0
835c8000-835d4000 rw-s 23d8a000 00:05 7876       /dev/dri/card0
835d4000-835e0000 rw-s 23d7e000 00:05 7876       /dev/dri/card0
835e0000-835ec000 rw-s 23d72000 00:05 7876       /dev/dri/card0
835ec000-835f8000 rw-s 23d66000 00:05 7876       /dev/dri/card0
835f8000-83604000 rw-s 23d5a000 00:05 7876       /dev/dri/card0
83604000-83610000 rw-s 23d4e000 00:05 7876       /dev/dri/card0
83610000-8361c000 rw-s 23d42000 00:05 7876       /dev/dri/card0
8361c000-83628000 rw-s 23d36000 00:05 7876       /dev/dri/card0
83628000-83634000 rw-s 23d2a000 00:05 7876       /dev/dri/card0
83634000-83640000 rw-s 23d1e000 00:05 7876       /dev/dri/card0
83640000-8364c000 rw-s 23d12000 00:05 7876       /dev/dri/card0
8364c000-83658000 rw-s 23d06000 00:05 7876       /dev/dri/card0
83658000-83664000 rw-s 23cfa000 00:05 7876       /dev/dri/card0
83664000-83670000 rw-s 23cee000 00:05 7876       /dev/dri/card0
83670000-8367c000 rw-s 23ce2000 00:05 7876       /dev/dri/card0
8367c000-83688000 rw-s 23cd6000 00:05 7876       /dev/dri/card0
83688000-83694000 rw-s 23cca000 00:05 7876       /dev/dri/card0
83694000-836a0000 rw-s 23cbe000 00:05 7876       /dev/dri/card0
836a0000-836ac000 rw-s 23cb2000 00:05 7876       /dev/dri/card0
836ac000-836b8000 rw-s 23ca6000 00:05 7876       /dev/dri/card0
836b8000-836c4000 rw-s 23c9a000 00:05 7876       /dev/dri/card0
836c4000-836d0000 rw-s 23c8e000 00:05 7876       /dev/dri/card0
836d0000-836dc000 rw-s 23c82000 00:05 7876       /dev/dri/card0
836dc000-836e8000 rw-s 23c76000 00:05 7876       /dev/dri/card0
836e8000-836f4000 rw-s 23c6a000 00:05 7876       /dev/dri/card0
836f4000-83700000 rw-s 23c5e000 00:05 7876       /dev/dri/card0
83700000-8370c000 rw-s 23c52000 00:05 7876       /dev/dri/card0
8370c000-83718000 rw-s 23c46000 00:05 7876       /dev/dri/card0
83718000-83724000 rw-s 23c3a000 00:05 7876       /dev/dri/card0
83724000-83730000 rw-s 23c2e000 00:05 7876       /dev/dri/card0
83730000-8373c000 rw-s 23c22000 00:05 7876       /dev/dri/card0
8373c000-83748000 rw-s 23c16000 00:05 7876       /dev/dri/card0
83748000-83754000 rw-s 23c0a000 00:05 7876       /dev/dri/card0
83754000-83760000 rw-s 23bfe000 00:05 7876       /dev/dri/card0
83760000-8376c000 rw-s 23bf2000 00:05 7876       /dev/dri/card0
8376c000-83778000 rw-s 23be6000 00:05 7876       /dev/dri/card0
83778000-83784000 rw-s 23bda000 00:05 7876       /dev/dri/card0
83784000-83790000 rw-s 23bce000 00:05 7876       /dev/dri/card0
83790000-8379c000 rw-s 23bc2000 00:05 7876       /dev/dri/card0
8379c000-837a8000 rw-s 23bb6000 00:05 7876       /dev/dri/card0
837a8000-837b4000 rw-s 23baa000 00:05 7876       /dev/dri/card0
837b4000-837c0000 rw-s 23b9e000 00:05 7876       /dev/dri/card0
837c0000-837cc000 rw-s 23b92000 00:05 7876       /dev/dri/card0
837cc000-837d8000 rw-s 23b86000 00:05 7876       /dev/dri/card0
837d8000-837e4000 rw-s 23b7a000 00:05 7876       /dev/dri/card0
837e4000-837f0000 rw-s 23b6e000 00:05 7876       /dev/dri/card0
837f0000-837fc000 rw-s 23b62000 00:05 7876       /dev/dri/card0
837fc000-83808000 rw-s 23b56000 00:05 7876       /dev/dri/card0
83808000-83814000 rw-s 23b4a000 00:05 7876       /dev/dri/card0
83814000-83820000 rw-s 23b3e000 00:05 7876       /dev/dri/card0
83820000-8382c000 rw-s 23b32000 00:05 7876       /dev/dri/card0
8382c000-83838000 rw-s 338b2000 00:05 7876       /dev/dri/card0
83838000-83844000 rw-s 338a6000 00:05 7876       /dev/dri/card0
83844000-83850000 rw-s 3389a000 00:05 7876       /dev/dri/card0
83850000-8385c000 rw-s 3388e000 00:05 7876       /dev/dri/card0
8385c000-83868000 rw-s 33882000 00:05 7876       /dev/dri/card0
83868000-83874000 rw-s 33876000 00:05 7876       /dev/dri/card0
83874000-83880000 rw-s 3386a000 00:05 7876       /dev/dri/card0
83880000-8388c000 rw-s 3385e000 00:05 7876       /dev/dri/card0
8388c000-83898000 rw-s 33852000 00:05 7876       /dev/dri/card0
83898000-838a4000 rw-s 33846000 00:05 7876       /dev/dri/card0
838a4000-838b0000 rw-s 3383a000 00:05 7876       /dev/dri/card0
838b0000-838bc000 rw-s 3382e000 00:05 7876       /dev/dri/card0
838bc000-838c8000 rw-s 33822000 00:05 7876       /dev/dri/card0
838c8000-838d4000 rw-s 33816000 00:05 7876       /dev/dri/card0
838d4000-838e0000 rw-s 3380a000 00:05 7876       /dev/dri/card0
838e0000-838ec000 rw-s 337fe000 00:05 7876       /dev/dri/card0
838ec000-838f8000 rw-s 337f2000 00:05 7876       /dev/dri/card0
838f8000-83920000 rw-s 337ca000 00:05 7876       /dev/dri/card0
83920000-83a20000 rw-s 3625d000 00:05 7876       /dev/dri/card0
83a20000-83b00000 rw-s 3617d000 00:05 7876       /dev/dri/card0
83b00000-83bfb000 rw-p 00000000 00:00 0 
83bfb000-83c00000 ---p 00000000 00:00 0 
83c00000-83cc1000 rw-p 00000000 00:00 0 
83cc1000-83d00000 ---p 00000000 00:00 0 
83d00000-83dfc000 rw-p 00000000 00:00 0 
83dfc000-83e00000 ---p 00000000 00:00 0 
83e04000-83e10000 rw-s 23dde000 00:05 7876       /dev/dri/card0
83e10000-83e80000 rw-s 36665000 00:05 7876       /dev/dri/card0
83e80000-83f40000 rw-s 360bd000 00:05 7876       /dev/dri/card0
83f40000-84000000 rw-s 35ffd000 00:05 7876       /dev/dri/card0
84000000-840d0000 rw-p 00000000 00:00 0 
840d0000-84100000 ---p 00000000 00:00 0 
84101000-84161000 rw-s 365dd000 00:05 7876       /dev/dri/card0
84161000-841c1000 rw-s 35f9d000 00:05 7876       /dev/dri/card0
841c1000-84c45000 rw-p 00000000 00:00 0 
84c45000-84c7f000 rw-p 00000000 00:00 0 
84c80000-84c8c000 rw-s 23dd2000 00:05 7876       /dev/dri/card0
84c8c000-84ca0000 rw-s 366ed000 00:05 7876       /dev/dri/card0
84ca0000-84cac000 rw-s 366e1000 00:05 7876       /dev/dri/card0
84cac000-84cd4000 rw-s 3663d000 00:05 7876       /dev/dri/card0
84cd4000-84d24000 rw-s 35f4d000 00:05 7876       /dev/dri/card0
84d24000-84d2d000 r-xp 00000000 08:06 2233202    /usr/lib/i386-linux-gnu/libpciaccess.so.0.11.0
84d2d000-84d2e000 r--p 00008000 08:06 2233202    /usr/lib/i386-linux-gnu/libpciaccess.so.0.11.0
84d2e000-84d2f000 rw-p 00009000 08:06 2233202    /usr/lib/i386-linux-gnu/libpciaccess.so.0.11.0
84d2f000-84d4c000 r-xp 00000000 08:06 2232927    /usr/lib/i386-linux-gnu/libdrm_intel.so.1.0.0
84d4c000-84d4d000 r--p 0001c000 08:06 2232927    /usr/lib/i386-linux-gnu/libdrm_intel.so.1.0.0
84d4d000-84d4e000 rw-p 0001d000 08:06 2232927    /usr/lib/i386-linux-gnu/libdrm_intel.so.1.0.0
84d4e000-84d74000 r-xp 00000000 08:06 266235     /lib/i386-linux-gnu/libexpat.so.1.5.2
84d74000-84d75000 ---p 00026000 08:06 266235     /lib/i386-linux-gnu/libexpat.so.1.5.2
84d75000-84d77000 r--p 00026000 08:06 266235     /lib/i386-linux-gnu/libexpat.so.1.5.2
84d77000-84d78000 rw-p 00028000 08:06 266235     /lib/i386-linux-gnu/libexpat.so.1.5.2
84d78000-84e8d000 r-xp 00000000 08:06 2234041    /usr/lib/i386-linux-gnu/dri/libglsl.so
84e8d000-84e92000 r--p 00114000 08:06 2234041    /usr/lib/i386-linux-gnu/dri/libglsl.so
84e92000-84e94000 rw-p 00119000 08:06 2234041    /usr/lib/i386-linux-gnu/dri/libglsl.so
84e94000-84e95000 rw-p 00000000 00:00 0 
84e95000-850f0000 r-xp 00000000 08:06 2233022    /usr/lib/i386-linux-gnu/dri/libdricore.so
850f0000-850f1000 ---p 0025b000 08:06 2233022    /usr/lib/i386-linux-gnu/dri/libdricore.so
850f1000-850f7000 r--p 0025b000 08:06 2233022    /usr/lib/i386-linux-gnu/dri/libdricore.so
850f7000-850f9000 rw-p 00261000 08:06 2233022    /usr/lib/i386-linux-gnu/dri/libdricore.so
850f9000-8510e000 rw-p 00000000 00:00 0 
8510e000-851e8000 r-xp 00000000 08:06 2233005    /usr/lib/i386-linux-gnu/dri/i965_dri.so
851e8000-851ea000 r--p 000d9000 08:06 2233005    /usr/lib/i386-linux-gnu/dri/i965_dri.so
851ea000-851ec000 rw-p 000db000 08:06 2233005    /usr/lib/i386-linux-gnu/dri/i965_dri.so
851ec000-851ed000 rw-p 00000000 00:00 0 
851ed000-85203000 r-xp 00000000 08:06 2233355    /usr/lib/i386-linux-gnu/libxcb-glx.so.0.0.0
85203000-85204000 r--p 00016000 08:06 2233355    /usr/lib/i386-linux-gnu/libxcb-glx.so.0.0.0
85204000-85205000 rw-p 00017000 08:06 2233355    /usr/lib/i386-linux-gnu/libxcb-glx.so.0.0.0
85205000-85257000 r-xp 00000000 08:06 2232945    /usr/lib/i386-linux-gnu/mesa/libGL.so.1.2
85257000-85259000 r--p 00051000 08:06 2232945    /usr/lib/i386-linux-gnu/mesa/libGL.so.1.2
85259000-8525e000 rwxp 00053000 08:06 2232945    /usr/lib/i386-linux-gnu/mesa/libGL.so.1.2
8525e000-85261000 ---p 00000000 00:00 0 
85261000-852af000 rw-p 00000000 00:00 0 
852af000-852b2000 ---p 00000000 00:00 0 
852b2000-85300000 rw-p 00000000 00:00 0 
85300000-85355000 rw-p 00000000 00:00 0 
85355000-85400000 ---p 00000000 00:00 0 
85405000-85414000 r-xp 00000000 08:06 2233417    /usr/lib/i386-linux-gnu/libglapi.so.0.0.0
85414000-85416000 r--p 0000f000 08:06 2233417    /usr/lib/i386-linux-gnu/libglapi.so.0.0.0
85416000-8541b000 rwxp 00011000 08:06 2233417    /usr/lib/i386-linux-gnu/libglapi.so.0.0.0
85422000-8542e000 rw-s 366d5000 00:05 7876       /dev/dri/card0
8542e000-85431000 rw-s 00000000 00:04 144217     /drm mm object (deleted)
85431000-85434000 ---p 00000000 00:00 0 
85434000-85482000 rw-p 00000000 00:00 0 
85482000-85483000 ---p 00000000 00:00 0 
85483000-85583000 rw-p 00000000 00:00 0 
85583000-89584000 rw-s 00000000 00:12 144032     /run/shm/pulse-shm-1699867916
89584000-89585000 ---p 00000000 00:00 0 
89585000-89d85000 rw-p 00000000 00:00 0 
89d85000-89d98000 r-xp 00000000 08:06 263155     /lib/i386-linux-gnu/libresolv-2.15.so
89d98000-89d99000 ---p 00013000 08:06 263155     /lib/i386-linux-gnu/libresolv-2.15.so
89d99000-89d9a000 r--p 00013000 08:06 263155     /lib/i386-linux-gnu/libresolv-2.15.so
89d9a000-89d9b000 rw-p 00014000 08:06 263155     /lib/i386-linux-gnu/libresolv-2.15.so
89d9b000-89d9d000 rw-p 00000000 00:00 0 
89d9d000-89da3000 r-xp 00000000 08:06 2233176    /usr/lib/i386-linux-gnu/libogg.so.0.7.1
89da3000-89da4000 r--p 00005000 08:06 2233176    /usr/lib/i386-linux-gnu/libogg.so.0.7.1
89da4000-89da5000 rw-p 00006000 08:06 2233176    /usr/lib/i386-linux-gnu/libogg.so.0.7.1
89da5000-89dce000 r-xp 00000000 08:06 2233334    /usr/lib/i386-linux-gnu/libvorbis.so.0.4.5
89dce000-89dcf000 r--p 00028000 08:06 2233334    /usr/lib/i386-linux-gnu/libvorbis.so.0.4.5
89dcf000-89dd0000 rw-p 00029000 08:06 2233334    /usr/lib/i386-linux-gnu/libvorbis.so.0.4.5
89dd0000-89f36000 r-xp 00000000 08:06 2233336    /usr/lib/i386-linux-gnu/libvorbisenc.so.2.0.8
89f36000-89f47000 r--p 00165000 08:06 2233336    /usr/lib/i386-linux-gnu/libvorbisenc.so.2.0.8
89f47000-89f48000 rw-p 00176000 08:06 2233336    /usr/lib/i386-linux-gnu/libvorbisenc.so.2.0.8
89f48000-89f94000 r-xp 00000000 08:06 2232709    /usr/lib/i386-linux-gnu/libFLAC.so.8.2.0
89f94000-89f95000 r--p 0004b000 08:06 2232709    /usr/lib/i386-linux-gnu/libFLAC.so.8.2.0
89f95000-89f96000 rw-p 0004c000 08:06 2232709    /usr/lib/i386-linux-gnu/libFLAC.so.8.2.0
89f96000-89f9b000 r-xp 00000000 08:06 2232823    /usr/lib/i386-linux-gnu/libasyncns.so.0.3.1
89f9b000-89f9c000 r--p 00004000 08:06 2232823    /usr/lib/i386-linux-gnu/libasyncns.so.0.3.1
89f9c000-89f9d000 rw-p 00005000 08:06 2232823    /usr/lib/i386-linux-gnu/libasyncns.so.0.3.1
89f9d000-8a009000 r-xp 00000000 08:06 2233271    /usr/lib/i386-linux-gnu/libsndfile.so.1.0.25
8a009000-8a00a000 r--p 0006c000 08:06 2233271    /usr/lib/i386-linux-gnu/libsndfile.so.1.0.25
8a00a000-8a00b000 rw-p 0006d000 08:06 2233271    /usr/lib/i386-linux-gnu/libsndfile.so.1.0.25
8a00b000-8a00f000 rw-p 00000000 00:00 0 
8a00f000-8a056000 r-xp 00000000 08:06 263083     /lib/i386-linux-gnu/libdbus-1.so.3.5.8
8a056000-8a057000 r--p 00046000 08:06 263083     /lib/i386-linux-gnu/libdbus-1.so.3.5.8
8a057000-8a058000 rw-p 00047000 08:06 263083     /lib/i386-linux-gnu/libdbus-1.so.3.5.8
8a058000-8a0bb000 r-xp 00000000 08:06 2233883    /usr/lib/i386-linux-gnu/libpulsecommon-1.1.so
8a0bb000-8a0bc000 r--p 00062000 08:06 2233883    /usr/lib/i386-linux-gnu/libpulsecommon-1.1.so
8a0bc000-8a0bd000 rw-p 00063000 08:06 2233883    /usr/lib/i386-linux-gnu/libpulsecommon-1.1.so
8a0bd000-8a109000 r-xp 00000000 08:06 2233215    /usr/lib/i386-linux-gnu/libpulse.so.0.13.5
8a109000-8a10a000 r--p 0004b000 08:06 2233215    /usr/lib/i386-linux-gnu/libpulse.so.0.13.5
8a10a000-8a10b000 rw-p 0004c000 08:06 2233215    /usr/lib/i386-linux-gnu/libpulse.so.0.13.5
8a10b000-8a159000 r-xp 00000000 08:06 2097234    /tmp/libgdxroger/13fdc6a4/libopenal.so
8a159000-8a15b000 r--p 0004d000 08:06 2097234    /tmp/libgdxroger/13fdc6a4/libopenal.so
8a15b000-8a15c000 rw-p 0004f000 08:06 2097234    /tmp/libgdxroger/13fdc6a4/libopenal.so
8a15c000-8a1b6000 r-xp 00000000 08:06 2097233    /tmp/libgdxroger/13fdc6a4/liblwjgl.so
8a1b6000-8a1b7000 r--p 0005a000 08:06 2097233    /tmp/libgdxroger/13fdc6a4/liblwjgl.so
8a1b7000-8a1b8000 rw-p 0005b000 08:06 2097233    /tmp/libgdxroger/13fdc6a4/liblwjgl.so
8a1b8000-8a1bb000 ---p 00000000 00:00 0 
8a1bb000-8a209000 rw-p 00000000 00:00 0 
8a209000-8a27b000 r-xp 00000000 08:06 2097231    /tmp/libgdxroger/98aad7b2/libgdx.so
8a27b000-8a27c000 r--p 00071000 08:06 2097231    /tmp/libgdxroger/98aad7b2/libgdx.so
8a27c000-8a27d000 rw-p 00072000 08:06 2097231    /tmp/libgdxroger/98aad7b2/libgdx.so
8a27d000-8a27e000 r--s 00000000 08:06 2368540    /var/cache/fontconfig/c05880de57d1f5e948fdfacc138775d9-le32d4.cache-3
8a27e000-8a284000 r--s 00000000 08:06 2368535    /var/cache/fontconfig/945677eb7aeaf62f1d50efc3fb3ec7d8-le32d4.cache-3
8a284000-8a286000 r--s 00000000 08:06 2368536    /var/cache/fontconfig/99e8ed0e538f840c565b6ed5dad60d56-le32d4.cache-3
8a286000-8a28c000 r--s 00000000 08:06 2380075    /var/cache/fontconfig/a6d8cf8e4ec09cdbc8633c31745a07dd-le32d4.cache-3
8a28c000-8a28f000 r--s 00000000 08:06 2368522    /var/cache/fontconfig/2cd17615ca594fa2959ae173292e504c-le32d4.cache-3
8a28f000-8a290000 r--s 00000000 08:06 2368547    /var/cache/fontconfig/e7071f4a29fa870f4323321c154eba04-le32d4.cache-3
8a290000-8a291000 r--s 00000000 08:06 2368520    /var/cache/fontconfig/0d8c3b2ac0904cb8a57a757ad11a4a08-le32d4.cache-3
8a291000-8a295000 r--s 00000000 08:06 2368537    /var/cache/fontconfig/a755afe4a08bf5b97852ceb7400b47bc-le32d4.cache-3
8a295000-8a29c000 r--s 00000000 08:06 2378356    /var/cache/fontconfig/6d41288fd70b0be22e8c3a91e032eec0-le32d4.cache-3
8a29c000-8a2a7000 r--s 00000000 08:06 2368519    /var/cache/fontconfig/04aabc0a78ac019cf9454389977116d2-le32d4.cache-3
8a2a7000-8a2aa000 r--s 00000000 08:06 2368525    /var/cache/fontconfig/385c0604a188198f04d133e54aba7fe7-le32d4.cache-3
8a2aa000-8a2ab000 r--s 00000000 08:06 2359515    /var/cache/fontconfig/4794a0821666d79190d59a36cb4f44b5-le32d4.cache-3
8a2ab000-8a2ae000 r--s 00000000 08:06 2368534    /var/cache/fontconfig/8801497958630a81b71ace7c5f9b32a8-le32d4.cache-3
8a2ae000-8a2d0000 r--s 00000000 08:06 2371323    /var/cache/fontconfig/365b55f210c0a22e9a19e35191240f32-le32d4.cache-3
8a2d1000-8a2d2000 rw-s 23e3f000 00:05 7876       /dev/dri/card0
8a2d2000-8a2da000 r-xp 00000000 08:06 263180     /lib/i386-linux-gnu/libwrap.so.0.7.6
8a2da000-8a2db000 r--p 00007000 08:06 263180     /lib/i386-linux-gnu/libwrap.so.0.7.6
8a2db000-8a2dc000 rw-p 00008000 08:06 263180     /lib/i386-linux-gnu/libwrap.so.0.7.6
8a2dc000-8a2e2000 r-xp 00000000 08:06 2233110    /usr/lib/i386-linux-gnu/libjson.so.0.0.1
8a2e2000-8a2e3000 r--p 00005000 08:06 2233110    /usr/lib/i386-linux-gnu/libjson.so.0.0.1
8a2e3000-8a2e4000 rw-p 00006000 08:06 2233110    /usr/lib/i386-linux-gnu/libjson.so.0.0.1
8a2e6000-8a2f1000 r-xp 00000000 08:06 2232925    /usr/lib/i386-linux-gnu/libdrm.so.2.4.0
8a2f1000-8a2f2000 r--p 0000a000 08:06 2232925    /usr/lib/i386-linux-gnu/libdrm.so.2.4.0
8a2f2000-8a2f3000 rw-p 0000b000 08:06 2232925    /usr/lib/i386-linux-gnu/libdrm.so.2.4.0
8a2f3000-8a2fa000 r--s 00000000 08:06 2233679    /usr/lib/i386-linux-gnu/gconv/gconv-modules.cache
8a2fa000-8a2fb000 r--s 00000000 08:06 2368540    /var/cache/fontconfig/c05880de57d1f5e948fdfacc138775d9-le32d4.cache-3
8a2fb000-8a301000 r--s 00000000 08:06 2368535    /var/cache/fontconfig/945677eb7aeaf62f1d50efc3fb3ec7d8-le32d4.cache-3
8a301000-8a303000 r--s 00000000 08:06 2368536    /var/cache/fontconfig/99e8ed0e538f840c565b6ed5dad60d56-le32d4.cache-3
8a303000-8a309000 r--s 00000000 08:06 2380075    /var/cache/fontconfig/a6d8cf8e4ec09cdbc8633c31745a07dd-le32d4.cache-3
8a309000-8a30c000 r--s 00000000 08:06 2368522    /var/cache/fontconfig/2cd17615ca594fa2959ae173292e504c-le32d4.cache-3
8a30c000-8a30d000 r--s 00000000 08:06 2368547    /var/cache/fontconfig/e7071f4a29fa870f4323321c154eba04-le32d4.cache-3
8a30d000-8a30e000 r--s 00000000 08:06 2368520    /var/cache/fontconfig/0d8c3b2ac0904cb8a57a757ad11a4a08-le32d4.cache-3
8a30e000-8a312000 r--s 00000000 08:06 2368537    /var/cache/fontconfig/a755afe4a08bf5b97852ceb7400b47bc-le32d4.cache-3
8a312000-8a319000 r--s 00000000 08:06 2378356    /var/cache/fontconfig/6d41288fd70b0be22e8c3a91e032eec0-le32d4.cache-3
8a319000-8a324000 r--s 00000000 08:06 2368519    /var/cache/fontconfig/04aabc0a78ac019cf9454389977116d2-le32d4.cache-3
8a324000-8a327000 r--s 00000000 08:06 2368525    /var/cache/fontconfig/385c0604a188198f04d133e54aba7fe7-le32d4.cache-3
8a327000-8a328000 r--s 00000000 08:06 2359515    /var/cache/fontconfig/4794a0821666d79190d59a36cb4f44b5-le32d4.cache-3
8a328000-8a32b000 r--s 00000000 08:06 2368534    /var/cache/fontconfig/8801497958630a81b71ace7c5f9b32a8-le32d4.cache-3
8a32b000-8a34d000 r--s 00000000 08:06 2371323    /var/cache/fontconfig/365b55f210c0a22e9a19e35191240f32-le32d4.cache-3
8a34d000-8a351000 r--s 00000000 08:06 2359511    /var/cache/fontconfig/3047814df9a2f067bd2d96a2b9c36e5a-le32d4.cache-3
8a351000-8a352000 rw-s 23e3e000 00:05 7876       /dev/dri/card0
8a352000-8a353000 r-xp 00000000 08:06 2232762    /usr/lib/i386-linux-gnu/libX11-xcb.so.1.0.0
8a353000-8a354000 r--p 00000000 08:06 2232762    /usr/lib/i386-linux-gnu/libX11-xcb.so.1.0.0
8a354000-8a355000 rw-p 00001000 08:06 2232762    /usr/lib/i386-linux-gnu/libX11-xcb.so.1.0.0
8a355000-8a359000 r--s 00000000 08:06 2359511    /var/cache/fontconfig/3047814df9a2f067bd2d96a2b9c36e5a-le32d4.cache-3
8a359000-8a35a000 r--s 00000000 08:06 2368528    /var/cache/fontconfig/56cf4f4769d0f4abc89a4895d7bd3ae1-le32d4.cache-3
8a35a000-8a35b000 r--s 00000000 08:06 2368539    /var/cache/fontconfig/b9d506c9ac06c20b433354fa67a72993-le32d4.cache-3
8a35b000-8a35f000 r--s 00000000 08:06 2368538    /var/cache/fontconfig/b47c4e1ecd0709278f4910c18777a504-le32d4.cache-3
8a35f000-8a365000 r--s 00000000 08:06 2380074    /var/cache/fontconfig/52f7bdb7ce746bfd7eaa1985bd9cfa93-le32d4.cache-3
8a365000-8a367000 rw-s 00000000 00:04 144223     /drm mm object (deleted)
8a367000-8a369000 r-xp 00000000 08:06 2232775    /usr/lib/i386-linux-gnu/libXdamage.so.1.1.0
8a369000-8a36a000 r--p 00001000 08:06 2232775    /usr/lib/i386-linux-gnu/libXdamage.so.1.1.0
8a36a000-8a36b000 rw-p 00002000 08:06 2232775    /usr/lib/i386-linux-gnu/libXdamage.so.1.1.0
8a36b000-8a36f000 r-xp 00000000 08:06 2232807    /usr/lib/i386-linux-gnu/libXxf86vm.so.1.0.0
8a36f000-8a370000 r--p 00003000 08:06 2232807    /usr/lib/i386-linux-gnu/libXxf86vm.so.1.0.0
8a370000-8a371000 rw-p 00004000 08:06 2232807    /usr/lib/i386-linux-gnu/libXxf86vm.so.1.0.0
8a371000-8a372000 r-xp 00000000 08:06 17528      /usr/lib/jvm/java-6-openjdk-i386/jre/lib/i386/libjawt.so
8a372000-8a373000 r--p 00000000 08:06 17528      /usr/lib/jvm/java-6-openjdk-i386/jre/lib/i386/libjawt.so
8a373000-8a374000 rw-p 00001000 08:06 17528      /usr/lib/jvm/java-6-openjdk-i386/jre/lib/i386/libjawt.so
8a374000-8a378000 r-xp 00000000 08:06 2232781    /usr/lib/i386-linux-gnu/libXfixes.so.3.1.0
8a378000-8a379000 r--p 00004000 08:06 2232781    /usr/lib/i386-linux-gnu/libXfixes.so.3.1.0
8a379000-8a37a000 rw-p 00005000 08:06 2232781    /usr/lib/i386-linux-gnu/libXfixes.so.3.1.0
8a37a000-8a381000 r-xp 00000000 08:06 2232797    /usr/lib/i386-linux-gnu/libXrandr.so.2.2.0
8a381000-8a382000 r--p 00006000 08:06 2232797    /usr/lib/i386-linux-gnu/libXrandr.so.2.2.0
8a382000-8a383000 rw-p 00007000 08:06 2232797    /usr/lib/i386-linux-gnu/libXrandr.so.2.2.0
8a383000-8a384000 rwxp 00000000 00:00 0 
8a384000-8a38d000 r-xp 00000000 08:06 2232773    /usr/lib/i386-linux-gnu/libXcursor.so.1.0.2
8a38d000-8a38e000 r--p 00008000 08:06 2232773    /usr/lib/i386-linux-gnu/libXcursor.so.1.0.2
8a38e000-8a38f000 rw-p 00009000 08:06 2232773    /usr/lib/i386-linux-gnu/libXcursor.so.1.0.2
8a38f000-8a396000 r--s 000fc000 08:06 2271911    /usr/lib/jvm/java-6-openjdk-common/jre/lib/resources.jar
8a396000-8a397000 r--s 00127000 08:06 593003     /home/roger/proyectoahorasi/proyecto-isb2013-valyrian/valyrianFirstGame-desktop/libs/gdx-natives.jar
8a397000-8a399000 r--s 0019e000 08:06 592997     /home/roger/proyectoahorasi/proyecto-isb2013-valyrian/valyrianFirstGame-desktop/libs/gdx-backend-lwjgl-natives.jar
8a399000-8a3a6000 r--s 00000000 08:06 2368543    /var/cache/fontconfig/d52a8644073d54c13679302ca1180695-le32d4.cache-3
8a3a6000-8a3aa000 r--s 00000000 08:06 2377600    /var/cache/fontconfig/3f7329c5293ffd510edef78f73874cfd-le32d4.cache-3
8a3aa000-8a3ac000 r--s 00000000 08:06 2368783    /var/cache/fontconfig/e13b20fdb08344e0e664864cc2ede53d-le32d4.cache-3
8a3ac000-8a3af000 r--s 00000000 08:06 2371320    /var/cache/fontconfig/7ef2298fde41cc6eeb7af42e48b7d293-le32d4.cache-3
8a3af000-8a3b2000 ---p 00000000 00:00 0 
8a3b2000-8a400000 rw-p 00000000 00:00 0 
8a400000-8a495000 r-xp 00000000 08:06 2232959    /usr/lib/i386-linux-gnu/libfreetype.so.6.8.0
8a495000-8a499000 r--p 00094000 08:06 2232959    /usr/lib/i386-linux-gnu/libfreetype.so.6.8.0
8a499000-8a49a000 rw-p 00098000 08:06 2232959    /usr/lib/i386-linux-gnu/libfreetype.so.6.8.0
8a49a000-8a4e2000 r-xp 00000000 08:06 17504      /usr/lib/jvm/java-6-openjdk-i386/jre/lib/i386/libfontmanager.so
8a4e2000-8a4e3000 r--p 00048000 08:06 17504      /usr/lib/jvm/java-6-openjdk-i386/jre/lib/i386/libfontmanager.so
8a4e3000-8a4e4000 rw-p 00049000 08:06 17504      /usr/lib/jvm/java-6-openjdk-i386/jre/lib/i386/libfontmanager.so
8a4e4000-8a4e9000 r-xp 00000000 08:06 2232777    /usr/lib/i386-linux-gnu/libXdmcp.so.6.0.0
8a4e9000-8a4ea000 r--p 00004000 08:06 2232777    /usr/lib/i386-linux-gnu/libXdmcp.so.6.0.0
8a4ea000-8a4eb000 rw-p 00005000 08:06 2232777    /usr/lib/i386-linux-gnu/libXdmcp.so.6.0.0
8a4eb000-8a50a000 r-xp 00000000 08:06 2233365    /usr/lib/i386-linux-gnu/libxcb.so.1.1.0
8a50a000-8a50b000 r--p 0001f000 08:06 2233365    /usr/lib/i386-linux-gnu/libxcb.so.1.1.0
8a50b000-8a50c000 rw-p 00020000 08:06 2233365    /usr/lib/i386-linux-gnu/libxcb.so.1.1.0
8a50c000-8a63c000 r-xp 00000000 08:06 2232764    /usr/lib/i386-linux-gnu/libX11.so.6.3.0
8a63c000-8a63d000 r--p 0012f000 08:06 2232764    /usr/lib/i386-linux-gnu/libX11.so.6.3.0
8a63d000-8a63f000 rw-p 00130000 08:06 2232764    /usr/lib/i386-linux-gnu/libX11.so.6.3.0
8a63f000-8a640000 rw-p 00000000 00:00 0 
8a640000-8a6d4000 r-xp 00000000 08:06 17512      /usr/lib/jvm/java-6-openjdk-i386/jre/lib/i386/libawt.so
8a6d4000-8a6d5000 r--p 00093000 08:06 17512      /usr/lib/jvm/java-6-openjdk-i386/jre/lib/i386/libawt.so
8a6d5000-8a6dc000 rw-p 00094000 08:06 17512      /usr/lib/jvm/java-6-openjdk-i386/jre/lib/i386/libawt.so
8a6dc000-8a700000 rw-p 00000000 00:00 0 
8a700000-8a7fe000 rw-p 00000000 00:00 0 
8a7fe000-8a800000 ---p 00000000 00:00 0 
8a800000-8a804000 r--s 00000000 08:06 2368538    /var/cache/fontconfig/b47c4e1ecd0709278f4910c18777a504-le32d4.cache-3
8a804000-8a812000 r-xp 00000000 08:06 2232785    /usr/lib/i386-linux-gnu/libXi.so.6.1.0
8a812000-8a813000 r--p 0000d000 08:06 2232785    /usr/lib/i386-linux-gnu/libXi.so.6.1.0
8a813000-8a814000 rw-p 0000e000 08:06 2232785    /usr/lib/i386-linux-gnu/libXi.so.6.1.0
8a814000-8a819000 r-xp 00000000 08:06 2232803    /usr/lib/i386-linux-gnu/libXtst.so.6.1.0
8a819000-8a81a000 r--p 00004000 08:06 2232803    /usr/lib/i386-linux-gnu/libXtst.so.6.1.0
8a81a000-8a81b000 rw-p 00005000 08:06 2232803    /usr/lib/i386-linux-gnu/libXtst.so.6.1.0
8a81b000-8a823000 r-xp 00000000 08:06 2232799    /usr/lib/i386-linux-gnu/libXrender.so.1.3.0
8a823000-8a824000 r--p 00007000 08:06 2232799    /usr/lib/i386-linux-gnu/libXrender.so.1.3.0
8a824000-8a825000 rw-p 00008000 08:06 2232799    /usr/lib/i386-linux-gnu/libXrender.so.1.3.0
8a825000-8a871000 r-xp 00000000 08:06 14977      /usr/lib/jvm/java-6-openjdk-i386/jre/lib/i386/xawt/libmawt.so
8a871000-8a872000 r--p 0004b000 08:06 14977      /usr/lib/jvm/java-6-openjdk-i386/jre/lib/i386/xawt/libmawt.so
8a872000-8a874000 rw-p 0004c000 08:06 14977      /usr/lib/jvm/java-6-openjdk-i386/jre/lib/i386/xawt/libmawt.so
8a874000-8a875000 rw-p 00000000 00:00 0 
8a875000-8a876000 ---p 00000000 00:00 0 
8a876000-8a8f6000 rw-p 00000000 00:00 0 
8a8f6000-8a8f9000 ---p 00000000 00:00 0 
8a8f9000-8a947000 rw-p 00000000 00:00 0 
8a947000-8a94a000 ---p 00000000 00:00 0 
8a94a000-8a9c8000 rw-p 00000000 00:00 0 
8a9c8000-8a9cb000 ---p 00000000 00:00 0 
8a9cb000-8aa49000 rw-p 00000000 00:00 0 
8aa49000-8ac49000 r--p 00000000 08:06 2235956    /usr/lib/locale/locale-archive
8ac49000-8ac4c000 ---p 00000000 00:00 0 
8ac4c000-8ac9a000 rw-p 00000000 00:00 0 
8ac9a000-8ac9d000 ---p 00000000 00:00 0 
8ac9d000-8aceb000 rw-p 00000000 00:00 0 
8aceb000-8acec000 ---p 00000000 00:00 0 
8acec000-8ad6c000 rw-p 00000000 00:00 0 
8ad6c000-8af00000 r--s 03807000 08:06 17497      /usr/lib/jvm/java-6-openjdk-i386/jre/lib/rt.jar
8af00000-8afdc000 rw-p 00000000 00:00 0 
8afdc000-8b000000 ---p 00000000 00:00 0 
8b000000-8b006000 r--s 00000000 08:06 2380074    /var/cache/fontconfig/52f7bdb7ce746bfd7eaa1985bd9cfa93-le32d4.cache-3
8b006000-8b016000 r-xp 00000000 08:06 2232779    /usr/lib/i386-linux-gnu/libXext.so.6.4.0
8b016000-8b017000 r--p 0000f000 08:06 2232779    /usr/lib/i386-linux-gnu/libXext.so.6.4.0
8b017000-8b018000 rw-p 00010000 08:06 2232779    /usr/lib/i386-linux-gnu/libXext.so.6.4.0
8b018000-8b025000 r--s 00000000 08:06 2368543    /var/cache/fontconfig/d52a8644073d54c13679302ca1180695-le32d4.cache-3
8b025000-8b029000 r--s 00000000 08:06 2377600    /var/cache/fontconfig/3f7329c5293ffd510edef78f73874cfd-le32d4.cache-3
8b029000-8b02b000 r--s 00000000 08:06 2368783    /var/cache/fontconfig/e13b20fdb08344e0e664864cc2ede53d-le32d4.cache-3
8b02b000-8b02e000 r--s 00000000 08:06 2371320    /var/cache/fontconfig/7ef2298fde41cc6eeb7af42e48b7d293-le32d4.cache-3
8b02e000-8b031000 ---p 00000000 00:00 0 
8b031000-8b07f000 rw-p 00000000 00:00 0 
8b07f000-8b080000 ---p 00000000 00:00 0 
8b080000-8b100000 rw-p 00000000 00:00 0 
8b100000-8b121000 rw-p 00000000 00:00 0 
8b121000-8b200000 ---p 00000000 00:00 0 
8b200000-8b201000 r--s 00000000 08:06 2368528    /var/cache/fontconfig/56cf4f4769d0f4abc89a4895d7bd3ae1-le32d4.cache-3
8b201000-8b202000 r--s 00000000 08:06 2368539    /var/cache/fontconfig/b9d506c9ac06c20b433354fa67a72993-le32d4.cache-3
8b202000-8b214000 r--s 00128000 08:06 593000     /home/roger/proyectoahorasi/proyecto-isb2013-valyrian/valyrianFirstGame-desktop/libs/gdx-backend-lwjgl.jar
8b214000-8b217000 r--s 0001b000 08:06 593023     /home/roger/proyectoahorasi/proyecto-isb2013-valyrian/valyrianFirstGame/libs/libgdx-utils.jar
8b217000-8b21a000 r--s 0007f000 08:06 2271919    /usr/lib/jvm/java-6-openjdk-common/jre/lib/jsse.jar
8b21a000-8b230000 r--s 0014b000 08:06 593022     /home/roger/proyectoahorasi/proyecto-isb2013-valyrian/valyrianFirstGame/libs/gdx.jar
8b230000-8b263000 rw-p 00000000 00:00 0 
8b263000-8b264000 ---p 00000000 00:00 0 
8b264000-8b2ec000 rw-p 00000000 00:00 0 
8b2ec000-8b324000 rw-p 00000000 00:00 0 
8b324000-8b32f000 rw-p 00000000 00:00 0 
8b32f000-8b3cf000 rw-p 00000000 00:00 0 
8b3cf000-8b3d7000 rw-p 00000000 00:00 0 
8b3d7000-8b40f000 rw-p 00000000 00:00 0 
8b40f000-8b41a000 rw-p 00000000 00:00 0 
8b41a000-8b4b9000 rw-p 00000000 00:00 0 
8b4b9000-8b4c3000 rw-p 00000000 00:00 0 
8b4c3000-8b50f000 rw-p 00000000 00:00 0 
8b50f000-8c510000 rw-p 00000000 00:00 0 
8c510000-93510000 rw-p 00000000 00:00 0 
93510000-949b0000 rw-p 00000000 00:00 0 
949b0000-a8a70000 rw-p 00000000 00:00 0 
a8a70000-a9c90000 rw-p 00000000 00:00 0 
a9c90000-b3510000 rw-p 00000000 00:00 0 
b3510000-b3512000 r-xp 00000000 08:06 2232766    /usr/lib/i386-linux-gnu/libXau.so.6.0.0
b3512000-b3513000 r--p 00001000 08:06 2232766    /usr/lib/i386-linux-gnu/libXau.so.6.0.0
b3513000-b3514000 rw-p 00002000 08:06 2232766    /usr/lib/i386-linux-gnu/libXau.so.6.0.0
b3514000-b3515000 r--s 00002000 08:06 594387     /home/roger/proyectoahorasi/proyecto-isb2013-valyrian/valyrianFirstGame/libs/gdx-controllers/gdx-controllers.jar
b3515000-b3516000 r--s 00003000 08:06 594386     /home/roger/proyectoahorasi/proyecto-isb2013-valyrian/valyrianFirstGame/libs/gdx-controllers/gdx-controllers-gwt.jar
b3516000-b3519000 r--s 00077000 08:06 2382082    /usr/lib/jvm/java-6-openjdk-common/jre/lib/ext/localedata.jar
b3519000-b3522000 rw-p 00000000 00:00 0 
b3522000-b35d9000 rw-p 00000000 00:00 0 
b35d9000-b3819000 rwxp 00000000 00:00 0 
b3819000-b65d9000 rw-p 00000000 00:00 0 
b65d9000-b65e4000 r-xp 00000000 08:06 263122     /lib/i386-linux-gnu/libnss_files-2.15.so
b65e4000-b65e5000 r--p 0000a000 08:06 263122     /lib/i386-linux-gnu/libnss_files-2.15.so
b65e5000-b65e6000 rw-p 0000b000 08:06 263122     /lib/i386-linux-gnu/libnss_files-2.15.so
b65e6000-b65fc000 r-xp 00000000 08:06 263116     /lib/i386-linux-gnu/libnsl-2.15.so
b65fc000-b65fd000 r--p 00015000 08:06 263116     /lib/i386-linux-gnu/libnsl-2.15.so
b65fd000-b65fe000 rw-p 00016000 08:06 263116     /lib/i386-linux-gnu/libnsl-2.15.so
b65fe000-b6600000 rw-p 00000000 00:00 0 
b6600000-b66fe000 rw-p 00000000 00:00 0 
b66fe000-b6700000 ---p 00000000 00:00 0 
b6700000-b6701000 r--s 00004000 08:06 594382     /home/roger/proyectoahorasi/proyecto-isb2013-valyrian/valyrianFirstGame/libs/gdx-controllers/gdx-controllers-desktop.jar
b6701000-b6705000 r--s 00039000 08:06 2382080    /usr/lib/jvm/java-6-openjdk-common/jre/lib/ext/sunpkcs11.jar
b6705000-b670f000 r-xp 00000000 08:06 263126     /lib/i386-linux-gnu/libnss_nis-2.15.so
b670f000-b6710000 r--p 00009000 08:06 263126     /lib/i386-linux-gnu/libnss_nis-2.15.so
b6710000-b6711000 rw-p 0000a000 08:06 263126     /lib/i386-linux-gnu/libnss_nis-2.15.so
b6711000-b6718000 r-xp 00000000 08:06 263118     /lib/i386-linux-gnu/libnss_compat-2.15.so
b6718000-b6719000 r--p 00006000 08:06 263118     /lib/i386-linux-gnu/libnss_compat-2.15.so
b6719000-b671a000 rw-p 00007000 08:06 263118     /lib/i386-linux-gnu/libnss_compat-2.15.so
b671a000-b671b000 r--s 00100000 08:06 594381     /home/roger/proyectoahorasi/proyecto-isb2013-valyrian/valyrianFirstGame/libs/gdx-controllers/gdx-controllers-desktop-natives.jar
b671b000-b671c000 r--s 00002000 08:06 594380     /home/roger/proyectoahorasi/proyecto-isb2013-valyrian/valyrianFirstGame/libs/gdx-controllers/gdx-controllers-android.jar
b671c000-b671f000 r--s 00031000 08:06 2382084    /usr/lib/jvm/java-6-openjdk-common/jre/lib/ext/sunjce_provider.jar
b671f000-b6726000 r-xp 00000000 08:06 17517      /usr/lib/jvm/java-6-openjdk-i386/jre/lib/i386/libzip.so
b6726000-b6727000 r--p 00006000 08:06 17517      /usr/lib/jvm/java-6-openjdk-i386/jre/lib/i386/libzip.so
b6727000-b6728000 rw-p 00007000 08:06 17517      /usr/lib/jvm/java-6-openjdk-i386/jre/lib/i386/libzip.so
b6728000-b6730000 rw-s 00000000 08:06 2097228    /tmp/hsperfdata_roger/8547
b6730000-b6756000 r-xp 00000000 08:06 17507      /usr/lib/jvm/java-6-openjdk-i386/jre/lib/i386/libjava.so
b6756000-b6757000 r--p 00025000 08:06 17507      /usr/lib/jvm/java-6-openjdk-i386/jre/lib/i386/libjava.so
b6757000-b6759000 rw-p 00026000 08:06 17507      /usr/lib/jvm/java-6-openjdk-i386/jre/lib/i386/libjava.so
b6759000-b6760000 r-xp 00000000 08:06 263157     /lib/i386-linux-gnu/librt-2.15.so
b6760000-b6761000 r--p 00006000 08:06 263157     /lib/i386-linux-gnu/librt-2.15.so
b6761000-b6762000 rw-p 00007000 08:06 263157     /lib/i386-linux-gnu/librt-2.15.so
b6762000-b6765000 ---p 00000000 00:00 0 
b6765000-b67b3000 rw-p 00000000 00:00 0 
b67b3000-b67cf000 r-xp 00000000 08:06 263092     /lib/i386-linux-gnu/libgcc_s.so.1
b67cf000-b67d0000 r--p 0001b000 08:06 263092     /lib/i386-linux-gnu/libgcc_s.so.1
b67d0000-b67d1000 rw-p 0001c000 08:06 263092     /lib/i386-linux-gnu/libgcc_s.so.1
b67d1000-b67fb000 r-xp 00000000 08:06 263103     /lib/i386-linux-gnu/libm-2.15.so
b67fb000-b67fc000 r--p 00029000 08:06 263103     /lib/i386-linux-gnu/libm-2.15.so
b67fc000-b67fd000 rw-p 0002a000 08:06 263103     /lib/i386-linux-gnu/libm-2.15.so
b67fd000-b68d5000 r-xp 00000000 08:06 2233293    /usr/lib/i386-linux-gnu/libstdc++.so.6.0.16
b68d5000-b68d6000 ---p 000d8000 08:06 2233293    /usr/lib/i386-linux-gnu/libstdc++.so.6.0.16
b68d6000-b68da000 r--p 000d8000 08:06 2233293    /usr/lib/i386-linux-gnu/libstdc++.so.6.0.16
b68da000-b68db000 rw-p 000dc000 08:06 2233293    /usr/lib/i386-linux-gnu/libstdc++.so.6.0.16
b68db000-b68e2000 rw-p 00000000 00:00 0 
b68e2000-b7102000 r-xp 00000000 08:06 17500      /usr/lib/jvm/java-6-openjdk-i386/jre/lib/i386/server/libjvm.so
b7102000-b7147000 r--p 0081f000 08:06 17500      /usr/lib/jvm/java-6-openjdk-i386/jre/lib/i386/server/libjvm.so
b7147000-b7156000 rw-p 00864000 08:06 17500      /usr/lib/jvm/java-6-openjdk-i386/jre/lib/i386/server/libjvm.so
b7156000-b7572000 rw-p 00000000 00:00 0 
b7572000-b7586000 r-xp 00000000 08:06 263182     /lib/i386-linux-gnu/libz.so.1.2.3.4
b7586000-b7587000 r--p 00013000 08:06 263182     /lib/i386-linux-gnu/libz.so.1.2.3.4
b7587000-b7588000 rw-p 00014000 08:06 263182     /lib/i386-linux-gnu/libz.so.1.2.3.4
b7588000-b7727000 r-xp 00000000 08:06 263071     /lib/i386-linux-gnu/libc-2.15.so
b7727000-b7729000 r--p 0019f000 08:06 263071     /lib/i386-linux-gnu/libc-2.15.so
b7729000-b772a000 rw-p 001a1000 08:06 263071     /lib/i386-linux-gnu/libc-2.15.so
b772a000-b772d000 rw-p 00000000 00:00 0 
b772d000-b7730000 r-xp 00000000 08:06 263084     /lib/i386-linux-gnu/libdl-2.15.so
b7730000-b7731000 r--p 00002000 08:06 263084     /lib/i386-linux-gnu/libdl-2.15.so
b7731000-b7732000 rw-p 00003000 08:06 263084     /lib/i386-linux-gnu/libdl-2.15.so
b7732000-b7736000 r-xp 00000000 08:06 17516      /usr/lib/jvm/java-6-openjdk-i386/jre/lib/i386/jli/libjli.so
b7736000-b7737000 r--p 00003000 08:06 17516      /usr/lib/jvm/java-6-openjdk-i386/jre/lib/i386/jli/libjli.so
b7737000-b7738000 rw-p 00004000 08:06 17516      /usr/lib/jvm/java-6-openjdk-i386/jre/lib/i386/jli/libjli.so
b7738000-b7739000 rw-p 00000000 00:00 0 
b7739000-b7750000 r-xp 00000000 08:06 263151     /lib/i386-linux-gnu/libpthread-2.15.so
b7750000-b7751000 r--p 00016000 08:06 263151     /lib/i386-linux-gnu/libpthread-2.15.so
b7751000-b7752000 rw-p 00017000 08:06 263151     /lib/i386-linux-gnu/libpthread-2.15.so
b7752000-b7754000 rw-p 00000000 00:00 0 
b7754000-b7755000 r--s 00007000 08:06 2511056    /usr/share/java/java-atk-wrapper.jar
b7755000-b7757000 r--s 0000f000 08:06 2382081    /usr/lib/jvm/java-6-openjdk-common/jre/lib/ext/pulse-java.jar
b7757000-b7759000 r--s 00001000 08:06 2382083    /usr/lib/jvm/java-6-openjdk-common/jre/lib/ext/dnsns.jar
b7759000-b775a000 r--p 005e0000 08:06 2235956    /usr/lib/locale/locale-archive
b775a000-b775b000 rw-p 00000000 00:00 0 
b775b000-b775c000 r--p 00000000 00:00 0 
b775c000-b7767000 r-xp 00000000 08:06 17532      /usr/lib/jvm/java-6-openjdk-i386/jre/lib/i386/libverify.so
b7767000-b7768000 ---p 0000b000 08:06 17532      /usr/lib/jvm/java-6-openjdk-i386/jre/lib/i386/libverify.so
b7768000-b7769000 r--p 0000b000 08:06 17532      /usr/lib/jvm/java-6-openjdk-i386/jre/lib/i386/libverify.so
b7769000-b776a000 rw-p 0000c000 08:06 17532      /usr/lib/jvm/java-6-openjdk-i386/jre/lib/i386/libverify.so
b776a000-b776c000 rw-p 00000000 00:00 0 
b776c000-b776d000 r-xp 00000000 00:00 0          [vdso]
b776d000-b778d000 r-xp 00000000 08:06 263051     /lib/i386-linux-gnu/ld-2.15.so
b778d000-b778e000 r--p 0001f000 08:06 263051     /lib/i386-linux-gnu/ld-2.15.so
b778e000-b778f000 rw-p 00020000 08:06 263051     /lib/i386-linux-gnu/ld-2.15.so
bf905000-bf926000 rw-p 00000000 00:00 0          [stack]

VM Arguments:
jvm_args: -Dfile.encoding=UTF-8 
java_command: com.valyrian.firstgame.Main
Launcher Type: SUN_STANDARD

Environment Variables:
PATH=/usr/lib/lightdm/lightdm:/usr/local/sbin:/usr/local/bin:/usr/sbin:/usr/bin:/sbin:/bin:/usr/games
LD_LIBRARY_PATH=/usr/lib/jvm/java-6-openjdk-i386/jre/lib/i386/server:/usr/lib/jvm/java-6-openjdk-i386/jre/lib/i386:/usr/lib/jvm/java-6-openjdk-i386/jre/../lib/i386:/usr/lib/jvm/java-6-openjdk-i386/jre/lib/i386/client:/usr/lib/jvm/java-6-openjdk-i386/jre/lib/i386:
SHELL=/bin/bash
DISPLAY=:0

Signal Handlers:
SIGSEGV: [libjvm.so+0x66e730], sa_mask[0]=0x7ffbfeff, sa_flags=0x10000004
SIGBUS: [libjvm.so+0x66e730], sa_mask[0]=0x7ffbfeff, sa_flags=0x10000004
SIGFPE: [libjvm.so+0x530470], sa_mask[0]=0x7ffbfeff, sa_flags=0x10000004
SIGPIPE: [libjvm.so+0x530470], sa_mask[0]=0x7ffbfeff, sa_flags=0x10000004
SIGXFSZ: [libjvm.so+0x530470], sa_mask[0]=0x7ffbfeff, sa_flags=0x10000004
SIGILL: [libjvm.so+0x530470], sa_mask[0]=0x7ffbfeff, sa_flags=0x10000004
SIGUSR1: SIG_DFL, sa_mask[0]=0x00000000, sa_flags=0x00000000
SIGUSR2: [libjvm.so+0x530300], sa_mask[0]=0x00000004, sa_flags=0x10000004
SIGHUP: [libjvm.so+0x533290], sa_mask[0]=0x7ffbfeff, sa_flags=0x10000004
SIGINT: [libjvm.so+0x533290], sa_mask[0]=0x7ffbfeff, sa_flags=0x10000004
SIGTERM: [libjvm.so+0x533290], sa_mask[0]=0x7ffbfeff, sa_flags=0x10000004
SIGQUIT: [libjvm.so+0x533290], sa_mask[0]=0x7ffbfeff, sa_flags=0x10000004


---------------  S Y S T E M  ---------------

OS:Ubuntu 12.04 (precise)
uname:Linux 3.2.0-29-generic-pae #46-Ubuntu SMP Fri Jul 27 17:25:43 UTC 2012 i686
libc:glibc 2.15 NPTL 2.15 
rlimit: STACK 8192k, CORE 0k, NPROC 15720, NOFILE 4096, AS infinity
load average:0.52 0.25 0.26

/proc/meminfo:
MemTotal:        2026732 kB
MemFree:          147736 kB
Buffers:           55984 kB
Cached:           558336 kB
SwapCached:          448 kB
Active:          1062200 kB
Inactive:         707668 kB
Active(anon):     851896 kB
Inactive(anon):   514520 kB
Active(file):     210304 kB
Inactive(file):   193148 kB
Unevictable:          40 kB
Mlocked:              40 kB
HighTotal:       1148552 kB
HighFree:          14572 kB
LowTotal:         878180 kB
LowFree:          133164 kB
SwapTotal:       2060284 kB
SwapFree:        2046344 kB
Dirty:               368 kB
Writeback:             0 kB
AnonPages:       1155300 kB
Mapped:           133800 kB
Shmem:            210868 kB
Slab:              68632 kB
SReclaimable:      51624 kB
SUnreclaim:        17008 kB
KernelStack:        3792 kB
PageTables:        13672 kB
NFS_Unstable:          0 kB
Bounce:                0 kB
WritebackTmp:          0 kB
CommitLimit:     3073648 kB
Committed_AS:    4188368 kB
VmallocTotal:     122880 kB
VmallocUsed:       16468 kB
VmallocChunk:     103576 kB
HardwareCorrupted:     0 kB
AnonHugePages:         0 kB
HugePages_Total:       0
HugePages_Free:        0
HugePages_Rsvd:        0
HugePages_Surp:        0
Hugepagesize:       2048 kB
DirectMap4k:       10232 kB
DirectMap2M:      903168 kB


CPU:total 2 (2 cores per cpu, 1 threads per core) family 6 model 23 stepping 10, cmov, cx8, fxsr, mmx, sse, sse2, sse3, ssse3, sse4.1

Memory: 4k page, physical 2026732k(147736k free), swap 2060284k(2046344k free)

vm_info: OpenJDK Server VM (20.0-b12) for linux-x86 JRE (1.6.0_27-b27), built on Jul 17 2013 13:43:50 by "buildd" with gcc 4.6.3

time: Sat Feb 22 21:08:39 2014
elapsed time: 6 seconds

