#
# A fatal error has been detected by the Java Runtime Environment:
#
#  EXCEPTION_ACCESS_VIOLATION (0xc0000005) at pc=0x6cee8b52, pid=3080, tid=4392
#
# JRE version: Java(TM) SE Runtime Environment (7.0_55-b14) (build 1.7.0_55-b14)
# Java VM: Java HotSpot(TM) Client VM (24.55-b03 mixed mode windows-x86 )
# Problematic frame:
# C  [gdx.dll+0x28b52]
#
# Failed to write core dump. Minidumps are not enabled by default on client versions of Windows
#
# If you would like to submit a bug report, please visit:
#   http://bugreport.sun.com/bugreport/crash.jsp
# The crash happened outside the Java Virtual Machine in native code.
# See problematic frame for where to report the bug.
#

---------------  T H R E A D  ---------------

Current thread (0x17b50000):  JavaThread "LWJGL Application" [_thread_in_native, id=4392, stack(0x19440000,0x19490000)]

siginfo: ExceptionCode=0xc0000005, reading address 0x183acefc

Registers:
EAX=0x03c1efec, EBX=0x17b50130, ECX=0x263abc3c, EDX=0x179d57a4
ESP=0x1948f5dc, EBP=0x1948f628, ESI=0x1948f638, EDI=0x183aceb8
EIP=0x6cee8b52, EFLAGS=0x00010246

Top of Stack: (sp=0x1948f5dc)
0x1948f5dc:   00000000 13e4fed8 13e4fed8 17b50000
0x1948f5ec:   0192f358 17b50130 1948f644 183aceb8
0x1948f5fc:   00000000 1948f638 00000000 1948f608
0x1948f60c:   00000000 1948f644 13e533f0 00000000
0x1948f61c:   13e4fed8 00000000 1948f638 1948f668
0x1948f62c:   01923287 00000000 0192bde9 03c1efe0
0x1948f63c:   183aceb8 00000000 03c1ef88 1948f648
0x1948f64c:   13e4fe21 1948f670 13e533f0 00000000 

Instructions: (pc=0x6cee8b52)
0x6cee8b32:   30 89 7c 24 18 8b 7c 24 28 8b 03 89 74 24 04 89
0x6cee8b42:   1c 24 c7 44 24 08 00 00 00 00 ff 90 78 03 00 00
0x6cee8b52:   8b 57 44 8b 4f 40 89 50 04 8b 13 83 ec 0c 89 08
0x6cee8b62:   89 74 24 04 89 1c 24 c7 44 24 0c 00 00 00 00 89 


Register to memory mapping:

EAX=0x03c1efec is pointing into object: 0x03c1efe0
[F 
 - klass: {type array float}
 - length: 4
EBX=0x17b50130 is an unknown value
ECX=0x263abc3c is an unknown value
EDX=0x179d57a4 is an unknown value
ESP=0x1948f5dc is pointing into the stack for thread: 0x17b50000
EBP=0x1948f628 is pointing into the stack for thread: 0x17b50000
ESI=0x1948f638 is pointing into the stack for thread: 0x17b50000
EDI=0x183aceb8 is an unknown value


Stack: [0x19440000,0x19490000],  sp=0x1948f5dc,  free space=317k
Native frames: (J=compiled Java code, j=interpreted, Vv=VM code, C=native code)
C  [gdx.dll+0x28b52]
j  com.badlogic.gdx.physics.box2d.Body.getLinearVelocity()Lcom/badlogic/gdx/math/Vector2;+9
j  com.valyrian.firstgame.entidades.Jugador.Enfundar()V+4
j  com.valyrian.firstgame.utilidades.input.Teclado.keyUp(I)Z+113
J  com.badlogic.gdx.backends.lwjgl.LwjglInput.processEvents()V
j  com.badlogic.gdx.backends.lwjgl.LwjglApplication$1.run()V+27
v  ~StubRoutines::call_stub
V  [jvm.dll+0x13f25a]
V  [jvm.dll+0x202c1e]
V  [jvm.dll+0x13f425]
V  [jvm.dll+0x13f487]
V  [jvm.dll+0xeb7cf]
V  [jvm.dll+0x1604dc]
V  [jvm.dll+0x160f17]
V  [jvm.dll+0x1a4ab9]
C  [msvcr100.dll+0x5c556]
C  [msvcr100.dll+0x5c600]
C  [KERNEL32.dll+0x4ee1c]
C  [ntdll.dll+0x637eb]
C  [ntdll.dll+0x637be]

Java frames: (J=compiled Java code, j=interpreted, Vv=VM code)
j  com.badlogic.gdx.physics.box2d.Body.jniGetLinearVelocity(J[F)V+0
j  com.badlogic.gdx.physics.box2d.Body.getLinearVelocity()Lcom/badlogic/gdx/math/Vector2;+9
j  com.valyrian.firstgame.entidades.Jugador.Enfundar()V+4
j  com.valyrian.firstgame.utilidades.input.Teclado.keyUp(I)Z+113
J  com.badlogic.gdx.backends.lwjgl.LwjglInput.processEvents()V
j  com.badlogic.gdx.backends.lwjgl.LwjglApplication.mainLoop()V+557
j  com.badlogic.gdx.backends.lwjgl.LwjglApplication$1.run()V+27
v  ~StubRoutines::call_stub

---------------  P R O C E S S  ---------------

Java Threads: ( => current thread )
  0x19595800 JavaThread "LWJGL Timer" daemon [_thread_blocked, id=3228, stack(0x1a450000,0x1a4a0000)]
  0x17b72c00 JavaThread "AsynchExecutor-Thread" daemon [_thread_blocked, id=2412, stack(0x1c4b0000,0x1c500000)]
  0x0191d400 JavaThread "DestroyJavaVM" [_thread_blocked, id=5660, stack(0x01300000,0x01350000)]
=>0x17b50000 JavaThread "LWJGL Application" [_thread_in_native, id=4392, stack(0x19440000,0x19490000)]
  0x179de400 JavaThread "Service Thread" daemon [_thread_blocked, id=5656, stack(0x185d0000,0x18620000)]
  0x179db000 JavaThread "C1 CompilerThread0" daemon [_thread_blocked, id=5628, stack(0x18190000,0x181e0000)]
  0x179d2400 JavaThread "JDWP Command Reader" daemon [_thread_in_native, id=5040, stack(0x18400000,0x18450000)]
  0x179c9800 JavaThread "JDWP Event Helper Thread" daemon [_thread_blocked, id=5892, stack(0x18520000,0x18570000)]
  0x179c1400 JavaThread "JDWP Transport Listener: dt_socket" daemon [_thread_blocked, id=1104, stack(0x183b0000,0x18400000)]
  0x179bb800 JavaThread "Attach Listener" daemon [_thread_blocked, id=656, stack(0x17d70000,0x17dc0000)]
  0x179b8800 JavaThread "Signal Dispatcher" daemon [_thread_blocked, id=5704, stack(0x17c70000,0x17cc0000)]
  0x17985800 JavaThread "Finalizer" daemon [_thread_blocked, id=4112, stack(0x17e00000,0x17e50000)]
  0x17984400 JavaThread "Reference Handler" daemon [_thread_blocked, id=5504, stack(0x17ce0000,0x17d30000)]

Other Threads:
  0x17982c00 VMThread [stack: 0x17b80000,0x17bd0000] [id=2592]
  0x17a01800 WatcherThread [stack: 0x17bd0000,0x17c20000] [id=2764]

VM state:not at safepoint (normal execution)

VM Mutex/Monitor currently owned by a thread: None

Heap
 def new generation   total 8640K, used 4549K [0x03920000, 0x04270000, 0x08e70000)
  eden space 7744K,  58% used [0x03920000, 0x03d915b8, 0x040b0000)
  from space 896K,   0% used [0x040b0000, 0x040b0000, 0x04190000)
  to   space 896K,   0% used [0x04190000, 0x04190000, 0x04270000)
 tenured generation   total 19056K, used 11433K [0x08e70000, 0x0a10c000, 0x13920000)
   the space 19056K,  59% used [0x08e70000, 0x0999a588, 0x0999a600, 0x0a10c000)
 compacting perm gen  total 12288K, used 5443K [0x13920000, 0x14520000, 0x17920000)
   the space 12288K,  44% used [0x13920000, 0x13e70fb8, 0x13e71000, 0x14520000)
No shared spaces configured.

Card table byte_map: [0x01230000,0x012e0000] byte_map_base: 0x01213700

Polling page: 0x001c0000

Code Cache  [0x01920000, 0x01bc8000, 0x03920000)
 total_blobs=1201 nmethods=938 adapters=207 free_code_cache=30072Kb largest_free_block=30793856

Compilation events (10 events):
Event: 85.331 Thread 0x179db000  937             javazoom.jl.decoder.MP3Decoder::retrieveDecoder (186 bytes)
Event: 85.332 Thread 0x179db000 nmethod 937 0x01bbf788 code [0x01bbf8f0, 0x01bbfcb8]
Event: 85.332 Thread 0x179db000  938             javazoom.jl.decoder.LayerIIIDecoder::decodeFrame (5 bytes)
Event: 85.332 Thread 0x179db000 nmethod 938 0x01bbff88 code [0x01bc0080, 0x01bc011c]
Event: 86.590 Thread 0x179db000  939             com.badlogic.gdx.maps.tiled.renderers.BatchTiledMapRenderer::setView (66 bytes)
Event: 86.591 Thread 0x179db000 nmethod 939 0x01bc0188 code [0x01bc02d0, 0x01bc04f4]
Event: 86.753 Thread 0x179db000  940             com.badlogic.gdx.physics.box2d.Body::setLinearVelocity (11 bytes)
Event: 86.754 Thread 0x179db000 nmethod 940 0x01bc07c8 code [0x01bc08c0, 0x01bc097c]
Event: 89.309 Thread 0x179db000  941   !         com.badlogic.gdx.backends.openal.Mp3$Music::read (213 bytes)
Event: 89.311 Thread 0x179db000 nmethod 941 0x01bc0a08 code [0x01bc0be0, 0x01bc1460]

GC Heap History (10 events):
Event: 35.294 GC heap before
{Heap before GC invocations=11 (full 0):
 def new generation   total 4928K, used 4925K [0x03920000, 0x03e70000, 0x08e70000)
  eden space 4416K,  99% used [0x03920000, 0x03d6f510, 0x03d70000)
  from space 512K, 100% used [0x03df0000, 0x03e70000, 0x03e70000)
  to   space 512K,   0% used [0x03d70000, 0x03d70000, 0x03df0000)
 tenured generation   total 10944K, used 9535K [0x08e70000, 0x09920000, 0x13920000)
   the space 10944K,  87% used [0x08e70000, 0x097bfd18, 0x097bfe00, 0x09920000)
 compacting perm gen  total 12288K, used 5420K [0x13920000, 0x14520000, 0x17920000)
   the space 12288K,  44% used [0x13920000, 0x13e6b1b0, 0x13e6b200, 0x14520000)
No shared spaces configured.
Event: 35.299 GC heap after
Heap after GC invocations=12 (full 0):
 def new generation   total 4928K, used 286K [0x03920000, 0x03e70000, 0x08e70000)
  eden space 4416K,   0% used [0x03920000, 0x03920000, 0x03d70000)
  from space 512K,  56% used [0x03d70000, 0x03db7b48, 0x03df0000)
  to   space 512K,   0% used [0x03df0000, 0x03df0000, 0x03e70000)
 tenured generation   total 10944K, used 10046K [0x08e70000, 0x09920000, 0x13920000)
   the space 10944K,  91% used [0x08e70000, 0x0983fbc8, 0x0983fc00, 0x09920000)
 compacting perm gen  total 12288K, used 5420K [0x13920000, 0x14520000, 0x17920000)
   the space 12288K,  44% used [0x13920000, 0x13e6b1b0, 0x13e6b200, 0x14520000)
No shared spaces configured.
}
Event: 36.713 GC heap before
{Heap before GC invocations=12 (full 0):
 def new generation   total 4928K, used 4643K [0x03920000, 0x03e70000, 0x08e70000)
  eden space 4416K,  98% used [0x03920000, 0x03d614b0, 0x03d70000)
  from space 512K,  56% used [0x03d70000, 0x03db7b48, 0x03df0000)
  to   space 512K,   0% used [0x03df0000, 0x03df0000, 0x03e70000)
 tenured generation   total 10944K, used 10046K [0x08e70000, 0x09920000, 0x13920000)
   the space 10944K,  91% used [0x08e70000, 0x0983fbc8, 0x0983fc00, 0x09920000)
 compacting perm gen  total 12288K, used 5420K [0x13920000, 0x14520000, 0x17920000)
   the space 12288K,  44% used [0x13920000, 0x13e6b260, 0x13e6b400, 0x14520000)
No shared spaces configured.
Event: 36.774 GC heap after
Heap after GC invocations=13 (full 1):
 def new generation   total 6848K, used 0K [0x03920000, 0x04080000, 0x08e70000)
  eden space 6144K,   0% used [0x03920000, 0x03920000, 0x03f20000)
  from space 704K,   0% used [0x03f20000, 0x03f20000, 0x03fd0000)
  to   space 704K,   0% used [0x03fd0000, 0x03fd0000, 0x04080000)
 tenured generation   total 15028K, used 9014K [0x08e70000, 0x09d1d000, 0x13920000)
   the space 15028K,  59% used [0x08e70000, 0x0973daf8, 0x0973dc00, 0x09d1d000)
 compacting perm gen  total 12288K, used 5420K [0x13920000, 0x14520000, 0x17920000)
   the space 12288K,  44% used [0x13920000, 0x13e6b260, 0x13e6b400, 0x14520000)
No shared spaces configured.
}
Event: 39.670 GC heap before
{Heap before GC invocations=13 (full 1):
 def new generation   total 6848K, used 6144K [0x03920000, 0x04080000, 0x08e70000)
  eden space 6144K, 100% used [0x03920000, 0x03f20000, 0x03f20000)
  from space 704K,   0% used [0x03f20000, 0x03f20000, 0x03fd0000)
  to   space 704K,   0% used [0x03fd0000, 0x03fd0000, 0x04080000)
 tenured generation   total 15028K, used 9014K [0x08e70000, 0x09d1d000, 0x13920000)
   the space 15028K,  59% used [0x08e70000, 0x0973daf8, 0x0973dc00, 0x09d1d000)
 compacting perm gen  total 12288K, used 5424K [0x13920000, 0x14520000, 0x17920000)
   the space 12288K,  44% used [0x13920000, 0x13e6c158, 0x13e6c200, 0x14520000)
No shared spaces configured.
Event: 39.682 GC heap after
Heap after GC invocations=14 (full 1):
 def new generation   total 6848K, used 704K [0x03920000, 0x04080000, 0x08e70000)
  eden space 6144K,   0% used [0x03920000, 0x03920000, 0x03f20000)
  from space 704K, 100% used [0x03fd0000, 0x04080000, 0x04080000)
  to   space 704K,   0% used [0x03f20000, 0x03f20000, 0x03fd0000)
 tenured generation   total 15028K, used 11891K [0x08e70000, 0x09d1d000, 0x13920000)
   the space 15028K,  79% used [0x08e70000, 0x09a0cd78, 0x09a0ce00, 0x09d1d000)
 compacting perm gen  total 12288K, used 5424K [0x13920000, 0x14520000, 0x17920000)
   the space 12288K,  44% used [0x13920000, 0x13e6c158, 0x13e6c200, 0x14520000)
No shared spaces configured.
}
Event: 77.368 GC heap before
{Heap before GC invocations=14 (full 1):
 def new generation   total 6848K, used 6736K [0x03920000, 0x04080000, 0x08e70000)
  eden space 6144K,  98% used [0x03920000, 0x03f04190, 0x03f20000)
  from space 704K, 100% used [0x03fd0000, 0x04080000, 0x04080000)
  to   space 704K,   0% used [0x03f20000, 0x03f20000, 0x03fd0000)
 tenured generation   total 15028K, used 11891K [0x08e70000, 0x09d1d000, 0x13920000)
   the space 15028K,  79% used [0x08e70000, 0x09a0cd78, 0x09a0ce00, 0x09d1d000)
 compacting perm gen  total 12288K, used 5443K [0x13920000, 0x14520000, 0x17920000)
   the space 12288K,  44% used [0x13920000, 0x13e70f48, 0x13e71000, 0x14520000)
No shared spaces configured.
Event: 77.375 GC heap after
Heap after GC invocations=15 (full 1):
 def new generation   total 6848K, used 704K [0x03920000, 0x04080000, 0x08e70000)
  eden space 6144K,   0% used [0x03920000, 0x03920000, 0x03f20000)
  from space 704K, 100% used [0x03f20000, 0x03fd0000, 0x03fd0000)
  to   space 704K,   0% used [0x03fd0000, 0x03fd0000, 0x04080000)
 tenured generation   total 15028K, used 12720K [0x08e70000, 0x09d1d000, 0x13920000)
   the space 15028K,  84% used [0x08e70000, 0x09adc398, 0x09adc400, 0x09d1d000)
 compacting perm gen  total 12288K, used 5443K [0x13920000, 0x14520000, 0x17920000)
   the space 12288K,  44% used [0x13920000, 0x13e70f48, 0x13e71000, 0x14520000)
No shared spaces configured.
}
Event: 77.964 GC heap before
{Heap before GC invocations=15 (full 1):
 def new generation   total 6848K, used 6848K [0x03920000, 0x04080000, 0x08e70000)
  eden space 6144K, 100% used [0x03920000, 0x03f20000, 0x03f20000)
  from space 704K, 100% used [0x03f20000, 0x03fd0000, 0x03fd0000)
  to   space 704K,   0% used [0x03fd0000, 0x03fd0000, 0x04080000)
 tenured generation   total 15028K, used 12720K [0x08e70000, 0x09d1d000, 0x13920000)
   the space 15028K,  84% used [0x08e70000, 0x09adc398, 0x09adc400, 0x09d1d000)
 compacting perm gen  total 12288K, used 5443K [0x13920000, 0x14520000, 0x17920000)
   the space 12288K,  44% used [0x13920000, 0x13e70f58, 0x13e71000, 0x14520000)
No shared spaces configured.
Event: 78.041 GC heap after
Heap after GC invocations=16 (full 2):
 def new generation   total 8640K, used 0K [0x03920000, 0x04270000, 0x08e70000)
  eden space 7744K,   0% used [0x03920000, 0x03920000, 0x040b0000)
  from space 896K,   0% used [0x040b0000, 0x040b0000, 0x04190000)
  to   space 896K,   0% used [0x04190000, 0x04190000, 0x04270000)
 tenured generation   total 19056K, used 11433K [0x08e70000, 0x0a10c000, 0x13920000)
   the space 19056K,  59% used [0x08e70000, 0x0999a588, 0x0999a600, 0x0a10c000)
 compacting perm gen  total 12288K, used 5443K [0x13920000, 0x14520000, 0x17920000)
   the space 12288K,  44% used [0x13920000, 0x13e70f58, 0x13e71000, 0x14520000)
No shared spaces configured.
}

Deoptimization events (0 events):
No events

Internal exceptions (10 events):
Event: 7.742 Thread 0x17b50000 Threw 0x03d3c250 at C:\re\jdk7u55\985\hotspot\src\share\vm\prims\jvm.cpp:1244
Event: 7.743 Thread 0x17b50000 Threw 0x03d3ffd8 at C:\re\jdk7u55\985\hotspot\src\share\vm\prims\jvm.cpp:1244
Event: 7.745 Thread 0x17b50000 Threw 0x03d44908 at C:\re\jdk7u55\985\hotspot\src\share\vm\prims\jvm.cpp:1244
Event: 7.765 Thread 0x17b50000 Threw 0x03921250 at C:\re\jdk7u55\985\hotspot\src\share\vm\prims\jvm.cpp:1244
Event: 7.785 Thread 0x17b50000 Threw 0x03928970 at C:\re\jdk7u55\985\hotspot\src\share\vm\prims\jvm.cpp:1244
Event: 7.796 Thread 0x17b50000 Threw 0x0392da28 at C:\re\jdk7u55\985\hotspot\src\share\vm\prims\jvm.cpp:1244
Event: 7.797 Thread 0x17b50000 Threw 0x03932980 at C:\re\jdk7u55\985\hotspot\src\share\vm\prims\jvm.cpp:1244
Event: 7.798 Thread 0x17b50000 Threw 0x03937008 at C:\re\jdk7u55\985\hotspot\src\share\vm\prims\jvm.cpp:1244
Event: 7.800 Thread 0x17b50000 Threw 0x0393bee0 at C:\re\jdk7u55\985\hotspot\src\share\vm\prims\jvm.cpp:1244
Event: 39.618 Thread 0x17b50000 Threw 0x03f1a588 at C:\re\jdk7u55\985\hotspot\src\share\vm\prims\jvm.cpp:1244

Events (10 events):
Event: 77.375 Executing VM operation: GenCollectForAllocation done
Event: 77.375 Executing VM operation: RevokeBias
Event: 77.375 Executing VM operation: RevokeBias done
Event: 77.375 Executing VM operation: RevokeBias
Event: 77.375 Executing VM operation: RevokeBias done
Event: 77.375 Executing VM operation: BulkRevokeBias
Event: 77.376 Executing VM operation: BulkRevokeBias done
Event: 77.964 Executing VM operation: GenCollectForAllocation
Event: 78.041 Executing VM operation: GenCollectForAllocation done
Event: 78.185 Thread 0x179db000 flushing nmethod 0x01b2e648


Dynamic libraries:
0x013e0000 - 0x0140f000 	C:\Program Files\Java\jre7\bin\javaw.exe
0x77490000 - 0x775cc000 	C:\Windows\SYSTEM32\ntdll.dll
0x74950000 - 0x7498f000 	C:\Program Files\AVAST Software\Avast\snxhk.dll
0x77020000 - 0x770f4000 	C:\Windows\system32\KERNEL32.dll
0x75510000 - 0x7555b000 	C:\Windows\system32\KERNELBASE.dll
0x76780000 - 0x76820000 	C:\Windows\system32\ADVAPI32.dll
0x772d0000 - 0x7737c000 	C:\Windows\system32\msvcrt.dll
0x76b90000 - 0x76ba9000 	C:\Windows\SYSTEM32\sechost.dll
0x77220000 - 0x772c2000 	C:\Windows\system32\RPCRT4.dll
0x77380000 - 0x77449000 	C:\Windows\system32\USER32.dll
0x76fd0000 - 0x7701e000 	C:\Windows\system32\GDI32.dll
0x775e0000 - 0x775ea000 	C:\Windows\system32\LPK.dll
0x775f0000 - 0x7768d000 	C:\Windows\system32\USP10.dll
0x74540000 - 0x746de000 	C:\Windows\WinSxS\x86_microsoft.windows.common-controls_6595b64144ccf1df_6.0.7601.17514_none_41e6975e2bd6f2b2\COMCTL32.dll
0x759c0000 - 0x75a17000 	C:\Windows\system32\SHLWAPI.dll
0x77690000 - 0x776af000 	C:\Windows\system32\IMM32.DLL
0x76bb0000 - 0x76c7c000 	C:\Windows\system32\MSCTF.dll
0x50240000 - 0x502ff000 	C:\Program Files\Java\jre7\bin\msvcr100.dll
0x5b8d0000 - 0x5bc50000 	C:\Program Files\Java\jre7\bin\client\jvm.dll
0x71a30000 - 0x71a37000 	C:\Windows\system32\WSOCK32.dll
0x77450000 - 0x77485000 	C:\Windows\system32\WS2_32.dll
0x775d0000 - 0x775d6000 	C:\Windows\system32\NSI.dll
0x6f2e0000 - 0x6f312000 	C:\Windows\system32\WINMM.dll
0x75810000 - 0x75815000 	C:\Windows\system32\PSAPI.DLL
0x6e810000 - 0x6e81c000 	C:\Program Files\Java\jre7\bin\verify.dll
0x69120000 - 0x69140000 	C:\Program Files\Java\jre7\bin\java.dll
0x68570000 - 0x6859a000 	C:\Program Files\Java\jre7\bin\jdwp.dll
0x71e60000 - 0x71e67000 	C:\Program Files\Java\jre7\bin\npt.dll
0x69380000 - 0x69393000 	C:\Program Files\Java\jre7\bin\zip.dll
0x71ed0000 - 0x71ed8000 	C:\Program Files\Java\jre7\bin\dt_socket.dll
0x73800000 - 0x73810000 	C:\Windows\system32\NLAapi.dll
0x6efa0000 - 0x6efb0000 	C:\Windows\system32\napinsp.dll
0x6ef80000 - 0x6ef92000 	C:\Windows\system32\pnrpnsp.dll
0x74ec0000 - 0x74efc000 	C:\Windows\System32\mswsock.dll
0x74d80000 - 0x74dc4000 	C:\Windows\system32\DNSAPI.dll
0x6ef50000 - 0x6ef58000 	C:\Windows\System32\winrnr.dll
0x73650000 - 0x7366c000 	C:\Windows\system32\IPHLPAPI.DLL
0x73630000 - 0x73637000 	C:\Windows\system32\WINNSI.DLL
0x734f0000 - 0x73528000 	C:\Windows\System32\fwpuclnt.dll
0x6d9a0000 - 0x6d9a6000 	C:\Windows\system32\rasadhlp.dll
0x74a30000 - 0x74a35000 	C:\Windows\System32\wshtcpip.dll
0x6cec0000 - 0x6cf45000 	C:\Users\Carlos\AppData\Local\Temp\libgdxCarlos\56953fb7\gdx.dll
0x01350000 - 0x0139c000 	C:\Users\Carlos\AppData\Local\Temp\libgdxCarlos\52d76f2b\lwjgl.dll
0x685a0000 - 0x68668000 	C:\Windows\system32\OPENGL32.dll
0x68df0000 - 0x68e12000 	C:\Windows\system32\GLU32.dll
0x57e20000 - 0x57f07000 	C:\Windows\system32\DDRAW.dll
0x70570000 - 0x70576000 	C:\Windows\system32\DCIMAN32.dll
0x75820000 - 0x759bd000 	C:\Windows\system32\SETUPAPI.dll
0x75590000 - 0x755b7000 	C:\Windows\system32\CFGMGR32.dll
0x77190000 - 0x7721f000 	C:\Windows\system32\OLEAUT32.dll
0x76870000 - 0x769cc000 	C:\Windows\system32\ole32.dll
0x75620000 - 0x75632000 	C:\Windows\system32\DEVOBJ.dll
0x74090000 - 0x740a3000 	C:\Windows\system32\dwmapi.dll
0x749a0000 - 0x749a9000 	C:\Windows\system32\VERSION.dll
0x18490000 - 0x184f5000 	C:\Users\Carlos\AppData\Local\Temp\libgdxCarlos\52d76f2b\OpenAL32.dll
0x75b30000 - 0x7677a000 	C:\Windows\system32\SHELL32.dll
0x75410000 - 0x7541c000 	C:\Windows\system32\CRYPTBASE.dll
0x743c0000 - 0x74400000 	C:\Windows\system32\uxtheme.dll
0x75aa0000 - 0x75b23000 	C:\Windows\system32\CLBCatQ.DLL
0x74400000 - 0x744f5000 	C:\Windows\System32\PROPSYS.dll
0x755d0000 - 0x755fe000 	C:\Windows\system32\WINTRUST.dll
0x756d0000 - 0x757f0000 	C:\Windows\system32\CRYPT32.dll
0x75500000 - 0x7550c000 	C:\Windows\system32\MSASN1.dll
0x71ca0000 - 0x71d12000 	C:\Windows\system32\dsound.dll
0x73b40000 - 0x73b65000 	C:\Windows\system32\POWRPROF.dll
0x740b0000 - 0x740e9000 	C:\Windows\System32\MMDevApi.dll
0x6d450000 - 0x6d486000 	C:\Windows\system32\AUDIOSES.DLL
0x19890000 - 0x1a334000 	C:\Windows\system32\ig4icd32.dll
0x708c0000 - 0x70939000 	C:\Windows\system32\mscms.dll
0x75570000 - 0x75587000 	C:\Windows\system32\USERENV.dll
0x754f0000 - 0x754fb000 	C:\Windows\system32\profapi.dll
0x67ce0000 - 0x67d18000 	C:\Windows\system32\icm32.dll
0x6dd40000 - 0x6de11000 	C:\Users\Carlos\AppData\Local\Temp\libgdxCarlos\1757f8d2\gdx-controllers-desktop.dll
0x689f0000 - 0x68a20000 	C:\Windows\system32\dinput8.dll
0x740f0000 - 0x740f9000 	C:\Windows\system32\HID.DLL
0x6f1a0000 - 0x6f28b000 	C:\Windows\system32\dbghelp.dll

VM Arguments:
jvm_args: -agentlib:jdwp=transport=dt_socket,suspend=y,address=localhost:56860 -Dfile.encoding=Cp1252 
java_command: com.valyrian.firstgame.Main
Launcher Type: SUN_STANDARD

Environment Variables:
PATH=C:/Program Files/Java/jre7/bin/client;C:/Program Files/Java/jre7/bin;C:/Program Files/Java/jre7/lib/i386;C:\Windows\system32;C:\Windows;C:\Windows\System32\Wbem;C:\Windows\System32\WindowsPowerShell\v1.0\;C:\Program Files\Common Files\Autodesk Shared\;C:\Program Files\Mercurial;C:\Program Files\nodejs\;C:\Users\Carlos\AppData\Roaming\npm;C:\Users\Carlos\Desktop\DAVID\eclipse;
USERNAME=Carlos
OS=Windows_NT
PROCESSOR_IDENTIFIER=x86 Family 6 Model 15 Stepping 13, GenuineIntel



---------------  S Y S T E M  ---------------

OS: Windows 7 Build 7601 Service Pack 1

CPU:total 2 (2 cores per cpu, 1 threads per core) family 6 model 15 stepping 13, cmov, cx8, fxsr, mmx, sse, sse2, sse3, ssse3, tsc

Memory: 4k page, physical 3010560k(1143024k free), swap 6019368k(2779408k free)

vm_info: Java HotSpot(TM) Client VM (24.55-b03) for windows-x86 JRE (1.7.0_55-b14), built on Apr 14 2014 18:25:32 by "java_re" with unknown MS VC++:1600

time: Sun Jun 15 22:34:41 2014
elapsed time: 92 seconds

