#
# A fatal error has been detected by the Java Runtime Environment:
#
#  EXCEPTION_ACCESS_VIOLATION (0xc0000005) at pc=0x3f8ccccd, pid=6052, tid=4636
#
# JRE version: Java(TM) SE Runtime Environment (7.0_51-b13) (build 1.7.0_51-b13)
# Java VM: Java HotSpot(TM) Client VM (24.51-b03 mixed mode windows-x86 )
# Problematic frame:
# C  0x3f8ccccd
#
# Failed to write core dump. Minidumps are not enabled by default on client versions of Windows
#
# If you would like to submit a bug report, please visit:
#   http://bugreport.sun.com/bugreport/crash.jsp
# The crash happened outside the Java Virtual Machine in native code.
# See problematic frame for where to report the bug.
#

---------------  T H R E A D  ---------------

Current thread (0x17ba0000):  JavaThread "LWJGL Application" [_thread_in_native, id=4636, stack(0x18940000,0x18990000)]

siginfo: ExceptionCode=0xc0000005, ExceptionInformation=0x00000008 0x3f8ccccd

Registers:
EAX=0x004ae628, EBX=0x1823b750, ECX=0x1823f2f8, EDX=0x004ae338
ESP=0x1898f3bc, EBP=0x18221df0, ESI=0x1823f2f8, EDI=0x1898f424
EIP=0x3f8ccccd, EFLAGS=0x00010206

Top of Stack: (sp=0x1898f3bc)
0x1898f3bc:   6cee0256 004ae628 18221df0 00000000
0x1898f3cc:   0000000c 18980000 1898f3f0 5a569d60
0x1898f3dc:   1823b750 18221df0 1823f2f8 1898f4ac
0x1898f3ec:   6cedf285 1823f2f8 18221df0 1823b750
0x1898f3fc:   1898f424 13e84400 13e84400 17ba0000
0x1898f40c:   6cee8834 1823b750 1898f424 019c2908
0x1898f41c:   00000000 1898f548 004ae628 00000000
0x1898f42c:   3dcccccd 00000000 3d000000 0001f500 

Instructions: (pc=0x3f8ccccd)
0x3f8cccad:   
[error occurred during error reporting (printing registers, top of stack, instructions near pc), id 0xc0000005]

Register to memory mapping:

EAX=0x004ae628 is an unknown value
EBX=0x1823b750 is an unknown value
ECX=0x1823f2f8 is an unknown value
EDX=0x004ae338 is an unknown value
ESP=0x1898f3bc is pointing into the stack for thread: 0x17ba0000
EBP=0x18221df0 is an unknown value
ESI=0x1823f2f8 is an unknown value
EDI=0x1898f424 is pointing into the stack for thread: 0x17ba0000


Stack: [0x18940000,0x18990000],  sp=0x1898f3bc,  free space=316k
Native frames: (J=compiled Java code, j=interpreted, Vv=VM code, C=native code)
C  0x3f8ccccd

Java frames: (J=compiled Java code, j=interpreted, Vv=VM code)
j  com.badlogic.gdx.physics.box2d.Body.jniCreateFixture(JJFFFZSSS)J+0
j  com.badlogic.gdx.physics.box2d.Body.createFixture(Lcom/badlogic/gdx/physics/box2d/FixtureDef;)Lcom/badlogic/gdx/physics/box2d/Fixture;+49
j  com.valyrian.firstgame.entidades.Jugador.crearCuerpo(Lcom/badlogic/gdx/physics/box2d/World;Lcom/badlogic/gdx/math/Vector2;II)V+126
j  com.valyrian.firstgame.entidades.Jugador.<init>(IIILcom/badlogic/gdx/math/Vector2;Lcom/badlogic/gdx/math/Vector2;Lcom/badlogic/gdx/physics/box2d/World;)V+238
j  com.valyrian.firstgame.pantallas.pruebas.PantallaPruebaPersonaje.show()V+399
j  com.badlogic.gdx.Game.setScreen(Lcom/badlogic/gdx/Screen;)V+32
j  com.valyrian.firstgame.PrimerJuego.create()V+5
j  com.badlogic.gdx.backends.lwjgl.LwjglApplication.mainLoop()V+29
j  com.badlogic.gdx.backends.lwjgl.LwjglApplication$1.run()V+27
v  ~StubRoutines::call_stub

---------------  P R O C E S S  ---------------

Java Threads: ( => current thread )
  0x018fd000 JavaThread "DestroyJavaVM" [_thread_blocked, id=4492, stack(0x01970000,0x019c0000)]
=>0x17ba0000 JavaThread "LWJGL Application" [_thread_in_native, id=4636, stack(0x18940000,0x18990000)]
  0x17ad8000 JavaThread "AWT-Windows" daemon [_thread_in_native, id=4208, stack(0x18600000,0x18650000)]
  0x17a75000 JavaThread "Java2D Disposer" daemon [_thread_blocked, id=2820, stack(0x183a0000,0x183f0000)]
  0x17a1f400 JavaThread "Service Thread" daemon [_thread_blocked, id=4244, stack(0x18660000,0x186b0000)]
  0x17a1c400 JavaThread "C1 CompilerThread0" daemon [_thread_blocked, id=4564, stack(0x180d0000,0x18120000)]
  0x17a0c800 JavaThread "JDWP Command Reader" daemon [_thread_in_native, id=5084, stack(0x01900000,0x01950000)]
  0x17a0ac00 JavaThread "JDWP Event Helper Thread" daemon [_thread_blocked, id=4252, stack(0x184a0000,0x184f0000)]
  0x17a09000 JavaThread "JDWP Transport Listener: dt_socket" daemon [_thread_blocked, id=5440, stack(0x17cb0000,0x17d00000)]
  0x179fa400 JavaThread "Attach Listener" daemon [_thread_blocked, id=5160, stack(0x17d30000,0x17d80000)]
  0x179f7000 JavaThread "Signal Dispatcher" daemon [_thread_blocked, id=2532, stack(0x01240000,0x01290000)]
  0x179c9c00 JavaThread "Finalizer" daemon [_thread_blocked, id=5144, stack(0x17bc0000,0x17c10000)]
  0x179c4c00 JavaThread "Reference Handler" daemon [_thread_blocked, id=5200, stack(0x17d90000,0x17de0000)]

Other Threads:
  0x179c2800 VMThread [stack: 0x17c10000,0x17c60000] [id=4468]
  0x17a29400 WatcherThread [stack: 0x18330000,0x18380000] [id=5532]

VM state:not at safepoint (normal execution)

VM Mutex/Monitor currently owned by a thread: None

Heap
 def new generation   total 4928K, used 2771K [0x039c0000, 0x03f10000, 0x08f10000)
  eden space 4416K,  51% used [0x039c0000, 0x03bf4e00, 0x03e10000)
  from space 512K, 100% used [0x03e10000, 0x03e90000, 0x03e90000)
  to   space 512K,   0% used [0x03e90000, 0x03e90000, 0x03f10000)
 tenured generation   total 10944K, used 1706K [0x08f10000, 0x099c0000, 0x139c0000)
   the space 10944K,  15% used [0x08f10000, 0x090baa80, 0x090bac00, 0x099c0000)
 compacting perm gen  total 12288K, used 4937K [0x139c0000, 0x145c0000, 0x179c0000)
   the space 12288K,  40% used [0x139c0000, 0x13e92678, 0x13e92800, 0x145c0000)
No shared spaces configured.

Card table byte_map: [0x01800000,0x018b0000] byte_map_base: 0x017e3200

Polling page: 0x001c0000

Code Cache  [0x019c0000, 0x01a98000, 0x039c0000)
 total_blobs=389 nmethods=121 adapters=213 free_code_cache=31924Kb largest_free_block=32690560

Compilation events (10 events):
Event: 6.818 Thread 0x17a1c400  117             java.net.URL::<init> (8 bytes)
Event: 6.818 Thread 0x17a1c400 nmethod 117 0x01a90bc8 code [0x01a90cc0, 0x01a90d6c]
Event: 6.818 Thread 0x17a1c400  118             java.net.URLStreamHandler::setURL (40 bytes)
Event: 6.819 Thread 0x17a1c400 nmethod 118 0x01a90dc8 code [0x01a90ee0, 0x01a91038]
Event: 6.819 Thread 0x17a1c400  119   !         java.net.URL::set (114 bytes)
Event: 6.820 Thread 0x17a1c400 nmethod 119 0x01a911c8 code [0x01a91300, 0x01a917d0]
Event: 6.825 Thread 0x17a1c400  120             java.lang.String::equalsIgnoreCase (48 bytes)
Event: 6.825 Thread 0x17a1c400 nmethod 120 0x01a91b88 code [0x01a91c90, 0x01a91dac]
Event: 6.860 Thread 0x17a1c400  121 %           com.badlogic.gdx.math.MathUtils$Sin::<clinit> @ 10 (84 bytes)
Event: 6.860 Thread 0x17a1c400 nmethod 121% 0x01a92648 code [0x01a927c0, 0x01a92be0]

GC Heap History (4 events):
Event: 4.987 GC heap before
{Heap before GC invocations=0 (full 0):
 def new generation   total 4928K, used 4416K [0x039c0000, 0x03f10000, 0x08f10000)
  eden space 4416K, 100% used [0x039c0000, 0x03e10000, 0x03e10000)
  from space 512K,   0% used [0x03e10000, 0x03e10000, 0x03e90000)
  to   space 512K,   0% used [0x03e90000, 0x03e90000, 0x03f10000)
 tenured generation   total 10944K, used 0K [0x08f10000, 0x099c0000, 0x139c0000)
   the space 10944K,   0% used [0x08f10000, 0x08f10000, 0x08f10200, 0x099c0000)
 compacting perm gen  total 12288K, used 3464K [0x139c0000, 0x145c0000, 0x179c0000)
   the space 12288K,  28% used [0x139c0000, 0x13d22058, 0x13d22200, 0x145c0000)
No shared spaces configured.
Event: 4.994 GC heap after
Heap after GC invocations=1 (full 0):
 def new generation   total 4928K, used 512K [0x039c0000, 0x03f10000, 0x08f10000)
  eden space 4416K,   0% used [0x039c0000, 0x039c0000, 0x03e10000)
  from space 512K, 100% used [0x03e90000, 0x03f10000, 0x03f10000)
  to   space 512K,   0% used [0x03e10000, 0x03e10000, 0x03e90000)
 tenured generation   total 10944K, used 631K [0x08f10000, 0x099c0000, 0x139c0000)
   the space 10944K,   5% used [0x08f10000, 0x08fadfe0, 0x08fae000, 0x099c0000)
 compacting perm gen  total 12288K, used 3464K [0x139c0000, 0x145c0000, 0x179c0000)
   the space 12288K,  28% used [0x139c0000, 0x13d22058, 0x13d22200, 0x145c0000)
No shared spaces configured.
}
Event: 6.641 GC heap before
{Heap before GC invocations=1 (full 0):
 def new generation   total 4928K, used 4928K [0x039c0000, 0x03f10000, 0x08f10000)
  eden space 4416K, 100% used [0x039c0000, 0x03e10000, 0x03e10000)
  from space 512K, 100% used [0x03e90000, 0x03f10000, 0x03f10000)
  to   space 512K,   0% used [0x03e10000, 0x03e10000, 0x03e90000)
 tenured generation   total 10944K, used 631K [0x08f10000, 0x099c0000, 0x139c0000)
   the space 10944K,   5% used [0x08f10000, 0x08fadfe0, 0x08fae000, 0x099c0000)
 compacting perm gen  total 12288K, used 4599K [0x139c0000, 0x145c0000, 0x179c0000)
   the space 12288K,  37% used [0x139c0000, 0x13e3dcb0, 0x13e3de00, 0x145c0000)
No shared spaces configured.
Event: 6.651 GC heap after
Heap after GC invocations=2 (full 0):
 def new generation   total 4928K, used 512K [0x039c0000, 0x03f10000, 0x08f10000)
  eden space 4416K,   0% used [0x039c0000, 0x039c0000, 0x03e10000)
  from space 512K, 100% used [0x03e10000, 0x03e90000, 0x03e90000)
  to   space 512K,   0% used [0x03e90000, 0x03e90000, 0x03f10000)
 tenured generation   total 10944K, used 1706K [0x08f10000, 0x099c0000, 0x139c0000)
   the space 10944K,  15% used [0x08f10000, 0x090baa80, 0x090bac00, 0x099c0000)
 compacting perm gen  total 12288K, used 4599K [0x139c0000, 0x145c0000, 0x179c0000)
   the space 12288K,  37% used [0x139c0000, 0x13e3dcb0, 0x13e3de00, 0x145c0000)
No shared spaces configured.
}

Deoptimization events (0 events):
No events

Internal exceptions (10 events):
Event: 6.838 Thread 0x17ba0000 Threw 0x03ba3070 at C:\re\jdk7u51\527\hotspot\src\share\vm\prims\jvm.cpp:1244
Event: 6.840 Thread 0x17ba0000 Threw 0x03ba9738 at C:\re\jdk7u51\527\hotspot\src\share\vm\prims\jvm.cpp:1244
Event: 6.863 Thread 0x17ba0000 Threw 0x03bad2e0 at C:\re\jdk7u51\527\hotspot\src\share\vm\prims\jvm.cpp:1244
Event: 6.864 Thread 0x17ba0000 Threw 0x03bb08b0 at C:\re\jdk7u51\527\hotspot\src\share\vm\prims\jvm.cpp:1244
Event: 6.867 Thread 0x17ba0000 Threw 0x03bc54d0 at C:\re\jdk7u51\527\hotspot\src\share\vm\prims\jvm.cpp:1244
Event: 6.869 Thread 0x17ba0000 Threw 0x03bcbc30 at C:\re\jdk7u51\527\hotspot\src\share\vm\prims\jvm.cpp:1244
Event: 6.871 Thread 0x17ba0000 Threw 0x03bce148 at C:\re\jdk7u51\527\hotspot\src\share\vm\prims\jvm.cpp:1244
Event: 6.871 Thread 0x17ba0000 Threw 0x03bd51d0 at C:\re\jdk7u51\527\hotspot\src\share\vm\prims\jvm.cpp:1244
Event: 6.873 Thread 0x17ba0000 Threw 0x03bd8990 at C:\re\jdk7u51\527\hotspot\src\share\vm\prims\jvm.cpp:1244
Event: 6.924 Thread 0x17ba0000 Threw 0x03be4d40 at C:\re\jdk7u51\527\hotspot\src\share\vm\prims\jvm.cpp:1244

Events (10 events):
Event: 6.870 loading class 0x1bbf78a8
Event: 6.870 loading class 0x1bbf78a8 done
Event: 6.871 loading class 0x1bbf7968
Event: 6.871 loading class 0x1bbf7968 done
Event: 6.873 loading class 0x0172d738
Event: 6.873 loading class 0x0172d738 done
Event: 6.873 loading class 0x1bbf3b98
Event: 6.873 loading class 0x1bbf3b98 done
Event: 6.924 loading class 0x1bbf7928
Event: 6.924 loading class 0x1bbf7928 done


Dynamic libraries:
0x012d0000 - 0x012ff000 	C:\Program Files\Java\jre7\bin\javaw.exe
0x77450000 - 0x7758c000 	C:\Windows\SYSTEM32\ntdll.dll
0x697d0000 - 0x6980f000 	C:\Program Files\AVAST Software\Avast\snxhk.dll
0x76f60000 - 0x77034000 	C:\Windows\system32\KERNEL32.dll
0x75770000 - 0x757bb000 	C:\Windows\system32\KERNELBASE.dll
0x76ec0000 - 0x76f60000 	C:\Windows\system32\ADVAPI32.dll
0x76dd0000 - 0x76e7c000 	C:\Windows\system32\msvcrt.dll
0x75aa0000 - 0x75ab9000 	C:\Windows\SYSTEM32\sechost.dll
0x75c80000 - 0x75d22000 	C:\Windows\system32\RPCRT4.dll
0x757c0000 - 0x75889000 	C:\Windows\system32\USER32.dll
0x775d0000 - 0x7761e000 	C:\Windows\system32\GDI32.dll
0x77590000 - 0x7759a000 	C:\Windows\system32\LPK.dll
0x772e0000 - 0x7737d000 	C:\Windows\system32\USP10.dll
0x74380000 - 0x7451e000 	C:\Windows\WinSxS\x86_microsoft.windows.common-controls_6595b64144ccf1df_6.0.7601.17514_none_41e6975e2bd6f2b2\COMCTL32.dll
0x77280000 - 0x772d7000 	C:\Windows\system32\SHLWAPI.dll
0x775b0000 - 0x775cf000 	C:\Windows\system32\IMM32.DLL
0x77380000 - 0x7744c000 	C:\Windows\system32\MSCTF.dll
0x5b0c0000 - 0x5b17f000 	C:\Program Files\Java\jre7\bin\msvcr100.dll
0x5a4d0000 - 0x5a850000 	C:\Program Files\Java\jre7\bin\client\jvm.dll
0x71780000 - 0x71787000 	C:\Windows\system32\WSOCK32.dll
0x76e80000 - 0x76eb5000 	C:\Windows\system32\WS2_32.dll
0x75890000 - 0x75896000 	C:\Windows\system32\NSI.dll
0x6b300000 - 0x6b332000 	C:\Windows\system32\WINMM.dll
0x77620000 - 0x77625000 	C:\Windows\system32\PSAPI.DLL
0x72450000 - 0x7245c000 	C:\Program Files\Java\jre7\bin\verify.dll
0x72430000 - 0x72450000 	C:\Program Files\Java\jre7\bin\java.dll
0x71e20000 - 0x71e4a000 	C:\Program Files\Java\jre7\bin\jdwp.dll
0x74830000 - 0x74837000 	C:\Program Files\Java\jre7\bin\npt.dll
0x71fd0000 - 0x71fe3000 	C:\Program Files\Java\jre7\bin\zip.dll
0x72a10000 - 0x72a18000 	C:\Program Files\Java\jre7\bin\dt_socket.dll
0x73700000 - 0x73710000 	C:\Windows\system32\NLAapi.dll
0x6d770000 - 0x6d780000 	C:\Windows\system32\napinsp.dll
0x6a690000 - 0x6a6a2000 	C:\Windows\system32\pnrpnsp.dll
0x74ec0000 - 0x74efc000 	C:\Windows\System32\mswsock.dll
0x74d80000 - 0x74dc4000 	C:\Windows\system32\DNSAPI.dll
0x6d760000 - 0x6d768000 	C:\Windows\System32\winrnr.dll
0x733c0000 - 0x733dc000 	C:\Windows\system32\IPHLPAPI.DLL
0x733b0000 - 0x733b7000 	C:\Windows\system32\WINNSI.DLL
0x732a0000 - 0x732d8000 	C:\Windows\System32\fwpuclnt.dll
0x6a110000 - 0x6a116000 	C:\Windows\system32\rasadhlp.dll
0x749e0000 - 0x749e5000 	C:\Windows\System32\wshtcpip.dll
0x6cf50000 - 0x6d093000 	C:\Program Files\Java\jre7\bin\awt.dll
0x75ac0000 - 0x75b4f000 	C:\Windows\system32\OLEAUT32.dll
0x770a0000 - 0x771fc000 	C:\Windows\system32\ole32.dll
0x73d70000 - 0x73d83000 	C:\Windows\system32\DWMAPI.DLL
0x741c0000 - 0x74200000 	C:\Windows\system32\uxtheme.dll
0x753e0000 - 0x753ec000 	C:\Windows\system32\CRYPTBASE.dll
0x6cec0000 - 0x6cf45000 	C:\Users\Carlos\AppData\Local\Temp\libgdxCarlos\56953fb7\gdx.dll
0x18120000 - 0x1816c000 	C:\Users\Carlos\AppData\Local\Temp\libgdxCarlos\52d76f2b\lwjgl.dll
0x19290000 - 0x19358000 	C:\Windows\system32\OPENGL32.dll
0x6d920000 - 0x6d942000 	C:\Windows\system32\GLU32.dll
0x701d0000 - 0x702b7000 	C:\Windows\system32\DDRAW.dll
0x72710000 - 0x72716000 	C:\Windows\system32\DCIMAN32.dll
0x75f50000 - 0x760ed000 	C:\Windows\system32\SETUPAPI.dll
0x756d0000 - 0x756f7000 	C:\Windows\system32\CFGMGR32.dll
0x756b0000 - 0x756c2000 	C:\Windows\system32\DEVOBJ.dll
0x74950000 - 0x74959000 	C:\Windows\system32\VERSION.dll
0x184f0000 - 0x18555000 	C:\Users\Carlos\AppData\Local\Temp\libgdxCarlos\52d76f2b\OpenAL32.dll
0x760f0000 - 0x76d3a000 	C:\Windows\system32\SHELL32.dll
0x76d40000 - 0x76dc3000 	C:\Windows\system32\CLBCatQ.DLL
0x73f00000 - 0x73f39000 	C:\Windows\System32\MMDevApi.dll
0x74280000 - 0x74375000 	C:\Windows\System32\PROPSYS.dll
0x72570000 - 0x725e2000 	C:\Windows\system32\dsound.dll
0x74000000 - 0x74025000 	C:\Windows\system32\POWRPROF.dll
0x68bb0000 - 0x68be6000 	C:\Windows\system32\AUDIOSES.DLL
0x19760000 - 0x1a204000 	C:\Windows\system32\ig4icd32.dll
0x70140000 - 0x701b9000 	C:\Windows\system32\mscms.dll
0x74ab0000 - 0x74ac7000 	C:\Windows\system32\USERENV.dll
0x75460000 - 0x7546b000 	C:\Windows\system32\profapi.dll
0x6dc10000 - 0x6dc48000 	C:\Windows\system32\icm32.dll
0x1c090000 - 0x1c17b000 	C:\Windows\system32\dbghelp.dll

VM Arguments:
jvm_args: -agentlib:jdwp=transport=dt_socket,suspend=y,address=localhost:53764 -Dfile.encoding=Cp1252 
java_command: com.valyrian.firstgame.Main
Launcher Type: SUN_STANDARD

Environment Variables:
PATH=C:/Program Files/Java/jre7/bin/client;C:/Program Files/Java/jre7/bin;C:/Program Files/Java/jre7/lib/i386;C:\Windows\system32;C:\Windows;C:\Windows\System32\Wbem;C:\Windows\System32\WindowsPowerShell\v1.0\;C:\Program Files\Common Files\Autodesk Shared\;C:\Program Files\Mercurial;C:\Users\Carlos\Desktop\DAVID\eclipse;
USERNAME=Carlos
OS=Windows_NT
PROCESSOR_IDENTIFIER=x86 Family 6 Model 15 Stepping 13, GenuineIntel



---------------  S Y S T E M  ---------------

OS: Windows 7 Build 7601 Service Pack 1

CPU:total 2 (2 cores per cpu, 1 threads per core) family 6 model 15 stepping 13, cmov, cx8, fxsr, mmx, sse, sse2, sse3, ssse3, tsc

Memory: 4k page, physical 1961984k(387880k free), swap 3923968k(1337752k free)

vm_info: Java HotSpot(TM) Client VM (24.51-b03) for windows-x86 JRE (1.7.0_51-b13), built on Dec 18 2013 19:09:58 by "java_re" with unknown MS VC++:1600

time: Thu Jan 30 18:34:34 2014
elapsed time: 7 seconds

