#
# A fatal error has been detected by the Java Runtime Environment:
#
#  EXCEPTION_ACCESS_VIOLATION (0xc0000005) at pc=0x6cee8b52, pid=3288, tid=4812
#
# JRE version: Java(TM) SE Runtime Environment (7.0_55-b14) (build 1.7.0_55-b14)
# Java VM: Java HotSpot(TM) Client VM (24.55-b03 mixed mode windows-x86 )
# Problematic frame:
# C  [gdx.dll+0x28b52]
#
# Failed to write core dump. Minidumps are not enabled by default on client versions of Windows
#
# If you would like to submit a bug report, please visit:
#   http://bugreport.sun.com/bugreport/crash.jsp
# The crash happened outside the Java Virtual Machine in native code.
# See problematic frame for where to report the bug.
#

---------------  T H R E A D  ---------------

Current thread (0x17c22400):  JavaThread "LWJGL Application" [_thread_in_native, id=4812, stack(0x186f0000,0x18740000)]

siginfo: ExceptionCode=0xc0000005, reading address 0x1c8a5af4

Registers:
EAX=0x0978cff4, EBX=0x17c22530, ECX=0x8729c57c, EDX=0x17aa573c
ESP=0x1873f81c, EBP=0x1873f868, ESI=0x1873f878, EDI=0x1c8a5ab0
EIP=0x6cee8b52, EFLAGS=0x00010246

Top of Stack: (sp=0x1873f81c)
0x1873f81c:   00000000 13f80578 13f80578 17c22400
0x1873f82c:   01a5f358 17c22530 1873f884 1c8a5ab0
0x1873f83c:   00000000 1873f878 00000009 1873f848
0x1873f84c:   00000000 1873f884 13f83a90 00000000
0x1873f85c:   13f80578 00000000 1873f878 1873f8a8
0x1873f86c:   01a53287 00000000 01a5bde9 0978cfe8
0x1873f87c:   1c8a5ab0 00000000 098e98c8 1873f888
0x1873f88c:   13f804c1 1873f8b0 13f83a90 00000000 

Instructions: (pc=0x6cee8b52)
0x6cee8b32:   30 89 7c 24 18 8b 7c 24 28 8b 03 89 74 24 04 89
0x6cee8b42:   1c 24 c7 44 24 08 00 00 00 00 ff 90 78 03 00 00
0x6cee8b52:   8b 57 44 8b 4f 40 89 50 04 8b 13 83 ec 0c 89 08
0x6cee8b62:   89 74 24 04 89 1c 24 c7 44 24 0c 00 00 00 00 89 


Register to memory mapping:

EAX=0x0978cff4 is pointing into object: 0x0978cfe8
[F 
 - klass: {type array float}
 - length: 4
EBX=0x17c22530 is an unknown value
ECX=0x8729c57c is an unknown value
EDX=0x17aa573c is an unknown value
ESP=0x1873f81c is pointing into the stack for thread: 0x17c22400
EBP=0x1873f868 is pointing into the stack for thread: 0x17c22400
ESI=0x1873f878 is pointing into the stack for thread: 0x17c22400
EDI=0x1c8a5ab0 is an unknown value


Stack: [0x186f0000,0x18740000],  sp=0x1873f81c,  free space=318k
Native frames: (J=compiled Java code, j=interpreted, Vv=VM code, C=native code)
C  [gdx.dll+0x28b52]
j  com.badlogic.gdx.physics.box2d.Body.getLinearVelocity()Lcom/badlogic/gdx/math/Vector2;+9
j  com.valyrian.firstgame.entidades.Jugador.Enfundar()V+4
j  com.valyrian.firstgame.utilidades.input.Teclado.keyUp(I)Z+113
J  com.badlogic.gdx.backends.lwjgl.LwjglInput.processEvents()V
j  com.badlogic.gdx.backends.lwjgl.LwjglApplication$1.run()V+27
v  ~StubRoutines::call_stub
V  [jvm.dll+0x13f25a]
V  [jvm.dll+0x202c1e]
V  [jvm.dll+0x13f425]
V  [jvm.dll+0x13f487]
V  [jvm.dll+0xeb7cf]
V  [jvm.dll+0x1604dc]
V  [jvm.dll+0x160f17]
V  [jvm.dll+0x1a4ab9]
C  [msvcr100.dll+0x5c556]
C  [msvcr100.dll+0x5c600]
C  [KERNEL32.dll+0x4ee1c]
C  [ntdll.dll+0x637eb]
C  [ntdll.dll+0x637be]

Java frames: (J=compiled Java code, j=interpreted, Vv=VM code)
j  com.badlogic.gdx.physics.box2d.Body.jniGetLinearVelocity(J[F)V+0
j  com.badlogic.gdx.physics.box2d.Body.getLinearVelocity()Lcom/badlogic/gdx/math/Vector2;+9
j  com.valyrian.firstgame.entidades.Jugador.Enfundar()V+4
j  com.valyrian.firstgame.utilidades.input.Teclado.keyUp(I)Z+113
J  com.badlogic.gdx.backends.lwjgl.LwjglInput.processEvents()V
j  com.badlogic.gdx.backends.lwjgl.LwjglApplication.mainLoop()V+557
j  com.badlogic.gdx.backends.lwjgl.LwjglApplication$1.run()V+27
v  ~StubRoutines::call_stub

---------------  P R O C E S S  ---------------

Java Threads: ( => current thread )
  0x194aa400 JavaThread "LWJGL Timer" daemon [_thread_blocked, id=4724, stack(0x1c730000,0x1c780000)]
  0x17c26c00 JavaThread "AsynchExecutor-Thread" daemon [_thread_blocked, id=2960, stack(0x18620000,0x18670000)]
  0x0060d400 JavaThread "DestroyJavaVM" [_thread_blocked, id=2912, stack(0x01850000,0x018a0000)]
=>0x17c22400 JavaThread "LWJGL Application" [_thread_in_native, id=4812, stack(0x186f0000,0x18740000)]
  0x17aae400 JavaThread "Service Thread" daemon [_thread_blocked, id=4820, stack(0x185d0000,0x18620000)]
  0x17aab000 JavaThread "C1 CompilerThread0" daemon [_thread_blocked, id=4836, stack(0x17c60000,0x17cb0000)]
  0x17aa2400 JavaThread "JDWP Command Reader" daemon [_thread_in_native, id=2840, stack(0x18120000,0x18170000)]
  0x17a99800 JavaThread "JDWP Event Helper Thread" daemon [_thread_blocked, id=5244, stack(0x18440000,0x18490000)]
  0x17a97c00 JavaThread "JDWP Transport Listener: dt_socket" daemon [_thread_blocked, id=5828, stack(0x18500000,0x18550000)]
  0x17a8b800 JavaThread "Attach Listener" daemon [_thread_blocked, id=1156, stack(0x17d30000,0x17d80000)]
  0x17a88800 JavaThread "Signal Dispatcher" daemon [_thread_blocked, id=2644, stack(0x17e00000,0x17e50000)]
  0x17a55800 JavaThread "Finalizer" daemon [_thread_blocked, id=2092, stack(0x01910000,0x01960000)]
  0x17a54400 JavaThread "Reference Handler" daemon [_thread_blocked, id=1716, stack(0x17cc0000,0x17d10000)]

Other Threads:
  0x17a52c00 VMThread [stack: 0x018c0000,0x01910000] [id=5580]
  0x17ab0000 WatcherThread [stack: 0x18280000,0x182d0000] [id=5344]

VM state:not at safepoint (normal execution)

VM Mutex/Monitor currently owned by a thread: None

Heap
 def new generation   total 4928K, used 1548K [0x03a50000, 0x03fa0000, 0x08fa0000)
  eden space 4416K,  24% used [0x03a50000, 0x03b5bbe0, 0x03ea0000)
  from space 512K,  93% used [0x03ea0000, 0x03f177c8, 0x03f20000)
  to   space 512K,   0% used [0x03f20000, 0x03f20000, 0x03fa0000)
 tenured generation   total 10944K, used 10009K [0x08fa0000, 0x09a50000, 0x13a50000)
   the space 10944K,  91% used [0x08fa0000, 0x09966570, 0x09966600, 0x09a50000)
 compacting perm gen  total 12288K, used 5418K [0x13a50000, 0x14650000, 0x17a50000)
   the space 12288K,  44% used [0x13a50000, 0x13f9ab80, 0x13f9ac00, 0x14650000)
No shared spaces configured.

Card table byte_map: [0x00b20000,0x00bd0000] byte_map_base: 0x00b02d80

Polling page: 0x00290000

Code Cache  [0x01a50000, 0x01cc0000, 0x03a50000)
 total_blobs=1146 nmethods=883 adapters=208 free_code_cache=30283Kb largest_free_block=31010560

Compilation events (10 events):
Event: 57.733 Thread 0x17aab000  879             com.badlogic.gdx.physics.box2d.Body::setGravityScale (10 bytes)
Event: 57.733 Thread 0x17aab000 nmethod 879 0x01cbbe08 code [0x01cbbf00, 0x01cbbfac]
Event: 57.733 Thread 0x17aab000  881             com.valyrian.firstgame.entidades.Proyectil::setDamage (6 bytes)
Event: 57.733 Thread 0x17aab000 nmethod 881 0x01cbc008 code [0x01cbc100, 0x01cbc180]
Event: 57.733 Thread 0x17aab000  882             com.badlogic.gdx.physics.box2d.Fixture::setFilterData (21 bytes)
Event: 57.733 Thread 0x17aab000 nmethod 882 0x01cbc1c8 code [0x01cbc2d0, 0x01cbc39c]
Event: 59.317 Thread 0x17aab000  884             java.util.regex.Matcher::reset (83 bytes)
Event: 59.317 Thread 0x17aab000 nmethod 884 0x01cbc448 code [0x01cbc560, 0x01cbc6bc]
Event: 59.320 Thread 0x17aab000  885             java.util.StringTokenizer::setMaxDelimCodePoint (156 bytes)
Event: 59.321 Thread 0x17aab000 nmethod 885 0x01cbc888 code [0x01cbc9d0, 0x01cbcd34]

GC Heap History (10 events):
Event: 5.545 GC heap before
{Heap before GC invocations=7 (full 0):
 def new generation   total 4928K, used 4411K [0x03a50000, 0x03fa0000, 0x08fa0000)
  eden space 4416K,  99% used [0x03a50000, 0x03e9c630, 0x03ea0000)
  from space 512K,   1% used [0x03f20000, 0x03f22820, 0x03fa0000)
  to   space 512K,   0% used [0x03ea0000, 0x03ea0000, 0x03f20000)
 tenured generation   total 10944K, used 3773K [0x08fa0000, 0x09a50000, 0x13a50000)
   the space 10944K,  34% used [0x08fa0000, 0x0934f4f0, 0x0934f600, 0x09a50000)
 compacting perm gen  total 12288K, used 4995K [0x13a50000, 0x14650000, 0x17a50000)
   the space 12288K,  40% used [0x13a50000, 0x13f30e20, 0x13f31000, 0x14650000)
No shared spaces configured.
Event: 5.547 GC heap after
Heap after GC invocations=8 (full 0):
 def new generation   total 4928K, used 460K [0x03a50000, 0x03fa0000, 0x08fa0000)
  eden space 4416K,   0% used [0x03a50000, 0x03a50000, 0x03ea0000)
  from space 512K,  89% used [0x03ea0000, 0x03f132f0, 0x03f20000)
  to   space 512K,   0% used [0x03f20000, 0x03f20000, 0x03fa0000)
 tenured generation   total 10944K, used 3773K [0x08fa0000, 0x09a50000, 0x13a50000)
   the space 10944K,  34% used [0x08fa0000, 0x0934f4f0, 0x0934f600, 0x09a50000)
 compacting perm gen  total 12288K, used 4995K [0x13a50000, 0x14650000, 0x17a50000)
   the space 12288K,  40% used [0x13a50000, 0x13f30e20, 0x13f31000, 0x14650000)
No shared spaces configured.
}
Event: 6.300 GC heap before
{Heap before GC invocations=8 (full 0):
 def new generation   total 4928K, used 4850K [0x03a50000, 0x03fa0000, 0x08fa0000)
  eden space 4416K,  99% used [0x03a50000, 0x03e99758, 0x03ea0000)
  from space 512K,  89% used [0x03ea0000, 0x03f132f0, 0x03f20000)
  to   space 512K,   0% used [0x03f20000, 0x03f20000, 0x03fa0000)
 tenured generation   total 10944K, used 3773K [0x08fa0000, 0x09a50000, 0x13a50000)
   the space 10944K,  34% used [0x08fa0000, 0x0934f4f0, 0x0934f600, 0x09a50000)
 compacting perm gen  total 12288K, used 5114K [0x13a50000, 0x14650000, 0x17a50000)
   the space 12288K,  41% used [0x13a50000, 0x13f4eaa0, 0x13f4ec00, 0x14650000)
No shared spaces configured.
Event: 6.308 GC heap after
Heap after GC invocations=9 (full 0):
 def new generation   total 4928K, used 512K [0x03a50000, 0x03fa0000, 0x08fa0000)
  eden space 4416K,   0% used [0x03a50000, 0x03a50000, 0x03ea0000)
  from space 512K, 100% used [0x03f20000, 0x03fa0000, 0x03fa0000)
  to   space 512K,   0% used [0x03ea0000, 0x03ea0000, 0x03f20000)
 tenured generation   total 10944K, used 5143K [0x08fa0000, 0x09a50000, 0x13a50000)
   the space 10944K,  46% used [0x08fa0000, 0x094a5d50, 0x094a5e00, 0x09a50000)
 compacting perm gen  total 12288K, used 5114K [0x13a50000, 0x14650000, 0x17a50000)
   the space 12288K,  41% used [0x13a50000, 0x13f4eaa0, 0x13f4ec00, 0x14650000)
No shared spaces configured.
}
Event: 6.916 GC heap before
{Heap before GC invocations=9 (full 0):
 def new generation   total 4928K, used 4928K [0x03a50000, 0x03fa0000, 0x08fa0000)
  eden space 4416K, 100% used [0x03a50000, 0x03ea0000, 0x03ea0000)
  from space 512K, 100% used [0x03f20000, 0x03fa0000, 0x03fa0000)
  to   space 512K,   0% used [0x03ea0000, 0x03ea0000, 0x03f20000)
 tenured generation   total 10944K, used 5143K [0x08fa0000, 0x09a50000, 0x13a50000)
   the space 10944K,  46% used [0x08fa0000, 0x094a5d50, 0x094a5e00, 0x09a50000)
 compacting perm gen  total 12288K, used 5152K [0x13a50000, 0x14650000, 0x17a50000)
   the space 12288K,  41% used [0x13a50000, 0x13f583e0, 0x13f58400, 0x14650000)
No shared spaces configured.
Event: 6.930 GC heap after
Heap after GC invocations=10 (full 0):
 def new generation   total 4928K, used 512K [0x03a50000, 0x03fa0000, 0x08fa0000)
  eden space 4416K,   0% used [0x03a50000, 0x03a50000, 0x03ea0000)
  from space 512K, 100% used [0x03ea0000, 0x03f20000, 0x03f20000)
  to   space 512K,   0% used [0x03f20000, 0x03f20000, 0x03fa0000)
 tenured generation   total 10944K, used 8062K [0x08fa0000, 0x09a50000, 0x13a50000)
   the space 10944K,  73% used [0x08fa0000, 0x0977fa38, 0x0977fc00, 0x09a50000)
 compacting perm gen  total 12288K, used 5152K [0x13a50000, 0x14650000, 0x17a50000)
   the space 12288K,  41% used [0x13a50000, 0x13f583e0, 0x13f58400, 0x14650000)
No shared spaces configured.
}
Event: 7.188 GC heap before
{Heap before GC invocations=10 (full 0):
 def new generation   total 4928K, used 4928K [0x03a50000, 0x03fa0000, 0x08fa0000)
  eden space 4416K, 100% used [0x03a50000, 0x03ea0000, 0x03ea0000)
  from space 512K, 100% used [0x03ea0000, 0x03f20000, 0x03f20000)
  to   space 512K,   0% used [0x03f20000, 0x03f20000, 0x03fa0000)
 tenured generation   total 10944K, used 8062K [0x08fa0000, 0x09a50000, 0x13a50000)
   the space 10944K,  73% used [0x08fa0000, 0x0977fa38, 0x0977fc00, 0x09a50000)
 compacting perm gen  total 12288K, used 5386K [0x13a50000, 0x14650000, 0x17a50000)
   the space 12288K,  43% used [0x13a50000, 0x13f92b88, 0x13f92c00, 0x14650000)
No shared spaces configured.
Event: 7.197 GC heap after
Heap after GC invocations=11 (full 0):
 def new generation   total 4928K, used 512K [0x03a50000, 0x03fa0000, 0x08fa0000)
  eden space 4416K,   0% used [0x03a50000, 0x03a50000, 0x03ea0000)
  from space 512K, 100% used [0x03f20000, 0x03fa0000, 0x03fa0000)
  to   space 512K,   0% used [0x03ea0000, 0x03ea0000, 0x03f20000)
 tenured generation   total 10944K, used 9498K [0x08fa0000, 0x09a50000, 0x13a50000)
   the space 10944K,  86% used [0x08fa0000, 0x098e6b20, 0x098e6c00, 0x09a50000)
 compacting perm gen  total 12288K, used 5386K [0x13a50000, 0x14650000, 0x17a50000)
   the space 12288K,  43% used [0x13a50000, 0x13f92b88, 0x13f92c00, 0x14650000)
No shared spaces configured.
}
Event: 50.901 GC heap before
{Heap before GC invocations=11 (full 0):
 def new generation   total 4928K, used 4928K [0x03a50000, 0x03fa0000, 0x08fa0000)
  eden space 4416K, 100% used [0x03a50000, 0x03ea0000, 0x03ea0000)
  from space 512K, 100% used [0x03f20000, 0x03fa0000, 0x03fa0000)
  to   space 512K,   0% used [0x03ea0000, 0x03ea0000, 0x03f20000)
 tenured generation   total 10944K, used 9498K [0x08fa0000, 0x09a50000, 0x13a50000)
   the space 10944K,  86% used [0x08fa0000, 0x098e6b20, 0x098e6c00, 0x09a50000)
 compacting perm gen  total 12288K, used 5418K [0x13a50000, 0x14650000, 0x17a50000)
   the space 12288K,  44% used [0x13a50000, 0x13f9ab80, 0x13f9ac00, 0x14650000)
No shared spaces configured.
Event: 50.906 GC heap after
Heap after GC invocations=12 (full 0):
 def new generation   total 4928K, used 477K [0x03a50000, 0x03fa0000, 0x08fa0000)
  eden space 4416K,   0% used [0x03a50000, 0x03a50000, 0x03ea0000)
  from space 512K,  93% used [0x03ea0000, 0x03f177c8, 0x03f20000)
  to   space 512K,   0% used [0x03f20000, 0x03f20000, 0x03fa0000)
 tenured generation   total 10944K, used 10009K [0x08fa0000, 0x09a50000, 0x13a50000)
   the space 10944K,  91% used [0x08fa0000, 0x09966570, 0x09966600, 0x09a50000)
 compacting perm gen  total 12288K, used 5418K [0x13a50000, 0x14650000, 0x17a50000)
   the space 12288K,  44% used [0x13a50000, 0x13f9ab80, 0x13f9ac00, 0x14650000)
No shared spaces configured.
}

Deoptimization events (0 events):
No events

Internal exceptions (10 events):
Event: 7.187 Thread 0x17c22400 Threw 0x03e9f428 at C:\re\jdk7u55\985\hotspot\src\share\vm\prims\jvm.cpp:1244
Event: 7.202 Thread 0x17c22400 Threw 0x03a6f1a8 at C:\re\jdk7u55\985\hotspot\src\share\vm\prims\jvm.cpp:1244
Event: 7.205 Thread 0x17c22400 Threw 0x03a88ad8 at C:\re\jdk7u55\985\hotspot\src\share\vm\prims\jvm.cpp:1244
Event: 7.209 Thread 0x17c22400 Threw 0x03aa4238 at C:\re\jdk7u55\985\hotspot\src\share\vm\prims\jvm.cpp:1244
Event: 7.233 Thread 0x17c22400 Threw 0x03aabb90 at C:\re\jdk7u55\985\hotspot\src\share\vm\prims\jvm.cpp:1244
Event: 7.242 Thread 0x17c22400 Threw 0x03ab0830 at C:\re\jdk7u55\985\hotspot\src\share\vm\prims\jvm.cpp:1244
Event: 7.248 Thread 0x17c22400 Threw 0x03ac21a0 at C:\re\jdk7u55\985\hotspot\src\share\vm\prims\jvm.cpp:1244
Event: 7.249 Thread 0x17c22400 Threw 0x03ac6718 at C:\re\jdk7u55\985\hotspot\src\share\vm\prims\jvm.cpp:1244
Event: 7.250 Thread 0x17c22400 Threw 0x03acbc38 at C:\re\jdk7u55\985\hotspot\src\share\vm\prims\jvm.cpp:1244
Event: 7.252 Thread 0x17c22400 Threw 0x03ad0908 at C:\re\jdk7u55\985\hotspot\src\share\vm\prims\jvm.cpp:1244

Events (10 events):
Event: 50.907 Executing VM operation: RevokeBias
Event: 50.907 Executing VM operation: RevokeBias done
Event: 50.907 Executing VM operation: RevokeBias
Event: 50.907 Executing VM operation: RevokeBias done
Event: 50.907 Executing VM operation: RevokeBias
Event: 50.908 Executing VM operation: RevokeBias done
Event: 50.908 Executing VM operation: RevokeBias
Event: 50.908 Executing VM operation: RevokeBias done
Event: 50.908 Executing VM operation: RevokeBias
Event: 50.908 Executing VM operation: RevokeBias done


Dynamic libraries:
0x00c10000 - 0x00c3f000 	C:\Program Files\Java\jre7\bin\javaw.exe
0x77490000 - 0x775cc000 	C:\Windows\SYSTEM32\ntdll.dll
0x74950000 - 0x7498f000 	C:\Program Files\AVAST Software\Avast\snxhk.dll
0x77020000 - 0x770f4000 	C:\Windows\system32\KERNEL32.dll
0x75510000 - 0x7555b000 	C:\Windows\system32\KERNELBASE.dll
0x76780000 - 0x76820000 	C:\Windows\system32\ADVAPI32.dll
0x772d0000 - 0x7737c000 	C:\Windows\system32\msvcrt.dll
0x76b90000 - 0x76ba9000 	C:\Windows\SYSTEM32\sechost.dll
0x77220000 - 0x772c2000 	C:\Windows\system32\RPCRT4.dll
0x77380000 - 0x77449000 	C:\Windows\system32\USER32.dll
0x76fd0000 - 0x7701e000 	C:\Windows\system32\GDI32.dll
0x775e0000 - 0x775ea000 	C:\Windows\system32\LPK.dll
0x775f0000 - 0x7768d000 	C:\Windows\system32\USP10.dll
0x74540000 - 0x746de000 	C:\Windows\WinSxS\x86_microsoft.windows.common-controls_6595b64144ccf1df_6.0.7601.17514_none_41e6975e2bd6f2b2\COMCTL32.dll
0x759c0000 - 0x75a17000 	C:\Windows\system32\SHLWAPI.dll
0x77690000 - 0x776af000 	C:\Windows\system32\IMM32.DLL
0x76bb0000 - 0x76c7c000 	C:\Windows\system32\MSCTF.dll
0x67b00000 - 0x67bbf000 	C:\Program Files\Java\jre7\bin\msvcr100.dll
0x5b8d0000 - 0x5bc50000 	C:\Program Files\Java\jre7\bin\client\jvm.dll
0x71a30000 - 0x71a37000 	C:\Windows\system32\WSOCK32.dll
0x77450000 - 0x77485000 	C:\Windows\system32\WS2_32.dll
0x775d0000 - 0x775d6000 	C:\Windows\system32\NSI.dll
0x6f2e0000 - 0x6f312000 	C:\Windows\system32\WINMM.dll
0x75810000 - 0x75815000 	C:\Windows\system32\PSAPI.DLL
0x6e810000 - 0x6e81c000 	C:\Program Files\Java\jre7\bin\verify.dll
0x69120000 - 0x69140000 	C:\Program Files\Java\jre7\bin\java.dll
0x68570000 - 0x6859a000 	C:\Program Files\Java\jre7\bin\jdwp.dll
0x71ed0000 - 0x71ed7000 	C:\Program Files\Java\jre7\bin\npt.dll
0x69380000 - 0x69393000 	C:\Program Files\Java\jre7\bin\zip.dll
0x71e60000 - 0x71e68000 	C:\Program Files\Java\jre7\bin\dt_socket.dll
0x73800000 - 0x73810000 	C:\Windows\system32\NLAapi.dll
0x6efa0000 - 0x6efb0000 	C:\Windows\system32\napinsp.dll
0x6ef80000 - 0x6ef92000 	C:\Windows\system32\pnrpnsp.dll
0x74ec0000 - 0x74efc000 	C:\Windows\System32\mswsock.dll
0x74d80000 - 0x74dc4000 	C:\Windows\system32\DNSAPI.dll
0x6ef50000 - 0x6ef58000 	C:\Windows\System32\winrnr.dll
0x73650000 - 0x7366c000 	C:\Windows\system32\IPHLPAPI.DLL
0x73630000 - 0x73637000 	C:\Windows\system32\WINNSI.DLL
0x734f0000 - 0x73528000 	C:\Windows\System32\fwpuclnt.dll
0x6d9a0000 - 0x6d9a6000 	C:\Windows\system32\rasadhlp.dll
0x74a30000 - 0x74a35000 	C:\Windows\System32\wshtcpip.dll
0x6cec0000 - 0x6cf45000 	C:\Users\Carlos\AppData\Local\Temp\libgdxCarlos\56953fb7\gdx.dll
0x019a0000 - 0x019ec000 	C:\Users\Carlos\AppData\Local\Temp\libgdxCarlos\52d76f2b\lwjgl.dll
0x685a0000 - 0x68668000 	C:\Windows\system32\OPENGL32.dll
0x68df0000 - 0x68e12000 	C:\Windows\system32\GLU32.dll
0x57e20000 - 0x57f07000 	C:\Windows\system32\DDRAW.dll
0x70570000 - 0x70576000 	C:\Windows\system32\DCIMAN32.dll
0x75820000 - 0x759bd000 	C:\Windows\system32\SETUPAPI.dll
0x75590000 - 0x755b7000 	C:\Windows\system32\CFGMGR32.dll
0x77190000 - 0x7721f000 	C:\Windows\system32\OLEAUT32.dll
0x76870000 - 0x769cc000 	C:\Windows\system32\ole32.dll
0x75620000 - 0x75632000 	C:\Windows\system32\DEVOBJ.dll
0x74090000 - 0x740a3000 	C:\Windows\system32\dwmapi.dll
0x749a0000 - 0x749a9000 	C:\Windows\system32\VERSION.dll
0x18550000 - 0x185b5000 	C:\Users\Carlos\AppData\Local\Temp\libgdxCarlos\52d76f2b\OpenAL32.dll
0x75b30000 - 0x7677a000 	C:\Windows\system32\SHELL32.dll
0x75410000 - 0x7541c000 	C:\Windows\system32\CRYPTBASE.dll
0x743c0000 - 0x74400000 	C:\Windows\system32\uxtheme.dll
0x75aa0000 - 0x75b23000 	C:\Windows\system32\CLBCatQ.DLL
0x74400000 - 0x744f5000 	C:\Windows\System32\PROPSYS.dll
0x755d0000 - 0x755fe000 	C:\Windows\system32\WINTRUST.dll
0x756d0000 - 0x757f0000 	C:\Windows\system32\CRYPT32.dll
0x75500000 - 0x7550c000 	C:\Windows\system32\MSASN1.dll
0x71ca0000 - 0x71d12000 	C:\Windows\system32\dsound.dll
0x73b40000 - 0x73b65000 	C:\Windows\system32\POWRPROF.dll
0x740b0000 - 0x740e9000 	C:\Windows\System32\MMDevApi.dll
0x6d450000 - 0x6d486000 	C:\Windows\system32\AUDIOSES.DLL
0x197c0000 - 0x1a264000 	C:\Windows\system32\ig4icd32.dll
0x708c0000 - 0x70939000 	C:\Windows\system32\mscms.dll
0x75570000 - 0x75587000 	C:\Windows\system32\USERENV.dll
0x754f0000 - 0x754fb000 	C:\Windows\system32\profapi.dll
0x67cb0000 - 0x67ce8000 	C:\Windows\system32\icm32.dll
0x6dd40000 - 0x6de11000 	C:\Users\Carlos\AppData\Local\Temp\libgdxCarlos\1757f8d2\gdx-controllers-desktop.dll
0x689f0000 - 0x68a20000 	C:\Windows\system32\dinput8.dll
0x740f0000 - 0x740f9000 	C:\Windows\system32\HID.DLL
0x6f1a0000 - 0x6f28b000 	C:\Windows\system32\dbghelp.dll

VM Arguments:
jvm_args: -agentlib:jdwp=transport=dt_socket,suspend=y,address=localhost:57190 -Dfile.encoding=Cp1252 
java_command: com.valyrian.firstgame.Main
Launcher Type: SUN_STANDARD

Environment Variables:
PATH=C:/Program Files/Java/jre7/bin/client;C:/Program Files/Java/jre7/bin;C:/Program Files/Java/jre7/lib/i386;C:\Windows\system32;C:\Windows;C:\Windows\System32\Wbem;C:\Windows\System32\WindowsPowerShell\v1.0\;C:\Program Files\Common Files\Autodesk Shared\;C:\Program Files\Mercurial;C:\Program Files\nodejs\;C:\Users\Carlos\AppData\Roaming\npm;C:\Users\Carlos\Desktop\DAVID\eclipse;
USERNAME=Carlos
OS=Windows_NT
PROCESSOR_IDENTIFIER=x86 Family 6 Model 15 Stepping 13, GenuineIntel



---------------  S Y S T E M  ---------------

OS: Windows 7 Build 7601 Service Pack 1

CPU:total 2 (2 cores per cpu, 1 threads per core) family 6 model 15 stepping 13, cmov, cx8, fxsr, mmx, sse, sse2, sse3, ssse3, tsc

Memory: 4k page, physical 3010560k(1159284k free), swap 6019368k(2840152k free)

vm_info: Java HotSpot(TM) Client VM (24.55-b03) for windows-x86 JRE (1.7.0_55-b14), built on Apr 14 2014 18:25:32 by "java_re" with unknown MS VC++:1600

time: Sun Jun 15 23:24:26 2014
elapsed time: 59 seconds

