#
# A fatal error has been detected by the Java Runtime Environment:
#
#  EXCEPTION_ACCESS_VIOLATION (0xc0000005) at pc=0x6cee2139, pid=5524, tid=5128
#
# JRE version: Java(TM) SE Runtime Environment (7.0_55-b14) (build 1.7.0_55-b14)
# Java VM: Java HotSpot(TM) Client VM (24.55-b03 mixed mode windows-x86 )
# Problematic frame:
# C  [gdx.dll+0x22139]
#
# Failed to write core dump. Minidumps are not enabled by default on client versions of Windows
#
# If you would like to submit a bug report, please visit:
#   http://bugreport.sun.com/bugreport/crash.jsp
# The crash happened outside the Java Virtual Machine in native code.
# See problematic frame for where to report the bug.
#

---------------  T H R E A D  ---------------

Current thread (0x00ef6400):  JavaThread "LWJGL Application" [_thread_in_native, id=5128, stack(0x189a0000,0x189f0000)]

siginfo: ExceptionCode=0xc0000005, reading address 0x183cc98c

Registers:
EAX=0x183b37b8, EBX=0x183b37b8, ECX=0x00000001, EDX=0x00000001
ESP=0x189ef050, EBP=0x00000001, ESI=0x00000000, EDI=0x00000001
EIP=0x6cee2139, EFLAGS=0x00010206

Top of Stack: (sp=0x189ef050)
0x189ef050:   fffffffe 774e5dd3 774e5ae0 00000098
0x189ef060:   000000a0 00000000 00000000 6ceeab2a
0x189ef070:   183b37b8 189ef09c 00000013 189ef4d0
0x189ef080:   189ef0d0 5baa6602 00ef6400 183b37b8
0x189ef090:   00000008 00ef6400 1409b650 00000002
0x189ef0a0:   3e555555 3daaaaab 00000000 00000000
0x189ef0b0:   00000000 00000000 00000000 00000000
0x189ef0c0:   00000101 189ef101 00000000 3f800000 

Instructions: (pc=0x6cee2139)
0x6cee2119:   90 20 92 01 00 c3 90 8b 54 24 08 8b 44 24 04 89
0x6cee2129:   90 48 92 01 00 c3 90 56 53 83 ec 14 8b 5c 24 20
0x6cee2139:   f6 83 d4 91 01 00 02 75 56 c7 44 24 04 98 00 00
0x6cee2149:   00 89 1c 24 e8 8e 9e fe ff 85 c0 89 c6 74 14 8b 


Register to memory mapping:

EAX=0x183b37b8 is an unknown value
EBX=0x183b37b8 is an unknown value
ECX=0x00000001 is an unknown value
EDX=0x00000001 is an unknown value
ESP=0x189ef050 is pointing into the stack for thread: 0x00ef6400
EBP=0x00000001 is an unknown value
ESI=0x00000000 is an unknown value
EDI=0x00000001 is an unknown value


Stack: [0x189a0000,0x189f0000],  sp=0x189ef050,  free space=316k
Native frames: (J=compiled Java code, j=interpreted, Vv=VM code, C=native code)
C  [gdx.dll+0x22139]

Java frames: (J=compiled Java code, j=interpreted, Vv=VM code)
j  com.badlogic.gdx.physics.box2d.World.jniCreateBody(JIFFFFFFFFZZZZZF)J+0
j  com.badlogic.gdx.physics.box2d.World.createBody(Lcom/badlogic/gdx/physics/box2d/BodyDef;)Lcom/badlogic/gdx/physics/box2d/Body;+80
j  com.valyrian.firstgame.entidades.Proyectil.crearCuerpo(Lcom/badlogic/gdx/physics/box2d/World;FFFF)V+120
j  com.valyrian.firstgame.entidades.EntidadDibujable.<init>(FFLcom/badlogic/gdx/math/Vector2;FFLcom/badlogic/gdx/physics/box2d/World;Lcom/valyrian/firstgame/interfaces/ManejadorAnimacion;)V+47
j  com.valyrian.firstgame.entidades.Proyectil.<init>(FFFFLcom/badlogic/gdx/math/Vector2;Lcom/badlogic/gdx/physics/box2d/World;Lcom/valyrian/firstgame/interfaces/ManejadorAnimacion;I)V+12
j  com.valyrian.firstgame.entidades.Jugador.Disparar(Lcom/badlogic/gdx/physics/box2d/World;I)Lcom/valyrian/firstgame/entidades/Proyectil;+122
j  com.valyrian.firstgame.utilidades.input.Teclado.keyDown(I)Z+153
J  com.badlogic.gdx.backends.lwjgl.LwjglInput.processEvents()V
j  com.badlogic.gdx.backends.lwjgl.LwjglApplication.mainLoop()V+557
j  com.badlogic.gdx.backends.lwjgl.LwjglApplication$1.run()V+27
v  ~StubRoutines::call_stub

---------------  P R O C E S S  ---------------

Java Threads: ( => current thread )
  0x195f6800 JavaThread "LWJGL Timer" daemon [_thread_blocked, id=4672, stack(0x1c980000,0x1c9d0000)]
  0x19636400 JavaThread "AsynchExecutor-Thread" daemon [_thread_blocked, id=4188, stack(0x18420000,0x18470000)]
  0x0020d400 JavaThread "DestroyJavaVM" [_thread_blocked, id=2152, stack(0x003f0000,0x00440000)]
=>0x00ef6400 JavaThread "LWJGL Application" [_thread_in_native, id=5128, stack(0x189a0000,0x189f0000)]
  0x00d98400 JavaThread "Service Thread" daemon [_thread_blocked, id=4836, stack(0x17de0000,0x17e30000)]
  0x00d8d000 JavaThread "C1 CompilerThread0" daemon [_thread_blocked, id=4500, stack(0x186d0000,0x18720000)]
  0x00d7f800 JavaThread "JDWP Command Reader" daemon [_thread_in_native, id=5380, stack(0x18520000,0x18570000)]
  0x00d7b800 JavaThread "JDWP Event Helper Thread" daemon [_thread_blocked, id=4508, stack(0x18590000,0x185e0000)]
  0x00d79c00 JavaThread "JDWP Transport Listener: dt_socket" daemon [_thread_blocked, id=3084, stack(0x184c0000,0x18510000)]
  0x00d6dc00 JavaThread "Attach Listener" daemon [_thread_blocked, id=3220, stack(0x17ba0000,0x17bf0000)]
  0x00d6a800 JavaThread "Signal Dispatcher" daemon [_thread_blocked, id=6068, stack(0x17ec0000,0x17f10000)]
  0x00d39400 JavaThread "Finalizer" daemon [_thread_blocked, id=5852, stack(0x17e30000,0x17e80000)]
  0x00d34400 JavaThread "Reference Handler" daemon [_thread_blocked, id=2692, stack(0x17d90000,0x17de0000)]

Other Threads:
  0x00d32c00 VMThread [stack: 0x17c80000,0x17cd0000] [id=5176]
  0x00db2400 WatcherThread [stack: 0x17d10000,0x17d60000] [id=4656]

VM state:not at safepoint (normal execution)

VM Mutex/Monitor currently owned by a thread: None

Heap
 def new generation   total 4928K, used 602K [0x03b90000, 0x040e0000, 0x090e0000)
  eden space 4416K,   2% used [0x03b90000, 0x03ba6b30, 0x03fe0000)
  from space 512K, 100% used [0x03fe0000, 0x04060000, 0x04060000)
  to   space 512K,   0% used [0x04060000, 0x04060000, 0x040e0000)
 tenured generation   total 10944K, used 10498K [0x090e0000, 0x09b90000, 0x13b90000)
   the space 10944K,  95% used [0x090e0000, 0x09b20ba0, 0x09b20c00, 0x09b90000)
 compacting perm gen  total 12288K, used 5400K [0x13b90000, 0x14790000, 0x17b90000)
   the space 12288K,  43% used [0x13b90000, 0x140d6028, 0x140d6200, 0x14790000)
No shared spaces configured.

Card table byte_map: [0x00c20000,0x00cd0000] byte_map_base: 0x00c02380

Polling page: 0x00170000

Code Cache  [0x01b90000, 0x01de0000, 0x03b90000)
 total_blobs=1031 nmethods=769 adapters=207 free_code_cache=30428Kb largest_free_block=31158784

Compilation events (10 events):
Event: 32.285 Thread 0x00d8d000  766             com.badlogic.gdx.physics.box2d.Fixture::getFilterData (56 bytes)
Event: 32.285 Thread 0x00d8d000 nmethod 766 0x01dd7a88 code [0x01dd7b90, 0x01dd7cbc]
Event: 35.123 Thread 0x00d8d000  768             org.lwjgl.opengl.WindowsDisplayPeerInfo::doLockAndInitHandle (1 bytes)
Event: 35.123 Thread 0x00d8d000 nmethod 768 0x01dd7dc8 code [0x01dd7ec0, 0x01dd7f40]
Event: 35.123 Thread 0x00d8d000  769             org.lwjgl.opengl.WindowsDisplayPeerInfo::doUnlock (1 bytes)
Event: 35.124 Thread 0x00d8d000 nmethod 769 0x01dd7f88 code [0x01dd8080, 0x01dd8100]
Event: 36.266 Thread 0x00d8d000  770             java.util.regex.Matcher::reset (83 bytes)
Event: 36.267 Thread 0x00d8d000 nmethod 770 0x01dd8148 code [0x01dd8260, 0x01dd83bc]
Event: 36.268 Thread 0x00d8d000  771             java.util.StringTokenizer::setMaxDelimCodePoint (156 bytes)
Event: 36.269 Thread 0x00d8d000 nmethod 771 0x01dd8588 code [0x01dd86d0, 0x01dd8a34]

GC Heap History (10 events):
Event: 4.766 GC heap before
{Heap before GC invocations=7 (full 0):
 def new generation   total 4928K, used 4410K [0x03b90000, 0x040e0000, 0x090e0000)
  eden space 4416K,  99% used [0x03b90000, 0x03fdc2a8, 0x03fe0000)
  from space 512K,   1% used [0x04060000, 0x04062820, 0x040e0000)
  to   space 512K,   0% used [0x03fe0000, 0x03fe0000, 0x04060000)
 tenured generation   total 10944K, used 3801K [0x090e0000, 0x09b90000, 0x13b90000)
   the space 10944K,  34% used [0x090e0000, 0x094967e0, 0x09496800, 0x09b90000)
 compacting perm gen  total 12288K, used 4992K [0x13b90000, 0x14790000, 0x17b90000)
   the space 12288K,  40% used [0x13b90000, 0x140700e8, 0x14070200, 0x14790000)
No shared spaces configured.
Event: 4.768 GC heap after
Heap after GC invocations=8 (full 0):
 def new generation   total 4928K, used 460K [0x03b90000, 0x040e0000, 0x090e0000)
  eden space 4416K,   0% used [0x03b90000, 0x03b90000, 0x03fe0000)
  from space 512K,  89% used [0x03fe0000, 0x040532f0, 0x04060000)
  to   space 512K,   0% used [0x04060000, 0x04060000, 0x040e0000)
 tenured generation   total 10944K, used 3801K [0x090e0000, 0x09b90000, 0x13b90000)
   the space 10944K,  34% used [0x090e0000, 0x094967e0, 0x09496800, 0x09b90000)
 compacting perm gen  total 12288K, used 4992K [0x13b90000, 0x14790000, 0x17b90000)
   the space 12288K,  40% used [0x13b90000, 0x140700e8, 0x14070200, 0x14790000)
No shared spaces configured.
}
Event: 5.711 GC heap before
{Heap before GC invocations=8 (full 0):
 def new generation   total 4928K, used 4628K [0x03b90000, 0x040e0000, 0x090e0000)
  eden space 4416K,  94% used [0x03b90000, 0x03fa1e40, 0x03fe0000)
  from space 512K,  89% used [0x03fe0000, 0x040532f0, 0x04060000)
  to   space 512K,   0% used [0x04060000, 0x04060000, 0x040e0000)
 tenured generation   total 10944K, used 3801K [0x090e0000, 0x09b90000, 0x13b90000)
   the space 10944K,  34% used [0x090e0000, 0x094967e0, 0x09496800, 0x09b90000)
 compacting perm gen  total 12288K, used 5111K [0x13b90000, 0x14790000, 0x17b90000)
   the space 12288K,  41% used [0x13b90000, 0x1408dda8, 0x1408de00, 0x14790000)
No shared spaces configured.
Event: 5.718 GC heap after
Heap after GC invocations=9 (full 0):
 def new generation   total 4928K, used 512K [0x03b90000, 0x040e0000, 0x090e0000)
  eden space 4416K,   0% used [0x03b90000, 0x03b90000, 0x03fe0000)
  from space 512K, 100% used [0x04060000, 0x040e0000, 0x040e0000)
  to   space 512K,   0% used [0x03fe0000, 0x03fe0000, 0x04060000)
 tenured generation   total 10944K, used 4935K [0x090e0000, 0x09b90000, 0x13b90000)
   the space 10944K,  45% used [0x090e0000, 0x095b1d90, 0x095b1e00, 0x09b90000)
 compacting perm gen  total 12288K, used 5111K [0x13b90000, 0x14790000, 0x17b90000)
   the space 12288K,  41% used [0x13b90000, 0x1408dda8, 0x1408de00, 0x14790000)
No shared spaces configured.
}
Event: 6.287 GC heap before
{Heap before GC invocations=9 (full 0):
 def new generation   total 4928K, used 4727K [0x03b90000, 0x040e0000, 0x090e0000)
  eden space 4416K,  95% used [0x03b90000, 0x03fadf98, 0x03fe0000)
  from space 512K, 100% used [0x04060000, 0x040e0000, 0x040e0000)
  to   space 512K,   0% used [0x03fe0000, 0x03fe0000, 0x04060000)
 tenured generation   total 10944K, used 4935K [0x090e0000, 0x09b90000, 0x13b90000)
   the space 10944K,  45% used [0x090e0000, 0x095b1d90, 0x095b1e00, 0x09b90000)
 compacting perm gen  total 12288K, used 5149K [0x13b90000, 0x14790000, 0x17b90000)
   the space 12288K,  41% used [0x13b90000, 0x140976f8, 0x14097800, 0x14790000)
No shared spaces configured.
Event: 6.302 GC heap after
Heap after GC invocations=10 (full 0):
 def new generation   total 4928K, used 512K [0x03b90000, 0x040e0000, 0x090e0000)
  eden space 4416K,   0% used [0x03b90000, 0x03b90000, 0x03fe0000)
  from space 512K, 100% used [0x03fe0000, 0x04060000, 0x04060000)
  to   space 512K,   0% used [0x04060000, 0x04060000, 0x040e0000)
 tenured generation   total 10944K, used 7350K [0x090e0000, 0x09b90000, 0x13b90000)
   the space 10944K,  67% used [0x090e0000, 0x0980d820, 0x0980da00, 0x09b90000)
 compacting perm gen  total 12288K, used 5149K [0x13b90000, 0x14790000, 0x17b90000)
   the space 12288K,  41% used [0x13b90000, 0x140976f8, 0x14097800, 0x14790000)
No shared spaces configured.
}
Event: 6.920 GC heap before
{Heap before GC invocations=10 (full 0):
 def new generation   total 4928K, used 4928K [0x03b90000, 0x040e0000, 0x090e0000)
  eden space 4416K, 100% used [0x03b90000, 0x03fe0000, 0x03fe0000)
  from space 512K, 100% used [0x03fe0000, 0x04060000, 0x04060000)
  to   space 512K,   0% used [0x04060000, 0x04060000, 0x040e0000)
 tenured generation   total 10944K, used 7350K [0x090e0000, 0x09b90000, 0x13b90000)
   the space 10944K,  67% used [0x090e0000, 0x0980d820, 0x0980da00, 0x09b90000)
 compacting perm gen  total 12288K, used 5156K [0x13b90000, 0x14790000, 0x17b90000)
   the space 12288K,  41% used [0x13b90000, 0x140991f8, 0x14099200, 0x14790000)
No shared spaces configured.
Event: 6.928 GC heap after
Heap after GC invocations=11 (full 0):
 def new generation   total 4928K, used 512K [0x03b90000, 0x040e0000, 0x090e0000)
  eden space 4416K,   0% used [0x03b90000, 0x03b90000, 0x03fe0000)
  from space 512K, 100% used [0x04060000, 0x040e0000, 0x040e0000)
  to   space 512K,   0% used [0x03fe0000, 0x03fe0000, 0x04060000)
 tenured generation   total 10944K, used 9483K [0x090e0000, 0x09b90000, 0x13b90000)
   the space 10944K,  86% used [0x090e0000, 0x09a22cc0, 0x09a22e00, 0x09b90000)
 compacting perm gen  total 12288K, used 5156K [0x13b90000, 0x14790000, 0x17b90000)
   the space 12288K,  41% used [0x13b90000, 0x140991f8, 0x14099200, 0x14790000)
No shared spaces configured.
}
Event: 36.270 GC heap before
{Heap before GC invocations=11 (full 0):
 def new generation   total 4928K, used 4910K [0x03b90000, 0x040e0000, 0x090e0000)
  eden space 4416K,  99% used [0x03b90000, 0x03fdba28, 0x03fe0000)
  from space 512K, 100% used [0x04060000, 0x040e0000, 0x040e0000)
  to   space 512K,   0% used [0x03fe0000, 0x03fe0000, 0x04060000)
 tenured generation   total 10944K, used 9483K [0x090e0000, 0x09b90000, 0x13b90000)
   the space 10944K,  86% used [0x090e0000, 0x09a22cc0, 0x09a22e00, 0x09b90000)
 compacting perm gen  total 12288K, used 5400K [0x13b90000, 0x14790000, 0x17b90000)
   the space 12288K,  43% used [0x13b90000, 0x140d6018, 0x140d6200, 0x14790000)
No shared spaces configured.
Event: 36.278 GC heap after
Heap after GC invocations=12 (full 0):
 def new generation   total 4928K, used 512K [0x03b90000, 0x040e0000, 0x090e0000)
  eden space 4416K,   0% used [0x03b90000, 0x03b90000, 0x03fe0000)
  from space 512K, 100% used [0x03fe0000, 0x04060000, 0x04060000)
  to   space 512K,   0% used [0x04060000, 0x04060000, 0x040e0000)
 tenured generation   total 10944K, used 10498K [0x090e0000, 0x09b90000, 0x13b90000)
   the space 10944K,  95% used [0x090e0000, 0x09b20ba0, 0x09b20c00, 0x09b90000)
 compacting perm gen  total 12288K, used 5400K [0x13b90000, 0x14790000, 0x17b90000)
   the space 12288K,  43% used [0x13b90000, 0x140d6018, 0x140d6200, 0x14790000)
No shared spaces configured.
}

Deoptimization events (0 events):
No events

Internal exceptions (10 events):
Event: 7.032 Thread 0x00ef6400 Threw 0x03e186b0 at C:\re\jdk7u55\985\hotspot\src\share\vm\prims\jvm.cpp:1244
Event: 7.033 Thread 0x00ef6400 Threw 0x03e1b6b8 at C:\re\jdk7u55\985\hotspot\src\share\vm\prims\jvm.cpp:1244
Event: 7.034 Thread 0x00ef6400 Threw 0x03e1f440 at C:\re\jdk7u55\985\hotspot\src\share\vm\prims\jvm.cpp:1244
Event: 7.036 Thread 0x00ef6400 Threw 0x03e23a78 at C:\re\jdk7u55\985\hotspot\src\share\vm\prims\jvm.cpp:1244
Event: 7.053 Thread 0x00ef6400 Threw 0x03e270c0 at C:\re\jdk7u55\985\hotspot\src\share\vm\prims\jvm.cpp:1244
Event: 7.055 Thread 0x00ef6400 Threw 0x03e2dc18 at C:\re\jdk7u55\985\hotspot\src\share\vm\prims\jvm.cpp:1244
Event: 7.056 Thread 0x00ef6400 Threw 0x03e32b20 at C:\re\jdk7u55\985\hotspot\src\share\vm\prims\jvm.cpp:1244
Event: 7.057 Thread 0x00ef6400 Threw 0x03e37198 at C:\re\jdk7u55\985\hotspot\src\share\vm\prims\jvm.cpp:1244
Event: 7.059 Thread 0x00ef6400 Threw 0x03e3bf20 at C:\re\jdk7u55\985\hotspot\src\share\vm\prims\jvm.cpp:1244
Event: 7.759 Thread 0x00ef6400 Threw 0x03e54988 at C:\re\jdk7u55\985\hotspot\src\share\vm\prims\jvm.cpp:1244

Events (10 events):
Event: 7.059 loading class 0x00e5cad0
Event: 7.059 loading class 0x00e5cad0 done
Event: 7.710 loading class 0x0069cc20
Event: 7.711 loading class 0x0069cc20 done
Event: 7.759 loading class 0x1962f440
Event: 7.759 loading class 0x1962f440 done
Event: 17.305 Thread 0x00d8d000 flushing nmethod 0x01c34d08
Event: 24.320 Thread 0x00d8d000 flushing nmethod 0x01d2f208
Event: 36.270 Executing VM operation: GenCollectForAllocation
Event: 36.278 Executing VM operation: GenCollectForAllocation done


Dynamic libraries:
0x00f60000 - 0x00f8f000 	C:\Program Files\Java\jre7\bin\javaw.exe
0x77490000 - 0x775cc000 	C:\Windows\SYSTEM32\ntdll.dll
0x74950000 - 0x7498f000 	C:\Program Files\AVAST Software\Avast\snxhk.dll
0x77020000 - 0x770f4000 	C:\Windows\system32\KERNEL32.dll
0x75510000 - 0x7555b000 	C:\Windows\system32\KERNELBASE.dll
0x76780000 - 0x76820000 	C:\Windows\system32\ADVAPI32.dll
0x772d0000 - 0x7737c000 	C:\Windows\system32\msvcrt.dll
0x76b90000 - 0x76ba9000 	C:\Windows\SYSTEM32\sechost.dll
0x77220000 - 0x772c2000 	C:\Windows\system32\RPCRT4.dll
0x77380000 - 0x77449000 	C:\Windows\system32\USER32.dll
0x76fd0000 - 0x7701e000 	C:\Windows\system32\GDI32.dll
0x775e0000 - 0x775ea000 	C:\Windows\system32\LPK.dll
0x775f0000 - 0x7768d000 	C:\Windows\system32\USP10.dll
0x74540000 - 0x746de000 	C:\Windows\WinSxS\x86_microsoft.windows.common-controls_6595b64144ccf1df_6.0.7601.17514_none_41e6975e2bd6f2b2\COMCTL32.dll
0x759c0000 - 0x75a17000 	C:\Windows\system32\SHLWAPI.dll
0x77690000 - 0x776af000 	C:\Windows\system32\IMM32.DLL
0x76bb0000 - 0x76c7c000 	C:\Windows\system32\MSCTF.dll
0x50240000 - 0x502ff000 	C:\Program Files\Java\jre7\bin\msvcr100.dll
0x5b8d0000 - 0x5bc50000 	C:\Program Files\Java\jre7\bin\client\jvm.dll
0x71a30000 - 0x71a37000 	C:\Windows\system32\WSOCK32.dll
0x77450000 - 0x77485000 	C:\Windows\system32\WS2_32.dll
0x775d0000 - 0x775d6000 	C:\Windows\system32\NSI.dll
0x6f2e0000 - 0x6f312000 	C:\Windows\system32\WINMM.dll
0x75810000 - 0x75815000 	C:\Windows\system32\PSAPI.DLL
0x6e810000 - 0x6e81c000 	C:\Program Files\Java\jre7\bin\verify.dll
0x69120000 - 0x69140000 	C:\Program Files\Java\jre7\bin\java.dll
0x67a10000 - 0x67a3a000 	C:\Program Files\Java\jre7\bin\jdwp.dll
0x71eb0000 - 0x71eb7000 	C:\Program Files\Java\jre7\bin\npt.dll
0x69380000 - 0x69393000 	C:\Program Files\Java\jre7\bin\zip.dll
0x71ea0000 - 0x71ea8000 	C:\Program Files\Java\jre7\bin\dt_socket.dll
0x73800000 - 0x73810000 	C:\Windows\system32\NLAapi.dll
0x6efa0000 - 0x6efb0000 	C:\Windows\system32\napinsp.dll
0x6ef80000 - 0x6ef92000 	C:\Windows\system32\pnrpnsp.dll
0x74ec0000 - 0x74efc000 	C:\Windows\System32\mswsock.dll
0x74d80000 - 0x74dc4000 	C:\Windows\system32\DNSAPI.dll
0x6ef50000 - 0x6ef58000 	C:\Windows\System32\winrnr.dll
0x73650000 - 0x7366c000 	C:\Windows\system32\IPHLPAPI.DLL
0x73630000 - 0x73637000 	C:\Windows\system32\WINNSI.DLL
0x734f0000 - 0x73528000 	C:\Windows\System32\fwpuclnt.dll
0x6d9a0000 - 0x6d9a6000 	C:\Windows\system32\rasadhlp.dll
0x74a30000 - 0x74a35000 	C:\Windows\System32\wshtcpip.dll
0x6cec0000 - 0x6cf45000 	C:\Users\Carlos\AppData\Local\Temp\libgdxCarlos\56953fb7\gdx.dll
0x00770000 - 0x007bc000 	C:\Users\Carlos\AppData\Local\Temp\libgdxCarlos\52d76f2b\lwjgl.dll
0x57e40000 - 0x57f08000 	C:\Windows\system32\OPENGL32.dll
0x658e0000 - 0x65902000 	C:\Windows\system32\GLU32.dll
0x77780000 - 0x77867000 	C:\Windows\system32\DDRAW.dll
0x71c10000 - 0x71c16000 	C:\Windows\system32\DCIMAN32.dll
0x75820000 - 0x759bd000 	C:\Windows\system32\SETUPAPI.dll
0x75590000 - 0x755b7000 	C:\Windows\system32\CFGMGR32.dll
0x77190000 - 0x7721f000 	C:\Windows\system32\OLEAUT32.dll
0x76870000 - 0x769cc000 	C:\Windows\system32\ole32.dll
0x75620000 - 0x75632000 	C:\Windows\system32\DEVOBJ.dll
0x74090000 - 0x740a3000 	C:\Windows\system32\dwmapi.dll
0x749a0000 - 0x749a9000 	C:\Windows\system32\VERSION.dll
0x181e0000 - 0x18245000 	C:\Users\Carlos\AppData\Local\Temp\libgdxCarlos\52d76f2b\OpenAL32.dll
0x75b30000 - 0x7677a000 	C:\Windows\system32\SHELL32.dll
0x75410000 - 0x7541c000 	C:\Windows\system32\CRYPTBASE.dll
0x743c0000 - 0x74400000 	C:\Windows\system32\uxtheme.dll
0x75aa0000 - 0x75b23000 	C:\Windows\system32\CLBCatQ.DLL
0x74400000 - 0x744f5000 	C:\Windows\System32\PROPSYS.dll
0x755d0000 - 0x755fe000 	C:\Windows\system32\WINTRUST.dll
0x756d0000 - 0x757f0000 	C:\Windows\system32\CRYPT32.dll
0x75500000 - 0x7550c000 	C:\Windows\system32\MSASN1.dll
0x71ca0000 - 0x71d12000 	C:\Windows\system32\dsound.dll
0x73b40000 - 0x73b65000 	C:\Windows\system32\POWRPROF.dll
0x740b0000 - 0x740e9000 	C:\Windows\System32\MMDevApi.dll
0x6d450000 - 0x6d486000 	C:\Windows\system32\AUDIOSES.DLL
0x198c0000 - 0x1a364000 	C:\Windows\system32\ig4icd32.dll
0x708c0000 - 0x70939000 	C:\Windows\system32\mscms.dll
0x75570000 - 0x75587000 	C:\Windows\system32\USERENV.dll
0x754f0000 - 0x754fb000 	C:\Windows\system32\profapi.dll
0x77740000 - 0x77778000 	C:\Windows\system32\icm32.dll
0x6dd40000 - 0x6de11000 	C:\Users\Carlos\AppData\Local\Temp\libgdxCarlos\1757f8d2\gdx-controllers-desktop.dll
0x57b90000 - 0x57bc0000 	C:\Windows\system32\dinput8.dll
0x740f0000 - 0x740f9000 	C:\Windows\system32\HID.DLL
0x6f1a0000 - 0x6f28b000 	C:\Windows\system32\dbghelp.dll

VM Arguments:
jvm_args: -agentlib:jdwp=transport=dt_socket,suspend=y,address=localhost:52619 -Dfile.encoding=Cp1252 
java_command: com.valyrian.firstgame.Main
Launcher Type: SUN_STANDARD

Environment Variables:
PATH=C:/Program Files/Java/jre7/bin/client;C:/Program Files/Java/jre7/bin;C:/Program Files/Java/jre7/lib/i386;C:\Windows\system32;C:\Windows;C:\Windows\System32\Wbem;C:\Windows\System32\WindowsPowerShell\v1.0\;C:\Program Files\Common Files\Autodesk Shared\;C:\Program Files\Mercurial;C:\Program Files\nodejs\;C:\Users\Carlos\AppData\Roaming\npm;C:\Users\Carlos\Desktop\DAVID\eclipse;
USERNAME=Carlos
OS=Windows_NT
PROCESSOR_IDENTIFIER=x86 Family 6 Model 15 Stepping 13, GenuineIntel



---------------  S Y S T E M  ---------------

OS: Windows 7 Build 7601 Service Pack 1

CPU:total 2 (2 cores per cpu, 1 threads per core) family 6 model 15 stepping 13, cmov, cx8, fxsr, mmx, sse, sse2, sse3, ssse3, tsc

Memory: 4k page, physical 3010560k(1407540k free), swap 6019368k(3229124k free)

vm_info: Java HotSpot(TM) Client VM (24.55-b03) for windows-x86 JRE (1.7.0_55-b14), built on Apr 14 2014 18:25:32 by "java_re" with unknown MS VC++:1600

time: Sun Jun 15 18:13:24 2014
elapsed time: 36 seconds

