#
# A fatal error has been detected by the Java Runtime Environment:
#
#  EXCEPTION_ACCESS_VIOLATION (0xc0000005) at pc=0x6cee8b52, pid=3396, tid=3964
#
# JRE version: Java(TM) SE Runtime Environment (7.0_55-b14) (build 1.7.0_55-b14)
# Java VM: Java HotSpot(TM) Client VM (24.55-b03 mixed mode windows-x86 )
# Problematic frame:
# C  [gdx.dll+0x28b52]
#
# Failed to write core dump. Minidumps are not enabled by default on client versions of Windows
#
# If you would like to submit a bug report, please visit:
#   http://bugreport.sun.com/bugreport/crash.jsp
# The crash happened outside the Java Virtual Machine in native code.
# See problematic frame for where to report the bug.
#

---------------  T H R E A D  ---------------

Current thread (0x176cd800):  JavaThread "LWJGL Application" [_thread_in_native, id=3964, stack(0x18b10000,0x18b60000)]

siginfo: ExceptionCode=0xc0000005, reading address 0x1beaa75c

Registers:
EAX=0x08f32f24, EBX=0x176cd930, ECX=0xe522d454, EDX=0x17555764
ESP=0x18b5f3ac, EBP=0x18b5f3fc, ESI=0x18b5f40c, EDI=0x1beaa718
EIP=0x6cee8b52, EFLAGS=0x00010246

Top of Stack: (sp=0x18b5f3ac)
0x18b5f3ac:   550bd18f 13a2e918 13a2e918 176cd800
0x18b5f3bc:   0150f358 176cd930 18b5f418 1beaa718
0x18b5f3cc:   00000000 18b5f40c 00000000 18b5f46c
0x18b5f3dc:   18b5f3dc 00000000 18b5f418 13a31e30
0x18b5f3ec:   00000000 13a2e918 00000000 18b5f40c
0x18b5f3fc:   18b5f43c 01503287 00000000 0150bde9
0x18b5f40c:   08f32f18 1beaa718 00000000 08f08f40
0x18b5f41c:   18b5f41c 13a2e861 18b5f444 13a31e30 

Instructions: (pc=0x6cee8b52)
0x6cee8b32:   30 89 7c 24 18 8b 7c 24 28 8b 03 89 74 24 04 89
0x6cee8b42:   1c 24 c7 44 24 08 00 00 00 00 ff 90 78 03 00 00
0x6cee8b52:   8b 57 44 8b 4f 40 89 50 04 8b 13 83 ec 0c 89 08
0x6cee8b62:   89 74 24 04 89 1c 24 c7 44 24 0c 00 00 00 00 89 


Register to memory mapping:

EAX=0x08f32f24 is pointing into object: 0x08f32f18
[F 
 - klass: {type array float}
 - length: 4
EBX=0x176cd930 is an unknown value
ECX=0xe522d454 is an unknown value
EDX=0x17555764 is an unknown value
ESP=0x18b5f3ac is pointing into the stack for thread: 0x176cd800
EBP=0x18b5f3fc is pointing into the stack for thread: 0x176cd800
ESI=0x18b5f40c is pointing into the stack for thread: 0x176cd800
EDI=0x1beaa718 is an unknown value


Stack: [0x18b10000,0x18b60000],  sp=0x18b5f3ac,  free space=316k
Native frames: (J=compiled Java code, j=interpreted, Vv=VM code, C=native code)
C  [gdx.dll+0x28b52]
j  com.badlogic.gdx.physics.box2d.Body.getLinearVelocity()Lcom/badlogic/gdx/math/Vector2;+9
j  com.valyrian.firstgame.entidades.Jugador.Saltar()V+15
j  com.valyrian.firstgame.utilidades.input.Teclado.keyDown(I)Z+131
J  com.badlogic.gdx.backends.lwjgl.LwjglInput.processEvents()V
v  ~StubRoutines::call_stub
V  [jvm.dll+0x13f25a]
V  [jvm.dll+0x202c1e]
V  [jvm.dll+0x13f425]
V  [jvm.dll+0x13f487]
V  [jvm.dll+0xeb7cf]
V  [jvm.dll+0x1604dc]
V  [jvm.dll+0x160f17]
V  [jvm.dll+0x1a4ab9]
C  [msvcr100.dll+0x5c556]
C  [msvcr100.dll+0x5c600]
C  [KERNEL32.dll+0x4ee1c]
C  [ntdll.dll+0x637eb]
C  [ntdll.dll+0x637be]

Java frames: (J=compiled Java code, j=interpreted, Vv=VM code)
j  com.badlogic.gdx.physics.box2d.Body.jniGetLinearVelocity(J[F)V+0
j  com.badlogic.gdx.physics.box2d.Body.getLinearVelocity()Lcom/badlogic/gdx/math/Vector2;+9
j  com.valyrian.firstgame.entidades.Jugador.Saltar()V+15
j  com.valyrian.firstgame.utilidades.input.Teclado.keyDown(I)Z+131
J  com.badlogic.gdx.backends.lwjgl.LwjglInput.processEvents()V
J  com.badlogic.gdx.backends.lwjgl.LwjglApplication.mainLoop()V
j  com.badlogic.gdx.backends.lwjgl.LwjglApplication$1.run()V+27
v  ~StubRoutines::call_stub

---------------  P R O C E S S  ---------------

Java Threads: ( => current thread )
  0x18d3a800 JavaThread "LWJGL Timer" daemon [_thread_blocked, id=6760, stack(0x1bd00000,0x1bd50000)]
  0x176da400 JavaThread "AsynchExecutor-Thread" daemon [_thread_blocked, id=7508, stack(0x1bd50000,0x1bda0000)]
  0x002ad400 JavaThread "DestroyJavaVM" [_thread_blocked, id=6576, stack(0x013b0000,0x01400000)]
=>0x176cd800 JavaThread "LWJGL Application" [_thread_in_native, id=3964, stack(0x18b10000,0x18b60000)]
  0x17566400 JavaThread "Service Thread" daemon [_thread_blocked, id=7692, stack(0x18290000,0x182e0000)]
  0x1755b000 JavaThread "C1 CompilerThread0" daemon [_thread_blocked, id=7348, stack(0x18080000,0x180d0000)]
  0x17552400 JavaThread "JDWP Command Reader" daemon [_thread_in_native, id=5740, stack(0x17fe0000,0x18030000)]
  0x17549800 JavaThread "JDWP Event Helper Thread" daemon [_thread_blocked, id=7428, stack(0x180e0000,0x18130000)]
  0x17541400 JavaThread "JDWP Transport Listener: dt_socket" daemon [_thread_blocked, id=7156, stack(0x17f70000,0x17fc0000)]
  0x1753b800 JavaThread "Attach Listener" daemon [_thread_blocked, id=6316, stack(0x179b0000,0x17a00000)]
  0x17538800 JavaThread "Signal Dispatcher" daemon [_thread_blocked, id=7328, stack(0x17960000,0x179b0000)]
  0x17505800 JavaThread "Finalizer" daemon [_thread_blocked, id=6744, stack(0x177f0000,0x17840000)]
  0x17504400 JavaThread "Reference Handler" daemon [_thread_blocked, id=4024, stack(0x17760000,0x177b0000)]

Other Threads:
  0x17502c00 VMThread [stack: 0x17850000,0x178a0000] [id=5720]
  0x17581800 WatcherThread [stack: 0x18220000,0x18270000] [id=5288]

VM state:not at safepoint (normal execution)

VM Mutex/Monitor currently owned by a thread: None

Heap
 def new generation   total 5632K, used 2322K [0x03500000, 0x03b10000, 0x08a50000)
  eden space 5056K,  43% used [0x03500000, 0x0372b7f0, 0x039f0000)
  from space 576K,  17% used [0x039f0000, 0x03a093c0, 0x03a80000)
  to   space 576K,   0% used [0x03a80000, 0x03a80000, 0x03b10000)
 tenured generation   total 12340K, used 5514K [0x08a50000, 0x0965d000, 0x13500000)
   the space 12340K,  44% used [0x08a50000, 0x08fb2908, 0x08fb2a00, 0x0965d000)
 compacting perm gen  total 12288K, used 5486K [0x13500000, 0x14100000, 0x17500000)
   the space 12288K,  44% used [0x13500000, 0x13a5bb58, 0x13a5bc00, 0x14100000)
No shared spaces configured.

Card table byte_map: [0x01400000,0x014b0000] byte_map_base: 0x013e5800

Polling page: 0x00270000

Code Cache  [0x01500000, 0x017d8000, 0x03500000)
 total_blobs=1360 nmethods=1094 adapters=210 free_code_cache=29860Kb largest_free_block=30576640

Compilation events (10 events):
Event: 533.055 Thread 0x1755b000 1094             com.badlogic.gdx.graphics.g2d.BitmapFontCache::requireSequence (144 bytes)
Event: 533.056 Thread 0x1755b000 

Event: 533.056 Thread 0x1755b000 1095             com.badlogic.gdx.graphics.g2d.BitmapFontCache::require (116 bytes)
Event: 533.057 Thread 0x1755b000 nmethod 1095 0x017d0188 code [0x017d02d0, 0x017d0718]
Event: 533.136 Thread 0x1755b000 1096             com.badlogic.gdx.graphics.g2d.BitmapFontCache::addText (62 bytes)
Event: 533.137 Thread 0x1755b000 nmethod 1096 0x017d0c08 code [0x017d0d20, 0x017d0e78]
Event: 533.530 Thread 0x1755b000 1097             com.valyrian.firstgame.pantallas.PantallaFinNivel::render (153 bytes)
Event: 533.533 Thread 0x1755b000 nmethod 1097 0x017d1048 code [0x017d1360, 0x017d1f1c]
Event: 582.121 Thread 0x1755b000 1098  s          com.badlogic.gdx.assets.AssetManager::load (447 bytes)
Event: 582.126 Thread 0x1755b000 nmethod 1098 0x017d3088 code [0x017d3510, 0x017d4c0c]

GC Heap History (10 events):
Event: 501.485 GC heap before
{Heap before GC invocations=122 (full 3):
 def new generation   total 5632K, used 5057K [0x03500000, 0x03b10000, 0x08a50000)
  eden space 5056K, 100% used [0x03500000, 0x039f0000, 0x039f0000)
  from space 576K,   0% used [0x03a80000, 0x03a80620, 0x03b10000)
  to   space 576K,   0% used [0x039f0000, 0x039f0000, 0x03a80000)
 tenured generation   total 12340K, used 5514K [0x08a50000, 0x0965d000, 0x13500000)
   the space 12340K,  44% used [0x08a50000, 0x08fb28f8, 0x08fb2a00, 0x0965d000)
 compacting perm gen  total 12288K, used 5465K [0x13500000, 0x14100000, 0x17500000)
   the space 12288K,  44% used [0x13500000, 0x13a565b0, 0x13a56600, 0x14100000)
No shared spaces configured.
Event: 501.485 GC heap after
Heap after GC invocations=123 (full 3):
 def new generation   total 5632K, used 1K [0x03500000, 0x03b10000, 0x08a50000)
  eden space 5056K,   0% used [0x03500000, 0x03500000, 0x039f0000)
  from space 576K,   0% used [0x039f0000, 0x039f0578, 0x03a80000)
  to   space 576K,   0% used [0x03a80000, 0x03a80000, 0x03b10000)
 tenured generation   total 12340K, used 5514K [0x08a50000, 0x0965d000, 0x13500000)
   the space 12340K,  44% used [0x08a50000, 0x08fb28f8, 0x08fb2a00, 0x0965d000)
 compacting perm gen  total 12288K, used 5465K [0x13500000, 0x14100000, 0x17500000)
   the space 12288K,  44% used [0x13500000, 0x13a565b0, 0x13a56600, 0x14100000)
No shared spaces configured.
}
Event: 505.568 GC heap before
{Heap before GC invocations=123 (full 3):
 def new generation   total 5632K, used 5057K [0x03500000, 0x03b10000, 0x08a50000)
  eden space 5056K, 100% used [0x03500000, 0x039f0000, 0x039f0000)
  from space 576K,   0% used [0x039f0000, 0x039f0578, 0x03a80000)
  to   space 576K,   0% used [0x03a80000, 0x03a80000, 0x03b10000)
 tenured generation   total 12340K, used 5514K [0x08a50000, 0x0965d000, 0x13500000)
   the space 12340K,  44% used [0x08a50000, 0x08fb28f8, 0x08fb2a00, 0x0965d000)
 compacting perm gen  total 12288K, used 5465K [0x13500000, 0x14100000, 0x17500000)
   the space 12288K,  44% used [0x13500000, 0x13a565b0, 0x13a56600, 0x14100000)
No shared spaces configured.
Event: 505.568 GC heap after
Heap after GC invocations=124 (full 3):
 def new generation   total 5632K, used 1K [0x03500000, 0x03b10000, 0x08a50000)
  eden space 5056K,   0% used [0x03500000, 0x03500000, 0x039f0000)
  from space 576K,   0% used [0x03a80000, 0x03a80418, 0x03b10000)
  to   space 576K,   0% used [0x039f0000, 0x039f0000, 0x03a80000)
 tenured generation   total 12340K, used 5514K [0x08a50000, 0x0965d000, 0x13500000)
   the space 12340K,  44% used [0x08a50000, 0x08fb28f8, 0x08fb2a00, 0x0965d000)
 compacting perm gen  total 12288K, used 5465K [0x13500000, 0x14100000, 0x17500000)
   the space 12288K,  44% used [0x13500000, 0x13a565b0, 0x13a56600, 0x14100000)
No shared spaces configured.
}
Event: 509.732 GC heap before
{Heap before GC invocations=124 (full 3):
 def new generation   total 5632K, used 5057K [0x03500000, 0x03b10000, 0x08a50000)
  eden space 5056K, 100% used [0x03500000, 0x039f0000, 0x039f0000)
  from space 576K,   0% used [0x03a80000, 0x03a80418, 0x03b10000)
  to   space 576K,   0% used [0x039f0000, 0x039f0000, 0x03a80000)
 tenured generation   total 12340K, used 5514K [0x08a50000, 0x0965d000, 0x13500000)
   the space 12340K,  44% used [0x08a50000, 0x08fb28f8, 0x08fb2a00, 0x0965d000)
 compacting perm gen  total 12288K, used 5465K [0x13500000, 0x14100000, 0x17500000)
   the space 12288K,  44% used [0x13500000, 0x13a565b0, 0x13a56600, 0x14100000)
No shared spaces configured.
Event: 509.733 GC heap after
Heap after GC invocations=125 (full 3):
 def new generation   total 5632K, used 1K [0x03500000, 0x03b10000, 0x08a50000)
  eden space 5056K,   0% used [0x03500000, 0x03500000, 0x039f0000)
  from space 576K,   0% used [0x039f0000, 0x039f0610, 0x03a80000)
  to   space 576K,   0% used [0x03a80000, 0x03a80000, 0x03b10000)
 tenured generation   total 12340K, used 5514K [0x08a50000, 0x0965d000, 0x13500000)
   the space 12340K,  44% used [0x08a50000, 0x08fb28f8, 0x08fb2a00, 0x0965d000)
 compacting perm gen  total 12288K, used 5465K [0x13500000, 0x14100000, 0x17500000)
   the space 12288K,  44% used [0x13500000, 0x13a565b0, 0x13a56600, 0x14100000)
No shared spaces configured.
}
Event: 513.799 GC heap before
{Heap before GC invocations=125 (full 3):
 def new generation   total 5632K, used 5057K [0x03500000, 0x03b10000, 0x08a50000)
  eden space 5056K, 100% used [0x03500000, 0x039f0000, 0x039f0000)
  from space 576K,   0% used [0x039f0000, 0x039f0610, 0x03a80000)
  to   space 576K,   0% used [0x03a80000, 0x03a80000, 0x03b10000)
 tenured generation   total 12340K, used 5514K [0x08a50000, 0x0965d000, 0x13500000)
   the space 12340K,  44% used [0x08a50000, 0x08fb28f8, 0x08fb2a00, 0x0965d000)
 compacting perm gen  total 12288K, used 5465K [0x13500000, 0x14100000, 0x17500000)
   the space 12288K,  44% used [0x13500000, 0x13a565b0, 0x13a56600, 0x14100000)
No shared spaces configured.
Event: 513.800 GC heap after
Heap after GC invocations=126 (full 3):
 def new generation   total 5632K, used 0K [0x03500000, 0x03b10000, 0x08a50000)
  eden space 5056K,   0% used [0x03500000, 0x03500000, 0x039f0000)
  from space 576K,   0% used [0x03a80000, 0x03a80380, 0x03b10000)
  to   space 576K,   0% used [0x039f0000, 0x039f0000, 0x03a80000)
 tenured generation   total 12340K, used 5514K [0x08a50000, 0x0965d000, 0x13500000)
   the space 12340K,  44% used [0x08a50000, 0x08fb28f8, 0x08fb2a00, 0x0965d000)
 compacting perm gen  total 12288K, used 5465K [0x13500000, 0x14100000, 0x17500000)
   the space 12288K,  44% used [0x13500000, 0x13a565b0, 0x13a56600, 0x14100000)
No shared spaces configured.
}
Event: 540.946 GC heap before
{Heap before GC invocations=126 (full 3):
 def new generation   total 5632K, used 5056K [0x03500000, 0x03b10000, 0x08a50000)
  eden space 5056K, 100% used [0x03500000, 0x039f0000, 0x039f0000)
  from space 576K,   0% used [0x03a80000, 0x03a80380, 0x03b10000)
  to   space 576K,   0% used [0x039f0000, 0x039f0000, 0x03a80000)
 tenured generation   total 12340K, used 5514K [0x08a50000, 0x0965d000, 0x13500000)
   the space 12340K,  44% used [0x08a50000, 0x08fb28f8, 0x08fb2a00, 0x0965d000)
 compacting perm gen  total 12288K, used 5465K [0x13500000, 0x14100000, 0x17500000)
   the space 12288K,  44% used [0x13500000, 0x13a565c0, 0x13a56600, 0x14100000)
No shared spaces configured.
Event: 540.947 GC heap after
Heap after GC invocations=127 (full 3):
 def new generation   total 5632K, used 100K [0x03500000, 0x03b10000, 0x08a50000)
  eden space 5056K,   0% used [0x03500000, 0x03500000, 0x039f0000)
  from space 576K,  17% used [0x039f0000, 0x03a093c0, 0x03a80000)
  to   space 576K,   0% used [0x03a80000, 0x03a80000, 0x03b10000)
 tenured generation   total 12340K, used 5514K [0x08a50000, 0x0965d000, 0x13500000)
   the space 12340K,  44% used [0x08a50000, 0x08fb2908, 0x08fb2a00, 0x0965d000)
 compacting perm gen  total 12288K, used 5465K [0x13500000, 0x14100000, 0x17500000)
   the space 12288K,  44% used [0x13500000, 0x13a565c0, 0x13a56600, 0x14100000)
No shared spaces configured.
}

Deoptimization events (0 events):
No events

Internal exceptions (10 events):
Event: 12.301 Thread 0x176cd800 Threw 0x03731120 at C:\re\jdk7u55\985\hotspot\src\share\vm\prims\jvm.cpp:1244
Event: 12.303 Thread 0x176cd800 Threw 0x0373c290 at C:\re\jdk7u55\985\hotspot\src\share\vm\prims\jvm.cpp:1244
Event: 12.305 Thread 0x176cd800 Threw 0x0374c568 at C:\re\jdk7u55\985\hotspot\src\share\vm\prims\jvm.cpp:1244
Event: 12.308 Thread 0x176cd800 Threw 0x03758498 at C:\re\jdk7u55\985\hotspot\src\share\vm\prims\jvm.cpp:1244
Event: 12.324 Thread 0x176cd800 Threw 0x0375da20 at C:\re\jdk7u55\985\hotspot\src\share\vm\prims\jvm.cpp:1244
Event: 12.337 Thread 0x176cd800 Threw 0x03764890 at C:\re\jdk7u55\985\hotspot\src\share\vm\prims\jvm.cpp:1244
Event: 12.346 Thread 0x176cd800 Threw 0x03772948 at C:\re\jdk7u55\985\hotspot\src\share\vm\prims\jvm.cpp:1244
Event: 12.347 Thread 0x176cd800 Threw 0x03777438 at C:\re\jdk7u55\985\hotspot\src\share\vm\prims\jvm.cpp:1244
Event: 12.348 Thread 0x176cd800 Threw 0x0377bab0 at C:\re\jdk7u55\985\hotspot\src\share\vm\prims\jvm.cpp:1244
Event: 12.349 Thread 0x176cd800 Threw 0x037809c8 at C:\re\jdk7u55\985\hotspot\src\share\vm\prims\jvm.cpp:1244

Events (10 events):
Event: 505.568 Executing VM operation: GenCollectForAllocation
Event: 505.568 Executing VM operation: GenCollectForAllocation done
Event: 509.732 Executing VM operation: GenCollectForAllocation
Event: 509.733 Executing VM operation: GenCollectForAllocation done
Event: 513.799 Executing VM operation: GenCollectForAllocation
Event: 513.800 Executing VM operation: GenCollectForAllocation done
Event: 540.946 Executing VM operation: GenCollectForAllocation
Event: 540.947 Executing VM operation: GenCollectForAllocation done
Event: 575.634 Executing VM operation: RedefineClasses
Event: 575.640 Executing VM operation: RedefineClasses done


Dynamic libraries:
0x01360000 - 0x0138f000 	C:\Program Files\Java\jre7\bin\javaw.exe
0x77020000 - 0x7715c000 	C:\Windows\SYSTEM32\ntdll.dll
0x6f7f0000 - 0x6f82f000 	C:\Program Files\AVAST Software\Avast\snxhk.dll
0x75450000 - 0x75524000 	C:\Windows\system32\KERNEL32.dll
0x75310000 - 0x7535b000 	C:\Windows\system32\KERNELBASE.dll
0x760c0000 - 0x76160000 	C:\Windows\system32\ADVAPI32.dll
0x771a0000 - 0x7724c000 	C:\Windows\system32\msvcrt.dll
0x757d0000 - 0x757e9000 	C:\Windows\SYSTEM32\sechost.dll
0x75ed0000 - 0x75f72000 	C:\Windows\system32\RPCRT4.dll
0x75f80000 - 0x76049000 	C:\Windows\system32\USER32.dll
0x76070000 - 0x760be000 	C:\Windows\system32\GDI32.dll
0x77160000 - 0x7716a000 	C:\Windows\system32\LPK.dll
0x75c10000 - 0x75cad000 	C:\Windows\system32\USP10.dll
0x73c80000 - 0x73e1e000 	C:\Windows\WinSxS\x86_microsoft.windows.common-controls_6595b64144ccf1df_6.0.7601.17514_none_41e6975e2bd6f2b2\COMCTL32.dll
0x756f0000 - 0x75747000 	C:\Windows\system32\SHLWAPI.dll
0x76050000 - 0x7606f000 	C:\Windows\system32\IMM32.DLL
0x76f50000 - 0x7701c000 	C:\Windows\system32\MSCTF.dll
0x54b90000 - 0x54c4f000 	C:\Program Files\Java\jre7\bin\msvcr100.dll
0x55050000 - 0x553d0000 	C:\Program Files\Java\jre7\bin\client\jvm.dll
0x73520000 - 0x73527000 	C:\Windows\system32\WSOCK32.dll
0x762c0000 - 0x762f5000 	C:\Windows\system32\WS2_32.dll
0x77180000 - 0x77186000 	C:\Windows\system32\NSI.dll
0x70af0000 - 0x70b22000 	C:\Windows\system32\WINMM.dll
0x77190000 - 0x77195000 	C:\Windows\system32\PSAPI.DLL
0x73c60000 - 0x73c6c000 	C:\Program Files\Java\jre7\bin\verify.dll
0x71380000 - 0x713a0000 	C:\Program Files\Java\jre7\bin\java.dll
0x71330000 - 0x7135a000 	C:\Program Files\Java\jre7\bin\jdwp.dll
0x72fa0000 - 0x72fa7000 	C:\Program Files\Java\jre7\bin\npt.dll
0x713a0000 - 0x713b3000 	C:\Program Files\Java\jre7\bin\zip.dll
0x72fb0000 - 0x72fb8000 	C:\Program Files\Java\jre7\bin\dt_socket.dll
0x72e30000 - 0x72e40000 	C:\Windows\system32\NLAapi.dll
0x70760000 - 0x70770000 	C:\Windows\system32\napinsp.dll
0x70740000 - 0x70752000 	C:\Windows\system32\pnrpnsp.dll
0x74a50000 - 0x74a8c000 	C:\Windows\System32\mswsock.dll
0x74910000 - 0x74954000 	C:\Windows\system32\DNSAPI.dll
0x70730000 - 0x70738000 	C:\Windows\System32\winrnr.dll
0x72a20000 - 0x72a3c000 	C:\Windows\system32\IPHLPAPI.DLL
0x72a10000 - 0x72a17000 	C:\Windows\system32\WINNSI.DLL
0x728e0000 - 0x72918000 	C:\Windows\System32\fwpuclnt.dll
0x71170000 - 0x71176000 	C:\Windows\system32\rasadhlp.dll
0x745c0000 - 0x745c5000 	C:\Windows\System32\wshtcpip.dll
0x6cec0000 - 0x6cf45000 	C:\Users\Carlos\AppData\Local\Temp\libgdxCarlos\56953fb7\gdx.dll
0x17700000 - 0x1774c000 	C:\Users\Carlos\AppData\Local\Temp\libgdxCarlos\52d76f2b\lwjgl.dll
0x5ad20000 - 0x5ade8000 	C:\Windows\system32\OPENGL32.dll
0x72c70000 - 0x72c92000 	C:\Windows\system32\GLU32.dll
0x54f60000 - 0x55047000 	C:\Windows\system32\DDRAW.dll
0x732a0000 - 0x732a6000 	C:\Windows\system32\DCIMAN32.dll
0x75a70000 - 0x75c0d000 	C:\Windows\system32\SETUPAPI.dll
0x75370000 - 0x75397000 	C:\Windows\system32\CFGMGR32.dll
0x759e0000 - 0x75a6f000 	C:\Windows\system32\OLEAUT32.dll
0x76160000 - 0x762bc000 	C:\Windows\system32\ole32.dll
0x750a0000 - 0x750b2000 	C:\Windows\system32\DEVOBJ.dll
0x73910000 - 0x73923000 	C:\Windows\system32\dwmapi.dll
0x74530000 - 0x74539000 	C:\Windows\system32\VERSION.dll
0x17ed0000 - 0x17f35000 	C:\Users\Carlos\AppData\Local\Temp\libgdxCarlos\52d76f2b\OpenAL32.dll
0x76300000 - 0x76f4a000 	C:\Windows\system32\SHELL32.dll
0x74fa0000 - 0x74fac000 	C:\Windows\system32\CRYPTBASE.dll
0x73c00000 - 0x73c40000 	C:\Windows\system32\uxtheme.dll
0x75530000 - 0x755b3000 	C:\Windows\system32\CLBCatQ.DLL
0x73e50000 - 0x73f45000 	C:\Windows\System32\PROPSYS.dll
0x750e0000 - 0x7510e000 	C:\Windows\system32\WINTRUST.dll
0x75140000 - 0x75260000 	C:\Windows\system32\CRYPT32.dll
0x75090000 - 0x7509c000 	C:\Windows\system32\MSASN1.dll
0x6c110000 - 0x6c182000 	C:\Windows\system32\dsound.dll
0x73f90000 - 0x73fb5000 	C:\Windows\system32\POWRPROF.dll
0x73f50000 - 0x73f89000 	C:\Windows\System32\MMDevApi.dll
0x73730000 - 0x73766000 	C:\Windows\system32\AUDIOSES.DLL
0x190d0000 - 0x19b74000 	C:\Windows\system32\ig4icd32.dll
0x69050000 - 0x690c9000 	C:\Windows\system32\mscms.dll
0x75110000 - 0x75127000 	C:\Windows\system32\USERENV.dll
0x75080000 - 0x7508b000 	C:\Windows\system32\profapi.dll
0x6ded0000 - 0x6df08000 	C:\Windows\system32\icm32.dll
0x6dd40000 - 0x6de11000 	C:\Users\Carlos\AppData\Local\Temp\libgdxCarlos\1757f8d2\gdx-controllers-desktop.dll
0x693f0000 - 0x69420000 	C:\Windows\system32\dinput8.dll
0x73930000 - 0x73939000 	C:\Windows\system32\HID.DLL
0x732b0000 - 0x7339b000 	C:\Windows\system32\dbghelp.dll

VM Arguments:
jvm_args: -agentlib:jdwp=transport=dt_socket,suspend=y,address=localhost:52734 -Dfile.encoding=Cp1252 
java_command: com.valyrian.firstgame.Main
Launcher Type: SUN_STANDARD

Environment Variables:
PATH=C:/Program Files/Java/jre7/bin/client;C:/Program Files/Java/jre7/bin;C:/Program Files/Java/jre7/lib/i386;C:\Windows\system32;C:\Windows;C:\Windows\System32\Wbem;C:\Windows\System32\WindowsPowerShell\v1.0\;C:\Program Files\Common Files\Autodesk Shared\;C:\Program Files\Mercurial;C:\Program Files\nodejs\;C:\Users\Carlos\AppData\Roaming\npm;C:\Users\Carlos\Desktop\DAVID\eclipse;
USERNAME=Carlos
OS=Windows_NT
PROCESSOR_IDENTIFIER=x86 Family 6 Model 15 Stepping 13, GenuineIntel



---------------  S Y S T E M  ---------------

OS: Windows 7 Build 7601 Service Pack 1

CPU:total 2 (2 cores per cpu, 1 threads per core) family 6 model 15 stepping 13, cmov, cx8, fxsr, mmx, sse, sse2, sse3, ssse3, tsc

Memory: 4k page, physical 3010560k(1016112k free), swap 6019368k(2784556k free)

vm_info: Java HotSpot(TM) Client VM (24.55-b03) for windows-x86 JRE (1.7.0_55-b14), built on Apr 14 2014 18:25:32 by "java_re" with unknown MS VC++:1600

time: Fri Jun 13 17:39:40 2014
elapsed time: 582 seconds

