#
# A fatal error has been detected by the Java Runtime Environment:
#
#  SIGSEGV (0xb) at pc=0x0a9663d8, pid=13170, tid=2236095296
#
# JRE version: 6.0_27-b27
# Java VM: OpenJDK Server VM (20.0-b12 mixed mode linux-x86 )
# Derivative: IcedTea6 1.12.6
# Distribution: Ubuntu 12.04 LTS, package 6b27-1.12.6-1ubuntu0.12.04.2
# Problematic frame:
# C  0x0a9663d8
#
# If you would like to submit a bug report, please include
# instructions how to reproduce the bug and visit:
#   https://bugs.launchpad.net/ubuntu/+source/openjdk-6/
# The crash happened outside the Java Virtual Machine in native code.
# See problematic frame for where to report the bug.
#

---------------  T H R E A D  ---------------

Current thread (0x8a7fec00):  JavaThread "LWJGL Application" [_thread_in_native, id=13198, stack(0x85431000,0x85482000)]

siginfo:si_signo=SIGSEGV: si_errno=0, si_code=2 (SEGV_ACCERR), si_addr=0x0a9663d8

Registers:
EAX=0x0a966418, EBX=0x8a27bff4, ECX=0x00000000, EDX=0x0a9663d8
ESP=0x854809fc, EBP=0x0a504250, ESI=0x0a9663d8, EDI=0x00000800
EIP=0x0a9663d8, EFLAGS=0x00010202, CR2=0x0a9663d8

Top of Stack: (sp=0x854809fc)
0x854809fc:   8a22bb84 0a9663d8 0a966418 0a8a5c1c
0x85480a0c:   0a9686e4 0a143188 0a31aaf0 00000002
0x85480a1c:   00000002 00000000 400c645f 85480a54
0x85480a2c:   0abcfde0 00000002 00480a84 0a8a5c10
0x85480a3c:   0a9686d8 00000000 00000000 00000000
0x85480a4c:   00000000 00000000 00000000 0a4eb078
0x85480a5c:   0a9665b8 0a966298 00000000 00000000
0x85480a6c:   00000000 00000000 3f800000 3f800000 

Instructions: (pc=0x0a9663d8)
0x0a9663b8:   f0 79 78 0a 04 00 00 00 ed 04 00 00 00 00 00 00
0x0a9663c8:   60 85 90 0a 5d 00 00 00 01 00 00 00 9c 63 96 0a
0x0a9663d8:   d8 63 96 0a 24 00 00 00 00 00 00 00 00 00 00 00
0x0a9663e8:   d8 86 96 0a d8 63 96 0a 00 00 00 00 00 00 00 00 

Register to memory mapping:

EAX=0x0a966418 is an unknown value
EBX=0x8a27bff4: <offset 0x72ff4> in /tmp/libgdxroger/98aad7b2/libgdx.so at 0x8a209000
ECX=0x00000000 is an unknown value
EDX=0x0a9663d8 is an unknown value
ESP=0x854809fc is pointing into the stack for thread: 0x8a7fec00
EBP=0x0a504250 is an unknown value
ESI=0x0a9663d8 is an unknown value
EDI=0x00000800 is an unknown value


Stack: [0x85431000,0x85482000],  sp=0x854809fc,  free space=318k
Native frames: (J=compiled Java code, j=interpreted, Vv=VM code, C=native code)
C  0x0a9663d8

Java frames: (J=compiled Java code, j=interpreted, Vv=VM code)
j  com.badlogic.gdx.physics.box2d.World.jniStep(JFII)V+0
j  com.badlogic.gdx.physics.box2d.World.step(FII)V+8
j  com.valyrian.firstgame.pantallas.pruebas.PantallaPruebaPersonaje.render(F)V+32
j  com.badlogic.gdx.Game.render()V+19
j  com.badlogic.gdx.backends.lwjgl.LwjglApplication.mainLoop()V+642
j  com.badlogic.gdx.backends.lwjgl.LwjglApplication$1.run()V+27
v  ~StubRoutines::call_stub

---------------  P R O C E S S  ---------------

Java Threads: ( => current thread )
  0xb6606000 JavaThread "DestroyJavaVM" [_thread_blocked, id=13172, stack(0xb6764000,0xb67b5000)]
=>0x8a7fec00 JavaThread "LWJGL Application" [_thread_in_native, id=13198, stack(0x85431000,0x85482000)]
  0x8a7bb400 JavaThread "AWT-XAWT" daemon [_thread_in_native, id=13194, stack(0x8a1b8000,0x8a209000)]
  0x8a741400 JavaThread "Java2D Disposer" daemon [_thread_blocked, id=13192, stack(0x8a3af000,0x8a400000)]
  0xb66a5800 JavaThread "Low Memory Detector" daemon [_thread_blocked, id=13184, stack(0x8a8f6000,0x8a947000)]
  0xb66a3c00 JavaThread "C2 CompilerThread1" daemon [_thread_blocked, id=13183, stack(0x8a947000,0x8a9c8000)]
  0xb66a1c00 JavaThread "C2 CompilerThread0" daemon [_thread_blocked, id=13182, stack(0x8a9c8000,0x8aa49000)]
  0xb66a0800 JavaThread "Signal Dispatcher" daemon [_thread_blocked, id=13181, stack(0x8b02e000,0x8b07f000)]
  0xb6690000 JavaThread "Finalizer" daemon [_thread_blocked, id=13180, stack(0x8ac49000,0x8ac9a000)]
  0xb668e800 JavaThread "Reference Handler" daemon [_thread_blocked, id=13179, stack(0x8ac9a000,0x8aceb000)]

Other Threads:
  0xb668bc00 VMThread [stack: 0x8aceb000,0x8ad6c000] [id=13178]
  0xb66a7400 WatcherThread [stack: 0x8a875000,0x8a8f6000] [id=13185]

VM state:not at safepoint (normal execution)

VM Mutex/Monitor currently owned by a thread: None

Heap
 PSYoungGen      total 9280K, used 7408K [0xa8a70000, 0xa94c0000, 0xb3510000)
  eden space 8000K, 76% used [0xa8a70000,0xa906ff68,0xa9240000)
  from space 1280K, 98% used [0xa9380000,0xa94bc2e0,0xa94c0000)
  to   space 1280K, 0% used [0xa9240000,0xa9240000,0xa9380000)
 PSOldGen        total 21120K, used 760K [0x93510000, 0x949b0000, 0xa8a70000)
  object space 21120K, 3% used [0x93510000,0x935ce090,0x949b0000)
 PSPermGen       total 16384K, used 8347K [0x8b510000, 0x8c510000, 0x93510000)
  object space 16384K, 50% used [0x8b510000,0x8bd36f88,0x8c510000)

Code Cache  [0xb35d9000, 0xb3819000, 0xb65d9000)
 total_blobs=450 nmethods=147 adapters=258 free_code_cache=49668800 largest_free_block=12928

Dynamic libraries:
08048000-08051000 r-xp 00000000 08:06 17488      /usr/lib/jvm/java-6-openjdk-i386/jre/bin/java
08051000-08052000 r--p 00008000 08:06 17488      /usr/lib/jvm/java-6-openjdk-i386/jre/bin/java
08052000-08053000 rw-p 00009000 08:06 17488      /usr/lib/jvm/java-6-openjdk-i386/jre/bin/java
0a040000-0abf4000 rw-p 00000000 00:00 0          [heap]
81166000-81d66000 rw-s 433bf000 00:05 7876       /dev/dri/card0
81d66000-82966000 rw-s 427bf000 00:05 7876       /dev/dri/card0
82b00000-82bce000 rw-p 00000000 00:00 0 
82bce000-82c00000 ---p 00000000 00:00 0 
82c65000-82ee5000 rw-s 443cf000 00:05 7876       /dev/dri/card0
82ee5000-83ae5000 rw-s 41bbf000 00:05 7876       /dev/dri/card0
83c5b000-83c5c000 rw-s 33b11000 00:05 7876       /dev/dri/card0
83c5c000-83c5e000 rw-s 00000000 00:04 248713     /drm mm object (deleted)
83c5e000-83c5f000 rw-s 44867000 00:05 7876       /dev/dri/card0
83c5f000-83c6b000 rw-s 4485b000 00:05 7876       /dev/dri/card0
83c6b000-83c77000 rw-s 4484f000 00:05 7876       /dev/dri/card0
83c77000-83c83000 rw-s 44843000 00:05 7876       /dev/dri/card0
83c83000-83c8f000 rw-s 44837000 00:05 7876       /dev/dri/card0
83c8f000-83c9b000 rw-s 4482b000 00:05 7876       /dev/dri/card0
83c9b000-83ca7000 rw-s 4481f000 00:05 7876       /dev/dri/card0
83ca7000-83cb3000 rw-s 44813000 00:05 7876       /dev/dri/card0
83cb3000-83cbf000 rw-s 44807000 00:05 7876       /dev/dri/card0
83cbf000-83ccb000 rw-s 447fb000 00:05 7876       /dev/dri/card0
83ccb000-83cd7000 rw-s 447ef000 00:05 7876       /dev/dri/card0
83cd7000-83ce3000 rw-s 447e3000 00:05 7876       /dev/dri/card0
83ce3000-83cef000 rw-s 447d7000 00:05 7876       /dev/dri/card0
83cef000-83cfb000 rw-s 447cb000 00:05 7876       /dev/dri/card0
83cfb000-83d07000 rw-s 447bf000 00:05 7876       /dev/dri/card0
83d07000-83d13000 rw-s 447b3000 00:05 7876       /dev/dri/card0
83d13000-83d1f000 rw-s 447a7000 00:05 7876       /dev/dri/card0
83d1f000-83d2b000 rw-s 4479b000 00:05 7876       /dev/dri/card0
83d2b000-83d53000 rw-s 44773000 00:05 7876       /dev/dri/card0
83d53000-83d67000 rw-s 4475f000 00:05 7876       /dev/dri/card0
83d67000-83d73000 rw-s 44753000 00:05 7876       /dev/dri/card0
83d73000-83d7f000 rw-s 44747000 00:05 7876       /dev/dri/card0
83d7f000-83d81000 rw-s 00000000 00:04 248691     /drm mm object (deleted)
83d81000-83df1000 rw-s 446d7000 00:05 7876       /dev/dri/card0
83df1000-83e19000 rw-s 446af000 00:05 7876       /dev/dri/card0
83e19000-83e79000 rw-s 4464f000 00:05 7876       /dev/dri/card0
83e79000-83f79000 rw-s 442cf000 00:05 7876       /dev/dri/card0
83f79000-84059000 rw-s 441ef000 00:05 7876       /dev/dri/card0
84059000-84119000 rw-s 4412f000 00:05 7876       /dev/dri/card0
84119000-841d9000 rw-s 4406f000 00:05 7876       /dev/dri/card0
841d9000-84239000 rw-s 4400f000 00:05 7876       /dev/dri/card0
84239000-84cf7000 rw-p 00000000 00:00 0 
84d25000-84d75000 rw-s 43fbf000 00:05 7876       /dev/dri/card0
84d75000-84d7e000 r-xp 00000000 08:06 2233202    /usr/lib/i386-linux-gnu/libpciaccess.so.0.11.0
84d7e000-84d7f000 r--p 00008000 08:06 2233202    /usr/lib/i386-linux-gnu/libpciaccess.so.0.11.0
84d7f000-84d80000 rw-p 00009000 08:06 2233202    /usr/lib/i386-linux-gnu/libpciaccess.so.0.11.0
84d80000-84d9d000 r-xp 00000000 08:06 2232927    /usr/lib/i386-linux-gnu/libdrm_intel.so.1.0.0
84d9d000-84d9e000 r--p 0001c000 08:06 2232927    /usr/lib/i386-linux-gnu/libdrm_intel.so.1.0.0
84d9e000-84d9f000 rw-p 0001d000 08:06 2232927    /usr/lib/i386-linux-gnu/libdrm_intel.so.1.0.0
84d9f000-84dc5000 r-xp 00000000 08:06 266235     /lib/i386-linux-gnu/libexpat.so.1.5.2
84dc5000-84dc6000 ---p 00026000 08:06 266235     /lib/i386-linux-gnu/libexpat.so.1.5.2
84dc6000-84dc8000 r--p 00026000 08:06 266235     /lib/i386-linux-gnu/libexpat.so.1.5.2
84dc8000-84dc9000 rw-p 00028000 08:06 266235     /lib/i386-linux-gnu/libexpat.so.1.5.2
84dc9000-84ede000 r-xp 00000000 08:06 2234041    /usr/lib/i386-linux-gnu/dri/libglsl.so
84ede000-84ee3000 r--p 00114000 08:06 2234041    /usr/lib/i386-linux-gnu/dri/libglsl.so
84ee3000-84ee5000 rw-p 00119000 08:06 2234041    /usr/lib/i386-linux-gnu/dri/libglsl.so
84ee5000-84ee6000 rw-p 00000000 00:00 0 
84ee6000-85141000 r-xp 00000000 08:06 2233022    /usr/lib/i386-linux-gnu/dri/libdricore.so
85141000-85142000 ---p 0025b000 08:06 2233022    /usr/lib/i386-linux-gnu/dri/libdricore.so
85142000-85148000 r--p 0025b000 08:06 2233022    /usr/lib/i386-linux-gnu/dri/libdricore.so
85148000-8514a000 rw-p 00261000 08:06 2233022    /usr/lib/i386-linux-gnu/dri/libdricore.so
8514a000-8515f000 rw-p 00000000 00:00 0 
8515f000-85239000 r-xp 00000000 08:06 2233005    /usr/lib/i386-linux-gnu/dri/i965_dri.so
85239000-8523b000 r--p 000d9000 08:06 2233005    /usr/lib/i386-linux-gnu/dri/i965_dri.so
8523b000-8523d000 rw-p 000db000 08:06 2233005    /usr/lib/i386-linux-gnu/dri/i965_dri.so
8523d000-8523e000 rw-p 00000000 00:00 0 
8523e000-85254000 r-xp 00000000 08:06 2233355    /usr/lib/i386-linux-gnu/libxcb-glx.so.0.0.0
85254000-85255000 r--p 00016000 08:06 2233355    /usr/lib/i386-linux-gnu/libxcb-glx.so.0.0.0
85255000-85256000 rw-p 00017000 08:06 2233355    /usr/lib/i386-linux-gnu/libxcb-glx.so.0.0.0
85256000-852a8000 r-xp 00000000 08:06 2232945    /usr/lib/i386-linux-gnu/mesa/libGL.so.1.2
852a8000-852aa000 r--p 00051000 08:06 2232945    /usr/lib/i386-linux-gnu/mesa/libGL.so.1.2
852aa000-852af000 rwxp 00053000 08:06 2232945    /usr/lib/i386-linux-gnu/mesa/libGL.so.1.2
852af000-852b2000 ---p 00000000 00:00 0 
852b2000-85300000 rw-p 00000000 00:00 0 
85300000-85349000 rw-p 00000000 00:00 0 
85349000-85400000 ---p 00000000 00:00 0 
85405000-85414000 r-xp 00000000 08:06 2233417    /usr/lib/i386-linux-gnu/libglapi.so.0.0.0
85414000-85416000 r--p 0000f000 08:06 2233417    /usr/lib/i386-linux-gnu/libglapi.so.0.0.0
85416000-8541b000 rwxp 00011000 08:06 2233417    /usr/lib/i386-linux-gnu/libglapi.so.0.0.0
8542e000-85431000 rw-s 00000000 00:04 248685     /drm mm object (deleted)
85431000-85434000 ---p 00000000 00:00 0 
85434000-85482000 rw-p 00000000 00:00 0 
85482000-85483000 ---p 00000000 00:00 0 
85483000-85583000 rw-p 00000000 00:00 0 
85583000-89584000 rw-s 00000000 00:12 247316     /run/shm/pulse-shm-436908218
89584000-89585000 ---p 00000000 00:00 0 
89585000-89d85000 rw-p 00000000 00:00 0 
89d85000-89d98000 r-xp 00000000 08:06 263155     /lib/i386-linux-gnu/libresolv-2.15.so
89d98000-89d99000 ---p 00013000 08:06 263155     /lib/i386-linux-gnu/libresolv-2.15.so
89d99000-89d9a000 r--p 00013000 08:06 263155     /lib/i386-linux-gnu/libresolv-2.15.so
89d9a000-89d9b000 rw-p 00014000 08:06 263155     /lib/i386-linux-gnu/libresolv-2.15.so
89d9b000-89d9d000 rw-p 00000000 00:00 0 
89d9d000-89da3000 r-xp 00000000 08:06 2233176    /usr/lib/i386-linux-gnu/libogg.so.0.7.1
89da3000-89da4000 r--p 00005000 08:06 2233176    /usr/lib/i386-linux-gnu/libogg.so.0.7.1
89da4000-89da5000 rw-p 00006000 08:06 2233176    /usr/lib/i386-linux-gnu/libogg.so.0.7.1
89da5000-89dce000 r-xp 00000000 08:06 2233334    /usr/lib/i386-linux-gnu/libvorbis.so.0.4.5
89dce000-89dcf000 r--p 00028000 08:06 2233334    /usr/lib/i386-linux-gnu/libvorbis.so.0.4.5
89dcf000-89dd0000 rw-p 00029000 08:06 2233334    /usr/lib/i386-linux-gnu/libvorbis.so.0.4.5
89dd0000-89f36000 r-xp 00000000 08:06 2233336    /usr/lib/i386-linux-gnu/libvorbisenc.so.2.0.8
89f36000-89f47000 r--p 00165000 08:06 2233336    /usr/lib/i386-linux-gnu/libvorbisenc.so.2.0.8
89f47000-89f48000 rw-p 00176000 08:06 2233336    /usr/lib/i386-linux-gnu/libvorbisenc.so.2.0.8
89f48000-89f94000 r-xp 00000000 08:06 2232709    /usr/lib/i386-linux-gnu/libFLAC.so.8.2.0
89f94000-89f95000 r--p 0004b000 08:06 2232709    /usr/lib/i386-linux-gnu/libFLAC.so.8.2.0
89f95000-89f96000 rw-p 0004c000 08:06 2232709    /usr/lib/i386-linux-gnu/libFLAC.so.8.2.0
89f96000-89f9b000 r-xp 00000000 08:06 2232823    /usr/lib/i386-linux-gnu/libasyncns.so.0.3.1
89f9b000-89f9c000 r--p 00004000 08:06 2232823    /usr/lib/i386-linux-gnu/libasyncns.so.0.3.1
89f9c000-89f9d000 rw-p 00005000 08:06 2232823    /usr/lib/i386-linux-gnu/libasyncns.so.0.3.1
89f9d000-8a009000 r-xp 00000000 08:06 2233271    /usr/lib/i386-linux-gnu/libsndfile.so.1.0.25
8a009000-8a00a000 r--p 0006c000 08:06 2233271    /usr/lib/i386-linux-gnu/libsndfile.so.1.0.25
8a00a000-8a00b000 rw-p 0006d000 08:06 2233271    /usr/lib/i386-linux-gnu/libsndfile.so.1.0.25
8a00b000-8a00f000 rw-p 00000000 00:00 0 
8a00f000-8a056000 r-xp 00000000 08:06 263083     /lib/i386-linux-gnu/libdbus-1.so.3.5.8
8a056000-8a057000 r--p 00046000 08:06 263083     /lib/i386-linux-gnu/libdbus-1.so.3.5.8
8a057000-8a058000 rw-p 00047000 08:06 263083     /lib/i386-linux-gnu/libdbus-1.so.3.5.8
8a058000-8a0bb000 r-xp 00000000 08:06 2233883    /usr/lib/i386-linux-gnu/libpulsecommon-1.1.so
8a0bb000-8a0bc000 r--p 00062000 08:06 2233883    /usr/lib/i386-linux-gnu/libpulsecommon-1.1.so
8a0bc000-8a0bd000 rw-p 00063000 08:06 2233883    /usr/lib/i386-linux-gnu/libpulsecommon-1.1.so
8a0bd000-8a109000 r-xp 00000000 08:06 2233215    /usr/lib/i386-linux-gnu/libpulse.so.0.13.5
8a109000-8a10a000 r--p 0004b000 08:06 2233215    /usr/lib/i386-linux-gnu/libpulse.so.0.13.5
8a10a000-8a10b000 rw-p 0004c000 08:06 2233215    /usr/lib/i386-linux-gnu/libpulse.so.0.13.5
8a10b000-8a159000 r-xp 00000000 08:06 2097234    /tmp/libgdxroger/13fdc6a4/libopenal.so
8a159000-8a15b000 r--p 0004d000 08:06 2097234    /tmp/libgdxroger/13fdc6a4/libopenal.so
8a15b000-8a15c000 rw-p 0004f000 08:06 2097234    /tmp/libgdxroger/13fdc6a4/libopenal.so
8a15c000-8a1b6000 r-xp 00000000 08:06 2097233    /tmp/libgdxroger/13fdc6a4/liblwjgl.so
8a1b6000-8a1b7000 r--p 0005a000 08:06 2097233    /tmp/libgdxroger/13fdc6a4/liblwjgl.so
8a1b7000-8a1b8000 rw-p 0005b000 08:06 2097233    /tmp/libgdxroger/13fdc6a4/liblwjgl.so
8a1b8000-8a1bb000 ---p 00000000 00:00 0 
8a1bb000-8a209000 rw-p 00000000 00:00 0 
8a209000-8a27b000 r-xp 00000000 08:06 2097231    /tmp/libgdxroger/98aad7b2/libgdx.so
8a27b000-8a27c000 r--p 00071000 08:06 2097231    /tmp/libgdxroger/98aad7b2/libgdx.so
8a27c000-8a27d000 rw-p 00072000 08:06 2097231    /tmp/libgdxroger/98aad7b2/libgdx.so
8a27d000-8a27e000 r--s 00000000 08:06 2368540    /var/cache/fontconfig/c05880de57d1f5e948fdfacc138775d9-le32d4.cache-3
8a27e000-8a284000 r--s 00000000 08:06 2368535    /var/cache/fontconfig/945677eb7aeaf62f1d50efc3fb3ec7d8-le32d4.cache-3
8a284000-8a286000 r--s 00000000 08:06 2368536    /var/cache/fontconfig/99e8ed0e538f840c565b6ed5dad60d56-le32d4.cache-3
8a286000-8a28c000 r--s 00000000 08:06 2380075    /var/cache/fontconfig/a6d8cf8e4ec09cdbc8633c31745a07dd-le32d4.cache-3
8a28c000-8a28f000 r--s 00000000 08:06 2368522    /var/cache/fontconfig/2cd17615ca594fa2959ae173292e504c-le32d4.cache-3
8a28f000-8a290000 r--s 00000000 08:06 2368547    /var/cache/fontconfig/e7071f4a29fa870f4323321c154eba04-le32d4.cache-3
8a290000-8a291000 r--s 00000000 08:06 2368520    /var/cache/fontconfig/0d8c3b2ac0904cb8a57a757ad11a4a08-le32d4.cache-3
8a291000-8a295000 r--s 00000000 08:06 2368537    /var/cache/fontconfig/a755afe4a08bf5b97852ceb7400b47bc-le32d4.cache-3
8a295000-8a29c000 r--s 00000000 08:06 2378356    /var/cache/fontconfig/6d41288fd70b0be22e8c3a91e032eec0-le32d4.cache-3
8a29c000-8a2a7000 r--s 00000000 08:06 2368519    /var/cache/fontconfig/04aabc0a78ac019cf9454389977116d2-le32d4.cache-3
8a2a7000-8a2aa000 r--s 00000000 08:06 2368525    /var/cache/fontconfig/385c0604a188198f04d133e54aba7fe7-le32d4.cache-3
8a2aa000-8a2ab000 r--s 00000000 08:06 2359515    /var/cache/fontconfig/4794a0821666d79190d59a36cb4f44b5-le32d4.cache-3
8a2ab000-8a2ae000 r--s 00000000 08:06 2368534    /var/cache/fontconfig/8801497958630a81b71ace7c5f9b32a8-le32d4.cache-3
8a2ae000-8a2d0000 r--s 00000000 08:06 2371323    /var/cache/fontconfig/365b55f210c0a22e9a19e35191240f32-le32d4.cache-3
8a2d2000-8a2da000 r-xp 00000000 08:06 263180     /lib/i386-linux-gnu/libwrap.so.0.7.6
8a2da000-8a2db000 r--p 00007000 08:06 263180     /lib/i386-linux-gnu/libwrap.so.0.7.6
8a2db000-8a2dc000 rw-p 00008000 08:06 263180     /lib/i386-linux-gnu/libwrap.so.0.7.6
8a2dc000-8a2e2000 r-xp 00000000 08:06 2233110    /usr/lib/i386-linux-gnu/libjson.so.0.0.1
8a2e2000-8a2e3000 r--p 00005000 08:06 2233110    /usr/lib/i386-linux-gnu/libjson.so.0.0.1
8a2e3000-8a2e4000 rw-p 00006000 08:06 2233110    /usr/lib/i386-linux-gnu/libjson.so.0.0.1
8a2e6000-8a2f1000 r-xp 00000000 08:06 2232925    /usr/lib/i386-linux-gnu/libdrm.so.2.4.0
8a2f1000-8a2f2000 r--p 0000a000 08:06 2232925    /usr/lib/i386-linux-gnu/libdrm.so.2.4.0
8a2f2000-8a2f3000 rw-p 0000b000 08:06 2232925    /usr/lib/i386-linux-gnu/libdrm.so.2.4.0
8a2f3000-8a2fa000 r--s 00000000 08:06 2233679    /usr/lib/i386-linux-gnu/gconv/gconv-modules.cache
8a2fa000-8a2fb000 r--s 00000000 08:06 2368540    /var/cache/fontconfig/c05880de57d1f5e948fdfacc138775d9-le32d4.cache-3
8a2fb000-8a301000 r--s 00000000 08:06 2368535    /var/cache/fontconfig/945677eb7aeaf62f1d50efc3fb3ec7d8-le32d4.cache-3
8a301000-8a303000 r--s 00000000 08:06 2368536    /var/cache/fontconfig/99e8ed0e538f840c565b6ed5dad60d56-le32d4.cache-3
8a303000-8a309000 r--s 00000000 08:06 2380075    /var/cache/fontconfig/a6d8cf8e4ec09cdbc8633c31745a07dd-le32d4.cache-3
8a309000-8a30c000 r--s 00000000 08:06 2368522    /var/cache/fontconfig/2cd17615ca594fa2959ae173292e504c-le32d4.cache-3
8a30c000-8a30d000 r--s 00000000 08:06 2368547    /var/cache/fontconfig/e7071f4a29fa870f4323321c154eba04-le32d4.cache-3
8a30d000-8a30e000 r--s 00000000 08:06 2368520    /var/cache/fontconfig/0d8c3b2ac0904cb8a57a757ad11a4a08-le32d4.cache-3
8a30e000-8a312000 r--s 00000000 08:06 2368537    /var/cache/fontconfig/a755afe4a08bf5b97852ceb7400b47bc-le32d4.cache-3
8a312000-8a319000 r--s 00000000 08:06 2378356    /var/cache/fontconfig/6d41288fd70b0be22e8c3a91e032eec0-le32d4.cache-3
8a319000-8a324000 r--s 00000000 08:06 2368519    /var/cache/fontconfig/04aabc0a78ac019cf9454389977116d2-le32d4.cache-3
8a324000-8a327000 r--s 00000000 08:06 2368525    /var/cache/fontconfig/385c0604a188198f04d133e54aba7fe7-le32d4.cache-3
8a327000-8a328000 r--s 00000000 08:06 2359515    /var/cache/fontconfig/4794a0821666d79190d59a36cb4f44b5-le32d4.cache-3
8a328000-8a32b000 r--s 00000000 08:06 2368534    /var/cache/fontconfig/8801497958630a81b71ace7c5f9b32a8-le32d4.cache-3
8a32b000-8a34d000 r--s 00000000 08:06 2371323    /var/cache/fontconfig/365b55f210c0a22e9a19e35191240f32-le32d4.cache-3
8a34d000-8a351000 r--s 00000000 08:06 2359511    /var/cache/fontconfig/3047814df9a2f067bd2d96a2b9c36e5a-le32d4.cache-3
8a352000-8a353000 r-xp 00000000 08:06 2232762    /usr/lib/i386-linux-gnu/libX11-xcb.so.1.0.0
8a353000-8a354000 r--p 00000000 08:06 2232762    /usr/lib/i386-linux-gnu/libX11-xcb.so.1.0.0
8a354000-8a355000 rw-p 00001000 08:06 2232762    /usr/lib/i386-linux-gnu/libX11-xcb.so.1.0.0
8a355000-8a359000 r--s 00000000 08:06 2359511    /var/cache/fontconfig/3047814df9a2f067bd2d96a2b9c36e5a-le32d4.cache-3
8a359000-8a35a000 r--s 00000000 08:06 2368528    /var/cache/fontconfig/56cf4f4769d0f4abc89a4895d7bd3ae1-le32d4.cache-3
8a35a000-8a35b000 r--s 00000000 08:06 2368539    /var/cache/fontconfig/b9d506c9ac06c20b433354fa67a72993-le32d4.cache-3
8a35b000-8a35f000 r--s 00000000 08:06 2368538    /var/cache/fontconfig/b47c4e1ecd0709278f4910c18777a504-le32d4.cache-3
8a35f000-8a365000 r--s 00000000 08:06 2380074    /var/cache/fontconfig/52f7bdb7ce746bfd7eaa1985bd9cfa93-le32d4.cache-3
8a367000-8a369000 r-xp 00000000 08:06 2232775    /usr/lib/i386-linux-gnu/libXdamage.so.1.1.0
8a369000-8a36a000 r--p 00001000 08:06 2232775    /usr/lib/i386-linux-gnu/libXdamage.so.1.1.0
8a36a000-8a36b000 rw-p 00002000 08:06 2232775    /usr/lib/i386-linux-gnu/libXdamage.so.1.1.0
8a36b000-8a36f000 r-xp 00000000 08:06 2232807    /usr/lib/i386-linux-gnu/libXxf86vm.so.1.0.0
8a36f000-8a370000 r--p 00003000 08:06 2232807    /usr/lib/i386-linux-gnu/libXxf86vm.so.1.0.0
8a370000-8a371000 rw-p 00004000 08:06 2232807    /usr/lib/i386-linux-gnu/libXxf86vm.so.1.0.0
8a371000-8a372000 r-xp 00000000 08:06 17528      /usr/lib/jvm/java-6-openjdk-i386/jre/lib/i386/libjawt.so
8a372000-8a373000 r--p 00000000 08:06 17528      /usr/lib/jvm/java-6-openjdk-i386/jre/lib/i386/libjawt.so
8a373000-8a374000 rw-p 00001000 08:06 17528      /usr/lib/jvm/java-6-openjdk-i386/jre/lib/i386/libjawt.so
8a374000-8a378000 r-xp 00000000 08:06 2232781    /usr/lib/i386-linux-gnu/libXfixes.so.3.1.0
8a378000-8a379000 r--p 00004000 08:06 2232781    /usr/lib/i386-linux-gnu/libXfixes.so.3.1.0
8a379000-8a37a000 rw-p 00005000 08:06 2232781    /usr/lib/i386-linux-gnu/libXfixes.so.3.1.0
8a37a000-8a381000 r-xp 00000000 08:06 2232797    /usr/lib/i386-linux-gnu/libXrandr.so.2.2.0
8a381000-8a382000 r--p 00006000 08:06 2232797    /usr/lib/i386-linux-gnu/libXrandr.so.2.2.0
8a382000-8a383000 rw-p 00007000 08:06 2232797    /usr/lib/i386-linux-gnu/libXrandr.so.2.2.0
8a384000-8a38d000 r-xp 00000000 08:06 2232773    /usr/lib/i386-linux-gnu/libXcursor.so.1.0.2
8a38d000-8a38e000 r--p 00008000 08:06 2232773    /usr/lib/i386-linux-gnu/libXcursor.so.1.0.2
8a38e000-8a38f000 rw-p 00009000 08:06 2232773    /usr/lib/i386-linux-gnu/libXcursor.so.1.0.2
8a38f000-8a396000 r--s 000fc000 08:06 2271911    /usr/lib/jvm/java-6-openjdk-common/jre/lib/resources.jar
8a396000-8a397000 r--s 00127000 08:06 593003     /home/roger/proyectoahorasi/proyecto-isb2013-valyrian/valyrianFirstGame-desktop/libs/gdx-natives.jar
8a397000-8a399000 r--s 0019e000 08:06 592997     /home/roger/proyectoahorasi/proyecto-isb2013-valyrian/valyrianFirstGame-desktop/libs/gdx-backend-lwjgl-natives.jar
8a399000-8a3a6000 r--s 00000000 08:06 2368543    /var/cache/fontconfig/d52a8644073d54c13679302ca1180695-le32d4.cache-3
8a3a6000-8a3aa000 r--s 00000000 08:06 2377600    /var/cache/fontconfig/3f7329c5293ffd510edef78f73874cfd-le32d4.cache-3
8a3aa000-8a3ac000 r--s 00000000 08:06 2368783    /var/cache/fontconfig/e13b20fdb08344e0e664864cc2ede53d-le32d4.cache-3
8a3ac000-8a3af000 r--s 00000000 08:06 2371320    /var/cache/fontconfig/7ef2298fde41cc6eeb7af42e48b7d293-le32d4.cache-3
8a3af000-8a3b2000 ---p 00000000 00:00 0 
8a3b2000-8a400000 rw-p 00000000 00:00 0 
8a400000-8a495000 r-xp 00000000 08:06 2232959    /usr/lib/i386-linux-gnu/libfreetype.so.6.8.0
8a495000-8a499000 r--p 00094000 08:06 2232959    /usr/lib/i386-linux-gnu/libfreetype.so.6.8.0
8a499000-8a49a000 rw-p 00098000 08:06 2232959    /usr/lib/i386-linux-gnu/libfreetype.so.6.8.0
8a49a000-8a4e2000 r-xp 00000000 08:06 17504      /usr/lib/jvm/java-6-openjdk-i386/jre/lib/i386/libfontmanager.so
8a4e2000-8a4e3000 r--p 00048000 08:06 17504      /usr/lib/jvm/java-6-openjdk-i386/jre/lib/i386/libfontmanager.so
8a4e3000-8a4e4000 rw-p 00049000 08:06 17504      /usr/lib/jvm/java-6-openjdk-i386/jre/lib/i386/libfontmanager.so
8a4e4000-8a4e9000 r-xp 00000000 08:06 2232777    /usr/lib/i386-linux-gnu/libXdmcp.so.6.0.0
8a4e9000-8a4ea000 r--p 00004000 08:06 2232777    /usr/lib/i386-linux-gnu/libXdmcp.so.6.0.0
8a4ea000-8a4eb000 rw-p 00005000 08:06 2232777    /usr/lib/i386-linux-gnu/libXdmcp.so.6.0.0
8a4eb000-8a50a000 r-xp 00000000 08:06 2233365    /usr/lib/i386-linux-gnu/libxcb.so.1.1.0
8a50a000-8a50b000 r--p 0001f000 08:06 2233365    /usr/lib/i386-linux-gnu/libxcb.so.1.1.0
8a50b000-8a50c000 rw-p 00020000 08:06 2233365    /usr/lib/i386-linux-gnu/libxcb.so.1.1.0
8a50c000-8a63c000 r-xp 00000000 08:06 2232764    /usr/lib/i386-linux-gnu/libX11.so.6.3.0
8a63c000-8a63d000 r--p 0012f000 08:06 2232764    /usr/lib/i386-linux-gnu/libX11.so.6.3.0
8a63d000-8a63f000 rw-p 00130000 08:06 2232764    /usr/lib/i386-linux-gnu/libX11.so.6.3.0
8a63f000-8a640000 rw-p 00000000 00:00 0 
8a640000-8a6d4000 r-xp 00000000 08:06 17512      /usr/lib/jvm/java-6-openjdk-i386/jre/lib/i386/libawt.so
8a6d4000-8a6d5000 r--p 00093000 08:06 17512      /usr/lib/jvm/java-6-openjdk-i386/jre/lib/i386/libawt.so
8a6d5000-8a6dc000 rw-p 00094000 08:06 17512      /usr/lib/jvm/java-6-openjdk-i386/jre/lib/i386/libawt.so
8a6dc000-8a700000 rw-p 00000000 00:00 0 
8a700000-8a7ff000 rw-p 00000000 00:00 0 
8a7ff000-8a800000 ---p 00000000 00:00 0 
8a800000-8a804000 r--s 00000000 08:06 2368538    /var/cache/fontconfig/b47c4e1ecd0709278f4910c18777a504-le32d4.cache-3
8a804000-8a812000 r-xp 00000000 08:06 2232785    /usr/lib/i386-linux-gnu/libXi.so.6.1.0
8a812000-8a813000 r--p 0000d000 08:06 2232785    /usr/lib/i386-linux-gnu/libXi.so.6.1.0
8a813000-8a814000 rw-p 0000e000 08:06 2232785    /usr/lib/i386-linux-gnu/libXi.so.6.1.0
8a814000-8a819000 r-xp 00000000 08:06 2232803    /usr/lib/i386-linux-gnu/libXtst.so.6.1.0
8a819000-8a81a000 r--p 00004000 08:06 2232803    /usr/lib/i386-linux-gnu/libXtst.so.6.1.0
8a81a000-8a81b000 rw-p 00005000 08:06 2232803    /usr/lib/i386-linux-gnu/libXtst.so.6.1.0
8a81b000-8a823000 r-xp 00000000 08:06 2232799    /usr/lib/i386-linux-gnu/libXrender.so.1.3.0
8a823000-8a824000 r--p 00007000 08:06 2232799    /usr/lib/i386-linux-gnu/libXrender.so.1.3.0
8a824000-8a825000 rw-p 00008000 08:06 2232799    /usr/lib/i386-linux-gnu/libXrender.so.1.3.0
8a825000-8a871000 r-xp 00000000 08:06 14977      /usr/lib/jvm/java-6-openjdk-i386/jre/lib/i386/xawt/libmawt.so
8a871000-8a872000 r--p 0004b000 08:06 14977      /usr/lib/jvm/java-6-openjdk-i386/jre/lib/i386/xawt/libmawt.so
8a872000-8a874000 rw-p 0004c000 08:06 14977      /usr/lib/jvm/java-6-openjdk-i386/jre/lib/i386/xawt/libmawt.so
8a874000-8a875000 rw-p 00000000 00:00 0 
8a875000-8a876000 ---p 00000000 00:00 0 
8a876000-8a8f6000 rw-p 00000000 00:00 0 
8a8f6000-8a8f9000 ---p 00000000 00:00 0 
8a8f9000-8a947000 rw-p 00000000 00:00 0 
8a947000-8a94a000 ---p 00000000 00:00 0 
8a94a000-8a9c8000 rw-p 00000000 00:00 0 
8a9c8000-8a9cb000 ---p 00000000 00:00 0 
8a9cb000-8aa49000 rw-p 00000000 00:00 0 
8aa49000-8ac49000 r--p 00000000 08:06 2235956    /usr/lib/locale/locale-archive
8ac49000-8ac4c000 ---p 00000000 00:00 0 
8ac4c000-8ac9a000 rw-p 00000000 00:00 0 
8ac9a000-8ac9d000 ---p 00000000 00:00 0 
8ac9d000-8aceb000 rw-p 00000000 00:00 0 
8aceb000-8acec000 ---p 00000000 00:00 0 
8acec000-8ad6c000 rw-p 00000000 00:00 0 
8ad6c000-8af00000 r--s 03807000 08:06 17497      /usr/lib/jvm/java-6-openjdk-i386/jre/lib/rt.jar
8af00000-8aff9000 rw-p 00000000 00:00 0 
8aff9000-8b000000 ---p 00000000 00:00 0 
8b000000-8b006000 r--s 00000000 08:06 2380074    /var/cache/fontconfig/52f7bdb7ce746bfd7eaa1985bd9cfa93-le32d4.cache-3
8b006000-8b016000 r-xp 00000000 08:06 2232779    /usr/lib/i386-linux-gnu/libXext.so.6.4.0
8b016000-8b017000 r--p 0000f000 08:06 2232779    /usr/lib/i386-linux-gnu/libXext.so.6.4.0
8b017000-8b018000 rw-p 00010000 08:06 2232779    /usr/lib/i386-linux-gnu/libXext.so.6.4.0
8b018000-8b025000 r--s 00000000 08:06 2368543    /var/cache/fontconfig/d52a8644073d54c13679302ca1180695-le32d4.cache-3
8b025000-8b029000 r--s 00000000 08:06 2377600    /var/cache/fontconfig/3f7329c5293ffd510edef78f73874cfd-le32d4.cache-3
8b029000-8b02b000 r--s 00000000 08:06 2368783    /var/cache/fontconfig/e13b20fdb08344e0e664864cc2ede53d-le32d4.cache-3
8b02b000-8b02e000 r--s 00000000 08:06 2371320    /var/cache/fontconfig/7ef2298fde41cc6eeb7af42e48b7d293-le32d4.cache-3
8b02e000-8b031000 ---p 00000000 00:00 0 
8b031000-8b07f000 rw-p 00000000 00:00 0 
8b07f000-8b080000 ---p 00000000 00:00 0 
8b080000-8b100000 rw-p 00000000 00:00 0 
8b100000-8b121000 rw-p 00000000 00:00 0 
8b121000-8b200000 ---p 00000000 00:00 0 
8b201000-8b202000 rwxp 00000000 00:00 0 
8b202000-8b214000 r--s 00128000 08:06 593000     /home/roger/proyectoahorasi/proyecto-isb2013-valyrian/valyrianFirstGame-desktop/libs/gdx-backend-lwjgl.jar
8b214000-8b217000 r--s 0001b000 08:06 593023     /home/roger/proyectoahorasi/proyecto-isb2013-valyrian/valyrianFirstGame/libs/libgdx-utils.jar
8b217000-8b21a000 r--s 0007f000 08:06 2271919    /usr/lib/jvm/java-6-openjdk-common/jre/lib/jsse.jar
8b21a000-8b230000 r--s 0014b000 08:06 593022     /home/roger/proyectoahorasi/proyecto-isb2013-valyrian/valyrianFirstGame/libs/gdx.jar
8b230000-8b263000 rw-p 00000000 00:00 0 
8b263000-8b264000 ---p 00000000 00:00 0 
8b264000-8b2ec000 rw-p 00000000 00:00 0 
8b2ec000-8b324000 rw-p 00000000 00:00 0 
8b324000-8b32f000 rw-p 00000000 00:00 0 
8b32f000-8b3cf000 rw-p 00000000 00:00 0 
8b3cf000-8b3d7000 rw-p 00000000 00:00 0 
8b3d7000-8b40f000 rw-p 00000000 00:00 0 
8b40f000-8b41a000 rw-p 00000000 00:00 0 
8b41a000-8b4b9000 rw-p 00000000 00:00 0 
8b4b9000-8b4bf000 rw-p 00000000 00:00 0 
8b4bf000-8b50f000 rw-p 00000000 00:00 0 
8b50f000-8c510000 rw-p 00000000 00:00 0 
8c510000-93510000 rw-p 00000000 00:00 0 
93510000-949b0000 rw-p 00000000 00:00 0 
949b0000-a8a70000 rw-p 00000000 00:00 0 
a8a70000-a94c0000 rw-p 00000000 00:00 0 
a94c0000-b3510000 rw-p 00000000 00:00 0 
b3510000-b3511000 r--s 00000000 08:06 2368528    /var/cache/fontconfig/56cf4f4769d0f4abc89a4895d7bd3ae1-le32d4.cache-3
b3511000-b3512000 r--s 00000000 08:06 2368539    /var/cache/fontconfig/b9d506c9ac06c20b433354fa67a72993-le32d4.cache-3
b3512000-b3514000 r-xp 00000000 08:06 2232766    /usr/lib/i386-linux-gnu/libXau.so.6.0.0
b3514000-b3515000 r--p 00001000 08:06 2232766    /usr/lib/i386-linux-gnu/libXau.so.6.0.0
b3515000-b3516000 rw-p 00002000 08:06 2232766    /usr/lib/i386-linux-gnu/libXau.so.6.0.0
b3516000-b3517000 r--s 00002000 08:06 594387     /home/roger/proyectoahorasi/proyecto-isb2013-valyrian/valyrianFirstGame/libs/gdx-controllers/gdx-controllers.jar
b3517000-b3518000 r--s 00003000 08:06 594386     /home/roger/proyectoahorasi/proyecto-isb2013-valyrian/valyrianFirstGame/libs/gdx-controllers/gdx-controllers-gwt.jar
b3518000-b3519000 r--s 00004000 08:06 594382     /home/roger/proyectoahorasi/proyecto-isb2013-valyrian/valyrianFirstGame/libs/gdx-controllers/gdx-controllers-desktop.jar
b3519000-b3522000 rw-p 00000000 00:00 0 
b3522000-b35d9000 rw-p 00000000 00:00 0 
b35d9000-b3819000 rwxp 00000000 00:00 0 
b3819000-b65d9000 rw-p 00000000 00:00 0 
b65d9000-b65e4000 r-xp 00000000 08:06 263122     /lib/i386-linux-gnu/libnss_files-2.15.so
b65e4000-b65e5000 r--p 0000a000 08:06 263122     /lib/i386-linux-gnu/libnss_files-2.15.so
b65e5000-b65e6000 rw-p 0000b000 08:06 263122     /lib/i386-linux-gnu/libnss_files-2.15.so
b65e6000-b65fc000 r-xp 00000000 08:06 263116     /lib/i386-linux-gnu/libnsl-2.15.so
b65fc000-b65fd000 r--p 00015000 08:06 263116     /lib/i386-linux-gnu/libnsl-2.15.so
b65fd000-b65fe000 rw-p 00016000 08:06 263116     /lib/i386-linux-gnu/libnsl-2.15.so
b65fe000-b6600000 rw-p 00000000 00:00 0 
b6600000-b6700000 rw-p 00000000 00:00 0 
b6700000-b6703000 r--s 00077000 08:06 2382082    /usr/lib/jvm/java-6-openjdk-common/jre/lib/ext/localedata.jar
b6703000-b6707000 r--s 00039000 08:06 2382080    /usr/lib/jvm/java-6-openjdk-common/jre/lib/ext/sunpkcs11.jar
b6707000-b6711000 r-xp 00000000 08:06 263126     /lib/i386-linux-gnu/libnss_nis-2.15.so
b6711000-b6712000 r--p 00009000 08:06 263126     /lib/i386-linux-gnu/libnss_nis-2.15.so
b6712000-b6713000 rw-p 0000a000 08:06 263126     /lib/i386-linux-gnu/libnss_nis-2.15.so
b6713000-b671a000 r-xp 00000000 08:06 263118     /lib/i386-linux-gnu/libnss_compat-2.15.so
b671a000-b671b000 r--p 00006000 08:06 263118     /lib/i386-linux-gnu/libnss_compat-2.15.so
b671b000-b671c000 rw-p 00007000 08:06 263118     /lib/i386-linux-gnu/libnss_compat-2.15.so
b671c000-b671d000 r--s 00100000 08:06 594381     /home/roger/proyectoahorasi/proyecto-isb2013-valyrian/valyrianFirstGame/libs/gdx-controllers/gdx-controllers-desktop-natives.jar
b671d000-b671e000 r--s 00002000 08:06 594380     /home/roger/proyectoahorasi/proyecto-isb2013-valyrian/valyrianFirstGame/libs/gdx-controllers/gdx-controllers-android.jar
b671e000-b6721000 r--s 00031000 08:06 2382084    /usr/lib/jvm/java-6-openjdk-common/jre/lib/ext/sunjce_provider.jar
b6721000-b6728000 r-xp 00000000 08:06 17517      /usr/lib/jvm/java-6-openjdk-i386/jre/lib/i386/libzip.so
b6728000-b6729000 r--p 00006000 08:06 17517      /usr/lib/jvm/java-6-openjdk-i386/jre/lib/i386/libzip.so
b6729000-b672a000 rw-p 00007000 08:06 17517      /usr/lib/jvm/java-6-openjdk-i386/jre/lib/i386/libzip.so
b672a000-b6732000 rw-s 00000000 08:06 2097228    /tmp/hsperfdata_roger/13170
b6732000-b6758000 r-xp 00000000 08:06 17507      /usr/lib/jvm/java-6-openjdk-i386/jre/lib/i386/libjava.so
b6758000-b6759000 r--p 00025000 08:06 17507      /usr/lib/jvm/java-6-openjdk-i386/jre/lib/i386/libjava.so
b6759000-b675b000 rw-p 00026000 08:06 17507      /usr/lib/jvm/java-6-openjdk-i386/jre/lib/i386/libjava.so
b675b000-b6762000 r-xp 00000000 08:06 263157     /lib/i386-linux-gnu/librt-2.15.so
b6762000-b6763000 r--p 00006000 08:06 263157     /lib/i386-linux-gnu/librt-2.15.so
b6763000-b6764000 rw-p 00007000 08:06 263157     /lib/i386-linux-gnu/librt-2.15.so
b6764000-b6767000 ---p 00000000 00:00 0 
b6767000-b67b5000 rw-p 00000000 00:00 0 
b67b5000-b67d1000 r-xp 00000000 08:06 263092     /lib/i386-linux-gnu/libgcc_s.so.1
b67d1000-b67d2000 r--p 0001b000 08:06 263092     /lib/i386-linux-gnu/libgcc_s.so.1
b67d2000-b67d3000 rw-p 0001c000 08:06 263092     /lib/i386-linux-gnu/libgcc_s.so.1
b67d3000-b67fd000 r-xp 00000000 08:06 263103     /lib/i386-linux-gnu/libm-2.15.so
b67fd000-b67fe000 r--p 00029000 08:06 263103     /lib/i386-linux-gnu/libm-2.15.so
b67fe000-b67ff000 rw-p 0002a000 08:06 263103     /lib/i386-linux-gnu/libm-2.15.so
b67ff000-b68d7000 r-xp 00000000 08:06 2233293    /usr/lib/i386-linux-gnu/libstdc++.so.6.0.16
b68d7000-b68d8000 ---p 000d8000 08:06 2233293    /usr/lib/i386-linux-gnu/libstdc++.so.6.0.16
b68d8000-b68dc000 r--p 000d8000 08:06 2233293    /usr/lib/i386-linux-gnu/libstdc++.so.6.0.16
b68dc000-b68dd000 rw-p 000dc000 08:06 2233293    /usr/lib/i386-linux-gnu/libstdc++.so.6.0.16
b68dd000-b68e4000 rw-p 00000000 00:00 0 
b68e4000-b7104000 r-xp 00000000 08:06 17500      /usr/lib/jvm/java-6-openjdk-i386/jre/lib/i386/server/libjvm.so
b7104000-b7149000 r--p 0081f000 08:06 17500      /usr/lib/jvm/java-6-openjdk-i386/jre/lib/i386/server/libjvm.so
b7149000-b7158000 rw-p 00864000 08:06 17500      /usr/lib/jvm/java-6-openjdk-i386/jre/lib/i386/server/libjvm.so
b7158000-b7574000 rw-p 00000000 00:00 0 
b7574000-b7588000 r-xp 00000000 08:06 263182     /lib/i386-linux-gnu/libz.so.1.2.3.4
b7588000-b7589000 r--p 00013000 08:06 263182     /lib/i386-linux-gnu/libz.so.1.2.3.4
b7589000-b758a000 rw-p 00014000 08:06 263182     /lib/i386-linux-gnu/libz.so.1.2.3.4
b758a000-b7729000 r-xp 00000000 08:06 263071     /lib/i386-linux-gnu/libc-2.15.so
b7729000-b772b000 r--p 0019f000 08:06 263071     /lib/i386-linux-gnu/libc-2.15.so
b772b000-b772c000 rw-p 001a1000 08:06 263071     /lib/i386-linux-gnu/libc-2.15.so
b772c000-b772f000 rw-p 00000000 00:00 0 
b772f000-b7732000 r-xp 00000000 08:06 263084     /lib/i386-linux-gnu/libdl-2.15.so
b7732000-b7733000 r--p 00002000 08:06 263084     /lib/i386-linux-gnu/libdl-2.15.so
b7733000-b7734000 rw-p 00003000 08:06 263084     /lib/i386-linux-gnu/libdl-2.15.so
b7734000-b7738000 r-xp 00000000 08:06 17516      /usr/lib/jvm/java-6-openjdk-i386/jre/lib/i386/jli/libjli.so
b7738000-b7739000 r--p 00003000 08:06 17516      /usr/lib/jvm/java-6-openjdk-i386/jre/lib/i386/jli/libjli.so
b7739000-b773a000 rw-p 00004000 08:06 17516      /usr/lib/jvm/java-6-openjdk-i386/jre/lib/i386/jli/libjli.so
b773a000-b773b000 rw-p 00000000 00:00 0 
b773b000-b7752000 r-xp 00000000 08:06 263151     /lib/i386-linux-gnu/libpthread-2.15.so
b7752000-b7753000 r--p 00016000 08:06 263151     /lib/i386-linux-gnu/libpthread-2.15.so
b7753000-b7754000 rw-p 00017000 08:06 263151     /lib/i386-linux-gnu/libpthread-2.15.so
b7754000-b7756000 rw-p 00000000 00:00 0 
b7756000-b7757000 r--s 00007000 08:06 2511056    /usr/share/java/java-atk-wrapper.jar
b7757000-b7759000 r--s 0000f000 08:06 2382081    /usr/lib/jvm/java-6-openjdk-common/jre/lib/ext/pulse-java.jar
b7759000-b775b000 r--s 00001000 08:06 2382083    /usr/lib/jvm/java-6-openjdk-common/jre/lib/ext/dnsns.jar
b775b000-b775c000 r--p 005e0000 08:06 2235956    /usr/lib/locale/locale-archive
b775c000-b775d000 rw-p 00000000 00:00 0 
b775d000-b775e000 r--p 00000000 00:00 0 
b775e000-b7769000 r-xp 00000000 08:06 17532      /usr/lib/jvm/java-6-openjdk-i386/jre/lib/i386/libverify.so
b7769000-b776a000 ---p 0000b000 08:06 17532      /usr/lib/jvm/java-6-openjdk-i386/jre/lib/i386/libverify.so
b776a000-b776b000 r--p 0000b000 08:06 17532      /usr/lib/jvm/java-6-openjdk-i386/jre/lib/i386/libverify.so
b776b000-b776c000 rw-p 0000c000 08:06 17532      /usr/lib/jvm/java-6-openjdk-i386/jre/lib/i386/libverify.so
b776c000-b776e000 rw-p 00000000 00:00 0 
b776e000-b776f000 r-xp 00000000 00:00 0          [vdso]
b776f000-b778f000 r-xp 00000000 08:06 263051     /lib/i386-linux-gnu/ld-2.15.so
b778f000-b7790000 r--p 0001f000 08:06 263051     /lib/i386-linux-gnu/ld-2.15.so
b7790000-b7791000 rw-p 00020000 08:06 263051     /lib/i386-linux-gnu/ld-2.15.so
bfbb7000-bfbd8000 rw-p 00000000 00:00 0          [stack]

VM Arguments:
jvm_args: -Dfile.encoding=UTF-8 
java_command: com.valyrian.firstgame.Main
Launcher Type: SUN_STANDARD

Environment Variables:
PATH=/usr/lib/lightdm/lightdm:/usr/local/sbin:/usr/local/bin:/usr/sbin:/usr/bin:/sbin:/bin:/usr/games
LD_LIBRARY_PATH=/usr/lib/jvm/java-6-openjdk-i386/jre/lib/i386/server:/usr/lib/jvm/java-6-openjdk-i386/jre/lib/i386:/usr/lib/jvm/java-6-openjdk-i386/jre/../lib/i386:/usr/lib/jvm/java-6-openjdk-i386/jre/lib/i386/client:/usr/lib/jvm/java-6-openjdk-i386/jre/lib/i386:
SHELL=/bin/bash
DISPLAY=:0

Signal Handlers:
SIGSEGV: [libjvm.so+0x66e730], sa_mask[0]=0x7ffbfeff, sa_flags=0x10000004
SIGBUS: [libjvm.so+0x66e730], sa_mask[0]=0x7ffbfeff, sa_flags=0x10000004
SIGFPE: [libjvm.so+0x530470], sa_mask[0]=0x7ffbfeff, sa_flags=0x10000004
SIGPIPE: [libjvm.so+0x530470], sa_mask[0]=0x7ffbfeff, sa_flags=0x10000004
SIGXFSZ: [libjvm.so+0x530470], sa_mask[0]=0x7ffbfeff, sa_flags=0x10000004
SIGILL: [libjvm.so+0x530470], sa_mask[0]=0x7ffbfeff, sa_flags=0x10000004
SIGUSR1: SIG_DFL, sa_mask[0]=0x00000000, sa_flags=0x00000000
SIGUSR2: [libjvm.so+0x530300], sa_mask[0]=0x00000004, sa_flags=0x10000004
SIGHUP: [libjvm.so+0x533290], sa_mask[0]=0x7ffbfeff, sa_flags=0x10000004
SIGINT: [libjvm.so+0x533290], sa_mask[0]=0x7ffbfeff, sa_flags=0x10000004
SIGTERM: [libjvm.so+0x533290], sa_mask[0]=0x7ffbfeff, sa_flags=0x10000004
SIGQUIT: [libjvm.so+0x533290], sa_mask[0]=0x7ffbfeff, sa_flags=0x10000004


---------------  S Y S T E M  ---------------

OS:Ubuntu 12.04 (precise)
uname:Linux 3.2.0-29-generic-pae #46-Ubuntu SMP Fri Jul 27 17:25:43 UTC 2012 i686
libc:glibc 2.15 NPTL 2.15 
rlimit: STACK 8192k, CORE 0k, NPROC 15720, NOFILE 4096, AS infinity
load average:0.41 0.27 0.33

/proc/meminfo:
MemTotal:        2026732 kB
MemFree:          206600 kB
Buffers:           40140 kB
Cached:           525796 kB
SwapCached:          592 kB
Active:          1039076 kB
Inactive:         677424 kB
Active(anon):     850772 kB
Inactive(anon):   524500 kB
Active(file):     188304 kB
Inactive(file):   152924 kB
Unevictable:          40 kB
Mlocked:              40 kB
HighTotal:       1148552 kB
HighFree:          17868 kB
LowTotal:         878180 kB
LowFree:          188732 kB
SwapTotal:       2060284 kB
SwapFree:        2026612 kB
Dirty:               248 kB
Writeback:             0 kB
AnonPages:       1150128 kB
Mapped:           136444 kB
Shmem:            224584 kB
Slab:              65288 kB
SReclaimable:      48136 kB
SUnreclaim:        17152 kB
KernelStack:        3720 kB
PageTables:        12492 kB
NFS_Unstable:          0 kB
Bounce:                0 kB
WritebackTmp:          0 kB
CommitLimit:     3073648 kB
Committed_AS:    4043924 kB
VmallocTotal:     122880 kB
VmallocUsed:       16468 kB
VmallocChunk:     101548 kB
HardwareCorrupted:     0 kB
AnonHugePages:         0 kB
HugePages_Total:       0
HugePages_Free:        0
HugePages_Rsvd:        0
HugePages_Surp:        0
Hugepagesize:       2048 kB
DirectMap4k:       10232 kB
DirectMap2M:      903168 kB


CPU:total 2 (2 cores per cpu, 1 threads per core) family 6 model 23 stepping 10, cmov, cx8, fxsr, mmx, sse, sse2, sse3, ssse3, sse4.1

Memory: 4k page, physical 2026732k(206600k free), swap 2060284k(2026612k free)

vm_info: OpenJDK Server VM (20.0-b12) for linux-x86 JRE (1.6.0_27-b27), built on Jul 17 2013 13:43:50 by "buildd" with gcc 4.6.3

time: Sat Feb 22 23:19:28 2014
elapsed time: 5 seconds

