#
# A fatal error has been detected by the Java Runtime Environment:
#
#  SIGSEGV (0xb) at pc=0x097084c0, pid=13211, tid=2234506048
#
# JRE version: 6.0_27-b27
# Java VM: OpenJDK Server VM (20.0-b12 mixed mode linux-x86 )
# Derivative: IcedTea6 1.12.6
# Distribution: Ubuntu 12.04 LTS, package 6b27-1.12.6-1ubuntu0.12.04.2
# Problematic frame:
# C  0x097084c0
#
# If you would like to submit a bug report, please include
# instructions how to reproduce the bug and visit:
#   https://bugs.launchpad.net/ubuntu/+source/openjdk-6/
# The crash happened outside the Java Virtual Machine in native code.
# See problematic frame for where to report the bug.
#

---------------  T H R E A D  ---------------

Current thread (0x8a7fa800):  JavaThread "LWJGL Application" [_thread_in_native, id=13232, stack(0x852ad000,0x852fe000)]

siginfo:si_signo=SIGSEGV: si_errno=0, si_code=2 (SEGV_ACCERR), si_addr=0x097084c0

Registers:
EAX=0x09708500, EBX=0x8a2dfff4, ECX=0x00000000, EDX=0x097084c0
ESP=0x852fc97c, EBP=0x096e0d88, ESI=0x097084c0, EDI=0x00000800
EIP=0x097084c0, EFLAGS=0x00010216, CR2=0x097084c0

Top of Stack: (sp=0x852fc97c)
0x852fc97c:   8a28fb84 097084c0 09708500 096eae44
0x852fc98c:   0970a68c 0940c698 095d65f0 00000002
0x852fc99c:   00000002 00000000 400c645f 852fc9d4
0x852fc9ac:   0930f900 00000002 002fca04 096eae38
0x852fc9bc:   0970a680 00000000 c2f00000 00000000
0x852fc9cc:   00000000 00000000 00000000 096c7bb0
0x852fc9dc:   097086a0 09708380 00000000 00000000
0x852fc9ec:   00000000 00000000 3f800000 3f800000 

Instructions: (pc=0x097084c0)
0x097084a0:   88 1f 6f 09 04 00 00 00 ed 04 00 00 00 00 00 00
0x097084b0:   00 00 00 00 00 00 00 00 00 00 00 00 00 00 00 00
0x097084c0:   c0 84 70 09 24 00 00 00 00 00 00 00 00 00 00 00
0x097084d0:   80 a6 70 09 c0 84 70 09 00 00 00 00 00 00 00 00 

Register to memory mapping:

EAX=0x09708500 is an unknown value
EBX=0x8a2dfff4: <offset 0x72ff4> in /tmp/libgdxroger/98aad7b2/libgdx.so at 0x8a26d000
ECX=0x00000000 is an unknown value
EDX=0x097084c0 is an unknown value
ESP=0x852fc97c is pointing into the stack for thread: 0x8a7fa800
EBP=0x096e0d88 is an unknown value
ESI=0x097084c0 is an unknown value
EDI=0x00000800 is an unknown value


Stack: [0x852ad000,0x852fe000],  sp=0x852fc97c,  free space=318k
Native frames: (J=compiled Java code, j=interpreted, Vv=VM code, C=native code)
C  0x097084c0

Java frames: (J=compiled Java code, j=interpreted, Vv=VM code)
j  com.badlogic.gdx.physics.box2d.World.jniStep(JFII)V+0
j  com.badlogic.gdx.physics.box2d.World.step(FII)V+8
j  com.valyrian.firstgame.pantallas.pruebas.PantallaPruebaPersonaje.render(F)V+32
j  com.badlogic.gdx.Game.render()V+19
j  com.badlogic.gdx.backends.lwjgl.LwjglApplication.mainLoop()V+642
j  com.badlogic.gdx.backends.lwjgl.LwjglApplication$1.run()V+27
v  ~StubRoutines::call_stub

---------------  P R O C E S S  ---------------

Java Threads: ( => current thread )
  0xb6606000 JavaThread "DestroyJavaVM" [_thread_blocked, id=13216, stack(0xb67c7000,0xb6818000)]
=>0x8a7fa800 JavaThread "LWJGL Application" [_thread_in_native, id=13232, stack(0x852ad000,0x852fe000)]
  0x8a7e4c00 JavaThread "AWT-XAWT" daemon [_thread_in_native, id=13228, stack(0x8a21c000,0x8a26d000)]
  0x8a773400 JavaThread "Java2D Disposer" daemon [_thread_blocked, id=13227, stack(0x8a41b000,0x8a46c000)]
  0xb66a5800 JavaThread "Low Memory Detector" daemon [_thread_blocked, id=13225, stack(0x8a977000,0x8a9c8000)]
  0xb66a3c00 JavaThread "C2 CompilerThread1" daemon [_thread_blocked, id=13224, stack(0x8a9c8000,0x8aa49000)]
  0xb66a1c00 JavaThread "C2 CompilerThread0" daemon [_thread_blocked, id=13223, stack(0x8aa49000,0x8aaca000)]
  0xb66a0800 JavaThread "Signal Dispatcher" daemon [_thread_blocked, id=13222, stack(0x8aaca000,0x8ab1b000)]
  0xb6690000 JavaThread "Finalizer" daemon [_thread_blocked, id=13221, stack(0x8ad1b000,0x8ad6c000)]
  0xb668e800 JavaThread "Reference Handler" daemon [_thread_blocked, id=13220, stack(0x8b02e000,0x8b07f000)]

Other Threads:
  0xb668bc00 VMThread [stack: 0x8b07f000,0x8b100000] [id=13219]
  0xb66a7400 WatcherThread [stack: 0x8a8f6000,0x8a977000] [id=13226]

VM state:not at safepoint (normal execution)

VM Mutex/Monitor currently owned by a thread: None

Heap
 PSYoungGen      total 9280K, used 7203K [0xa8aa0000, 0xa94f0000, 0xb3540000)
  eden space 8000K, 74% used [0xa8aa0000,0xa9068e40,0xa9270000)
  from space 1280K, 99% used [0xa93b0000,0xa94efe90,0xa94f0000)
  to   space 1280K, 0% used [0xa9270000,0xa9270000,0xa93b0000)
 PSOldGen        total 21120K, used 740K [0x93540000, 0x949e0000, 0xa8aa0000)
  object space 21120K, 3% used [0x93540000,0x935f9160,0x949e0000)
 PSPermGen       total 16384K, used 8340K [0x8b540000, 0x8c540000, 0x93540000)
  object space 16384K, 50% used [0x8b540000,0x8bd65208,0x8c540000)

Code Cache  [0xb3600000, 0xb3840000, 0xb6600000)
 total_blobs=439 nmethods=136 adapters=258 free_code_cache=49683072 largest_free_block=6080

Dynamic libraries:
08048000-08051000 r-xp 00000000 08:06 17488      /usr/lib/jvm/java-6-openjdk-i386/jre/bin/java
08051000-08052000 r--p 00008000 08:06 17488      /usr/lib/jvm/java-6-openjdk-i386/jre/bin/java
08052000-08053000 rw-p 00009000 08:06 17488      /usr/lib/jvm/java-6-openjdk-i386/jre/bin/java
0930e000-09cd0000 rw-p 00000000 00:00 0          [heap]
80d02000-81902000 rw-s 433bf000 00:05 7876       /dev/dri/card0
81902000-82502000 rw-s 427bf000 00:05 7876       /dev/dri/card0
82a81000-83681000 rw-s 41bbf000 00:05 7876       /dev/dri/card0
836ad000-8392d000 rw-s 443cf000 00:05 7876       /dev/dri/card0
839f4000-83a00000 rw-s 4485b000 00:05 7876       /dev/dri/card0
83a00000-83a0c000 rw-s 4484f000 00:05 7876       /dev/dri/card0
83a0c000-83a18000 rw-s 44843000 00:05 7876       /dev/dri/card0
83a18000-83a24000 rw-s 44837000 00:05 7876       /dev/dri/card0
83a24000-83a30000 rw-s 4482b000 00:05 7876       /dev/dri/card0
83a30000-83a3c000 rw-s 4481f000 00:05 7876       /dev/dri/card0
83a3c000-83a48000 rw-s 44813000 00:05 7876       /dev/dri/card0
83a48000-83a54000 rw-s 44807000 00:05 7876       /dev/dri/card0
83a54000-83a60000 rw-s 447fb000 00:05 7876       /dev/dri/card0
83a60000-83a6c000 rw-s 447ef000 00:05 7876       /dev/dri/card0
83a6c000-83a78000 rw-s 447e3000 00:05 7876       /dev/dri/card0
83a78000-83a84000 rw-s 447d7000 00:05 7876       /dev/dri/card0
83a84000-83a90000 rw-s 447cb000 00:05 7876       /dev/dri/card0
83a90000-83a9c000 rw-s 447bf000 00:05 7876       /dev/dri/card0
83a9c000-83aa8000 rw-s 447b3000 00:05 7876       /dev/dri/card0
83aa8000-83b18000 rw-s 446d7000 00:05 7876       /dev/dri/card0
83b18000-83b40000 rw-s 446af000 00:05 7876       /dev/dri/card0
83b40000-83ba0000 rw-s 4464f000 00:05 7876       /dev/dri/card0
83ba0000-83ca0000 rw-s 442cf000 00:05 7876       /dev/dri/card0
83ca0000-83d80000 rw-s 441ef000 00:05 7876       /dev/dri/card0
83d80000-83e40000 rw-s 4412f000 00:05 7876       /dev/dri/card0
83e40000-83f00000 rw-s 4406f000 00:05 7876       /dev/dri/card0
83f00000-83fe4000 rw-p 00000000 00:00 0 
83fe4000-84000000 ---p 00000000 00:00 0 
84000000-84100000 rw-p 00000000 00:00 0 
84100000-84200000 rw-p 00000000 00:00 0 
84208000-84214000 rw-s 447a7000 00:05 7876       /dev/dri/card0
84214000-84274000 rw-s 4400f000 00:05 7876       /dev/dri/card0
84274000-84cf8000 rw-p 00000000 00:00 0 
84cf8000-84d32000 rw-p 00000000 00:00 0 
84d33000-84d3f000 rw-s 4479b000 00:05 7876       /dev/dri/card0
84d3f000-84d67000 rw-s 44773000 00:05 7876       /dev/dri/card0
84d67000-84d7b000 rw-s 4475f000 00:05 7876       /dev/dri/card0
84d7b000-84d87000 rw-s 44753000 00:05 7876       /dev/dri/card0
84d87000-84dd7000 rw-s 43fbf000 00:05 7876       /dev/dri/card0
84dd7000-84df4000 r-xp 00000000 08:06 2232927    /usr/lib/i386-linux-gnu/libdrm_intel.so.1.0.0
84df4000-84df5000 r--p 0001c000 08:06 2232927    /usr/lib/i386-linux-gnu/libdrm_intel.so.1.0.0
84df5000-84df6000 rw-p 0001d000 08:06 2232927    /usr/lib/i386-linux-gnu/libdrm_intel.so.1.0.0
84df6000-84e1c000 r-xp 00000000 08:06 266235     /lib/i386-linux-gnu/libexpat.so.1.5.2
84e1c000-84e1d000 ---p 00026000 08:06 266235     /lib/i386-linux-gnu/libexpat.so.1.5.2
84e1d000-84e1f000 r--p 00026000 08:06 266235     /lib/i386-linux-gnu/libexpat.so.1.5.2
84e1f000-84e20000 rw-p 00028000 08:06 266235     /lib/i386-linux-gnu/libexpat.so.1.5.2
84e20000-84f35000 r-xp 00000000 08:06 2234041    /usr/lib/i386-linux-gnu/dri/libglsl.so
84f35000-84f3a000 r--p 00114000 08:06 2234041    /usr/lib/i386-linux-gnu/dri/libglsl.so
84f3a000-84f3c000 rw-p 00119000 08:06 2234041    /usr/lib/i386-linux-gnu/dri/libglsl.so
84f3c000-84f3d000 rw-p 00000000 00:00 0 
84f3d000-85198000 r-xp 00000000 08:06 2233022    /usr/lib/i386-linux-gnu/dri/libdricore.so
85198000-85199000 ---p 0025b000 08:06 2233022    /usr/lib/i386-linux-gnu/dri/libdricore.so
85199000-8519f000 r--p 0025b000 08:06 2233022    /usr/lib/i386-linux-gnu/dri/libdricore.so
8519f000-851a1000 rw-p 00261000 08:06 2233022    /usr/lib/i386-linux-gnu/dri/libdricore.so
851a1000-851b6000 rw-p 00000000 00:00 0 
851b6000-85290000 r-xp 00000000 08:06 2233005    /usr/lib/i386-linux-gnu/dri/i965_dri.so
85290000-85292000 r--p 000d9000 08:06 2233005    /usr/lib/i386-linux-gnu/dri/i965_dri.so
85292000-85294000 rw-p 000db000 08:06 2233005    /usr/lib/i386-linux-gnu/dri/i965_dri.so
85294000-85295000 rw-p 00000000 00:00 0 
85295000-852ab000 r-xp 00000000 08:06 2233355    /usr/lib/i386-linux-gnu/libxcb-glx.so.0.0.0
852ab000-852ac000 r--p 00016000 08:06 2233355    /usr/lib/i386-linux-gnu/libxcb-glx.so.0.0.0
852ac000-852ad000 rw-p 00017000 08:06 2233355    /usr/lib/i386-linux-gnu/libxcb-glx.so.0.0.0
852ad000-852b0000 ---p 00000000 00:00 0 
852b0000-852fe000 rw-p 00000000 00:00 0 
852fe000-852ff000 ---p 00000000 00:00 0 
852ff000-853ff000 rw-p 00000000 00:00 0 
853ff000-89400000 rw-s 00000000 00:12 247519     /run/shm/pulse-shm-3380202542
89400000-8947f000 rw-p 00000000 00:00 0 
8947f000-89500000 ---p 00000000 00:00 0 
89507000-89510000 r-xp 00000000 08:06 2233202    /usr/lib/i386-linux-gnu/libpciaccess.so.0.11.0
89510000-89511000 r--p 00008000 08:06 2233202    /usr/lib/i386-linux-gnu/libpciaccess.so.0.11.0
89511000-89512000 rw-p 00009000 08:06 2233202    /usr/lib/i386-linux-gnu/libpciaccess.so.0.11.0
89512000-89521000 r-xp 00000000 08:06 2233417    /usr/lib/i386-linux-gnu/libglapi.so.0.0.0
89521000-89523000 r--p 0000f000 08:06 2233417    /usr/lib/i386-linux-gnu/libglapi.so.0.0.0
89523000-89528000 rwxp 00011000 08:06 2233417    /usr/lib/i386-linux-gnu/libglapi.so.0.0.0
89528000-8957a000 r-xp 00000000 08:06 2232945    /usr/lib/i386-linux-gnu/mesa/libGL.so.1.2
8957a000-8957c000 r--p 00051000 08:06 2232945    /usr/lib/i386-linux-gnu/mesa/libGL.so.1.2
8957c000-89581000 rwxp 00053000 08:06 2232945    /usr/lib/i386-linux-gnu/mesa/libGL.so.1.2
89589000-8958b000 rw-s 00000000 00:04 249063     /drm mm object (deleted)
8958b000-89597000 rw-s 44747000 00:05 7876       /dev/dri/card0
89597000-8959a000 ---p 00000000 00:00 0 
8959a000-895e8000 rw-p 00000000 00:00 0 
895e8000-895e9000 ---p 00000000 00:00 0 
895e9000-89de9000 rw-p 00000000 00:00 0 
89de9000-89dfc000 r-xp 00000000 08:06 263155     /lib/i386-linux-gnu/libresolv-2.15.so
89dfc000-89dfd000 ---p 00013000 08:06 263155     /lib/i386-linux-gnu/libresolv-2.15.so
89dfd000-89dfe000 r--p 00013000 08:06 263155     /lib/i386-linux-gnu/libresolv-2.15.so
89dfe000-89dff000 rw-p 00014000 08:06 263155     /lib/i386-linux-gnu/libresolv-2.15.so
89dff000-89e01000 rw-p 00000000 00:00 0 
89e01000-89e07000 r-xp 00000000 08:06 2233176    /usr/lib/i386-linux-gnu/libogg.so.0.7.1
89e07000-89e08000 r--p 00005000 08:06 2233176    /usr/lib/i386-linux-gnu/libogg.so.0.7.1
89e08000-89e09000 rw-p 00006000 08:06 2233176    /usr/lib/i386-linux-gnu/libogg.so.0.7.1
89e09000-89e32000 r-xp 00000000 08:06 2233334    /usr/lib/i386-linux-gnu/libvorbis.so.0.4.5
89e32000-89e33000 r--p 00028000 08:06 2233334    /usr/lib/i386-linux-gnu/libvorbis.so.0.4.5
89e33000-89e34000 rw-p 00029000 08:06 2233334    /usr/lib/i386-linux-gnu/libvorbis.so.0.4.5
89e34000-89f9a000 r-xp 00000000 08:06 2233336    /usr/lib/i386-linux-gnu/libvorbisenc.so.2.0.8
89f9a000-89fab000 r--p 00165000 08:06 2233336    /usr/lib/i386-linux-gnu/libvorbisenc.so.2.0.8
89fab000-89fac000 rw-p 00176000 08:06 2233336    /usr/lib/i386-linux-gnu/libvorbisenc.so.2.0.8
89fac000-89ff8000 r-xp 00000000 08:06 2232709    /usr/lib/i386-linux-gnu/libFLAC.so.8.2.0
89ff8000-89ff9000 r--p 0004b000 08:06 2232709    /usr/lib/i386-linux-gnu/libFLAC.so.8.2.0
89ff9000-89ffa000 rw-p 0004c000 08:06 2232709    /usr/lib/i386-linux-gnu/libFLAC.so.8.2.0
89ffa000-89fff000 r-xp 00000000 08:06 2232823    /usr/lib/i386-linux-gnu/libasyncns.so.0.3.1
89fff000-8a000000 r--p 00004000 08:06 2232823    /usr/lib/i386-linux-gnu/libasyncns.so.0.3.1
8a000000-8a001000 rw-p 00005000 08:06 2232823    /usr/lib/i386-linux-gnu/libasyncns.so.0.3.1
8a001000-8a06d000 r-xp 00000000 08:06 2233271    /usr/lib/i386-linux-gnu/libsndfile.so.1.0.25
8a06d000-8a06e000 r--p 0006c000 08:06 2233271    /usr/lib/i386-linux-gnu/libsndfile.so.1.0.25
8a06e000-8a06f000 rw-p 0006d000 08:06 2233271    /usr/lib/i386-linux-gnu/libsndfile.so.1.0.25
8a06f000-8a073000 rw-p 00000000 00:00 0 
8a073000-8a0ba000 r-xp 00000000 08:06 263083     /lib/i386-linux-gnu/libdbus-1.so.3.5.8
8a0ba000-8a0bb000 r--p 00046000 08:06 263083     /lib/i386-linux-gnu/libdbus-1.so.3.5.8
8a0bb000-8a0bc000 rw-p 00047000 08:06 263083     /lib/i386-linux-gnu/libdbus-1.so.3.5.8
8a0bc000-8a11f000 r-xp 00000000 08:06 2233883    /usr/lib/i386-linux-gnu/libpulsecommon-1.1.so
8a11f000-8a120000 r--p 00062000 08:06 2233883    /usr/lib/i386-linux-gnu/libpulsecommon-1.1.so
8a120000-8a121000 rw-p 00063000 08:06 2233883    /usr/lib/i386-linux-gnu/libpulsecommon-1.1.so
8a121000-8a16d000 r-xp 00000000 08:06 2233215    /usr/lib/i386-linux-gnu/libpulse.so.0.13.5
8a16d000-8a16e000 r--p 0004b000 08:06 2233215    /usr/lib/i386-linux-gnu/libpulse.so.0.13.5
8a16e000-8a16f000 rw-p 0004c000 08:06 2233215    /usr/lib/i386-linux-gnu/libpulse.so.0.13.5
8a16f000-8a1bd000 r-xp 00000000 08:06 2097234    /tmp/libgdxroger/13fdc6a4/libopenal.so
8a1bd000-8a1bf000 r--p 0004d000 08:06 2097234    /tmp/libgdxroger/13fdc6a4/libopenal.so
8a1bf000-8a1c0000 rw-p 0004f000 08:06 2097234    /tmp/libgdxroger/13fdc6a4/libopenal.so
8a1c0000-8a21a000 r-xp 00000000 08:06 2097233    /tmp/libgdxroger/13fdc6a4/liblwjgl.so
8a21a000-8a21b000 r--p 0005a000 08:06 2097233    /tmp/libgdxroger/13fdc6a4/liblwjgl.so
8a21b000-8a21c000 rw-p 0005b000 08:06 2097233    /tmp/libgdxroger/13fdc6a4/liblwjgl.so
8a21c000-8a21f000 ---p 00000000 00:00 0 
8a21f000-8a26d000 rw-p 00000000 00:00 0 
8a26d000-8a2df000 r-xp 00000000 08:06 2097231    /tmp/libgdxroger/98aad7b2/libgdx.so
8a2df000-8a2e0000 r--p 00071000 08:06 2097231    /tmp/libgdxroger/98aad7b2/libgdx.so
8a2e0000-8a2e1000 rw-p 00072000 08:06 2097231    /tmp/libgdxroger/98aad7b2/libgdx.so
8a2e1000-8a2e2000 r--s 00000000 08:06 2368540    /var/cache/fontconfig/c05880de57d1f5e948fdfacc138775d9-le32d4.cache-3
8a2e2000-8a2e8000 r--s 00000000 08:06 2368535    /var/cache/fontconfig/945677eb7aeaf62f1d50efc3fb3ec7d8-le32d4.cache-3
8a2e8000-8a2ea000 r--s 00000000 08:06 2368536    /var/cache/fontconfig/99e8ed0e538f840c565b6ed5dad60d56-le32d4.cache-3
8a2ea000-8a2f0000 r--s 00000000 08:06 2380075    /var/cache/fontconfig/a6d8cf8e4ec09cdbc8633c31745a07dd-le32d4.cache-3
8a2f0000-8a2f3000 r--s 00000000 08:06 2368522    /var/cache/fontconfig/2cd17615ca594fa2959ae173292e504c-le32d4.cache-3
8a2f3000-8a2f4000 r--s 00000000 08:06 2368547    /var/cache/fontconfig/e7071f4a29fa870f4323321c154eba04-le32d4.cache-3
8a2f4000-8a2f5000 r--s 00000000 08:06 2368520    /var/cache/fontconfig/0d8c3b2ac0904cb8a57a757ad11a4a08-le32d4.cache-3
8a2f5000-8a2f9000 r--s 00000000 08:06 2368537    /var/cache/fontconfig/a755afe4a08bf5b97852ceb7400b47bc-le32d4.cache-3
8a2f9000-8a300000 r--s 00000000 08:06 2378356    /var/cache/fontconfig/6d41288fd70b0be22e8c3a91e032eec0-le32d4.cache-3
8a300000-8a30b000 r--s 00000000 08:06 2368519    /var/cache/fontconfig/04aabc0a78ac019cf9454389977116d2-le32d4.cache-3
8a30b000-8a30e000 r--s 00000000 08:06 2368534    /var/cache/fontconfig/8801497958630a81b71ace7c5f9b32a8-le32d4.cache-3
8a30e000-8a330000 r--s 00000000 08:06 2371323    /var/cache/fontconfig/365b55f210c0a22e9a19e35191240f32-le32d4.cache-3
8a331000-8a334000 rw-s 00000000 00:04 249035     /drm mm object (deleted)
8a334000-8a33c000 r-xp 00000000 08:06 263180     /lib/i386-linux-gnu/libwrap.so.0.7.6
8a33c000-8a33d000 r--p 00007000 08:06 263180     /lib/i386-linux-gnu/libwrap.so.0.7.6
8a33d000-8a33e000 rw-p 00008000 08:06 263180     /lib/i386-linux-gnu/libwrap.so.0.7.6
8a33e000-8a33f000 rw-s 3be6e000 00:05 7876       /dev/dri/card0
8a33f000-8a340000 rw-s 44867000 00:05 7876       /dev/dri/card0
8a340000-8a34b000 r-xp 00000000 08:06 2232925    /usr/lib/i386-linux-gnu/libdrm.so.2.4.0
8a34b000-8a34c000 r--p 0000a000 08:06 2232925    /usr/lib/i386-linux-gnu/libdrm.so.2.4.0
8a34c000-8a34d000 rw-p 0000b000 08:06 2232925    /usr/lib/i386-linux-gnu/libdrm.so.2.4.0
8a34d000-8a354000 r--s 00000000 08:06 2233679    /usr/lib/i386-linux-gnu/gconv/gconv-modules.cache
8a354000-8a358000 r-xp 00000000 08:06 2232781    /usr/lib/i386-linux-gnu/libXfixes.so.3.1.0
8a358000-8a359000 r--p 00004000 08:06 2232781    /usr/lib/i386-linux-gnu/libXfixes.so.3.1.0
8a359000-8a35a000 rw-p 00005000 08:06 2232781    /usr/lib/i386-linux-gnu/libXfixes.so.3.1.0
8a35a000-8a35b000 r--s 00000000 08:06 2368540    /var/cache/fontconfig/c05880de57d1f5e948fdfacc138775d9-le32d4.cache-3
8a35b000-8a361000 r--s 00000000 08:06 2368535    /var/cache/fontconfig/945677eb7aeaf62f1d50efc3fb3ec7d8-le32d4.cache-3
8a361000-8a363000 r--s 00000000 08:06 2368536    /var/cache/fontconfig/99e8ed0e538f840c565b6ed5dad60d56-le32d4.cache-3
8a363000-8a369000 r--s 00000000 08:06 2380075    /var/cache/fontconfig/a6d8cf8e4ec09cdbc8633c31745a07dd-le32d4.cache-3
8a369000-8a36c000 r--s 00000000 08:06 2368522    /var/cache/fontconfig/2cd17615ca594fa2959ae173292e504c-le32d4.cache-3
8a36c000-8a36d000 r--s 00000000 08:06 2368547    /var/cache/fontconfig/e7071f4a29fa870f4323321c154eba04-le32d4.cache-3
8a36d000-8a36e000 r--s 00000000 08:06 2368520    /var/cache/fontconfig/0d8c3b2ac0904cb8a57a757ad11a4a08-le32d4.cache-3
8a36e000-8a372000 r--s 00000000 08:06 2368537    /var/cache/fontconfig/a755afe4a08bf5b97852ceb7400b47bc-le32d4.cache-3
8a372000-8a379000 r--s 00000000 08:06 2378356    /var/cache/fontconfig/6d41288fd70b0be22e8c3a91e032eec0-le32d4.cache-3
8a379000-8a384000 r--s 00000000 08:06 2368519    /var/cache/fontconfig/04aabc0a78ac019cf9454389977116d2-le32d4.cache-3
8a384000-8a387000 r--s 00000000 08:06 2368525    /var/cache/fontconfig/385c0604a188198f04d133e54aba7fe7-le32d4.cache-3
8a387000-8a388000 r--s 00000000 08:06 2359515    /var/cache/fontconfig/4794a0821666d79190d59a36cb4f44b5-le32d4.cache-3
8a388000-8a38b000 r--s 00000000 08:06 2368534    /var/cache/fontconfig/8801497958630a81b71ace7c5f9b32a8-le32d4.cache-3
8a38b000-8a3ad000 r--s 00000000 08:06 2371323    /var/cache/fontconfig/365b55f210c0a22e9a19e35191240f32-le32d4.cache-3
8a3ad000-8a3b1000 r--s 00000000 08:06 2359511    /var/cache/fontconfig/3047814df9a2f067bd2d96a2b9c36e5a-le32d4.cache-3
8a3b1000-8a3b2000 r--s 00000000 08:06 2368528    /var/cache/fontconfig/56cf4f4769d0f4abc89a4895d7bd3ae1-le32d4.cache-3
8a3b2000-8a3b3000 r--s 00000000 08:06 2368539    /var/cache/fontconfig/b9d506c9ac06c20b433354fa67a72993-le32d4.cache-3
8a3b3000-8a3b7000 r--s 00000000 08:06 2368538    /var/cache/fontconfig/b47c4e1ecd0709278f4910c18777a504-le32d4.cache-3
8a3b7000-8a3bd000 r--s 00000000 08:06 2380074    /var/cache/fontconfig/52f7bdb7ce746bfd7eaa1985bd9cfa93-le32d4.cache-3
8a3bd000-8a3be000 r-xp 00000000 08:06 2232762    /usr/lib/i386-linux-gnu/libX11-xcb.so.1.0.0
8a3be000-8a3bf000 r--p 00000000 08:06 2232762    /usr/lib/i386-linux-gnu/libX11-xcb.so.1.0.0
8a3bf000-8a3c0000 rw-p 00001000 08:06 2232762    /usr/lib/i386-linux-gnu/libX11-xcb.so.1.0.0
8a3c0000-8a3c3000 r--s 00000000 08:06 2368525    /var/cache/fontconfig/385c0604a188198f04d133e54aba7fe7-le32d4.cache-3
8a3c3000-8a3c7000 r--s 00000000 08:06 2359511    /var/cache/fontconfig/3047814df9a2f067bd2d96a2b9c36e5a-le32d4.cache-3
8a3c7000-8a3cb000 r--s 00000000 08:06 2368538    /var/cache/fontconfig/b47c4e1ecd0709278f4910c18777a504-le32d4.cache-3
8a3cb000-8a3d1000 r--s 00000000 08:06 2380074    /var/cache/fontconfig/52f7bdb7ce746bfd7eaa1985bd9cfa93-le32d4.cache-3
8a3d1000-8a3d3000 rw-s 00000000 00:04 249041     /drm mm object (deleted)
8a3d3000-8a3d5000 r-xp 00000000 08:06 2232775    /usr/lib/i386-linux-gnu/libXdamage.so.1.1.0
8a3d5000-8a3d6000 r--p 00001000 08:06 2232775    /usr/lib/i386-linux-gnu/libXdamage.so.1.1.0
8a3d6000-8a3d7000 rw-p 00002000 08:06 2232775    /usr/lib/i386-linux-gnu/libXdamage.so.1.1.0
8a3d7000-8a3dd000 r-xp 00000000 08:06 2233110    /usr/lib/i386-linux-gnu/libjson.so.0.0.1
8a3dd000-8a3de000 r--p 00005000 08:06 2233110    /usr/lib/i386-linux-gnu/libjson.so.0.0.1
8a3de000-8a3df000 rw-p 00006000 08:06 2233110    /usr/lib/i386-linux-gnu/libjson.so.0.0.1
8a3df000-8a3e3000 r-xp 00000000 08:06 2232807    /usr/lib/i386-linux-gnu/libXxf86vm.so.1.0.0
8a3e3000-8a3e4000 r--p 00003000 08:06 2232807    /usr/lib/i386-linux-gnu/libXxf86vm.so.1.0.0
8a3e4000-8a3e5000 rw-p 00004000 08:06 2232807    /usr/lib/i386-linux-gnu/libXxf86vm.so.1.0.0
8a3e5000-8a3e6000 r-xp 00000000 08:06 17528      /usr/lib/jvm/java-6-openjdk-i386/jre/lib/i386/libjawt.so
8a3e6000-8a3e7000 r--p 00000000 08:06 17528      /usr/lib/jvm/java-6-openjdk-i386/jre/lib/i386/libjawt.so
8a3e7000-8a3e8000 rw-p 00001000 08:06 17528      /usr/lib/jvm/java-6-openjdk-i386/jre/lib/i386/libjawt.so
8a3e8000-8a3ef000 r-xp 00000000 08:06 2232797    /usr/lib/i386-linux-gnu/libXrandr.so.2.2.0
8a3ef000-8a3f0000 r--p 00006000 08:06 2232797    /usr/lib/i386-linux-gnu/libXrandr.so.2.2.0
8a3f0000-8a3f1000 rw-p 00007000 08:06 2232797    /usr/lib/i386-linux-gnu/libXrandr.so.2.2.0
8a3f1000-8a3f2000 rwxp 00000000 00:00 0 
8a3f2000-8a3fb000 r-xp 00000000 08:06 2232773    /usr/lib/i386-linux-gnu/libXcursor.so.1.0.2
8a3fb000-8a3fc000 r--p 00008000 08:06 2232773    /usr/lib/i386-linux-gnu/libXcursor.so.1.0.2
8a3fc000-8a3fd000 rw-p 00009000 08:06 2232773    /usr/lib/i386-linux-gnu/libXcursor.so.1.0.2
8a3fd000-8a404000 r--s 000fc000 08:06 2271911    /usr/lib/jvm/java-6-openjdk-common/jre/lib/resources.jar
8a404000-8a405000 r--s 00127000 08:06 593003     /home/roger/proyectoahorasi/proyecto-isb2013-valyrian/valyrianFirstGame-desktop/libs/gdx-natives.jar
8a405000-8a407000 r--s 0019e000 08:06 592997     /home/roger/proyectoahorasi/proyecto-isb2013-valyrian/valyrianFirstGame-desktop/libs/gdx-backend-lwjgl-natives.jar
8a407000-8a408000 r--s 00000000 08:06 2359515    /var/cache/fontconfig/4794a0821666d79190d59a36cb4f44b5-le32d4.cache-3
8a408000-8a409000 r--s 00000000 08:06 2368528    /var/cache/fontconfig/56cf4f4769d0f4abc89a4895d7bd3ae1-le32d4.cache-3
8a409000-8a40a000 r--s 00000000 08:06 2368539    /var/cache/fontconfig/b9d506c9ac06c20b433354fa67a72993-le32d4.cache-3
8a40a000-8a417000 r--s 00000000 08:06 2368543    /var/cache/fontconfig/d52a8644073d54c13679302ca1180695-le32d4.cache-3
8a417000-8a41b000 r--s 00000000 08:06 2377600    /var/cache/fontconfig/3f7329c5293ffd510edef78f73874cfd-le32d4.cache-3
8a41b000-8a41e000 ---p 00000000 00:00 0 
8a41e000-8a46c000 rw-p 00000000 00:00 0 
8a46c000-8a501000 r-xp 00000000 08:06 2232959    /usr/lib/i386-linux-gnu/libfreetype.so.6.8.0
8a501000-8a505000 r--p 00094000 08:06 2232959    /usr/lib/i386-linux-gnu/libfreetype.so.6.8.0
8a505000-8a506000 rw-p 00098000 08:06 2232959    /usr/lib/i386-linux-gnu/libfreetype.so.6.8.0
8a506000-8a54e000 r-xp 00000000 08:06 17504      /usr/lib/jvm/java-6-openjdk-i386/jre/lib/i386/libfontmanager.so
8a54e000-8a54f000 r--p 00048000 08:06 17504      /usr/lib/jvm/java-6-openjdk-i386/jre/lib/i386/libfontmanager.so
8a54f000-8a550000 rw-p 00049000 08:06 17504      /usr/lib/jvm/java-6-openjdk-i386/jre/lib/i386/libfontmanager.so
8a550000-8a555000 r-xp 00000000 08:06 2232777    /usr/lib/i386-linux-gnu/libXdmcp.so.6.0.0
8a555000-8a556000 r--p 00004000 08:06 2232777    /usr/lib/i386-linux-gnu/libXdmcp.so.6.0.0
8a556000-8a557000 rw-p 00005000 08:06 2232777    /usr/lib/i386-linux-gnu/libXdmcp.so.6.0.0
8a557000-8a559000 r-xp 00000000 08:06 2232766    /usr/lib/i386-linux-gnu/libXau.so.6.0.0
8a559000-8a55a000 r--p 00001000 08:06 2232766    /usr/lib/i386-linux-gnu/libXau.so.6.0.0
8a55a000-8a55b000 rw-p 00002000 08:06 2232766    /usr/lib/i386-linux-gnu/libXau.so.6.0.0
8a55b000-8a57a000 r-xp 00000000 08:06 2233365    /usr/lib/i386-linux-gnu/libxcb.so.1.1.0
8a57a000-8a57b000 r--p 0001f000 08:06 2233365    /usr/lib/i386-linux-gnu/libxcb.so.1.1.0
8a57b000-8a57c000 rw-p 00020000 08:06 2233365    /usr/lib/i386-linux-gnu/libxcb.so.1.1.0
8a57c000-8a6ac000 r-xp 00000000 08:06 2232764    /usr/lib/i386-linux-gnu/libX11.so.6.3.0
8a6ac000-8a6ad000 r--p 0012f000 08:06 2232764    /usr/lib/i386-linux-gnu/libX11.so.6.3.0
8a6ad000-8a6af000 rw-p 00130000 08:06 2232764    /usr/lib/i386-linux-gnu/libX11.so.6.3.0
8a6af000-8a6b0000 rw-p 00000000 00:00 0 
8a6b0000-8a6fc000 r-xp 00000000 08:06 14977      /usr/lib/jvm/java-6-openjdk-i386/jre/lib/i386/xawt/libmawt.so
8a6fc000-8a6fd000 r--p 0004b000 08:06 14977      /usr/lib/jvm/java-6-openjdk-i386/jre/lib/i386/xawt/libmawt.so
8a6fd000-8a6ff000 rw-p 0004c000 08:06 14977      /usr/lib/jvm/java-6-openjdk-i386/jre/lib/i386/xawt/libmawt.so
8a6ff000-8a700000 rw-p 00000000 00:00 0 
8a700000-8a7fb000 rw-p 00000000 00:00 0 
8a7fb000-8a800000 ---p 00000000 00:00 0 
8a800000-8a803000 r--s 00000000 08:06 2371320    /var/cache/fontconfig/7ef2298fde41cc6eeb7af42e48b7d293-le32d4.cache-3
8a803000-8a811000 r-xp 00000000 08:06 2232785    /usr/lib/i386-linux-gnu/libXi.so.6.1.0
8a811000-8a812000 r--p 0000d000 08:06 2232785    /usr/lib/i386-linux-gnu/libXi.so.6.1.0
8a812000-8a813000 rw-p 0000e000 08:06 2232785    /usr/lib/i386-linux-gnu/libXi.so.6.1.0
8a813000-8a818000 r-xp 00000000 08:06 2232803    /usr/lib/i386-linux-gnu/libXtst.so.6.1.0
8a818000-8a819000 r--p 00004000 08:06 2232803    /usr/lib/i386-linux-gnu/libXtst.so.6.1.0
8a819000-8a81a000 rw-p 00005000 08:06 2232803    /usr/lib/i386-linux-gnu/libXtst.so.6.1.0
8a81a000-8a822000 r-xp 00000000 08:06 2232799    /usr/lib/i386-linux-gnu/libXrender.so.1.3.0
8a822000-8a823000 r--p 00007000 08:06 2232799    /usr/lib/i386-linux-gnu/libXrender.so.1.3.0
8a823000-8a824000 rw-p 00008000 08:06 2232799    /usr/lib/i386-linux-gnu/libXrender.so.1.3.0
8a824000-8a834000 r-xp 00000000 08:06 2232779    /usr/lib/i386-linux-gnu/libXext.so.6.4.0
8a834000-8a835000 r--p 0000f000 08:06 2232779    /usr/lib/i386-linux-gnu/libXext.so.6.4.0
8a835000-8a836000 rw-p 00010000 08:06 2232779    /usr/lib/i386-linux-gnu/libXext.so.6.4.0
8a836000-8a8ca000 r-xp 00000000 08:06 17512      /usr/lib/jvm/java-6-openjdk-i386/jre/lib/i386/libawt.so
8a8ca000-8a8cb000 r--p 00093000 08:06 17512      /usr/lib/jvm/java-6-openjdk-i386/jre/lib/i386/libawt.so
8a8cb000-8a8d2000 rw-p 00094000 08:06 17512      /usr/lib/jvm/java-6-openjdk-i386/jre/lib/i386/libawt.so
8a8d2000-8a8f6000 rw-p 00000000 00:00 0 
8a8f6000-8a8f7000 ---p 00000000 00:00 0 
8a8f7000-8a977000 rw-p 00000000 00:00 0 
8a977000-8a97a000 ---p 00000000 00:00 0 
8a97a000-8a9c8000 rw-p 00000000 00:00 0 
8a9c8000-8a9cb000 ---p 00000000 00:00 0 
8a9cb000-8aa49000 rw-p 00000000 00:00 0 
8aa49000-8aa4c000 ---p 00000000 00:00 0 
8aa4c000-8aaca000 rw-p 00000000 00:00 0 
8aaca000-8aacd000 ---p 00000000 00:00 0 
8aacd000-8ab1b000 rw-p 00000000 00:00 0 
8ab1b000-8ad1b000 r--p 00000000 08:06 2235956    /usr/lib/locale/locale-archive
8ad1b000-8ad1e000 ---p 00000000 00:00 0 
8ad1e000-8ad6c000 rw-p 00000000 00:00 0 
8ad6c000-8af00000 r--s 03807000 08:06 17497      /usr/lib/jvm/java-6-openjdk-i386/jre/lib/rt.jar
8af00000-8afe6000 rw-p 00000000 00:00 0 
8afe6000-8b000000 ---p 00000000 00:00 0 
8b000000-8b002000 r--s 00000000 08:06 2368783    /var/cache/fontconfig/e13b20fdb08344e0e664864cc2ede53d-le32d4.cache-3
8b002000-8b00f000 r--s 00000000 08:06 2368543    /var/cache/fontconfig/d52a8644073d54c13679302ca1180695-le32d4.cache-3
8b00f000-8b013000 r--s 00000000 08:06 2377600    /var/cache/fontconfig/3f7329c5293ffd510edef78f73874cfd-le32d4.cache-3
8b013000-8b015000 r--s 00000000 08:06 2368783    /var/cache/fontconfig/e13b20fdb08344e0e664864cc2ede53d-le32d4.cache-3
8b015000-8b018000 r--s 00000000 08:06 2371320    /var/cache/fontconfig/7ef2298fde41cc6eeb7af42e48b7d293-le32d4.cache-3
8b018000-8b02a000 r--s 00128000 08:06 593000     /home/roger/proyectoahorasi/proyecto-isb2013-valyrian/valyrianFirstGame-desktop/libs/gdx-backend-lwjgl.jar
8b02a000-8b02b000 r--s 00002000 08:06 594387     /home/roger/proyectoahorasi/proyecto-isb2013-valyrian/valyrianFirstGame/libs/gdx-controllers/gdx-controllers.jar
8b02b000-8b02e000 r--s 0001b000 08:06 593023     /home/roger/proyectoahorasi/proyecto-isb2013-valyrian/valyrianFirstGame/libs/libgdx-utils.jar
8b02e000-8b031000 ---p 00000000 00:00 0 
8b031000-8b07f000 rw-p 00000000 00:00 0 
8b07f000-8b080000 ---p 00000000 00:00 0 
8b080000-8b100000 rw-p 00000000 00:00 0 
8b100000-8b121000 rw-p 00000000 00:00 0 
8b121000-8b200000 ---p 00000000 00:00 0 
8b200000-8b201000 r--s 00003000 08:06 594386     /home/roger/proyectoahorasi/proyecto-isb2013-valyrian/valyrianFirstGame/libs/gdx-controllers/gdx-controllers-gwt.jar
8b201000-8b202000 r--s 00004000 08:06 594382     /home/roger/proyectoahorasi/proyecto-isb2013-valyrian/valyrianFirstGame/libs/gdx-controllers/gdx-controllers-desktop.jar
8b202000-8b218000 r--s 0014b000 08:06 593022     /home/roger/proyectoahorasi/proyecto-isb2013-valyrian/valyrianFirstGame/libs/gdx.jar
8b218000-8b21b000 r--s 00077000 08:06 2382082    /usr/lib/jvm/java-6-openjdk-common/jre/lib/ext/localedata.jar
8b21b000-8b21f000 r--s 00039000 08:06 2382080    /usr/lib/jvm/java-6-openjdk-common/jre/lib/ext/sunpkcs11.jar
8b21f000-8b252000 rw-p 00000000 00:00 0 
8b252000-8b253000 ---p 00000000 00:00 0 
8b253000-8b2d3000 rw-p 00000000 00:00 0 
8b2d3000-8b2d4000 ---p 00000000 00:00 0 
8b2d4000-8b35f000 rw-p 00000000 00:00 0 
8b35f000-8b3ff000 rw-p 00000000 00:00 0 
8b3ff000-8b407000 rw-p 00000000 00:00 0 
8b407000-8b43f000 rw-p 00000000 00:00 0 
8b43f000-8b44a000 rw-p 00000000 00:00 0 
8b44a000-8b4e9000 rw-p 00000000 00:00 0 
8b4e9000-8b4ef000 rw-p 00000000 00:00 0 
8b4ef000-8b53f000 rw-p 00000000 00:00 0 
8b53f000-8c540000 rw-p 00000000 00:00 0 
8c540000-93540000 rw-p 00000000 00:00 0 
93540000-949e0000 rw-p 00000000 00:00 0 
949e0000-a8aa0000 rw-p 00000000 00:00 0 
a8aa0000-a94f0000 rw-p 00000000 00:00 0 
a94f0000-b3540000 rw-p 00000000 00:00 0 
b3540000-b3549000 rw-p 00000000 00:00 0 
b3549000-b3600000 rw-p 00000000 00:00 0 
b3600000-b3840000 rwxp 00000000 00:00 0 
b3840000-b66fe000 rw-p 00000000 00:00 0 
b66fe000-b6700000 ---p 00000000 00:00 0 
b6700000-b6703000 r--s 0007f000 08:06 2271919    /usr/lib/jvm/java-6-openjdk-common/jre/lib/jsse.jar
b6703000-b670b000 rw-p 00000000 00:00 0 
b670b000-b6743000 rw-p 00000000 00:00 0 
b6743000-b674e000 r-xp 00000000 08:06 263122     /lib/i386-linux-gnu/libnss_files-2.15.so
b674e000-b674f000 r--p 0000a000 08:06 263122     /lib/i386-linux-gnu/libnss_files-2.15.so
b674f000-b6750000 rw-p 0000b000 08:06 263122     /lib/i386-linux-gnu/libnss_files-2.15.so
b6750000-b675a000 r-xp 00000000 08:06 263126     /lib/i386-linux-gnu/libnss_nis-2.15.so
b675a000-b675b000 r--p 00009000 08:06 263126     /lib/i386-linux-gnu/libnss_nis-2.15.so
b675b000-b675c000 rw-p 0000a000 08:06 263126     /lib/i386-linux-gnu/libnss_nis-2.15.so
b675c000-b6772000 r-xp 00000000 08:06 263116     /lib/i386-linux-gnu/libnsl-2.15.so
b6772000-b6773000 r--p 00015000 08:06 263116     /lib/i386-linux-gnu/libnsl-2.15.so
b6773000-b6774000 rw-p 00016000 08:06 263116     /lib/i386-linux-gnu/libnsl-2.15.so
b6774000-b6776000 rw-p 00000000 00:00 0 
b6776000-b677d000 r-xp 00000000 08:06 263118     /lib/i386-linux-gnu/libnss_compat-2.15.so
b677d000-b677e000 r--p 00006000 08:06 263118     /lib/i386-linux-gnu/libnss_compat-2.15.so
b677e000-b677f000 rw-p 00007000 08:06 263118     /lib/i386-linux-gnu/libnss_compat-2.15.so
b677f000-b6780000 r--s 00100000 08:06 594381     /home/roger/proyectoahorasi/proyecto-isb2013-valyrian/valyrianFirstGame/libs/gdx-controllers/gdx-controllers-desktop-natives.jar
b6780000-b6781000 r--s 00002000 08:06 594380     /home/roger/proyectoahorasi/proyecto-isb2013-valyrian/valyrianFirstGame/libs/gdx-controllers/gdx-controllers-android.jar
b6781000-b6784000 r--s 00031000 08:06 2382084    /usr/lib/jvm/java-6-openjdk-common/jre/lib/ext/sunjce_provider.jar
b6784000-b678b000 r-xp 00000000 08:06 17517      /usr/lib/jvm/java-6-openjdk-i386/jre/lib/i386/libzip.so
b678b000-b678c000 r--p 00006000 08:06 17517      /usr/lib/jvm/java-6-openjdk-i386/jre/lib/i386/libzip.so
b678c000-b678d000 rw-p 00007000 08:06 17517      /usr/lib/jvm/java-6-openjdk-i386/jre/lib/i386/libzip.so
b678d000-b6795000 rw-s 00000000 08:06 2097228    /tmp/hsperfdata_roger/13211
b6795000-b67bb000 r-xp 00000000 08:06 17507      /usr/lib/jvm/java-6-openjdk-i386/jre/lib/i386/libjava.so
b67bb000-b67bc000 r--p 00025000 08:06 17507      /usr/lib/jvm/java-6-openjdk-i386/jre/lib/i386/libjava.so
b67bc000-b67be000 rw-p 00026000 08:06 17507      /usr/lib/jvm/java-6-openjdk-i386/jre/lib/i386/libjava.so
b67be000-b67c5000 r-xp 00000000 08:06 263157     /lib/i386-linux-gnu/librt-2.15.so
b67c5000-b67c6000 r--p 00006000 08:06 263157     /lib/i386-linux-gnu/librt-2.15.so
b67c6000-b67c7000 rw-p 00007000 08:06 263157     /lib/i386-linux-gnu/librt-2.15.so
b67c7000-b67ca000 ---p 00000000 00:00 0 
b67ca000-b6818000 rw-p 00000000 00:00 0 
b6818000-b6834000 r-xp 00000000 08:06 263092     /lib/i386-linux-gnu/libgcc_s.so.1
b6834000-b6835000 r--p 0001b000 08:06 263092     /lib/i386-linux-gnu/libgcc_s.so.1
b6835000-b6836000 rw-p 0001c000 08:06 263092     /lib/i386-linux-gnu/libgcc_s.so.1
b6836000-b6860000 r-xp 00000000 08:06 263103     /lib/i386-linux-gnu/libm-2.15.so
b6860000-b6861000 r--p 00029000 08:06 263103     /lib/i386-linux-gnu/libm-2.15.so
b6861000-b6862000 rw-p 0002a000 08:06 263103     /lib/i386-linux-gnu/libm-2.15.so
b6862000-b693a000 r-xp 00000000 08:06 2233293    /usr/lib/i386-linux-gnu/libstdc++.so.6.0.16
b693a000-b693b000 ---p 000d8000 08:06 2233293    /usr/lib/i386-linux-gnu/libstdc++.so.6.0.16
b693b000-b693f000 r--p 000d8000 08:06 2233293    /usr/lib/i386-linux-gnu/libstdc++.so.6.0.16
b693f000-b6940000 rw-p 000dc000 08:06 2233293    /usr/lib/i386-linux-gnu/libstdc++.so.6.0.16
b6940000-b6947000 rw-p 00000000 00:00 0 
b6947000-b7167000 r-xp 00000000 08:06 17500      /usr/lib/jvm/java-6-openjdk-i386/jre/lib/i386/server/libjvm.so
b7167000-b71ac000 r--p 0081f000 08:06 17500      /usr/lib/jvm/java-6-openjdk-i386/jre/lib/i386/server/libjvm.so
b71ac000-b71bb000 rw-p 00864000 08:06 17500      /usr/lib/jvm/java-6-openjdk-i386/jre/lib/i386/server/libjvm.so
b71bb000-b75d7000 rw-p 00000000 00:00 0 
b75d7000-b75eb000 r-xp 00000000 08:06 263182     /lib/i386-linux-gnu/libz.so.1.2.3.4
b75eb000-b75ec000 r--p 00013000 08:06 263182     /lib/i386-linux-gnu/libz.so.1.2.3.4
b75ec000-b75ed000 rw-p 00014000 08:06 263182     /lib/i386-linux-gnu/libz.so.1.2.3.4
b75ed000-b778c000 r-xp 00000000 08:06 263071     /lib/i386-linux-gnu/libc-2.15.so
b778c000-b778e000 r--p 0019f000 08:06 263071     /lib/i386-linux-gnu/libc-2.15.so
b778e000-b778f000 rw-p 001a1000 08:06 263071     /lib/i386-linux-gnu/libc-2.15.so
b778f000-b7792000 rw-p 00000000 00:00 0 
b7792000-b7795000 r-xp 00000000 08:06 263084     /lib/i386-linux-gnu/libdl-2.15.so
b7795000-b7796000 r--p 00002000 08:06 263084     /lib/i386-linux-gnu/libdl-2.15.so
b7796000-b7797000 rw-p 00003000 08:06 263084     /lib/i386-linux-gnu/libdl-2.15.so
b7797000-b779b000 r-xp 00000000 08:06 17516      /usr/lib/jvm/java-6-openjdk-i386/jre/lib/i386/jli/libjli.so
b779b000-b779c000 r--p 00003000 08:06 17516      /usr/lib/jvm/java-6-openjdk-i386/jre/lib/i386/jli/libjli.so
b779c000-b779d000 rw-p 00004000 08:06 17516      /usr/lib/jvm/java-6-openjdk-i386/jre/lib/i386/jli/libjli.so
b779d000-b779e000 rw-p 00000000 00:00 0 
b779e000-b77b5000 r-xp 00000000 08:06 263151     /lib/i386-linux-gnu/libpthread-2.15.so
b77b5000-b77b6000 r--p 00016000 08:06 263151     /lib/i386-linux-gnu/libpthread-2.15.so
b77b6000-b77b7000 rw-p 00017000 08:06 263151     /lib/i386-linux-gnu/libpthread-2.15.so
b77b7000-b77b9000 rw-p 00000000 00:00 0 
b77b9000-b77ba000 r--s 00007000 08:06 2511056    /usr/share/java/java-atk-wrapper.jar
b77ba000-b77bc000 r--s 0000f000 08:06 2382081    /usr/lib/jvm/java-6-openjdk-common/jre/lib/ext/pulse-java.jar
b77bc000-b77be000 r--s 00001000 08:06 2382083    /usr/lib/jvm/java-6-openjdk-common/jre/lib/ext/dnsns.jar
b77be000-b77bf000 r--p 005e0000 08:06 2235956    /usr/lib/locale/locale-archive
b77bf000-b77c0000 rw-p 00000000 00:00 0 
b77c0000-b77c1000 r--p 00000000 00:00 0 
b77c1000-b77cc000 r-xp 00000000 08:06 17532      /usr/lib/jvm/java-6-openjdk-i386/jre/lib/i386/libverify.so
b77cc000-b77cd000 ---p 0000b000 08:06 17532      /usr/lib/jvm/java-6-openjdk-i386/jre/lib/i386/libverify.so
b77cd000-b77ce000 r--p 0000b000 08:06 17532      /usr/lib/jvm/java-6-openjdk-i386/jre/lib/i386/libverify.so
b77ce000-b77cf000 rw-p 0000c000 08:06 17532      /usr/lib/jvm/java-6-openjdk-i386/jre/lib/i386/libverify.so
b77cf000-b77d1000 rw-p 00000000 00:00 0 
b77d1000-b77d2000 r-xp 00000000 00:00 0          [vdso]
b77d2000-b77f2000 r-xp 00000000 08:06 263051     /lib/i386-linux-gnu/ld-2.15.so
b77f2000-b77f3000 r--p 0001f000 08:06 263051     /lib/i386-linux-gnu/ld-2.15.so
b77f3000-b77f4000 rw-p 00020000 08:06 263051     /lib/i386-linux-gnu/ld-2.15.so
bfa17000-bfa38000 rw-p 00000000 00:00 0          [stack]

VM Arguments:
jvm_args: -Dfile.encoding=UTF-8 
java_command: com.valyrian.firstgame.Main
Launcher Type: SUN_STANDARD

Environment Variables:
PATH=/usr/lib/lightdm/lightdm:/usr/local/sbin:/usr/local/bin:/usr/sbin:/usr/bin:/sbin:/bin:/usr/games
LD_LIBRARY_PATH=/usr/lib/jvm/java-6-openjdk-i386/jre/lib/i386/server:/usr/lib/jvm/java-6-openjdk-i386/jre/lib/i386:/usr/lib/jvm/java-6-openjdk-i386/jre/../lib/i386:/usr/lib/jvm/java-6-openjdk-i386/jre/lib/i386/client:/usr/lib/jvm/java-6-openjdk-i386/jre/lib/i386:
SHELL=/bin/bash
DISPLAY=:0

Signal Handlers:
SIGSEGV: [libjvm.so+0x66e730], sa_mask[0]=0x7ffbfeff, sa_flags=0x10000004
SIGBUS: [libjvm.so+0x66e730], sa_mask[0]=0x7ffbfeff, sa_flags=0x10000004
SIGFPE: [libjvm.so+0x530470], sa_mask[0]=0x7ffbfeff, sa_flags=0x10000004
SIGPIPE: [libjvm.so+0x530470], sa_mask[0]=0x7ffbfeff, sa_flags=0x10000004
SIGXFSZ: [libjvm.so+0x530470], sa_mask[0]=0x7ffbfeff, sa_flags=0x10000004
SIGILL: [libjvm.so+0x530470], sa_mask[0]=0x7ffbfeff, sa_flags=0x10000004
SIGUSR1: SIG_DFL, sa_mask[0]=0x00000000, sa_flags=0x00000000
SIGUSR2: [libjvm.so+0x530300], sa_mask[0]=0x00000004, sa_flags=0x10000004
SIGHUP: [libjvm.so+0x533290], sa_mask[0]=0x7ffbfeff, sa_flags=0x10000004
SIGINT: [libjvm.so+0x533290], sa_mask[0]=0x7ffbfeff, sa_flags=0x10000004
SIGTERM: [libjvm.so+0x533290], sa_mask[0]=0x7ffbfeff, sa_flags=0x10000004
SIGQUIT: [libjvm.so+0x533290], sa_mask[0]=0x7ffbfeff, sa_flags=0x10000004


---------------  S Y S T E M  ---------------

OS:Ubuntu 12.04 (precise)
uname:Linux 3.2.0-29-generic-pae #46-Ubuntu SMP Fri Jul 27 17:25:43 UTC 2012 i686
libc:glibc 2.15 NPTL 2.15 
rlimit: STACK 8192k, CORE 0k, NPROC 15720, NOFILE 4096, AS infinity
load average:0.35 0.26 0.32

/proc/meminfo:
MemTotal:        2026732 kB
MemFree:          206536 kB
Buffers:           40160 kB
Cached:           526304 kB
SwapCached:          592 kB
Active:          1039464 kB
Inactive:         677744 kB
Active(anon):     851016 kB
Inactive(anon):   524452 kB
Active(file):     188448 kB
Inactive(file):   153292 kB
Unevictable:          40 kB
Mlocked:              40 kB
HighTotal:       1148552 kB
HighFree:          18860 kB
LowTotal:         878180 kB
LowFree:          187676 kB
SwapTotal:       2060284 kB
SwapFree:        2026612 kB
Dirty:               200 kB
Writeback:             0 kB
AnonPages:       1150384 kB
Mapped:           136428 kB
Shmem:            224600 kB
Slab:              65288 kB
SReclaimable:      48136 kB
SUnreclaim:        17152 kB
KernelStack:        3720 kB
PageTables:        12488 kB
NFS_Unstable:          0 kB
Bounce:                0 kB
WritebackTmp:          0 kB
CommitLimit:     3073648 kB
Committed_AS:    4041852 kB
VmallocTotal:     122880 kB
VmallocUsed:       16468 kB
VmallocChunk:     101500 kB
HardwareCorrupted:     0 kB
AnonHugePages:         0 kB
HugePages_Total:       0
HugePages_Free:        0
HugePages_Rsvd:        0
HugePages_Surp:        0
Hugepagesize:       2048 kB
DirectMap4k:       10232 kB
DirectMap2M:      903168 kB


CPU:total 2 (2 cores per cpu, 1 threads per core) family 6 model 23 stepping 10, cmov, cx8, fxsr, mmx, sse, sse2, sse3, ssse3, sse4.1

Memory: 4k page, physical 2026732k(206536k free), swap 2060284k(2026612k free)

vm_info: OpenJDK Server VM (20.0-b12) for linux-x86 JRE (1.6.0_27-b27), built on Jul 17 2013 13:43:50 by "buildd" with gcc 4.6.3

time: Sat Feb 22 23:19:38 2014
elapsed time: 4 seconds

