#
# A fatal error has been detected by the Java Runtime Environment:
#
#  EXCEPTION_ACCESS_VIOLATION (0xc0000005) at pc=0x6cec95ba, pid=656, tid=4696
#
# JRE version: Java(TM) SE Runtime Environment (7.0_55-b14) (build 1.7.0_55-b14)
# Java VM: Java HotSpot(TM) Client VM (24.55-b03 mixed mode windows-x86 )
# Problematic frame:
# C  [gdx.dll+0x95ba]
#
# Failed to write core dump. Minidumps are not enabled by default on client versions of Windows
#
# If you would like to submit a bug report, please visit:
#   http://bugreport.sun.com/bugreport/crash.jsp
# The crash happened outside the Java Virtual Machine in native code.
# See problematic frame for where to report the bug.
#

---------------  T H R E A D  ---------------

Current thread (0x17b1e000):  JavaThread "LWJGL Application" [_thread_in_native, id=4696, stack(0x193a0000,0x193f0000)]

siginfo: ExceptionCode=0xc0000005, reading address 0x44590edc

Registers:
EAX=0x205a2000, EBX=0x00000796, ECX=0x00ffffff, EDX=0x44590ec4
ESP=0x193ef040, EBP=0x20590ee8, ESI=0xffffffff, EDI=0x183de218
EIP=0x6cec95ba, EFLAGS=0x00010207

Top of Stack: (sp=0x193ef040)
0x193ef040:   00550000 00550150 01dfb9ef 6cedebae
0x193ef050:   00000000 5b8d1713 00000003 00000000
0x193ef060:   00004008 17b1e000 193ef088 3eb5a740
0x193ef070:   3d7d70a2 3e55f92c 00004000 20590100
0x193ef080:   183c5040 00011118 00000005 000129fc
0x193ef090:   00004000 00000001 00000001 183f6378
0x193ef0a0:   183de218 00000847 0000001c 6cec9b5e
0x193ef0b0:   183de218 00000847 00000000 0055fd88 

Instructions: (pc=0x6cec95ba)
0x6cec959a:   14 c9 f3 0f 5d cb 8d 54 95 00 f3 0f 5d 64 24 30
0x6cec95aa:   f3 0f 5f 6c 24 34 f3 0f 5f 54 24 2c f3 0f 58 c6
0x6cec95ba:   8b 7a 18 f3 0f 5c e9 f3 0f 5c d4 f3 0f 58 c0 83
0x6cec95ca:   ff ff f3 0f 58 d5 89 7c 24 40 f3 0f 58 d2 0f 28 


Register to memory mapping:

EAX=0x205a2000 is an unknown value
EBX=0x00000796 is an unknown value
ECX=0x00ffffff is an unknown value
EDX=0x44590ec4 is an unknown value
ESP=0x193ef040 is pointing into the stack for thread: 0x17b1e000
EBP=0x20590ee8 is an unknown value
ESI=0xffffffff is an unknown value
EDI=0x183de218 is an unknown value


Stack: [0x193a0000,0x193f0000],  sp=0x193ef040,  free space=316k
Native frames: (J=compiled Java code, j=interpreted, Vv=VM code, C=native code)
C  [gdx.dll+0x95ba]
C  0x3fffffff
C  0x00ffffff
C  0x9fffffff
C  0x00ffffff
C  0x00ffffff
C  0x00000000
C  0xfbffffff
C  0x00ffffff
C  0x52ffffff
C  0xecffffff
C  0xffffffff
C  0x00ffffff
C  0x7c6d6d6d
C  0x00ffffff
C  0x00ffffff
C  0x00ffffff
C  0x00ffffff
C  0x00ffffff
C  0x71000000
C  0xfbfafafa
C  0x00ffffff
C  0x00ffffff
C  0x00ffffff
C  0x00ffffff
C  0x00ffffff
C  0xab9d9d9d
C  0x2c000000
C  0xebf4f4f4
C  0x29c7c7c7
C  0x1e000000
C  0x00ffffff
C  0xc7a3a3a3
C  0xe7fdfdfd
C  0x58000000
C  0x4e000000
C  0x6c1f1f1f
C  0xffffffff
C  0x4c000000
C  0xc9e1e1e1
C  0x00ffffff
C  0x5b000000
C  0xb1cdcdcd
C  0x00ffffff
C  0x4c000000
C  0xb9ffffff
C  0x00ffffff
C  0xeaffffff
C  0xc2c6c6c6
C  0x2ef9f9f9
C  0xffffffff
C  0xdbf6f6f6
C  0xc8ebebeb
C  0x00ffffff
C  0x41000000
C  0x00ffffff
C  0x00ffffff
C  0x00ffffff
C  0xa9ffffff
C  0xffffffff
C  0x16ffffff
C  0xffffffff
C  0x00ffffff
C  0x00ffffff
C  0x00ffffff
C  0xcc9f9f9f
C  0x00ffffff
C  0x00ffffff
C  0xebdddddd
C  0xffffffff
C  0x00000000
C  0x1ba1a1a1
C  0xd9f6f6f6
C  0x06aaaaaa
C  0x54000000
C  0x16ffffff
C  0x6f3e3e3e
C  0x00ffffff
C  0x00ffffff
C  0x00ffffff
C  0x91dedede
C  0x00ffffff
C  0xffffffff
C  0x31000000
C  0x91000000
C  0x52030303
C  0x00ffffff
C  0x00ffffff
C  0xf8f6f6f6
C  0x00ffffff
C  0x00ffffff
C  0x00ffffff
C  0x52000000
C  0x0a000000
C  0x00ffffff
C  0x99000000
C  0x00ffffff
C  0x00ffffff
C  0x00ffffff
C  0x00ffffff
...<more frames>...

Java frames: (J=compiled Java code, j=interpreted, Vv=VM code)
J  com.badlogic.gdx.physics.box2d.Body.jniCreateFixture(JJFFFZSSS)J
J  com.badlogic.gdx.physics.box2d.Body.createFixture(Lcom/badlogic/gdx/physics/box2d/FixtureDef;)Lcom/badlogic/gdx/physics/box2d/Fixture;
J  com.valyrian.firstgame.entidades.Proyectil.crearCuerpo(Lcom/badlogic/gdx/physics/box2d/World;FFFF)V
J  com.valyrian.firstgame.entidades.EntidadDibujable.<init>(FFLcom/badlogic/gdx/math/Vector2;FFLcom/badlogic/gdx/physics/box2d/World;Lcom/valyrian/firstgame/interfaces/ManejadorAnimacion;)V
J  com.valyrian.firstgame.entidades.Proyectil.<init>(FFFFLcom/badlogic/gdx/math/Vector2;Lcom/badlogic/gdx/physics/box2d/World;Lcom/valyrian/firstgame/interfaces/ManejadorAnimacion;I)V
j  com.valyrian.firstgame.entidades.Jugador.Disparar(Lcom/badlogic/gdx/physics/box2d/World;I)Lcom/valyrian/firstgame/entidades/Proyectil;+122
j  com.valyrian.firstgame.utilidades.input.Teclado.keyDown(I)Z+153
J  com.badlogic.gdx.backends.lwjgl.LwjglInput.processEvents()V
j  com.badlogic.gdx.backends.lwjgl.LwjglApplication.mainLoop()V+557
j  com.badlogic.gdx.backends.lwjgl.LwjglApplication$1.run()V+27
v  ~StubRoutines::call_stub

---------------  P R O C E S S  ---------------

Java Threads: ( => current thread )
  0x194d1000 JavaThread "LWJGL Timer" daemon [_thread_blocked, id=5728, stack(0x184b0000,0x18500000)]
  0x193fc000 JavaThread "AsynchExecutor-Thread" daemon [_thread_blocked, id=3244, stack(0x1c400000,0x1c450000)]
  0x0036d400 JavaThread "DestroyJavaVM" [_thread_blocked, id=2592, stack(0x018f0000,0x01940000)]
=>0x17b1e000 JavaThread "LWJGL Application" [_thread_in_native, id=4696, stack(0x193a0000,0x193f0000)]
  0x179a6400 JavaThread "Service Thread" daemon [_thread_blocked, id=1516, stack(0x17c00000,0x17c50000)]
  0x1799b400 JavaThread "C1 CompilerThread0" daemon [_thread_blocked, id=4192, stack(0x182c0000,0x18310000)]
  0x1798d800 JavaThread "JDWP Command Reader" daemon [_thread_in_native, id=4500, stack(0x18570000,0x185c0000)]
  0x17989800 JavaThread "JDWP Event Helper Thread" daemon [_thread_blocked, id=4832, stack(0x18500000,0x18550000)]
  0x17981400 JavaThread "JDWP Transport Listener: dt_socket" daemon [_thread_blocked, id=5172, stack(0x18150000,0x181a0000)]
  0x1797b800 JavaThread "Attach Listener" daemon [_thread_blocked, id=5532, stack(0x17e30000,0x17e80000)]
  0x17978800 JavaThread "Signal Dispatcher" daemon [_thread_blocked, id=3484, stack(0x17b50000,0x17ba0000)]
  0x17949400 JavaThread "Finalizer" daemon [_thread_blocked, id=4604, stack(0x17d50000,0x17da0000)]
  0x17944400 JavaThread "Reference Handler" daemon [_thread_blocked, id=5076, stack(0x17cd0000,0x17d20000)]

Other Threads:
  0x17942c00 VMThread [stack: 0x17c60000,0x17cb0000] [id=172]
  0x179c8c00 WatcherThread [stack: 0x18650000,0x186a0000] [id=3228]

VM state:not at safepoint (normal execution)

VM Mutex/Monitor currently owned by a thread: None

Heap
 def new generation   total 4928K, used 3445K [0x03940000, 0x03e90000, 0x08e90000)
  eden space 4416K,  77% used [0x03940000, 0x03c9c7a8, 0x03d90000)
  from space 512K,   0% used [0x03e10000, 0x03e10d28, 0x03e90000)
  to   space 512K,   0% used [0x03d90000, 0x03d90000, 0x03e10000)
 tenured generation   total 10944K, used 10375K [0x08e90000, 0x09940000, 0x13940000)
   the space 10944K,  94% used [0x08e90000, 0x098b1f58, 0x098b2000, 0x09940000)
 compacting perm gen  total 12288K, used 5418K [0x13940000, 0x14540000, 0x17940000)
   the space 12288K,  44% used [0x13940000, 0x13e8aba0, 0x13e8ac00, 0x14540000)
No shared spaces configured.

Card table byte_map: [0x01600000,0x016b0000] byte_map_base: 0x015e3600

Polling page: 0x003b0000

Code Cache  [0x01940000, 0x01bb8000, 0x03940000)
 total_blobs=1154 nmethods=891 adapters=208 free_code_cache=30257Kb largest_free_block=30983872

Compilation events (10 events):
Event: 131.033 Thread 0x1799b400  889             java.nio.Bits::getIntB (30 bytes)
Event: 131.033 Thread 0x1799b400 nmethod 889 0x01bb2588 code [0x01bb26c0, 0x01bb2800]
Event: 131.033 Thread 0x1799b400  890             java.nio.Bits::makeInt (29 bytes)
Event: 131.033 Thread 0x1799b400 nmethod 890 0x01bb28c8 code [0x01bb29c0, 0x01bb2a60]
Event: 143.015 Thread 0x1799b400  891             org.lwjgl.opengl.WindowsKeyboard::isKeyPressed (13 bytes)
Event: 143.015 Thread 0x1799b400 nmethod 891 0x01bb2ac8 code [0x01bb2bc0, 0x01bb2c40]
Event: 143.917 Thread 0x1799b400  892             java.util.regex.Matcher::reset (83 bytes)
Event: 143.917 Thread 0x1799b400 nmethod 892 0x01bb2c88 code [0x01bb2da0, 0x01bb2efc]
Event: 143.919 Thread 0x1799b400  893             java.util.StringTokenizer::setMaxDelimCodePoint (156 bytes)
Event: 143.920 Thread 0x1799b400 nmethod 893 0x01bb30c8 code [0x01bb3210, 0x01bb3574]

GC Heap History (10 events):
Event: 6.623 GC heap before
{Heap before GC invocations=8 (full 0):
 def new generation   total 4928K, used 4863K [0x03940000, 0x03e90000, 0x08e90000)
  eden space 4416K,  99% used [0x03940000, 0x03d8ca50, 0x03d90000)
  from space 512K,  89% used [0x03d90000, 0x03e032f0, 0x03e10000)
  to   space 512K,   0% used [0x03e10000, 0x03e10000, 0x03e90000)
 tenured generation   total 10944K, used 3775K [0x08e90000, 0x09940000, 0x13940000)
   the space 10944K,  34% used [0x08e90000, 0x0923fc80, 0x0923fe00, 0x09940000)
 compacting perm gen  total 12288K, used 5114K [0x13940000, 0x14540000, 0x17940000)
   the space 12288K,  41% used [0x13940000, 0x13e3eaa0, 0x13e3ec00, 0x14540000)
No shared spaces configured.
Event: 6.631 GC heap after
Heap after GC invocations=9 (full 0):
 def new generation   total 4928K, used 512K [0x03940000, 0x03e90000, 0x08e90000)
  eden space 4416K,   0% used [0x03940000, 0x03940000, 0x03d90000)
  from space 512K, 100% used [0x03e10000, 0x03e90000, 0x03e90000)
  to   space 512K,   0% used [0x03d90000, 0x03d90000, 0x03e10000)
 tenured generation   total 10944K, used 5145K [0x08e90000, 0x09940000, 0x13940000)
   the space 10944K,  47% used [0x08e90000, 0x09396460, 0x09396600, 0x09940000)
 compacting perm gen  total 12288K, used 5114K [0x13940000, 0x14540000, 0x17940000)
   the space 12288K,  41% used [0x13940000, 0x13e3eaa0, 0x13e3ec00, 0x14540000)
No shared spaces configured.
}
Event: 7.224 GC heap before
{Heap before GC invocations=9 (full 0):
 def new generation   total 4928K, used 4928K [0x03940000, 0x03e90000, 0x08e90000)
  eden space 4416K, 100% used [0x03940000, 0x03d90000, 0x03d90000)
  from space 512K, 100% used [0x03e10000, 0x03e90000, 0x03e90000)
  to   space 512K,   0% used [0x03d90000, 0x03d90000, 0x03e10000)
 tenured generation   total 10944K, used 5145K [0x08e90000, 0x09940000, 0x13940000)
   the space 10944K,  47% used [0x08e90000, 0x09396460, 0x09396600, 0x09940000)
 compacting perm gen  total 12288K, used 5152K [0x13940000, 0x14540000, 0x17940000)
   the space 12288K,  41% used [0x13940000, 0x13e483e0, 0x13e48400, 0x14540000)
No shared spaces configured.
Event: 7.236 GC heap after
Heap after GC invocations=10 (full 0):
 def new generation   total 4928K, used 512K [0x03940000, 0x03e90000, 0x08e90000)
  eden space 4416K,   0% used [0x03940000, 0x03940000, 0x03d90000)
  from space 512K, 100% used [0x03d90000, 0x03e10000, 0x03e10000)
  to   space 512K,   0% used [0x03e10000, 0x03e10000, 0x03e90000)
 tenured generation   total 10944K, used 8064K [0x08e90000, 0x09940000, 0x13940000)
   the space 10944K,  73% used [0x08e90000, 0x09670010, 0x09670200, 0x09940000)
 compacting perm gen  total 12288K, used 5152K [0x13940000, 0x14540000, 0x17940000)
   the space 12288K,  41% used [0x13940000, 0x13e483e0, 0x13e48400, 0x14540000)
No shared spaces configured.
}
Event: 7.491 GC heap before
{Heap before GC invocations=10 (full 0):
 def new generation   total 4928K, used 4928K [0x03940000, 0x03e90000, 0x08e90000)
  eden space 4416K, 100% used [0x03940000, 0x03d90000, 0x03d90000)
  from space 512K, 100% used [0x03d90000, 0x03e10000, 0x03e10000)
  to   space 512K,   0% used [0x03e10000, 0x03e10000, 0x03e90000)
 tenured generation   total 10944K, used 8064K [0x08e90000, 0x09940000, 0x13940000)
   the space 10944K,  73% used [0x08e90000, 0x09670010, 0x09670200, 0x09940000)
 compacting perm gen  total 12288K, used 5386K [0x13940000, 0x14540000, 0x17940000)
   the space 12288K,  43% used [0x13940000, 0x13e82b88, 0x13e82c00, 0x14540000)
No shared spaces configured.
Event: 7.500 GC heap after
Heap after GC invocations=11 (full 0):
 def new generation   total 4928K, used 512K [0x03940000, 0x03e90000, 0x08e90000)
  eden space 4416K,   0% used [0x03940000, 0x03940000, 0x03d90000)
  from space 512K, 100% used [0x03e10000, 0x03e90000, 0x03e90000)
  to   space 512K,   0% used [0x03d90000, 0x03d90000, 0x03e10000)
 tenured generation   total 10944K, used 9500K [0x08e90000, 0x09940000, 0x13940000)
   the space 10944K,  86% used [0x08e90000, 0x097d72d0, 0x097d7400, 0x09940000)
 compacting perm gen  total 12288K, used 5386K [0x13940000, 0x14540000, 0x17940000)
   the space 12288K,  43% used [0x13940000, 0x13e82b88, 0x13e82c00, 0x14540000)
No shared spaces configured.
}
Event: 52.919 GC heap before
{Heap before GC invocations=11 (full 0):
 def new generation   total 4928K, used 4928K [0x03940000, 0x03e90000, 0x08e90000)
  eden space 4416K, 100% used [0x03940000, 0x03d90000, 0x03d90000)
  from space 512K, 100% used [0x03e10000, 0x03e90000, 0x03e90000)
  to   space 512K,   0% used [0x03d90000, 0x03d90000, 0x03e10000)
 tenured generation   total 10944K, used 9500K [0x08e90000, 0x09940000, 0x13940000)
   the space 10944K,  86% used [0x08e90000, 0x097d72d0, 0x097d7400, 0x09940000)
 compacting perm gen  total 12288K, used 5418K [0x13940000, 0x14540000, 0x17940000)
   the space 12288K,  44% used [0x13940000, 0x13e8ab90, 0x13e8ac00, 0x14540000)
No shared spaces configured.
Event: 52.925 GC heap after
Heap after GC invocations=12 (full 0):
 def new generation   total 4928K, used 383K [0x03940000, 0x03e90000, 0x08e90000)
  eden space 4416K,   0% used [0x03940000, 0x03940000, 0x03d90000)
  from space 512K,  74% used [0x03d90000, 0x03defd00, 0x03e10000)
  to   space 512K,   0% used [0x03e10000, 0x03e10000, 0x03e90000)
 tenured generation   total 10944K, used 10011K [0x08e90000, 0x09940000, 0x13940000)
   the space 10944K,  91% used [0x08e90000, 0x09856c80, 0x09856e00, 0x09940000)
 compacting perm gen  total 12288K, used 5418K [0x13940000, 0x14540000, 0x17940000)
   the space 12288K,  44% used [0x13940000, 0x13e8ab90, 0x13e8ac00, 0x14540000)
No shared spaces configured.
}
Event: 104.809 GC heap before
{Heap before GC invocations=12 (full 0):
 def new generation   total 4928K, used 4799K [0x03940000, 0x03e90000, 0x08e90000)
  eden space 4416K, 100% used [0x03940000, 0x03d90000, 0x03d90000)
  from space 512K,  74% used [0x03d90000, 0x03defd00, 0x03e10000)
  to   space 512K,   0% used [0x03e10000, 0x03e10000, 0x03e90000)
 tenured generation   total 10944K, used 10011K [0x08e90000, 0x09940000, 0x13940000)
   the space 10944K,  91% used [0x08e90000, 0x09856c80, 0x09856e00, 0x09940000)
 compacting perm gen  total 12288K, used 5418K [0x13940000, 0x14540000, 0x17940000)
   the space 12288K,  44% used [0x13940000, 0x13e8aba0, 0x13e8ac00, 0x14540000)
No shared spaces configured.
Event: 104.812 GC heap after
Heap after GC invocations=13 (full 0):
 def new generation   total 4928K, used 3K [0x03940000, 0x03e90000, 0x08e90000)
  eden space 4416K,   0% used [0x03940000, 0x03940000, 0x03d90000)
  from space 512K,   0% used [0x03e10000, 0x03e10d28, 0x03e90000)
  to   space 512K,   0% used [0x03d90000, 0x03d90000, 0x03e10000)
 tenured generation   total 10944K, used 10375K [0x08e90000, 0x09940000, 0x13940000)
   the space 10944K,  94% used [0x08e90000, 0x098b1f58, 0x098b2000, 0x09940000)
 compacting perm gen  total 12288K, used 5418K [0x13940000, 0x14540000, 0x17940000)
   the space 12288K,  44% used [0x13940000, 0x13e8aba0, 0x13e8ac00, 0x14540000)
No shared spaces configured.
}

Deoptimization events (0 events):
No events

Internal exceptions (10 events):
Event: 7.491 Thread 0x17b1e000 Threw 0x03d8f2d8 at C:\re\jdk7u55\985\hotspot\src\share\vm\prims\jvm.cpp:1244
Event: 7.505 Thread 0x17b1e000 Threw 0x0395f100 at C:\re\jdk7u55\985\hotspot\src\share\vm\prims\jvm.cpp:1244
Event: 7.508 Thread 0x17b1e000 Threw 0x039789e8 at C:\re\jdk7u55\985\hotspot\src\share\vm\prims\jvm.cpp:1244
Event: 7.512 Thread 0x17b1e000 Threw 0x03994130 at C:\re\jdk7u55\985\hotspot\src\share\vm\prims\jvm.cpp:1244
Event: 7.535 Thread 0x17b1e000 Threw 0x0399b828 at C:\re\jdk7u55\985\hotspot\src\share\vm\prims\jvm.cpp:1244
Event: 7.545 Thread 0x17b1e000 Threw 0x0399fae0 at C:\re\jdk7u55\985\hotspot\src\share\vm\prims\jvm.cpp:1244
Event: 7.551 Thread 0x17b1e000 Threw 0x039b1e48 at C:\re\jdk7u55\985\hotspot\src\share\vm\prims\jvm.cpp:1244
Event: 7.553 Thread 0x17b1e000 Threw 0x039b7268 at C:\re\jdk7u55\985\hotspot\src\share\vm\prims\jvm.cpp:1244
Event: 7.553 Thread 0x17b1e000 Threw 0x039bb8e0 at C:\re\jdk7u55\985\hotspot\src\share\vm\prims\jvm.cpp:1244
Event: 7.556 Thread 0x17b1e000 Threw 0x039c07b8 at C:\re\jdk7u55\985\hotspot\src\share\vm\prims\jvm.cpp:1244

Events (10 events):
Event: 52.925 Executing VM operation: RevokeBias
Event: 52.925 Executing VM operation: RevokeBias done
Event: 52.925 Executing VM operation: RevokeBias
Event: 52.925 Executing VM operation: RevokeBias done
Event: 52.925 Executing VM operation: RevokeBias
Event: 52.926 Executing VM operation: RevokeBias done
Event: 52.926 Executing VM operation: RevokeBias
Event: 52.926 Executing VM operation: RevokeBias done
Event: 104.809 Executing VM operation: GenCollectForAllocation
Event: 104.812 Executing VM operation: GenCollectForAllocation done


Dynamic libraries:
0x003c0000 - 0x003ef000 	C:\Program Files\Java\jre7\bin\javaw.exe
0x77490000 - 0x775cc000 	C:\Windows\SYSTEM32\ntdll.dll
0x74950000 - 0x7498f000 	C:\Program Files\AVAST Software\Avast\snxhk.dll
0x77020000 - 0x770f4000 	C:\Windows\system32\KERNEL32.dll
0x75510000 - 0x7555b000 	C:\Windows\system32\KERNELBASE.dll
0x76780000 - 0x76820000 	C:\Windows\system32\ADVAPI32.dll
0x772d0000 - 0x7737c000 	C:\Windows\system32\msvcrt.dll
0x76b90000 - 0x76ba9000 	C:\Windows\SYSTEM32\sechost.dll
0x77220000 - 0x772c2000 	C:\Windows\system32\RPCRT4.dll
0x77380000 - 0x77449000 	C:\Windows\system32\USER32.dll
0x76fd0000 - 0x7701e000 	C:\Windows\system32\GDI32.dll
0x775e0000 - 0x775ea000 	C:\Windows\system32\LPK.dll
0x775f0000 - 0x7768d000 	C:\Windows\system32\USP10.dll
0x74540000 - 0x746de000 	C:\Windows\WinSxS\x86_microsoft.windows.common-controls_6595b64144ccf1df_6.0.7601.17514_none_41e6975e2bd6f2b2\COMCTL32.dll
0x759c0000 - 0x75a17000 	C:\Windows\system32\SHLWAPI.dll
0x77690000 - 0x776af000 	C:\Windows\system32\IMM32.DLL
0x76bb0000 - 0x76c7c000 	C:\Windows\system32\MSCTF.dll
0x50240000 - 0x502ff000 	C:\Program Files\Java\jre7\bin\msvcr100.dll
0x5b8d0000 - 0x5bc50000 	C:\Program Files\Java\jre7\bin\client\jvm.dll
0x71a30000 - 0x71a37000 	C:\Windows\system32\WSOCK32.dll
0x77450000 - 0x77485000 	C:\Windows\system32\WS2_32.dll
0x775d0000 - 0x775d6000 	C:\Windows\system32\NSI.dll
0x6f2e0000 - 0x6f312000 	C:\Windows\system32\WINMM.dll
0x75810000 - 0x75815000 	C:\Windows\system32\PSAPI.DLL
0x6e810000 - 0x6e81c000 	C:\Program Files\Java\jre7\bin\verify.dll
0x69120000 - 0x69140000 	C:\Program Files\Java\jre7\bin\java.dll
0x689f0000 - 0x68a1a000 	C:\Program Files\Java\jre7\bin\jdwp.dll
0x6b460000 - 0x6b467000 	C:\Program Files\Java\jre7\bin\npt.dll
0x69380000 - 0x69393000 	C:\Program Files\Java\jre7\bin\zip.dll
0x71ed0000 - 0x71ed8000 	C:\Program Files\Java\jre7\bin\dt_socket.dll
0x73800000 - 0x73810000 	C:\Windows\system32\NLAapi.dll
0x6efa0000 - 0x6efb0000 	C:\Windows\system32\napinsp.dll
0x6ef80000 - 0x6ef92000 	C:\Windows\system32\pnrpnsp.dll
0x74ec0000 - 0x74efc000 	C:\Windows\System32\mswsock.dll
0x74d80000 - 0x74dc4000 	C:\Windows\system32\DNSAPI.dll
0x6ef50000 - 0x6ef58000 	C:\Windows\System32\winrnr.dll
0x73650000 - 0x7366c000 	C:\Windows\system32\IPHLPAPI.DLL
0x73630000 - 0x73637000 	C:\Windows\system32\WINNSI.DLL
0x734f0000 - 0x73528000 	C:\Windows\System32\fwpuclnt.dll
0x6d9a0000 - 0x6d9a6000 	C:\Windows\system32\rasadhlp.dll
0x74a30000 - 0x74a35000 	C:\Windows\System32\wshtcpip.dll
0x6cec0000 - 0x6cf45000 	C:\Users\Carlos\AppData\Local\Temp\libgdxCarlos\56953fb7\gdx.dll
0x01880000 - 0x018cc000 	C:\Users\Carlos\AppData\Local\Temp\libgdxCarlos\52d76f2b\lwjgl.dll
0x685a0000 - 0x68668000 	C:\Windows\system32\OPENGL32.dll
0x68df0000 - 0x68e12000 	C:\Windows\system32\GLU32.dll
0x57e20000 - 0x57f07000 	C:\Windows\system32\DDRAW.dll
0x70570000 - 0x70576000 	C:\Windows\system32\DCIMAN32.dll
0x75820000 - 0x759bd000 	C:\Windows\system32\SETUPAPI.dll
0x75590000 - 0x755b7000 	C:\Windows\system32\CFGMGR32.dll
0x77190000 - 0x7721f000 	C:\Windows\system32\OLEAUT32.dll
0x76870000 - 0x769cc000 	C:\Windows\system32\ole32.dll
0x75620000 - 0x75632000 	C:\Windows\system32\DEVOBJ.dll
0x74090000 - 0x740a3000 	C:\Windows\system32\dwmapi.dll
0x749a0000 - 0x749a9000 	C:\Windows\system32\VERSION.dll
0x17da0000 - 0x17e05000 	C:\Users\Carlos\AppData\Local\Temp\libgdxCarlos\52d76f2b\OpenAL32.dll
0x75b30000 - 0x7677a000 	C:\Windows\system32\SHELL32.dll
0x75410000 - 0x7541c000 	C:\Windows\system32\CRYPTBASE.dll
0x743c0000 - 0x74400000 	C:\Windows\system32\uxtheme.dll
0x75aa0000 - 0x75b23000 	C:\Windows\system32\CLBCatQ.DLL
0x74400000 - 0x744f5000 	C:\Windows\System32\PROPSYS.dll
0x755d0000 - 0x755fe000 	C:\Windows\system32\WINTRUST.dll
0x756d0000 - 0x757f0000 	C:\Windows\system32\CRYPT32.dll
0x75500000 - 0x7550c000 	C:\Windows\system32\MSASN1.dll
0x71ca0000 - 0x71d12000 	C:\Windows\system32\dsound.dll
0x73b40000 - 0x73b65000 	C:\Windows\system32\POWRPROF.dll
0x740b0000 - 0x740e9000 	C:\Windows\System32\MMDevApi.dll
0x6d450000 - 0x6d486000 	C:\Windows\system32\AUDIOSES.DLL
0x197f0000 - 0x1a294000 	C:\Windows\system32\ig4icd32.dll
0x708c0000 - 0x70939000 	C:\Windows\system32\mscms.dll
0x75570000 - 0x75587000 	C:\Windows\system32\USERENV.dll
0x754f0000 - 0x754fb000 	C:\Windows\system32\profapi.dll
0x68d20000 - 0x68d58000 	C:\Windows\system32\icm32.dll
0x6dd40000 - 0x6de11000 	C:\Users\Carlos\AppData\Local\Temp\libgdxCarlos\1757f8d2\gdx-controllers-desktop.dll
0x67d10000 - 0x67d40000 	C:\Windows\system32\dinput8.dll
0x740f0000 - 0x740f9000 	C:\Windows\system32\HID.DLL
0x6f1a0000 - 0x6f28b000 	C:\Windows\system32\dbghelp.dll

VM Arguments:
jvm_args: -agentlib:jdwp=transport=dt_socket,suspend=y,address=localhost:57109 -Dfile.encoding=Cp1252 
java_command: com.valyrian.firstgame.Main
Launcher Type: SUN_STANDARD

Environment Variables:
PATH=C:/Program Files/Java/jre7/bin/client;C:/Program Files/Java/jre7/bin;C:/Program Files/Java/jre7/lib/i386;C:\Windows\system32;C:\Windows;C:\Windows\System32\Wbem;C:\Windows\System32\WindowsPowerShell\v1.0\;C:\Program Files\Common Files\Autodesk Shared\;C:\Program Files\Mercurial;C:\Program Files\nodejs\;C:\Users\Carlos\AppData\Roaming\npm;C:\Users\Carlos\Desktop\DAVID\eclipse;
USERNAME=Carlos
OS=Windows_NT
PROCESSOR_IDENTIFIER=x86 Family 6 Model 15 Stepping 13, GenuineIntel



---------------  S Y S T E M  ---------------

OS: Windows 7 Build 7601 Service Pack 1

CPU:total 2 (2 cores per cpu, 1 threads per core) family 6 model 15 stepping 13, cmov, cx8, fxsr, mmx, sse, sse2, sse3, ssse3, tsc

Memory: 4k page, physical 3010560k(1073876k free), swap 6019368k(2647480k free)

vm_info: Java HotSpot(TM) Client VM (24.55-b03) for windows-x86 JRE (1.7.0_55-b14), built on Apr 14 2014 18:25:32 by "java_re" with unknown MS VC++:1600

time: Sun Jun 15 23:12:24 2014
elapsed time: 144 seconds

