#
# A fatal error has been detected by the Java Runtime Environment:
#
#  EXCEPTION_ACCESS_VIOLATION (0xc0000005) at pc=0x6cecd649, pid=2924, tid=6008
#
# JRE version: Java(TM) SE Runtime Environment (7.0_55-b14) (build 1.7.0_55-b14)
# Java VM: Java HotSpot(TM) Client VM (24.55-b03 mixed mode windows-x86 )
# Problematic frame:
# C  [gdx.dll+0xd649]
#
# Failed to write core dump. Minidumps are not enabled by default on client versions of Windows
#
# If you would like to submit a bug report, please visit:
#   http://bugreport.sun.com/bugreport/crash.jsp
# The crash happened outside the Java Virtual Machine in native code.
# See problematic frame for where to report the bug.
#

---------------  T H R E A D  ---------------

Current thread (0x18beec00):  JavaThread "LWJGL Application" [_thread_in_native, id=6008, stack(0x18970000,0x189c0000)]

siginfo: ExceptionCode=0xc0000005, writing address 0x6cf230c8

Registers:
EAX=0x1dee30f8, EBX=0x6cf230c8, ECX=0x00000000, EDX=0x1dee32b8
ESP=0x189bef40, EBP=0x189befd8, ESI=0x1dee30f8, EDI=0x1dedc108
EIP=0x6cecd649, EFLAGS=0x00010202

Top of Stack: (sp=0x189bef40)
0x189bef40:   00000030 189bef9c 5ecd068e 79b9d1bb
0x189bef50:   fffffffe 189befa8 5eb0a585 6cf230c8
0x189bef60:   1dee30f8 1dedc108 6cf230c8 6ced103f
0x189bef70:   6cf230c8 1dee30f8 00000000 1dee32b8
0x189bef80:   00000000 189befec 00000004 0000059b
0x189bef90:   00000001 1dedc108 18beec00 189bf11c
0x189befa0:   ffffffff 0000059b 184ef010 6cf1291a
0x189befb0:   01beed30 6cf158c0 6cf1606c 189befd0 

Instructions: (pc=0x6cecd649)
0x6cecd629:   e9 2a ff ff ff 66 90 53 83 ec 28 8b 54 24 3c 8b
0x6cecd639:   44 24 34 8b 5c 24 30 8b 4c 24 38 f3 0f 10 4a 10
0x6cecd649:   c7 03 28 33 f2 6c f3 0f 59 48 10 89 4b 38 8b 4c
0x6cecd659:   24 40 c7 43 04 04 00 00 00 89 43 30 f3 0f 51 c1 


Register to memory mapping:

EAX=0x1dee30f8 is an unknown value
EBX=0x6cf230c8 is an unknown value
ECX=0x00000000 is an unknown value
EDX=0x1dee32b8 is an unknown value
ESP=0x189bef40 is pointing into the stack for thread: 0x18beec00
EBP=0x189befd8 is pointing into the stack for thread: 0x18beec00
ESI=0x1dee30f8 is an unknown value
EDI=0x1dedc108 is an unknown value


Stack: [0x18970000,0x189c0000],  sp=0x189bef40,  free space=315k
Native frames: (J=compiled Java code, j=interpreted, Vv=VM code, C=native code)
C  [gdx.dll+0xd649]

Java frames: (J=compiled Java code, j=interpreted, Vv=VM code)
J  com.badlogic.gdx.physics.box2d.World.jniStep(JFII)V
J  com.valyrian.firstgame.pantallas.PantallaPruebaPersonaje.render(F)V
J  com.badlogic.gdx.Game.render()V
j  com.badlogic.gdx.backends.lwjgl.LwjglApplication.mainLoop()V+642
j  com.badlogic.gdx.backends.lwjgl.LwjglApplication$1.run()V+27
v  ~StubRoutines::call_stub

---------------  P R O C E S S  ---------------

Java Threads: ( => current thread )
  0x18dc0800 JavaThread "LWJGL Timer" daemon [_thread_blocked, id=2044, stack(0x1c8d0000,0x1c920000)]
  0x18d98400 JavaThread "AsynchExecutor-Thread" daemon [_thread_blocked, id=1328, stack(0x1c060000,0x1c0b0000)]
  0x00afd400 JavaThread "DestroyJavaVM" [_thread_blocked, id=4276, stack(0x00bb0000,0x00c00000)]
=>0x18beec00 JavaThread "LWJGL Application" [_thread_in_native, id=6008, stack(0x18970000,0x189c0000)]
  0x00e35800 JavaThread "AWT-Windows" daemon [_thread_in_native, id=4728, stack(0x189f0000,0x18a40000)]
  0x00e04400 JavaThread "Java2D Disposer" daemon [_thread_blocked, id=1148, stack(0x18860000,0x188b0000)]
  0x00d76400 JavaThread "Service Thread" daemon [_thread_blocked, id=1880, stack(0x18720000,0x18770000)]
  0x00d6b400 JavaThread "C1 CompilerThread0" daemon [_thread_blocked, id=5224, stack(0x18340000,0x18390000)]
  0x00d5d400 JavaThread "JDWP Command Reader" daemon [_thread_in_native, id=2168, stack(0x186a0000,0x186f0000)]
  0x00d59800 JavaThread "JDWP Event Helper Thread" daemon [_thread_blocked, id=1176, stack(0x185d0000,0x18620000)]
  0x00d51400 JavaThread "JDWP Transport Listener: dt_socket" daemon [_thread_blocked, id=2744, stack(0x18520000,0x18570000)]
  0x00d4bc00 JavaThread "Attach Listener" daemon [_thread_blocked, id=4720, stack(0x17e90000,0x17ee0000)]
  0x00d48800 JavaThread "Signal Dispatcher" daemon [_thread_blocked, id=3364, stack(0x17d70000,0x17dc0000)]
  0x00d19400 JavaThread "Finalizer" daemon [_thread_blocked, id=2800, stack(0x01090000,0x010e0000)]
  0x00d14400 JavaThread "Reference Handler" daemon [_thread_blocked, id=5796, stack(0x00f60000,0x00fb0000)]

Other Threads:
  0x00d12c00 VMThread [stack: 0x01030000,0x01080000] [id=3360]
  0x00d91800 WatcherThread [stack: 0x18630000,0x18680000] [id=3572]

VM state:not at safepoint (normal execution)

VM Mutex/Monitor currently owned by a thread: None

Heap
 def new generation   total 4928K, used 1595K [0x03d60000, 0x042b0000, 0x092b0000)
  eden space 4416K,  34% used [0x03d60000, 0x03ee0570, 0x041b0000)
  from space 512K,  11% used [0x04230000, 0x0423e700, 0x042b0000)
  to   space 512K,   0% used [0x041b0000, 0x041b0000, 0x04230000)
 tenured generation   total 10944K, used 9084K [0x092b0000, 0x09d60000, 0x13d60000)
   the space 10944K,  83% used [0x092b0000, 0x09b8f0a0, 0x09b8f200, 0x09d60000)
 compacting perm gen  total 12288K, used 5801K [0x13d60000, 0x14960000, 0x17d60000)
   the space 12288K,  47% used [0x13d60000, 0x1430a6b8, 0x1430a800, 0x14960000)
No shared spaces configured.

Card table byte_map: [0x00c00000,0x00cb0000] byte_map_base: 0x00be1500

Polling page: 0x002c0000

Code Cache  [0x01d60000, 0x01f80000, 0x03d60000)
 total_blobs=1096 nmethods=815 adapters=226 free_code_cache=30620Kb largest_free_block=31355328

Compilation events (10 events):
Event: 124.774 Thread 0x00d6b400  810             java.lang.Short::shortValue (5 bytes)
Event: 124.774 Thread 0x00d6b400 nmethod 810 0x01f77848 code [0x01f77940, 0x01f779c0]
Event: 124.775 Thread 0x00d6b400  811             sun.misc.URLClassPath$JarLoader::findResource (18 bytes)
Event: 124.775 Thread 0x00d6b400 nmethod 811 0x01f77a08 code [0x01f77b20, 0x01f77bf8]
Event: 133.328 Thread 0x00d6b400  812             com.valyrian.firstgame.refactor.AnimacionJugador::getQuieto (22 bytes)
Event: 133.328 Thread 0x00d6b400 nmethod 812 0x01f77c88 code [0x01f77d90, 0x01f77e7c]
Event: 143.212 Thread 0x00d6b400  813             com.valyrian.firstgame.refactor.AnimacionJugador::getSaltar (22 bytes)
Event: 143.213 Thread 0x00d6b400 nmethod 813 0x01f77fc8 code [0x01f780d0, 0x01f781bc]
Event: 155.964 Thread 0x00d6b400  815             com.badlogic.gdx.physics.box2d.World::contactFilter (144 bytes)
Event: 155.965 Thread 0x00d6b400 nmethod 815 0x01f785c8 code [0x01f78740, 0x01f78a14]

GC Heap History (10 events):
Event: 124.923 GC heap before
{Heap before GC invocations=18 (full 0):
 def new generation   total 4928K, used 4462K [0x03d60000, 0x042b0000, 0x092b0000)
  eden space 4416K,  89% used [0x03d60000, 0x0413baf8, 0x041b0000)
  from space 512K, 100% used [0x041b0000, 0x04230000, 0x04230000)
  to   space 512K,   0% used [0x04230000, 0x04230000, 0x042b0000)
 tenured generation   total 10944K, used 6177K [0x092b0000, 0x09d60000, 0x13d60000)
   the space 10944K,  56% used [0x092b0000, 0x098b8500, 0x098b8600, 0x09d60000)
 compacting perm gen  total 12288K, used 5801K [0x13d60000, 0x14960000, 0x17d60000)
   the space 12288K,  47% used [0x13d60000, 0x1430a6b8, 0x1430a800, 0x14960000)
No shared spaces configured.
Event: 124.936 GC heap after
Heap after GC invocations=19 (full 0):
 def new generation   total 4928K, used 512K [0x03d60000, 0x042b0000, 0x092b0000)
  eden space 4416K,   0% used [0x03d60000, 0x03d60000, 0x041b0000)
  from space 512K, 100% used [0x04230000, 0x042b0000, 0x042b0000)
  to   space 512K,   0% used [0x041b0000, 0x041b0000, 0x04230000)
 tenured generation   total 10944K, used 8580K [0x092b0000, 0x09d60000, 0x13d60000)
   the space 10944K,  78% used [0x092b0000, 0x09b113c0, 0x09b11400, 0x09d60000)
 compacting perm gen  total 12288K, used 5801K [0x13d60000, 0x14960000, 0x17d60000)
   the space 12288K,  47% used [0x13d60000, 0x1430a6b8, 0x1430a800, 0x14960000)
No shared spaces configured.
}
Event: 130.395 GC heap before
{Heap before GC invocations=19 (full 0):
 def new generation   total 4928K, used 4928K [0x03d60000, 0x042b0000, 0x092b0000)
  eden space 4416K, 100% used [0x03d60000, 0x041b0000, 0x041b0000)
  from space 512K, 100% used [0x04230000, 0x042b0000, 0x042b0000)
  to   space 512K,   0% used [0x041b0000, 0x041b0000, 0x04230000)
 tenured generation   total 10944K, used 8580K [0x092b0000, 0x09d60000, 0x13d60000)
   the space 10944K,  78% used [0x092b0000, 0x09b113c0, 0x09b11400, 0x09d60000)
 compacting perm gen  total 12288K, used 5801K [0x13d60000, 0x14960000, 0x17d60000)
   the space 12288K,  47% used [0x13d60000, 0x1430a6b8, 0x1430a800, 0x14960000)
No shared spaces configured.
Event: 130.398 GC heap after
Heap after GC invocations=20 (full 0):
 def new generation   total 4928K, used 49K [0x03d60000, 0x042b0000, 0x092b0000)
  eden space 4416K,   0% used [0x03d60000, 0x03d60000, 0x041b0000)
  from space 512K,   9% used [0x041b0000, 0x041bc640, 0x04230000)
  to   space 512K,   0% used [0x04230000, 0x04230000, 0x042b0000)
 tenured generation   total 10944K, used 9084K [0x092b0000, 0x09d60000, 0x13d60000)
   the space 10944K,  83% used [0x092b0000, 0x09b8f0a0, 0x09b8f200, 0x09d60000)
 compacting perm gen  total 12288K, used 5801K [0x13d60000, 0x14960000, 0x17d60000)
   the space 12288K,  47% used [0x13d60000, 0x1430a6b8, 0x1430a800, 0x14960000)
No shared spaces configured.
}
Event: 138.115 GC heap before
{Heap before GC invocations=20 (full 0):
 def new generation   total 4928K, used 4465K [0x03d60000, 0x042b0000, 0x092b0000)
  eden space 4416K, 100% used [0x03d60000, 0x041b0000, 0x041b0000)
  from space 512K,   9% used [0x041b0000, 0x041bc640, 0x04230000)
  to   space 512K,   0% used [0x04230000, 0x04230000, 0x042b0000)
 tenured generation   total 10944K, used 9084K [0x092b0000, 0x09d60000, 0x13d60000)
   the space 10944K,  83% used [0x092b0000, 0x09b8f0a0, 0x09b8f200, 0x09d60000)
 compacting perm gen  total 12288K, used 5801K [0x13d60000, 0x14960000, 0x17d60000)
   the space 12288K,  47% used [0x13d60000, 0x1430a6b8, 0x1430a800, 0x14960000)
No shared spaces configured.
Event: 138.116 GC heap after
Heap after GC invocations=21 (full 0):
 def new generation   total 4928K, used 38K [0x03d60000, 0x042b0000, 0x092b0000)
  eden space 4416K,   0% used [0x03d60000, 0x03d60000, 0x041b0000)
  from space 512K,   7% used [0x04230000, 0x04239ab0, 0x042b0000)
  to   space 512K,   0% used [0x041b0000, 0x041b0000, 0x04230000)
 tenured generation   total 10944K, used 9084K [0x092b0000, 0x09d60000, 0x13d60000)
   the space 10944K,  83% used [0x092b0000, 0x09b8f0a0, 0x09b8f200, 0x09d60000)
 compacting perm gen  total 12288K, used 5801K [0x13d60000, 0x14960000, 0x17d60000)
   the space 12288K,  47% used [0x13d60000, 0x1430a6b8, 0x1430a800, 0x14960000)
No shared spaces configured.
}
Event: 145.916 GC heap before
{Heap before GC invocations=21 (full 0):
 def new generation   total 4928K, used 4454K [0x03d60000, 0x042b0000, 0x092b0000)
  eden space 4416K, 100% used [0x03d60000, 0x041b0000, 0x041b0000)
  from space 512K,   7% used [0x04230000, 0x04239ab0, 0x042b0000)
  to   space 512K,   0% used [0x041b0000, 0x041b0000, 0x04230000)
 tenured generation   total 10944K, used 9084K [0x092b0000, 0x09d60000, 0x13d60000)
   the space 10944K,  83% used [0x092b0000, 0x09b8f0a0, 0x09b8f200, 0x09d60000)
 compacting perm gen  total 12288K, used 5801K [0x13d60000, 0x14960000, 0x17d60000)
   the space 12288K,  47% used [0x13d60000, 0x1430a6b8, 0x1430a800, 0x14960000)
No shared spaces configured.
Event: 145.917 GC heap after
Heap after GC invocations=22 (full 0):
 def new generation   total 4928K, used 38K [0x03d60000, 0x042b0000, 0x092b0000)
  eden space 4416K,   0% used [0x03d60000, 0x03d60000, 0x041b0000)
  from space 512K,   7% used [0x041b0000, 0x041b9ab0, 0x04230000)
  to   space 512K,   0% used [0x04230000, 0x04230000, 0x042b0000)
 tenured generation   total 10944K, used 9084K [0x092b0000, 0x09d60000, 0x13d60000)
   the space 10944K,  83% used [0x092b0000, 0x09b8f0a0, 0x09b8f200, 0x09d60000)
 compacting perm gen  total 12288K, used 5801K [0x13d60000, 0x14960000, 0x17d60000)
   the space 12288K,  47% used [0x13d60000, 0x1430a6b8, 0x1430a800, 0x14960000)
No shared spaces configured.
}
Event: 153.818 GC heap before
{Heap before GC invocations=22 (full 0):
 def new generation   total 4928K, used 4454K [0x03d60000, 0x042b0000, 0x092b0000)
  eden space 4416K, 100% used [0x03d60000, 0x041b0000, 0x041b0000)
  from space 512K,   7% used [0x041b0000, 0x041b9ab0, 0x04230000)
  to   space 512K,   0% used [0x04230000, 0x04230000, 0x042b0000)
 tenured generation   total 10944K, used 9084K [0x092b0000, 0x09d60000, 0x13d60000)
   the space 10944K,  83% used [0x092b0000, 0x09b8f0a0, 0x09b8f200, 0x09d60000)
 compacting perm gen  total 12288K, used 5801K [0x13d60000, 0x14960000, 0x17d60000)
   the space 12288K,  47% used [0x13d60000, 0x1430a6b8, 0x1430a800, 0x14960000)
No shared spaces configured.
Event: 153.819 GC heap after
Heap after GC invocations=23 (full 0):
 def new generation   total 4928K, used 57K [0x03d60000, 0x042b0000, 0x092b0000)
  eden space 4416K,   0% used [0x03d60000, 0x03d60000, 0x041b0000)
  from space 512K,  11% used [0x04230000, 0x0423e700, 0x042b0000)
  to   space 512K,   0% used [0x041b0000, 0x041b0000, 0x04230000)
 tenured generation   total 10944K, used 9084K [0x092b0000, 0x09d60000, 0x13d60000)
   the space 10944K,  83% used [0x092b0000, 0x09b8f0a0, 0x09b8f200, 0x09d60000)
 compacting perm gen  total 12288K, used 5801K [0x13d60000, 0x14960000, 0x17d60000)
   the space 12288K,  47% used [0x13d60000, 0x1430a6b8, 0x1430a800, 0x14960000)
No shared spaces configured.
}

Deoptimization events (0 events):
No events

Internal exceptions (10 events):
Event: 5.076 Thread 0x18beec00 Threw 0x04060150 at C:\re\jdk7u55\985\hotspot\src\share\vm\prims\jvm.cpp:1244
Event: 5.078 Thread 0x18beec00 Threw 0x04064798 at C:\re\jdk7u55\985\hotspot\src\share\vm\prims\jvm.cpp:1244
Event: 5.083 Thread 0x18beec00 Threw 0x04067ca8 at C:\re\jdk7u55\985\hotspot\src\share\vm\prims\jvm.cpp:1244
Event: 5.099 Thread 0x18beec00 Threw 0x0406ea50 at C:\re\jdk7u55\985\hotspot\src\share\vm\prims\jvm.cpp:1244
Event: 5.100 Thread 0x18beec00 Threw 0x04073278 at C:\re\jdk7u55\985\hotspot\src\share\vm\prims\jvm.cpp:1244
Event: 5.101 Thread 0x18beec00 Threw 0x04077950 at C:\re\jdk7u55\985\hotspot\src\share\vm\prims\jvm.cpp:1244
Event: 5.155 Thread 0x18beec00 Threw 0x0407c6b0 at C:\re\jdk7u55\985\hotspot\src\share\vm\prims\jvm.cpp:1244
Event: 7.974 Thread 0x18beec00 Threw 0x03dc2cc0 at C:\re\jdk7u55\985\hotspot\src\share\vm\prims\jvm.cpp:1244
Event: 7.975 Thread 0x18beec00 Threw 0x03dc98a8 at C:\re\jdk7u55\985\hotspot\src\share\vm\prims\jvm.cpp:1244
Event: 22.629 Thread 0x18beec00 Threw 0x0414e500 at C:\re\jdk7u55\985\hotspot\src\share\vm\prims\jvm.cpp:1244

Events (10 events):
Event: 124.937 Executing VM operation: RevokeBias
Event: 124.937 Executing VM operation: RevokeBias done
Event: 130.395 Executing VM operation: GenCollectForAllocation
Event: 130.398 Executing VM operation: GenCollectForAllocation done
Event: 138.115 Executing VM operation: GenCollectForAllocation
Event: 138.116 Executing VM operation: GenCollectForAllocation done
Event: 145.916 Executing VM operation: GenCollectForAllocation
Event: 145.917 Executing VM operation: GenCollectForAllocation done
Event: 153.818 Executing VM operation: GenCollectForAllocation
Event: 153.819 Executing VM operation: GenCollectForAllocation done


Dynamic libraries:
0x01130000 - 0x0115f000 	C:\Program Files\Java\jre7\bin\javaw.exe
0x77bc0000 - 0x77cfc000 	C:\Windows\SYSTEM32\ntdll.dll
0x6e460000 - 0x6e49f000 	C:\Program Files\AVAST Software\Avast\snxhk.dll
0x773e0000 - 0x774b4000 	C:\Windows\system32\KERNEL32.dll
0x75e60000 - 0x75eab000 	C:\Windows\system32\KERNELBASE.dll
0x76180000 - 0x76220000 	C:\Windows\system32\ADVAPI32.dll
0x774c0000 - 0x7756c000 	C:\Windows\system32\msvcrt.dll
0x77db0000 - 0x77dc9000 	C:\Windows\SYSTEM32\sechost.dll
0x77330000 - 0x773d2000 	C:\Windows\system32\RPCRT4.dll
0x763d0000 - 0x76499000 	C:\Windows\system32\USER32.dll
0x77d00000 - 0x77d4e000 	C:\Windows\system32\GDI32.dll
0x77dd0000 - 0x77dda000 	C:\Windows\system32\LPK.dll
0x76590000 - 0x7662d000 	C:\Windows\system32\USP10.dll
0x74850000 - 0x749ee000 	C:\Windows\WinSxS\x86_microsoft.windows.common-controls_6595b64144ccf1df_6.0.7601.17514_none_41e6975e2bd6f2b2\COMCTL32.dll
0x764a0000 - 0x764f7000 	C:\Windows\system32\SHLWAPI.dll
0x766c0000 - 0x766df000 	C:\Windows\system32\IMM32.DLL
0x77820000 - 0x778ec000 	C:\Windows\system32\MSCTF.dll
0x50c70000 - 0x50d2f000 	C:\Program Files\Java\jre7\bin\msvcr100.dll
0x5ea40000 - 0x5edc0000 	C:\Program Files\Java\jre7\bin\client\jvm.dll
0x71fa0000 - 0x71fa7000 	C:\Windows\system32\WSOCK32.dll
0x77580000 - 0x775b5000 	C:\Windows\system32\WS2_32.dll
0x77de0000 - 0x77de6000 	C:\Windows\system32\NSI.dll
0x6de80000 - 0x6deb2000 	C:\Windows\system32\WINMM.dll
0x77570000 - 0x77575000 	C:\Windows\system32\PSAPI.DLL
0x5ea30000 - 0x5ea3c000 	C:\Program Files\Java\jre7\bin\verify.dll
0x5ea10000 - 0x5ea30000 	C:\Program Files\Java\jre7\bin\java.dll
0x5f100000 - 0x5f12a000 	C:\Program Files\Java\jre7\bin\jdwp.dll
0x74840000 - 0x74847000 	C:\Program Files\Java\jre7\bin\npt.dll
0x5e9f0000 - 0x5ea03000 	C:\Program Files\Java\jre7\bin\zip.dll
0x728e0000 - 0x728e8000 	C:\Program Files\Java\jre7\bin\dt_socket.dll
0x74050000 - 0x74060000 	C:\Windows\system32\NLAapi.dll
0x6e6d0000 - 0x6e6e0000 	C:\Windows\system32\napinsp.dll
0x6e6b0000 - 0x6e6c2000 	C:\Windows\system32\pnrpnsp.dll
0x75610000 - 0x7564c000 	C:\Windows\System32\mswsock.dll
0x754d0000 - 0x75514000 	C:\Windows\system32\DNSAPI.dll
0x6e690000 - 0x6e698000 	C:\Windows\System32\winrnr.dll
0x73da0000 - 0x73dbc000 	C:\Windows\system32\IPHLPAPI.DLL
0x73d90000 - 0x73d97000 	C:\Windows\system32\WINNSI.DLL
0x73c30000 - 0x73c68000 	C:\Windows\System32\fwpuclnt.dll
0x6e650000 - 0x6e656000 	C:\Windows\system32\rasadhlp.dll
0x75160000 - 0x75165000 	C:\Windows\System32\wshtcpip.dll
0x6c1a0000 - 0x6c2e3000 	C:\Program Files\Java\jre7\bin\awt.dll
0x76630000 - 0x766bf000 	C:\Windows\system32\OLEAUT32.dll
0x76220000 - 0x7637c000 	C:\Windows\system32\ole32.dll
0x744e0000 - 0x744f3000 	C:\Windows\system32\DWMAPI.DLL
0x747d0000 - 0x74810000 	C:\Windows\system32\uxtheme.dll
0x75b60000 - 0x75b6c000 	C:\Windows\system32\CRYPTBASE.dll
0x6cec0000 - 0x6cf45000 	C:\Users\Carlos\AppData\Local\Temp\libgdxCarlos\56953fb7\gdx.dll
0x00aa0000 - 0x00aec000 	C:\Users\Carlos\AppData\Local\Temp\libgdxCarlos\52d76f2b\lwjgl.dll
0x53ef0000 - 0x53fb8000 	C:\Windows\system32\OPENGL32.dll
0x663b0000 - 0x663d2000 	C:\Windows\system32\GLU32.dll
0x702b0000 - 0x70397000 	C:\Windows\system32\DDRAW.dll
0x6dcb0000 - 0x6dcb6000 	C:\Windows\system32\DCIMAN32.dll
0x77a20000 - 0x77bbd000 	C:\Windows\system32\SETUPAPI.dll
0x75d80000 - 0x75da7000 	C:\Windows\system32\CFGMGR32.dll
0x75ed0000 - 0x75ee2000 	C:\Windows\system32\DEVOBJ.dll
0x750d0000 - 0x750d9000 	C:\Windows\system32\VERSION.dll
0x00fb0000 - 0x01015000 	C:\Users\Carlos\AppData\Local\Temp\libgdxCarlos\52d76f2b\OpenAL32.dll
0x766e0000 - 0x7732a000 	C:\Windows\system32\SHELL32.dll
0x76500000 - 0x76583000 	C:\Windows\system32\CLBCatQ.DLL
0x74af0000 - 0x74b29000 	C:\Windows\System32\MMDevApi.dll
0x749f0000 - 0x74ae5000 	C:\Windows\System32\PROPSYS.dll
0x6a350000 - 0x6a3c2000 	C:\Windows\system32\dsound.dll
0x74b30000 - 0x74b55000 	C:\Windows\system32\POWRPROF.dll
0x00f10000 - 0x00f46000 	C:\Windows\system32\AUDIOSES.DLL
0x19b70000 - 0x1a614000 	C:\Windows\system32\ig4icd32.dll
0x1a620000 - 0x1a699000 	C:\Windows\system32\mscms.dll
0x75230000 - 0x75247000 	C:\Windows\system32\USERENV.dll
0x75be0000 - 0x75beb000 	C:\Windows\system32\profapi.dll
0x5f010000 - 0x5f048000 	C:\Windows\system32\icm32.dll
0x704a0000 - 0x7058b000 	C:\Windows\system32\dbghelp.dll

VM Arguments:
jvm_args: -agentlib:jdwp=transport=dt_socket,suspend=y,address=localhost:54994 -Dfile.encoding=Cp1252 
java_command: com.valyrian.firstgame.Main
Launcher Type: SUN_STANDARD

Environment Variables:
PATH=C:/Program Files/Java/jre7/bin/client;C:/Program Files/Java/jre7/bin;C:/Program Files/Java/jre7/lib/i386;C:\Windows\system32;C:\Windows;C:\Windows\System32\Wbem;C:\Windows\System32\WindowsPowerShell\v1.0\;C:\Program Files\Common Files\Autodesk Shared\;C:\Program Files\Mercurial;C:\Program Files\nodejs\;C:\Users\Carlos\AppData\Roaming\npm;C:\Users\Carlos\Desktop\DAVID\eclipse;
USERNAME=Carlos
OS=Windows_NT
PROCESSOR_IDENTIFIER=x86 Family 6 Model 15 Stepping 13, GenuineIntel



---------------  S Y S T E M  ---------------

OS: Windows 7 Build 7601 Service Pack 1

CPU:total 2 (2 cores per cpu, 1 threads per core) family 6 model 15 stepping 13, cmov, cx8, fxsr, mmx, sse, sse2, sse3, ssse3, tsc

Memory: 4k page, physical 1961984k(187052k free), swap 3923968k(800308k free)

vm_info: Java HotSpot(TM) Client VM (24.55-b03) for windows-x86 JRE (1.7.0_55-b14), built on Apr 14 2014 18:25:32 by "java_re" with unknown MS VC++:1600

time: Sat May 24 20:47:02 2014
elapsed time: 156 seconds

