#
# A fatal error has been detected by the Java Runtime Environment:
#
#  EXCEPTION_ACCESS_VIOLATION (0xc0000005) at pc=0x3f8ccccd, pid=4144, tid=2284
#
# JRE version: Java(TM) SE Runtime Environment (7.0_51-b13) (build 1.7.0_51-b13)
# Java VM: Java HotSpot(TM) Client VM (24.51-b03 mixed mode windows-x86 )
# Problematic frame:
# C  0x3f8ccccd
#
# Failed to write core dump. Minidumps are not enabled by default on client versions of Windows
#
# If you would like to submit a bug report, please visit:
#   http://bugreport.sun.com/bugreport/crash.jsp
# The crash happened outside the Java Virtual Machine in native code.
# See problematic frame for where to report the bug.
#

---------------  T H R E A D  ---------------

Current thread (0x17ae7000):  JavaThread "LWJGL Application" [_thread_in_native, id=2284, stack(0x196b0000,0x19700000)]

siginfo: ExceptionCode=0xc0000005, ExceptionInformation=0x00000008 0x3f8ccccd

Registers:
EAX=0x003fe628, EBX=0x1835b750, ECX=0x1835f2f8, EDX=0x003fe338
ESP=0x196ff51c, EBP=0x18341df0, ESI=0x1835f2f8, EDI=0x196ff584
EIP=0x3f8ccccd, EFLAGS=0x00010202

Top of Stack: (sp=0x196ff51c)
0x196ff51c:   6cee0256 003fe628 18341df0 00000000
0x196ff52c:   0000000c 196f0000 196ff550 5a569d60
0x196ff53c:   1835b750 18341df0 1835f2f8 196ff60c
0x196ff54c:   6cedf285 1835f2f8 18341df0 1835b750
0x196ff55c:   196ff584 13dbe858 13dbe858 17ae7000
0x196ff56c:   6cee8834 1835b750 196ff584 01902908
0x196ff57c:   00000000 196ff6a8 003fe628 00000000
0x196ff58c:   3dcccccd 00000000 3d000000 0001f600 

Instructions: (pc=0x3f8ccccd)
0x3f8cccad:   
[error occurred during error reporting (printing registers, top of stack, instructions near pc), id 0xc0000005]

Register to memory mapping:

EAX=0x003fe628 is an unknown value
EBX=0x1835b750 is an unknown value
ECX=0x1835f2f8 is an unknown value
EDX=0x003fe338 is an unknown value
ESP=0x196ff51c is pointing into the stack for thread: 0x17ae7000
EBP=0x18341df0 is an unknown value
ESI=0x1835f2f8 is an unknown value
EDI=0x196ff584 is pointing into the stack for thread: 0x17ae7000


Stack: [0x196b0000,0x19700000],  sp=0x196ff51c,  free space=317k
Native frames: (J=compiled Java code, j=interpreted, Vv=VM code, C=native code)
C  0x3f8ccccd

Java frames: (J=compiled Java code, j=interpreted, Vv=VM code)
j  com.badlogic.gdx.physics.box2d.Body.jniCreateFixture(JJFFFZSSS)J+0
j  com.badlogic.gdx.physics.box2d.Body.createFixture(Lcom/badlogic/gdx/physics/box2d/FixtureDef;)Lcom/badlogic/gdx/physics/box2d/Fixture;+49
j  com.valyrian.firstgame.entidades.Jugador.crearCuerpo(Lcom/badlogic/gdx/physics/box2d/World;Lcom/badlogic/gdx/math/Vector2;II)V+126
j  com.valyrian.firstgame.entidades.Jugador.<init>(IIILcom/badlogic/gdx/math/Vector2;Lcom/badlogic/gdx/math/Vector2;Lcom/badlogic/gdx/physics/box2d/World;)V+238
j  com.valyrian.firstgame.pantallas.pruebas.PantallaPruebaPersonaje.show()V+408
j  com.badlogic.gdx.Game.setScreen(Lcom/badlogic/gdx/Screen;)V+32
j  com.valyrian.firstgame.PrimerJuego.create()V+5
j  com.badlogic.gdx.backends.lwjgl.LwjglApplication.mainLoop()V+29
j  com.badlogic.gdx.backends.lwjgl.LwjglApplication$1.run()V+27
v  ~StubRoutines::call_stub

---------------  P R O C E S S  ---------------

Java Threads: ( => current thread )
  0x011cd000 JavaThread "DestroyJavaVM" [_thread_blocked, id=4984, stack(0x018b0000,0x01900000)]
=>0x17ae7000 JavaThread "LWJGL Application" [_thread_in_native, id=2284, stack(0x196b0000,0x19700000)]
  0x17a77800 JavaThread "AWT-Windows" daemon [_thread_in_native, id=5464, stack(0x188a0000,0x188f0000)]
  0x17a76400 JavaThread "AWT-Shutdown" [_thread_blocked, id=4540, stack(0x18840000,0x18890000)]
  0x179ff000 JavaThread "Java2D Disposer" daemon [_thread_blocked, id=2668, stack(0x18480000,0x184d0000)]
  0x179bd800 JavaThread "Service Thread" daemon [_thread_blocked, id=1060, stack(0x18660000,0x186b0000)]
  0x179ba800 JavaThread "C1 CompilerThread0" daemon [_thread_blocked, id=4560, stack(0x18430000,0x18480000)]
  0x179b1800 JavaThread "JDWP Command Reader" daemon [_thread_in_native, id=3180, stack(0x184f0000,0x18540000)]
  0x179aac00 JavaThread "JDWP Event Helper Thread" daemon [_thread_blocked, id=5468, stack(0x17e40000,0x17e90000)]
  0x1799d400 JavaThread "JDWP Transport Listener: dt_socket" daemon [_thread_blocked, id=5672, stack(0x17c60000,0x17cb0000)]
  0x1799b400 JavaThread "Attach Listener" daemon [_thread_blocked, id=5644, stack(0x17ed0000,0x17f20000)]
  0x17998000 JavaThread "Signal Dispatcher" daemon [_thread_blocked, id=808, stack(0x17cd0000,0x17d20000)]
  0x17966400 JavaThread "Finalizer" daemon [_thread_blocked, id=4056, stack(0x17dd0000,0x17e20000)]
  0x17964c00 JavaThread "Reference Handler" daemon [_thread_blocked, id=6092, stack(0x17d80000,0x17dd0000)]

Other Threads:
  0x17962800 VMThread [stack: 0x17c10000,0x17c60000] [id=5344]
  0x179c7400 WatcherThread [stack: 0x181f0000,0x18240000] [id=2192]

VM state:not at safepoint (normal execution)

VM Mutex/Monitor currently owned by a thread: None

Heap
 def new generation   total 4928K, used 2652K [0x03900000, 0x03e50000, 0x08e50000)
  eden space 4416K,  48% used [0x03900000, 0x03b17378, 0x03d50000)
  from space 512K, 100% used [0x03d50000, 0x03dd0000, 0x03dd0000)
  to   space 512K,   0% used [0x03dd0000, 0x03dd0000, 0x03e50000)
 tenured generation   total 10944K, used 1699K [0x08e50000, 0x09900000, 0x13900000)
   the space 10944K,  15% used [0x08e50000, 0x08ff8fe8, 0x08ff9000, 0x09900000)
 compacting perm gen  total 12288K, used 4914K [0x13900000, 0x14500000, 0x17900000)
   the space 12288K,  39% used [0x13900000, 0x13dccad0, 0x13dccc00, 0x14500000)
No shared spaces configured.

Card table byte_map: [0x01800000,0x018b0000] byte_map_base: 0x017e3800

Polling page: 0x001d0000

Code Cache  [0x01900000, 0x019d8000, 0x03900000)
 total_blobs=390 nmethods=122 adapters=213 free_code_cache=31923Kb largest_free_block=32689856

Compilation events (10 events):
Event: 1.373 Thread 0x179ba800  118             java.net.URL::<init> (8 bytes)
Event: 1.374 Thread 0x179ba800 nmethod 118 0x019d0e88 code [0x019d0f80, 0x019d102c]
Event: 1.374 Thread 0x179ba800  119             java.net.URLStreamHandler::setURL (40 bytes)
Event: 1.374 Thread 0x179ba800 nmethod 119 0x019d1088 code [0x019d11a0, 0x019d12f8]
Event: 1.374 Thread 0x179ba800  120   !         java.net.URL::set (114 bytes)
Event: 1.375 Thread 0x179ba800 nmethod 120 0x019d1488 code [0x019d15c0, 0x019d1a90]
Event: 1.380 Thread 0x179ba800  121             java.lang.String::equalsIgnoreCase (48 bytes)
Event: 1.380 Thread 0x179ba800 nmethod 121 0x019d1e48 code [0x019d1f50, 0x019d206c]
Event: 1.414 Thread 0x179ba800  122 %           com.badlogic.gdx.math.MathUtils$Sin::<clinit> @ 10 (84 bytes)
Event: 1.415 Thread 0x179ba800 nmethod 122% 0x019d2908 code [0x019d2a80, 0x019d2ea0]

GC Heap History (4 events):
Event: 0.811 GC heap before
{Heap before GC invocations=0 (full 0):
 def new generation   total 4928K, used 4416K [0x03900000, 0x03e50000, 0x08e50000)
  eden space 4416K, 100% used [0x03900000, 0x03d50000, 0x03d50000)
  from space 512K,   0% used [0x03d50000, 0x03d50000, 0x03dd0000)
  to   space 512K,   0% used [0x03dd0000, 0x03dd0000, 0x03e50000)
 tenured generation   total 10944K, used 0K [0x08e50000, 0x09900000, 0x13900000)
   the space 10944K,   0% used [0x08e50000, 0x08e50000, 0x08e50200, 0x09900000)
 compacting perm gen  total 12288K, used 3516K [0x13900000, 0x14500000, 0x17900000)
   the space 12288K,  28% used [0x13900000, 0x13c6f368, 0x13c6f400, 0x14500000)
No shared spaces configured.
Event: 0.817 GC heap after
Heap after GC invocations=1 (full 0):
 def new generation   total 4928K, used 512K [0x03900000, 0x03e50000, 0x08e50000)
  eden space 4416K,   0% used [0x03900000, 0x03900000, 0x03d50000)
  from space 512K, 100% used [0x03dd0000, 0x03e50000, 0x03e50000)
  to   space 512K,   0% used [0x03d50000, 0x03d50000, 0x03dd0000)
 tenured generation   total 10944K, used 632K [0x08e50000, 0x09900000, 0x13900000)
   the space 10944K,   5% used [0x08e50000, 0x08eee348, 0x08eee400, 0x09900000)
 compacting perm gen  total 12288K, used 3516K [0x13900000, 0x14500000, 0x17900000)
   the space 12288K,  28% used [0x13900000, 0x13c6f368, 0x13c6f400, 0x14500000)
No shared spaces configured.
}
Event: 1.236 GC heap before
{Heap before GC invocations=1 (full 0):
 def new generation   total 4928K, used 4908K [0x03900000, 0x03e50000, 0x08e50000)
  eden space 4416K,  99% used [0x03900000, 0x03d4b110, 0x03d50000)
  from space 512K, 100% used [0x03dd0000, 0x03e50000, 0x03e50000)
  to   space 512K,   0% used [0x03d50000, 0x03d50000, 0x03dd0000)
 tenured generation   total 10944K, used 632K [0x08e50000, 0x09900000, 0x13900000)
   the space 10944K,   5% used [0x08e50000, 0x08eee348, 0x08eee400, 0x09900000)
 compacting perm gen  total 12288K, used 4576K [0x13900000, 0x14500000, 0x17900000)
   the space 12288K,  37% used [0x13900000, 0x13d78148, 0x13d78200, 0x14500000)
No shared spaces configured.
Event: 1.246 GC heap after
Heap after GC invocations=2 (full 0):
 def new generation   total 4928K, used 512K [0x03900000, 0x03e50000, 0x08e50000)
  eden space 4416K,   0% used [0x03900000, 0x03900000, 0x03d50000)
  from space 512K, 100% used [0x03d50000, 0x03dd0000, 0x03dd0000)
  to   space 512K,   0% used [0x03dd0000, 0x03dd0000, 0x03e50000)
 tenured generation   total 10944K, used 1699K [0x08e50000, 0x09900000, 0x13900000)
   the space 10944K,  15% used [0x08e50000, 0x08ff8fe8, 0x08ff9000, 0x09900000)
 compacting perm gen  total 12288K, used 4576K [0x13900000, 0x14500000, 0x17900000)
   the space 12288K,  37% used [0x13900000, 0x13d78148, 0x13d78200, 0x14500000)
No shared spaces configured.
}

Deoptimization events (0 events):
No events

Internal exceptions (10 events):
Event: 1.393 Thread 0x17ae7000 Threw 0x03acab88 at C:\re\jdk7u51\527\hotspot\src\share\vm\prims\jvm.cpp:1244
Event: 1.394 Thread 0x17ae7000 Threw 0x03ad1238 at C:\re\jdk7u51\527\hotspot\src\share\vm\prims\jvm.cpp:1244
Event: 1.418 Thread 0x17ae7000 Threw 0x03ad4de0 at C:\re\jdk7u51\527\hotspot\src\share\vm\prims\jvm.cpp:1244
Event: 1.419 Thread 0x17ae7000 Threw 0x03ad83b0 at C:\re\jdk7u51\527\hotspot\src\share\vm\prims\jvm.cpp:1244
Event: 1.421 Thread 0x17ae7000 Threw 0x03adced8 at C:\re\jdk7u51\527\hotspot\src\share\vm\prims\jvm.cpp:1244
Event: 1.424 Thread 0x17ae7000 Threw 0x03af3918 at C:\re\jdk7u51\527\hotspot\src\share\vm\prims\jvm.cpp:1244
Event: 1.426 Thread 0x17ae7000 Threw 0x03afa3c8 at C:\re\jdk7u51\527\hotspot\src\share\vm\prims\jvm.cpp:1244
Event: 1.426 Thread 0x17ae7000 Threw 0x03afce88 at C:\re\jdk7u51\527\hotspot\src\share\vm\prims\jvm.cpp:1244
Event: 1.428 Thread 0x17ae7000 Threw 0x03b00648 at C:\re\jdk7u51\527\hotspot\src\share\vm\prims\jvm.cpp:1244
Event: 1.435 Thread 0x17ae7000 Threw 0x03b0ca20 at C:\re\jdk7u51\527\hotspot\src\share\vm\prims\jvm.cpp:1244

Events (10 events):
Event: 1.425 loading class 0x19869590
Event: 1.425 loading class 0x19869590 done
Event: 1.426 loading class 0x19869650
Event: 1.426 loading class 0x19869650 done
Event: 1.428 loading class 0x0172d738
Event: 1.428 loading class 0x0172d738 done
Event: 1.428 loading class 0x199f2e60
Event: 1.428 loading class 0x199f2e60 done
Event: 1.435 loading class 0x19869610
Event: 1.435 loading class 0x19869610 done


Dynamic libraries:
0x012d0000 - 0x012ff000 	C:\Program Files\Java\jre7\bin\javaw.exe
0x77450000 - 0x7758c000 	C:\Windows\SYSTEM32\ntdll.dll
0x697d0000 - 0x6980f000 	C:\Program Files\AVAST Software\Avast\snxhk.dll
0x76f60000 - 0x77034000 	C:\Windows\system32\KERNEL32.dll
0x75770000 - 0x757bb000 	C:\Windows\system32\KERNELBASE.dll
0x76ec0000 - 0x76f60000 	C:\Windows\system32\ADVAPI32.dll
0x76dd0000 - 0x76e7c000 	C:\Windows\system32\msvcrt.dll
0x75aa0000 - 0x75ab9000 	C:\Windows\SYSTEM32\sechost.dll
0x75c80000 - 0x75d22000 	C:\Windows\system32\RPCRT4.dll
0x757c0000 - 0x75889000 	C:\Windows\system32\USER32.dll
0x775d0000 - 0x7761e000 	C:\Windows\system32\GDI32.dll
0x77590000 - 0x7759a000 	C:\Windows\system32\LPK.dll
0x772e0000 - 0x7737d000 	C:\Windows\system32\USP10.dll
0x74380000 - 0x7451e000 	C:\Windows\WinSxS\x86_microsoft.windows.common-controls_6595b64144ccf1df_6.0.7601.17514_none_41e6975e2bd6f2b2\COMCTL32.dll
0x77280000 - 0x772d7000 	C:\Windows\system32\SHLWAPI.dll
0x775b0000 - 0x775cf000 	C:\Windows\system32\IMM32.DLL
0x77380000 - 0x7744c000 	C:\Windows\system32\MSCTF.dll
0x61e10000 - 0x61ecf000 	C:\Program Files\Java\jre7\bin\msvcr100.dll
0x5a4d0000 - 0x5a850000 	C:\Program Files\Java\jre7\bin\client\jvm.dll
0x71780000 - 0x71787000 	C:\Windows\system32\WSOCK32.dll
0x76e80000 - 0x76eb5000 	C:\Windows\system32\WS2_32.dll
0x75890000 - 0x75896000 	C:\Windows\system32\NSI.dll
0x6b300000 - 0x6b332000 	C:\Windows\system32\WINMM.dll
0x77620000 - 0x77625000 	C:\Windows\system32\PSAPI.DLL
0x72450000 - 0x7245c000 	C:\Program Files\Java\jre7\bin\verify.dll
0x72430000 - 0x72450000 	C:\Program Files\Java\jre7\bin\java.dll
0x71e20000 - 0x71e4a000 	C:\Program Files\Java\jre7\bin\jdwp.dll
0x74830000 - 0x74837000 	C:\Program Files\Java\jre7\bin\npt.dll
0x71fd0000 - 0x71fe3000 	C:\Program Files\Java\jre7\bin\zip.dll
0x72710000 - 0x72718000 	C:\Program Files\Java\jre7\bin\dt_socket.dll
0x73700000 - 0x73710000 	C:\Windows\system32\NLAapi.dll
0x6d770000 - 0x6d780000 	C:\Windows\system32\napinsp.dll
0x6a690000 - 0x6a6a2000 	C:\Windows\system32\pnrpnsp.dll
0x74ec0000 - 0x74efc000 	C:\Windows\System32\mswsock.dll
0x74d80000 - 0x74dc4000 	C:\Windows\system32\DNSAPI.dll
0x6d760000 - 0x6d768000 	C:\Windows\System32\winrnr.dll
0x733c0000 - 0x733dc000 	C:\Windows\system32\IPHLPAPI.DLL
0x733b0000 - 0x733b7000 	C:\Windows\system32\WINNSI.DLL
0x732a0000 - 0x732d8000 	C:\Windows\System32\fwpuclnt.dll
0x6a110000 - 0x6a116000 	C:\Windows\system32\rasadhlp.dll
0x749e0000 - 0x749e5000 	C:\Windows\System32\wshtcpip.dll
0x5ad00000 - 0x5ae43000 	C:\Program Files\Java\jre7\bin\awt.dll
0x75ac0000 - 0x75b4f000 	C:\Windows\system32\OLEAUT32.dll
0x770a0000 - 0x771fc000 	C:\Windows\system32\ole32.dll
0x73d70000 - 0x73d83000 	C:\Windows\system32\DWMAPI.DLL
0x741c0000 - 0x74200000 	C:\Windows\system32\uxtheme.dll
0x753e0000 - 0x753ec000 	C:\Windows\system32\CRYPTBASE.dll
0x6cec0000 - 0x6cf45000 	C:\Users\Carlos\AppData\Local\Temp\libgdxCarlos\56953fb7\gdx.dll
0x01280000 - 0x012cc000 	C:\Users\Carlos\AppData\Local\Temp\libgdxCarlos\52d76f2b\lwjgl.dll
0x5f910000 - 0x5f9d8000 	C:\Windows\system32\OPENGL32.dll
0x6d920000 - 0x6d942000 	C:\Windows\system32\GLU32.dll
0x5ac10000 - 0x5acf7000 	C:\Windows\system32\DDRAW.dll
0x721d0000 - 0x721d6000 	C:\Windows\system32\DCIMAN32.dll
0x75f50000 - 0x760ed000 	C:\Windows\system32\SETUPAPI.dll
0x756d0000 - 0x756f7000 	C:\Windows\system32\CFGMGR32.dll
0x756b0000 - 0x756c2000 	C:\Windows\system32\DEVOBJ.dll
0x74950000 - 0x74959000 	C:\Windows\system32\VERSION.dll
0x18790000 - 0x187f5000 	C:\Users\Carlos\AppData\Local\Temp\libgdxCarlos\52d76f2b\OpenAL32.dll
0x760f0000 - 0x76d3a000 	C:\Windows\system32\SHELL32.dll
0x76d40000 - 0x76dc3000 	C:\Windows\system32\CLBCatQ.DLL
0x73f00000 - 0x73f39000 	C:\Windows\System32\MMDevApi.dll
0x74280000 - 0x74375000 	C:\Windows\System32\PROPSYS.dll
0x72570000 - 0x725e2000 	C:\Windows\system32\dsound.dll
0x74000000 - 0x74025000 	C:\Windows\system32\POWRPROF.dll
0x68bb0000 - 0x68be6000 	C:\Windows\system32\AUDIOSES.DLL
0x19c50000 - 0x1a6f4000 	C:\Windows\system32\ig4icd32.dll
0x70140000 - 0x701b9000 	C:\Windows\system32\mscms.dll
0x74ab0000 - 0x74ac7000 	C:\Windows\system32\USERENV.dll
0x75460000 - 0x7546b000 	C:\Windows\system32\profapi.dll
0x6dc10000 - 0x6dc48000 	C:\Windows\system32\icm32.dll
0x70240000 - 0x7032b000 	C:\Windows\system32\dbghelp.dll

VM Arguments:
jvm_args: -agentlib:jdwp=transport=dt_socket,suspend=y,address=localhost:53816 -Dfile.encoding=Cp1252 
java_command: com.valyrian.firstgame.Main
Launcher Type: SUN_STANDARD

Environment Variables:
PATH=C:/Program Files/Java/jre7/bin/client;C:/Program Files/Java/jre7/bin;C:/Program Files/Java/jre7/lib/i386;C:\Windows\system32;C:\Windows;C:\Windows\System32\Wbem;C:\Windows\System32\WindowsPowerShell\v1.0\;C:\Program Files\Common Files\Autodesk Shared\;C:\Program Files\Mercurial;C:\Users\Carlos\Desktop\DAVID\eclipse;
USERNAME=Carlos
OS=Windows_NT
PROCESSOR_IDENTIFIER=x86 Family 6 Model 15 Stepping 13, GenuineIntel



---------------  S Y S T E M  ---------------

OS: Windows 7 Build 7601 Service Pack 1

CPU:total 2 (2 cores per cpu, 1 threads per core) family 6 model 15 stepping 13, cmov, cx8, fxsr, mmx, sse, sse2, sse3, ssse3, tsc

Memory: 4k page, physical 1961984k(287928k free), swap 3923968k(1280764k free)

vm_info: Java HotSpot(TM) Client VM (24.51-b03) for windows-x86 JRE (1.7.0_51-b13), built on Dec 18 2013 19:09:58 by "java_re" with unknown MS VC++:1600

time: Thu Jan 30 18:38:29 2014
elapsed time: 1 seconds

