#
# A fatal error has been detected by the Java Runtime Environment:
#
#  EXCEPTION_ACCESS_VIOLATION (0xc0000005) at pc=0x6cedf2b7, pid=5204, tid=4056
#
# JRE version: Java(TM) SE Runtime Environment (7.0_55-b14) (build 1.7.0_55-b14)
# Java VM: Java HotSpot(TM) Client VM (24.55-b03 mixed mode windows-x86 )
# Problematic frame:
# C  [gdx.dll+0x1f2b7]
#
# Failed to write core dump. Minidumps are not enabled by default on client versions of Windows
#
# If you would like to submit a bug report, please visit:
#   http://bugreport.sun.com/bugreport/crash.jsp
# The crash happened outside the Java Virtual Machine in native code.
# See problematic frame for where to report the bug.
#

---------------  T H R E A D  ---------------

Current thread (0x18d16000):  JavaThread "LWJGL Application" [_thread_in_native, id=4056, stack(0x18390000,0x183e0000)]

siginfo: ExceptionCode=0xc0000005, writing address 0xbf8191d4

Registers:
EAX=0xbf800000, EBX=0x13ef1630, ECX=0x1c4e6348, EDX=0x00000001
ESP=0x183de2e0, EBP=0x183de39c, ESI=0x13ef1630, EDI=0x1c4e0c78
EIP=0x6cedf2b7, EFLAGS=0x00010242

Top of Stack: (sp=0x183de2e0)
0x183de2e0:   1c4e0c78 1c53cfb8 18525cb0 183de314
0x183de2f0:   13ef1630 13ef1630 18d16000 6cee8834
0x183de300:   18525cb0 183de314 183de380 0196f358
0x183de310:   18d16130 1e190670 00000000 00000000
0x183de320:   00000000 00000000 0009af00 00000007
0x183de330:   00000000 00000000 03dc0c08 0196f358
0x183de340:   18d16130 183de3d8 18525cb0 00000000
0x183de350:   1e190670 00000000 00000000 00000000 

Instructions: (pc=0x6cedf2b7)
0x6cedf297:   47 04 83 43 68 01 0f 2e 05 88 ee f1 6c 89 7b 64
0x6cedf2a7:   89 5f 08 77 5a 8b 43 58 8b 74 24 14 8b 5c 24 10
0x6cedf2b7:   83 88 d4 91 01 00 01 89 f8 8b 7c 24 18 83 c4 1c
0x6cedf2c7:   c3 c7 44 24 08 a8 00 00 00 c7 44 24 04 00 eb f1 


Register to memory mapping:

EAX=0xbf800000 is an unknown value
EBX=0x13ef1630 is an oop
{method} 
 - klass: {other class}
ECX=0x1c4e6348 is an unknown value
EDX=0x00000001 is an unknown value
ESP=0x183de2e0 is pointing into the stack for thread: 0x18d16000
EBP=0x183de39c is pointing into the stack for thread: 0x18d16000
ESI=0x13ef1630 is an oop
{method} 
 - klass: {other class}
EDI=0x1c4e0c78 is an unknown value


Stack: [0x18390000,0x183e0000],  sp=0x183de2e0,  free space=312k
Native frames: (J=compiled Java code, j=interpreted, Vv=VM code, C=native code)
C  [gdx.dll+0x1f2b7]
j  com.badlogic.gdx.physics.box2d.Body.createFixture(Lcom/badlogic/gdx/physics/box2d/FixtureDef;)Lcom/badlogic/gdx/physics/box2d/Fixture;+49
j  com.valyrian.firstgame.refactor.entidades.Proyectil.crearCuerpo(Lcom/badlogic/gdx/physics/box2d/World;Lcom/badlogic/gdx/math/Vector2;FF)V+137
j  com.valyrian.firstgame.refactor.entidades.Entidad.<init>(FFLcom/badlogic/gdx/math/Vector2;Lcom/badlogic/gdx/math/Vector2;Lcom/badlogic/gdx/physics/box2d/World;Lcom/badlogic/gdx/graphics/Texture;)V+50
j  com.valyrian.firstgame.refactor.entidades.Proyectil.<init>(FFLcom/badlogic/gdx/math/Vector2;Lcom/badlogic/gdx/math/Vector2;Lcom/badlogic/gdx/physics/box2d/World;Lcom/badlogic/gdx/graphics/Texture;I)V+10
j  com.valyrian.firstgame.refactor.entidades.Jugador.Disparar(Lcom/badlogic/gdx/physics/box2d/World;I)Lcom/valyrian/firstgame/refactor/entidades/Proyectil;+120
j  com.valyrian.firstgame.utilidades.input.Joystick.buttonDown(Lcom/badlogic/gdx/controllers/Controller;I)Z+100
j  com.badlogic.gdx.controllers.desktop.OisControllers$OisController$1.buttonPressed(Lcom/badlogic/gdx/controllers/desktop/ois/OisJoystick;I)V+44
j  com.badlogic.gdx.controllers.desktop.ois.OisJoystick.buttonPressed(I)V+20
v  ~StubRoutines::call_stub
V  [jvm.dll+0x13f25a]
V  [jvm.dll+0x202c1e]
V  [jvm.dll+0x13f2dd]
V  [jvm.dll+0xc9b22]
V  [jvm.dll+0xcd773]

Java frames: (J=compiled Java code, j=interpreted, Vv=VM code)
j  com.badlogic.gdx.physics.box2d.Body.jniCreateFixture(JJFFFZSSS)J+0
j  com.badlogic.gdx.physics.box2d.Body.createFixture(Lcom/badlogic/gdx/physics/box2d/FixtureDef;)Lcom/badlogic/gdx/physics/box2d/Fixture;+49
j  com.valyrian.firstgame.refactor.entidades.Proyectil.crearCuerpo(Lcom/badlogic/gdx/physics/box2d/World;Lcom/badlogic/gdx/math/Vector2;FF)V+137
j  com.valyrian.firstgame.refactor.entidades.Entidad.<init>(FFLcom/badlogic/gdx/math/Vector2;Lcom/badlogic/gdx/math/Vector2;Lcom/badlogic/gdx/physics/box2d/World;Lcom/badlogic/gdx/graphics/Texture;)V+50
j  com.valyrian.firstgame.refactor.entidades.Proyectil.<init>(FFLcom/badlogic/gdx/math/Vector2;Lcom/badlogic/gdx/math/Vector2;Lcom/badlogic/gdx/physics/box2d/World;Lcom/badlogic/gdx/graphics/Texture;I)V+10
j  com.valyrian.firstgame.refactor.entidades.Jugador.Disparar(Lcom/badlogic/gdx/physics/box2d/World;I)Lcom/valyrian/firstgame/refactor/entidades/Proyectil;+120
j  com.valyrian.firstgame.utilidades.input.Joystick.buttonDown(Lcom/badlogic/gdx/controllers/Controller;I)Z+100
j  com.badlogic.gdx.controllers.desktop.OisControllers$OisController$1.buttonPressed(Lcom/badlogic/gdx/controllers/desktop/ois/OisJoystick;I)V+44
j  com.badlogic.gdx.controllers.desktop.ois.OisJoystick.buttonPressed(I)V+20
v  ~StubRoutines::call_stub
J  com.badlogic.gdx.controllers.desktop.ois.OisJoystick.update(JLcom/badlogic/gdx/controllers/desktop/ois/OisJoystick;)V
J  com.badlogic.gdx.controllers.desktop.ois.Ois.update()V
J  com.badlogic.gdx.controllers.desktop.OisControllers$1.run()V
J  com.badlogic.gdx.backends.lwjgl.LwjglApplication.executeRunnables()Z
j  com.badlogic.gdx.backends.lwjgl.LwjglApplication.mainLoop()V+515
j  com.badlogic.gdx.backends.lwjgl.LwjglApplication$1.run()V+27
v  ~StubRoutines::call_stub

---------------  P R O C E S S  ---------------

Java Threads: ( => current thread )
  0x18f08800 JavaThread "LWJGL Timer" daemon [_thread_blocked, id=112, stack(0x1c100000,0x1c150000)]
  0x18ee9000 JavaThread "AsynchExecutor-Thread" daemon [_thread_blocked, id=1048, stack(0x1bf80000,0x1bfd0000)]
  0x0124d400 JavaThread "DestroyJavaVM" [_thread_blocked, id=1464, stack(0x01910000,0x01960000)]
=>0x18d16000 JavaThread "LWJGL Application" [_thread_in_native, id=4056, stack(0x18390000,0x183e0000)]
  0x17a88000 JavaThread "AWT-Windows" daemon [_thread_in_native, id=476, stack(0x188b0000,0x18900000)]
  0x17a83800 JavaThread "Java2D Disposer" daemon [_thread_blocked, id=4360, stack(0x18960000,0x189b0000)]
  0x179bdc00 JavaThread "Service Thread" daemon [_thread_blocked, id=4416, stack(0x18780000,0x187d0000)]
  0x179bac00 JavaThread "C1 CompilerThread0" daemon [_thread_blocked, id=4028, stack(0x18160000,0x181b0000)]
  0x179ad000 JavaThread "JDWP Command Reader" daemon [_thread_in_native, id=5140, stack(0x186c0000,0x18710000)]
  0x179ab000 JavaThread "JDWP Event Helper Thread" daemon [_thread_blocked, id=1972, stack(0x18320000,0x18370000)]
  0x179a3400 JavaThread "JDWP Transport Listener: dt_socket" daemon [_thread_blocked, id=4732, stack(0x18560000,0x185b0000)]
  0x1799dc00 JavaThread "Attach Listener" daemon [_thread_blocked, id=4996, stack(0x17db0000,0x17e00000)]
  0x1799a800 JavaThread "Signal Dispatcher" daemon [_thread_blocked, id=4036, stack(0x17ba0000,0x17bf0000)]
  0x17965800 JavaThread "Finalizer" daemon [_thread_blocked, id=4840, stack(0x17e10000,0x17e60000)]
  0x17964400 JavaThread "Reference Handler" daemon [_thread_blocked, id=5336, stack(0x17c90000,0x17ce0000)]

Other Threads:
  0x17962c00 VMThread [stack: 0x17c20000,0x17c70000] [id=5792]
  0x179c7800 WatcherThread [stack: 0x18720000,0x18770000] [id=5536]

VM state:not at safepoint (normal execution)

VM Mutex/Monitor currently owned by a thread: None

Heap
 def new generation   total 4992K, used 373K [0x03960000, 0x03ec0000, 0x08eb0000)
  eden space 4480K,   3% used [0x03960000, 0x039880c0, 0x03dc0000)
  from space 512K,  41% used [0x03dc0000, 0x03df54e8, 0x03e40000)
  to   space 512K,   0% used [0x03e40000, 0x03e40000, 0x03ec0000)
 tenured generation   total 10944K, used 8965K [0x08eb0000, 0x09960000, 0x13960000)
   the space 10944K,  81% used [0x08eb0000, 0x097717c0, 0x09771800, 0x09960000)
 compacting perm gen  total 12288K, used 5933K [0x13960000, 0x14560000, 0x17960000)
   the space 12288K,  48% used [0x13960000, 0x13f2b648, 0x13f2b800, 0x14560000)
No shared spaces configured.

Card table byte_map: [0x01250000,0x01300000] byte_map_base: 0x01233500

Polling page: 0x002c0000

Code Cache  [0x01960000, 0x01ba0000, 0x03960000)
 total_blobs=1175 nmethods=893 adapters=226 free_code_cache=30517Kb largest_free_block=31226752

Compilation events (10 events):
Event: 281.126 Thread 0x179bac00  891             com.badlogic.gdx.physics.box2d.Body::getLinearVelocity (43 bytes)
Event: 281.126 Thread 0x179bac00 nmethod 891 0x01b65088 code [0x01b65190, 0x01b6529c]
Event: 281.322 Thread 0x179bac00  893             com.badlogic.gdx.physics.box2d.Body::setLinearVelocity (11 bytes)
Event: 281.322 Thread 0x179bac00 nmethod 893 0x01b64e48 code [0x01b64f40, 0x01b64ffc]
Event: 289.814 Thread 0x179bac00  895             sun.misc.FloatingDecimal::<init> (205 bytes)
Event: 289.815 Thread 0x179bac00 nmethod 895 0x01b64a08 code [0x01b64b10, 0x01b64d7c]
Event: 289.815 Thread 0x179bac00  896             sun.misc.FloatingDecimal::appendTo (76 bytes)
Event: 289.816 Thread 0x179bac00 nmethod 896 0x01b64108 code [0x01b64260, 0x01b6466c]
Event: 289.816 Thread 0x179bac00  897             sun.misc.FloatingDecimal::getChars (515 bytes)
Event: 289.817 Thread 0x179bac00 nmethod 897 0x01a6ef88 code [0x01a6f130, 0x01a6fa74]

GC Heap History (10 events):
Event: 276.417 GC heap before
{Heap before GC invocations=31 (full 1):
 def new generation   total 4992K, used 4710K [0x03960000, 0x03ec0000, 0x08eb0000)
  eden space 4480K,  99% used [0x03960000, 0x03dbed00, 0x03dc0000)
  from space 512K,  45% used [0x03e40000, 0x03e7acd0, 0x03ec0000)
  to   space 512K,   0% used [0x03dc0000, 0x03dc0000, 0x03e40000)
 tenured generation   total 10944K, used 5422K [0x08eb0000, 0x09960000, 0x13960000)
   the space 10944K,  49% used [0x08eb0000, 0x093fb998, 0x093fba00, 0x09960000)
 compacting perm gen  total 12288K, used 5933K [0x13960000, 0x14560000, 0x17960000)
   the space 12288K,  48% used [0x13960000, 0x13f2b648, 0x13f2b800, 0x14560000)
No shared spaces configured.
Event: 276.419 GC heap after
Heap after GC invocations=32 (full 1):
 def new generation   total 4992K, used 512K [0x03960000, 0x03ec0000, 0x08eb0000)
  eden space 4480K,   0% used [0x03960000, 0x03960000, 0x03dc0000)
  from space 512K, 100% used [0x03dc0000, 0x03e40000, 0x03e40000)
  to   space 512K,   0% used [0x03e40000, 0x03e40000, 0x03ec0000)
 tenured generation   total 10944K, used 5803K [0x08eb0000, 0x09960000, 0x13960000)
   the space 10944K,  53% used [0x08eb0000, 0x0945ad68, 0x0945ae00, 0x09960000)
 compacting perm gen  total 12288K, used 5933K [0x13960000, 0x14560000, 0x17960000)
   the space 12288K,  48% used [0x13960000, 0x13f2b648, 0x13f2b800, 0x14560000)
No shared spaces configured.
}
Event: 276.617 GC heap before
{Heap before GC invocations=32 (full 1):
 def new generation   total 4992K, used 4954K [0x03960000, 0x03ec0000, 0x08eb0000)
  eden space 4480K,  99% used [0x03960000, 0x03db6bf0, 0x03dc0000)
  from space 512K, 100% used [0x03dc0000, 0x03e40000, 0x03e40000)
  to   space 512K,   0% used [0x03e40000, 0x03e40000, 0x03ec0000)
 tenured generation   total 10944K, used 5803K [0x08eb0000, 0x09960000, 0x13960000)
   the space 10944K,  53% used [0x08eb0000, 0x0945ad68, 0x0945ae00, 0x09960000)
 compacting perm gen  total 12288K, used 5933K [0x13960000, 0x14560000, 0x17960000)
   the space 12288K,  48% used [0x13960000, 0x13f2b648, 0x13f2b800, 0x14560000)
No shared spaces configured.
Event: 276.627 GC heap after
Heap after GC invocations=33 (full 1):
 def new generation   total 4992K, used 512K [0x03960000, 0x03ec0000, 0x08eb0000)
  eden space 4480K,   0% used [0x03960000, 0x03960000, 0x03dc0000)
  from space 512K, 100% used [0x03e40000, 0x03ec0000, 0x03ec0000)
  to   space 512K,   0% used [0x03dc0000, 0x03dc0000, 0x03e40000)
 tenured generation   total 10944K, used 8514K [0x08eb0000, 0x09960000, 0x13960000)
   the space 10944K,  77% used [0x08eb0000, 0x09700ac8, 0x09700c00, 0x09960000)
 compacting perm gen  total 12288K, used 5933K [0x13960000, 0x14560000, 0x17960000)
   the space 12288K,  48% used [0x13960000, 0x13f2b648, 0x13f2b800, 0x14560000)
No shared spaces configured.
}
Event: 280.818 GC heap before
{Heap before GC invocations=33 (full 1):
 def new generation   total 4992K, used 4992K [0x03960000, 0x03ec0000, 0x08eb0000)
  eden space 4480K, 100% used [0x03960000, 0x03dc0000, 0x03dc0000)
  from space 512K, 100% used [0x03e40000, 0x03ec0000, 0x03ec0000)
  to   space 512K,   0% used [0x03dc0000, 0x03dc0000, 0x03e40000)
 tenured generation   total 10944K, used 8514K [0x08eb0000, 0x09960000, 0x13960000)
   the space 10944K,  77% used [0x08eb0000, 0x09700ac8, 0x09700c00, 0x09960000)
 compacting perm gen  total 12288K, used 5933K [0x13960000, 0x14560000, 0x17960000)
   the space 12288K,  48% used [0x13960000, 0x13f2b648, 0x13f2b800, 0x14560000)
No shared spaces configured.
Event: 280.820 GC heap after
Heap after GC invocations=34 (full 1):
 def new generation   total 4992K, used 199K [0x03960000, 0x03ec0000, 0x08eb0000)
  eden space 4480K,   0% used [0x03960000, 0x03960000, 0x03dc0000)
  from space 512K,  39% used [0x03dc0000, 0x03df1f30, 0x03e40000)
  to   space 512K,   0% used [0x03e40000, 0x03e40000, 0x03ec0000)
 tenured generation   total 10944K, used 8965K [0x08eb0000, 0x09960000, 0x13960000)
   the space 10944K,  81% used [0x08eb0000, 0x097717c0, 0x09771800, 0x09960000)
 compacting perm gen  total 12288K, used 5933K [0x13960000, 0x14560000, 0x17960000)
   the space 12288K,  48% used [0x13960000, 0x13f2b648, 0x13f2b800, 0x14560000)
No shared spaces configured.
}
Event: 288.963 GC heap before
{Heap before GC invocations=34 (full 1):
 def new generation   total 4992K, used 4679K [0x03960000, 0x03ec0000, 0x08eb0000)
  eden space 4480K, 100% used [0x03960000, 0x03dc0000, 0x03dc0000)
  from space 512K,  39% used [0x03dc0000, 0x03df1f30, 0x03e40000)
  to   space 512K,   0% used [0x03e40000, 0x03e40000, 0x03ec0000)
 tenured generation   total 10944K, used 8965K [0x08eb0000, 0x09960000, 0x13960000)
   the space 10944K,  81% used [0x08eb0000, 0x097717c0, 0x09771800, 0x09960000)
 compacting perm gen  total 12288K, used 5933K [0x13960000, 0x14560000, 0x17960000)
   the space 12288K,  48% used [0x13960000, 0x13f2b648, 0x13f2b800, 0x14560000)
No shared spaces configured.
Event: 288.963 GC heap after
Heap after GC invocations=35 (full 1):
 def new generation   total 4992K, used 182K [0x03960000, 0x03ec0000, 0x08eb0000)
  eden space 4480K,   0% used [0x03960000, 0x03960000, 0x03dc0000)
  from space 512K,  35% used [0x03e40000, 0x03e6da70, 0x03ec0000)
  to   space 512K,   0% used [0x03dc0000, 0x03dc0000, 0x03e40000)
 tenured generation   total 10944K, used 8965K [0x08eb0000, 0x09960000, 0x13960000)
   the space 10944K,  81% used [0x08eb0000, 0x097717c0, 0x09771800, 0x09960000)
 compacting perm gen  total 12288K, used 5933K [0x13960000, 0x14560000, 0x17960000)
   the space 12288K,  48% used [0x13960000, 0x13f2b648, 0x13f2b800, 0x14560000)
No shared spaces configured.
}
Event: 298.914 GC heap before
{Heap before GC invocations=35 (full 1):
 def new generation   total 4992K, used 4662K [0x03960000, 0x03ec0000, 0x08eb0000)
  eden space 4480K, 100% used [0x03960000, 0x03dc0000, 0x03dc0000)
  from space 512K,  35% used [0x03e40000, 0x03e6da70, 0x03ec0000)
  to   space 512K,   0% used [0x03dc0000, 0x03dc0000, 0x03e40000)
 tenured generation   total 10944K, used 8965K [0x08eb0000, 0x09960000, 0x13960000)
   the space 10944K,  81% used [0x08eb0000, 0x097717c0, 0x09771800, 0x09960000)
 compacting perm gen  total 12288K, used 5933K [0x13960000, 0x14560000, 0x17960000)
   the space 12288K,  48% used [0x13960000, 0x13f2b648, 0x13f2b800, 0x14560000)
No shared spaces configured.
Event: 298.915 GC heap after
Heap after GC invocations=36 (full 1):
 def new generation   total 4992K, used 213K [0x03960000, 0x03ec0000, 0x08eb0000)
  eden space 4480K,   0% used [0x03960000, 0x03960000, 0x03dc0000)
  from space 512K,  41% used [0x03dc0000, 0x03df54e8, 0x03e40000)
  to   space 512K,   0% used [0x03e40000, 0x03e40000, 0x03ec0000)
 tenured generation   total 10944K, used 8965K [0x08eb0000, 0x09960000, 0x13960000)
   the space 10944K,  81% used [0x08eb0000, 0x097717c0, 0x09771800, 0x09960000)
 compacting perm gen  total 12288K, used 5933K [0x13960000, 0x14560000, 0x17960000)
   the space 12288K,  48% used [0x13960000, 0x13f2b648, 0x13f2b800, 0x14560000)
No shared spaces configured.
}

Deoptimization events (0 events):
No events

Internal exceptions (10 events):
Event: 4.938 Thread 0x18d16000 Threw 0x03d8d128 at C:\re\jdk7u55\985\hotspot\src\share\vm\prims\jvm.cpp:1244
Event: 4.940 Thread 0x18d16000 Threw 0x03d91a60 at C:\re\jdk7u55\985\hotspot\src\share\vm\prims\jvm.cpp:1244
Event: 4.943 Thread 0x18d16000 Threw 0x03d94dc0 at C:\re\jdk7u55\985\hotspot\src\share\vm\prims\jvm.cpp:1244
Event: 4.960 Thread 0x18d16000 Threw 0x03d9bac8 at C:\re\jdk7u55\985\hotspot\src\share\vm\prims\jvm.cpp:1244
Event: 4.961 Thread 0x18d16000 Threw 0x03da0388 at C:\re\jdk7u55\985\hotspot\src\share\vm\prims\jvm.cpp:1244
Event: 4.962 Thread 0x18d16000 Threw 0x03da4a00 at C:\re\jdk7u55\985\hotspot\src\share\vm\prims\jvm.cpp:1244
Event: 4.964 Thread 0x18d16000 Threw 0x03da97c8 at C:\re\jdk7u55\985\hotspot\src\share\vm\prims\jvm.cpp:1244
Event: 5.935 Thread 0x18d16000 Threw 0x039e28d0 at C:\re\jdk7u55\985\hotspot\src\share\vm\prims\jvm.cpp:1244
Event: 8.198 Thread 0x18d16000 Threw 0x03b4d9a0 at C:\re\jdk7u55\985\hotspot\src\share\vm\prims\jvm.cpp:1244
Event: 8.202 Thread 0x18d16000 Threw 0x03b58338 at C:\re\jdk7u55\985\hotspot\src\share\vm\prims\jvm.cpp:1244

Events (10 events):
Event: 276.628 Executing VM operation: RevokeBias
Event: 276.628 Executing VM operation: RevokeBias done
Event: 280.818 Executing VM operation: GenCollectForAllocation
Event: 280.820 Executing VM operation: GenCollectForAllocation done
Event: 280.821 Thread 0x179bac00 flushing nmethod 0x01b5c848
Event: 280.822 Thread 0x179bac00 flushing nmethod 0x01b63408
Event: 288.962 Executing VM operation: GenCollectForAllocation
Event: 288.963 Executing VM operation: GenCollectForAllocation done
Event: 298.914 Executing VM operation: GenCollectForAllocation
Event: 298.915 Executing VM operation: GenCollectForAllocation done


Dynamic libraries:
0x00110000 - 0x0013f000 	C:\Program Files\Java\jre7\bin\javaw.exe
0x77bc0000 - 0x77cfc000 	C:\Windows\SYSTEM32\ntdll.dll
0x6e460000 - 0x6e49f000 	C:\Program Files\AVAST Software\Avast\snxhk.dll
0x773e0000 - 0x774b4000 	C:\Windows\system32\KERNEL32.dll
0x75e60000 - 0x75eab000 	C:\Windows\system32\KERNELBASE.dll
0x76180000 - 0x76220000 	C:\Windows\system32\ADVAPI32.dll
0x774c0000 - 0x7756c000 	C:\Windows\system32\msvcrt.dll
0x77db0000 - 0x77dc9000 	C:\Windows\SYSTEM32\sechost.dll
0x77330000 - 0x773d2000 	C:\Windows\system32\RPCRT4.dll
0x763d0000 - 0x76499000 	C:\Windows\system32\USER32.dll
0x77d00000 - 0x77d4e000 	C:\Windows\system32\GDI32.dll
0x77dd0000 - 0x77dda000 	C:\Windows\system32\LPK.dll
0x76590000 - 0x7662d000 	C:\Windows\system32\USP10.dll
0x74850000 - 0x749ee000 	C:\Windows\WinSxS\x86_microsoft.windows.common-controls_6595b64144ccf1df_6.0.7601.17514_none_41e6975e2bd6f2b2\COMCTL32.dll
0x764a0000 - 0x764f7000 	C:\Windows\system32\SHLWAPI.dll
0x766c0000 - 0x766df000 	C:\Windows\system32\IMM32.DLL
0x77820000 - 0x778ec000 	C:\Windows\system32\MSCTF.dll
0x78270000 - 0x7832f000 	C:\Program Files\Java\jre7\bin\msvcr100.dll
0x5ea40000 - 0x5edc0000 	C:\Program Files\Java\jre7\bin\client\jvm.dll
0x71fa0000 - 0x71fa7000 	C:\Windows\system32\WSOCK32.dll
0x77580000 - 0x775b5000 	C:\Windows\system32\WS2_32.dll
0x77de0000 - 0x77de6000 	C:\Windows\system32\NSI.dll
0x6de80000 - 0x6deb2000 	C:\Windows\system32\WINMM.dll
0x77570000 - 0x77575000 	C:\Windows\system32\PSAPI.DLL
0x5ea30000 - 0x5ea3c000 	C:\Program Files\Java\jre7\bin\verify.dll
0x5ea10000 - 0x5ea30000 	C:\Program Files\Java\jre7\bin\java.dll
0x6a520000 - 0x6a54a000 	C:\Program Files\Java\jre7\bin\jdwp.dll
0x6b190000 - 0x6b197000 	C:\Program Files\Java\jre7\bin\npt.dll
0x5e9f0000 - 0x5ea03000 	C:\Program Files\Java\jre7\bin\zip.dll
0x6dcb0000 - 0x6dcb8000 	C:\Program Files\Java\jre7\bin\dt_socket.dll
0x74050000 - 0x74060000 	C:\Windows\system32\NLAapi.dll
0x6e6d0000 - 0x6e6e0000 	C:\Windows\system32\napinsp.dll
0x6e6b0000 - 0x6e6c2000 	C:\Windows\system32\pnrpnsp.dll
0x75610000 - 0x7564c000 	C:\Windows\System32\mswsock.dll
0x754d0000 - 0x75514000 	C:\Windows\system32\DNSAPI.dll
0x6e690000 - 0x6e698000 	C:\Windows\System32\winrnr.dll
0x73da0000 - 0x73dbc000 	C:\Windows\system32\IPHLPAPI.DLL
0x73d90000 - 0x73d97000 	C:\Windows\system32\WINNSI.DLL
0x73c30000 - 0x73c68000 	C:\Windows\System32\fwpuclnt.dll
0x6e650000 - 0x6e656000 	C:\Windows\system32\rasadhlp.dll
0x75160000 - 0x75165000 	C:\Windows\System32\wshtcpip.dll
0x6c870000 - 0x6c9b3000 	C:\Program Files\Java\jre7\bin\awt.dll
0x76630000 - 0x766bf000 	C:\Windows\system32\OLEAUT32.dll
0x76220000 - 0x7637c000 	C:\Windows\system32\ole32.dll
0x744e0000 - 0x744f3000 	C:\Windows\system32\DWMAPI.DLL
0x747d0000 - 0x74810000 	C:\Windows\system32\uxtheme.dll
0x75b60000 - 0x75b6c000 	C:\Windows\system32\CRYPTBASE.dll
0x6cec0000 - 0x6cf45000 	C:\Users\Carlos\AppData\Local\Temp\libgdxCarlos\56953fb7\gdx.dll
0x17d60000 - 0x17dac000 	C:\Users\Carlos\AppData\Local\Temp\libgdxCarlos\52d76f2b\lwjgl.dll
0x5d520000 - 0x5d5e8000 	C:\Windows\system32\OPENGL32.dll
0x6dbc0000 - 0x6dbe2000 	C:\Windows\system32\GLU32.dll
0x50d60000 - 0x50e47000 	C:\Windows\system32\DDRAW.dll
0x6dc00000 - 0x6dc06000 	C:\Windows\system32\DCIMAN32.dll
0x77a20000 - 0x77bbd000 	C:\Windows\system32\SETUPAPI.dll
0x75d80000 - 0x75da7000 	C:\Windows\system32\CFGMGR32.dll
0x75ed0000 - 0x75ee2000 	C:\Windows\system32\DEVOBJ.dll
0x750d0000 - 0x750d9000 	C:\Windows\system32\VERSION.dll
0x18250000 - 0x182b5000 	C:\Users\Carlos\AppData\Local\Temp\libgdxCarlos\52d76f2b\OpenAL32.dll
0x766e0000 - 0x7732a000 	C:\Windows\system32\SHELL32.dll
0x76500000 - 0x76583000 	C:\Windows\system32\CLBCatQ.DLL
0x74af0000 - 0x74b29000 	C:\Windows\System32\MMDevApi.dll
0x749f0000 - 0x74ae5000 	C:\Windows\System32\PROPSYS.dll
0x6a350000 - 0x6a3c2000 	C:\Windows\system32\dsound.dll
0x74b30000 - 0x74b55000 	C:\Windows\system32\POWRPROF.dll
0x6c260000 - 0x6c296000 	C:\Windows\system32\AUDIOSES.DLL
0x19bd0000 - 0x1a674000 	C:\Windows\system32\ig4icd32.dll
0x70300000 - 0x70379000 	C:\Windows\system32\mscms.dll
0x75230000 - 0x75247000 	C:\Windows\system32\USERENV.dll
0x75be0000 - 0x75beb000 	C:\Windows\system32\profapi.dll
0x5f0f0000 - 0x5f128000 	C:\Windows\system32\icm32.dll
0x6dd40000 - 0x6de11000 	C:\Users\Carlos\AppData\Local\Temp\libgdxCarlos\1757f8d2\gdx-controllers-desktop.dll
0x66400000 - 0x66430000 	C:\Windows\system32\dinput8.dll
0x74500000 - 0x74509000 	C:\Windows\system32\HID.DLL
0x75f10000 - 0x75f3e000 	C:\Windows\system32\WINTRUST.dll
0x75c60000 - 0x75d80000 	C:\Windows\system32\CRYPT32.dll
0x75c50000 - 0x75c5c000 	C:\Windows\system32\MSASN1.dll
0x704a0000 - 0x7058b000 	C:\Windows\system32\dbghelp.dll

VM Arguments:
jvm_args: -agentlib:jdwp=transport=dt_socket,suspend=y,address=localhost:56412 -Dfile.encoding=Cp1252 
java_command: com.valyrian.firstgame.Main
Launcher Type: SUN_STANDARD

Environment Variables:
PATH=C:/Program Files/Java/jre7/bin/client;C:/Program Files/Java/jre7/bin;C:/Program Files/Java/jre7/lib/i386;C:\Windows\system32;C:\Windows;C:\Windows\System32\Wbem;C:\Windows\System32\WindowsPowerShell\v1.0\;C:\Program Files\Common Files\Autodesk Shared\;C:\Program Files\Mercurial;C:\Program Files\nodejs\;C:\Users\Carlos\AppData\Roaming\npm;C:\Users\Carlos\Desktop\DAVID\eclipse;
USERNAME=Carlos
OS=Windows_NT
PROCESSOR_IDENTIFIER=x86 Family 6 Model 15 Stepping 13, GenuineIntel



---------------  S Y S T E M  ---------------

OS: Windows 7 Build 7601 Service Pack 1

CPU:total 2 (2 cores per cpu, 1 threads per core) family 6 model 15 stepping 13, cmov, cx8, fxsr, mmx, sse, sse2, sse3, ssse3, tsc

Memory: 4k page, physical 1961984k(327704k free), swap 4202256k(921288k free)

vm_info: Java HotSpot(TM) Client VM (24.55-b03) for windows-x86 JRE (1.7.0_55-b14), built on Apr 14 2014 18:25:32 by "java_re" with unknown MS VC++:1600

time: Sat May 24 23:46:52 2014
elapsed time: 299 seconds

