#
# A fatal error has been detected by the Java Runtime Environment:
#
#  EXCEPTION_ACCESS_VIOLATION (0xc0000005) at pc=0x771a9b60, pid=5176, tid=6004
#
# JRE version: Java(TM) SE Runtime Environment (7.0_55-b14) (build 1.7.0_55-b14)
# Java VM: Java HotSpot(TM) Client VM (24.55-b03 mixed mode windows-x86 )
# Problematic frame:
# C  [msvcrt.dll+0x9b60]
#
# Failed to write core dump. Minidumps are not enabled by default on client versions of Windows
#
# If you would like to submit a bug report, please visit:
#   http://bugreport.sun.com/bugreport/crash.jsp
# The crash happened outside the Java Virtual Machine in native code.
# See problematic frame for where to report the bug.
#

---------------  T H R E A D  ---------------

Current thread (0x1794e000):  JavaThread "LWJGL Application" [_thread_in_native, id=6004, stack(0x17d70000,0x17dc0000)]

siginfo: ExceptionCode=0xc0000005, writing address 0x17fbc788

Registers:
EAX=0x093419ec, EBX=0x1794e130, ECX=0x0000251c, EDX=0x00000000
ESP=0x17dbf140, EBP=0x17dbf148, ESI=0x0933857c, EDI=0x17fbc788
EIP=0x771a9b60, EFLAGS=0x00010206

Top of Stack: (sp=0x17dbf140)
0x17dbf140:   17dbf198 0933857c 17fbc788 6ceec2b3
0x17dbf150:   17fbc788 0933857c 00009470 00000000
0x17dbf160:   00000001 00000000 17819a70 09338570
0x17dbf170:   17dbf1a0 1794e000 17dbf1b8 018c0819
0x17dbf180:   1794e130 17dbf1a0 17dbf198 17dbf19c
0x17dbf190:   0000251c 00000000 09338570 09337638
0x17dbf1a0:   08fd2580 00000001 19fc0068 17dbf218
0x17dbf1b0:   1904e551 19a100b0 17dbf6b8 018c3320 

Instructions: (pc=0x771a9b60)
0x771a9b40:   8b 45 08 5e 5f c9 c3 8a 46 03 88 47 03 8a 46 02
0x771a9b50:   88 47 02 8a 46 01 88 47 01 8b 45 08 5e 5f c9 c3
0x771a9b60:   f3 a5 ff 24 95 b8 99 1a 77 8a 06 88 07 8a 46 01
0x771a9b70:   88 47 01 8b 45 08 5e 5f c9 c3 83 3d 44 00 24 77 


Register to memory mapping:

EAX=0x093419ec is pointing into object: 0x09338570
[F 
 - klass: {type array float}
 - length: 20000
EBX=0x1794e130 is an unknown value
ECX=0x0000251c is an unknown value
EDX=0x00000000 is an unknown value
ESP=0x17dbf140 is pointing into the stack for thread: 0x1794e000
EBP=0x17dbf148 is pointing into the stack for thread: 0x1794e000
ESI=0x0933857c is pointing into object: 0x09338570
[F 
 - klass: {type array float}
 - length: 20000
EDI=0x17fbc788 is an unknown value


Stack: [0x17d70000,0x17dc0000],  sp=0x17dbf140,  free space=316k
Native frames: (J=compiled Java code, j=interpreted, Vv=VM code, C=native code)
C  [msvcrt.dll+0x9b60]

Java frames: (J=compiled Java code, j=interpreted, Vv=VM code)
J  com.badlogic.gdx.utils.BufferUtils.copyJni([FLjava/nio/Buffer;II)V
J  com.badlogic.gdx.utils.BufferUtils.copy([FLjava/nio/Buffer;II)V
J  com.badlogic.gdx.graphics.glutils.VertexArray.setVertices([FII)V
J  com.badlogic.gdx.graphics.g2d.SpriteBatch.flush()V
J  com.badlogic.gdx.graphics.g2d.SpriteBatch.draw(Lcom/badlogic/gdx/graphics/Texture;[FII)V
J  com.badlogic.gdx.maps.tiled.renderers.OrthogonalTiledMapRenderer.renderTileLayer(Lcom/badlogic/gdx/maps/tiled/TiledMapTileLayer;)V
J  com.badlogic.gdx.maps.tiled.renderers.BatchTiledMapRenderer.render([I)V
J  com.valyrian.firstgame.pantallas.PantallaNivel.render(F)V
j  com.badlogic.gdx.Game.render()V+19
j  com.badlogic.gdx.backends.lwjgl.LwjglApplication.mainLoop()V+642
j  com.badlogic.gdx.backends.lwjgl.LwjglApplication$1.run()V+27
v  ~StubRoutines::call_stub

---------------  P R O C E S S  ---------------

Java Threads: ( => current thread )
  0x18c6b000 JavaThread "LWJGL Timer" daemon [_thread_blocked, id=6744, stack(0x1c7c0000,0x1c810000)]
  0x18bec400 JavaThread "AsynchExecutor-Thread" daemon [_thread_blocked, id=4024, stack(0x17eb0000,0x17f00000)]
  0x0155d400 JavaThread "DestroyJavaVM" [_thread_blocked, id=3396, stack(0x002d0000,0x00320000)]
=>0x1794e000 JavaThread "LWJGL Application" [_thread_in_native, id=6004, stack(0x17d70000,0x17dc0000)]
  0x177de400 JavaThread "Service Thread" daemon [_thread_blocked, id=1048, stack(0x17e60000,0x17eb0000)]
  0x177db400 JavaThread "C1 CompilerThread0" daemon [_thread_blocked, id=6904, stack(0x182a0000,0x182f0000)]
  0x177cd800 JavaThread "JDWP Command Reader" daemon [_thread_in_native, id=3820, stack(0x18230000,0x18280000)]
  0x177c9800 JavaThread "JDWP Event Helper Thread" daemon [_thread_blocked, id=6196, stack(0x18180000,0x181d0000)]
  0x177c1400 JavaThread "JDWP Transport Listener: dt_socket" daemon [_thread_blocked, id=6992, stack(0x180b0000,0x18100000)]
  0x177bb800 JavaThread "Attach Listener" daemon [_thread_blocked, id=6396, stack(0x17980000,0x179d0000)]
  0x177b8800 JavaThread "Signal Dispatcher" daemon [_thread_blocked, id=5344, stack(0x17a40000,0x17a90000)]
  0x17789400 JavaThread "Finalizer" daemon [_thread_blocked, id=7892, stack(0x016c0000,0x01710000)]
  0x17784400 JavaThread "Reference Handler" daemon [_thread_blocked, id=7780, stack(0x015d0000,0x01620000)]

Other Threads:
  0x17782c00 VMThread [stack: 0x01500000,0x01550000] [id=3280]
  0x17801800 WatcherThread [stack: 0x18360000,0x183b0000] [id=6576]

VM state:not at safepoint (normal execution)

VM Mutex/Monitor currently owned by a thread: None

Heap
 def new generation   total 4928K, used 3089K [0x03780000, 0x03cd0000, 0x08cd0000)
  eden space 4416K,  69% used [0x03780000, 0x03a84000, 0x03bd0000)
  from space 512K,   0% used [0x03bd0000, 0x03bd06b8, 0x03c50000)
  to   space 512K,   0% used [0x03c50000, 0x03c50000, 0x03cd0000)
 tenured generation   total 10944K, used 7665K [0x08cd0000, 0x09780000, 0x13780000)
   the space 10944K,  70% used [0x08cd0000, 0x0944c550, 0x0944c600, 0x09780000)
 compacting perm gen  total 12288K, used 5424K [0x13780000, 0x14380000, 0x17780000)
   the space 12288K,  44% used [0x13780000, 0x13ccc3f8, 0x13ccc400, 0x14380000)
No shared spaces configured.

Card table byte_map: [0x004f0000,0x005a0000] byte_map_base: 0x004d4400

Polling page: 0x00150000

Code Cache  [0x01780000, 0x01988000, 0x03780000)
 total_blobs=878 nmethods=613 adapters=210 free_code_cache=30729Kb largest_free_block=31454592

Compilation events (10 events):
Event: 22.377 Thread 0x177db400  616             com.badlogic.gdx.utils.LongMap::get (88 bytes)
Event: 22.378 Thread 0x177db400 nmethod 616 0x018ea3c8 code [0x018ea4f0, 0x018ea79c]
Event: 22.403 Thread 0x177db400  617             java.lang.ThreadLocal::access$400 (5 bytes)
Event: 22.403 Thread 0x177db400 nmethod 617 0x018ea208 code [0x018ea300, 0x018ea370]
Event: 22.457 Thread 0x177db400  618             com.badlogic.gdx.maps.tiled.renderers.BatchTiledMapRenderer::render (118 bytes)
Event: 22.458 Thread 0x177db400 nmethod 618 0x018e9588 code [0x018e9720, 0x018e9b00]
Event: 22.689 Thread 0x177db400  619             java.util.regex.Matcher::reset (83 bytes)
Event: 22.689 Thread 0x177db400 nmethod 619 0x018e9148 code [0x018e9260, 0x018e93bc]
Event: 22.691 Thread 0x177db400  620             java.util.StringTokenizer::setMaxDelimCodePoint (156 bytes)
Event: 22.692 Thread 0x177db400 nmethod 620 0x018e88c8 code [0x018e8a10, 0x018e8d74]

GC Heap History (10 events):
Event: 15.810 GC heap before
{Heap before GC invocations=5 (full 0):
 def new generation   total 4928K, used 4848K [0x03780000, 0x03cd0000, 0x08cd0000)
  eden space 4416K,  99% used [0x03780000, 0x03bc9140, 0x03bd0000)
  from space 512K,  89% used [0x03c50000, 0x03cc2f60, 0x03cd0000)
  to   space 512K,   0% used [0x03bd0000, 0x03bd0000, 0x03c50000)
 tenured generation   total 10944K, used 3538K [0x08cd0000, 0x09780000, 0x13780000)
   the space 10944K,  32% used [0x08cd0000, 0x090449f0, 0x09044a00, 0x09780000)
 compacting perm gen  total 12288K, used 4958K [0x13780000, 0x14380000, 0x17780000)
   the space 12288K,  40% used [0x13780000, 0x13c578b0, 0x13c57a00, 0x14380000)
No shared spaces configured.
Event: 15.813 GC heap after
Heap after GC invocations=6 (full 0):
 def new generation   total 4928K, used 337K [0x03780000, 0x03cd0000, 0x08cd0000)
  eden space 4416K,   0% used [0x03780000, 0x03780000, 0x03bd0000)
  from space 512K,  65% used [0x03bd0000, 0x03c24538, 0x03c50000)
  to   space 512K,   0% used [0x03c50000, 0x03c50000, 0x03cd0000)
 tenured generation   total 10944K, used 3748K [0x08cd0000, 0x09780000, 0x13780000)
   the space 10944K,  34% used [0x08cd0000, 0x090792c8, 0x09079400, 0x09780000)
 compacting perm gen  total 12288K, used 4958K [0x13780000, 0x14380000, 0x17780000)
   the space 12288K,  40% used [0x13780000, 0x13c578b0, 0x13c57a00, 0x14380000)
No shared spaces configured.
}
Event: 16.903 GC heap before
{Heap before GC invocations=6 (full 0):
 def new generation   total 4928K, used 4748K [0x03780000, 0x03cd0000, 0x08cd0000)
  eden space 4416K,  99% used [0x03780000, 0x03bceca0, 0x03bd0000)
  from space 512K,  65% used [0x03bd0000, 0x03c24538, 0x03c50000)
  to   space 512K,   0% used [0x03c50000, 0x03c50000, 0x03cd0000)
 tenured generation   total 10944K, used 3748K [0x08cd0000, 0x09780000, 0x13780000)
   the space 10944K,  34% used [0x08cd0000, 0x090792c8, 0x09079400, 0x09780000)
 compacting perm gen  total 12288K, used 5105K [0x13780000, 0x14380000, 0x17780000)
   the space 12288K,  41% used [0x13780000, 0x13c7c4b8, 0x13c7c600, 0x14380000)
No shared spaces configured.
Event: 16.907 GC heap after
Heap after GC invocations=7 (full 0):
 def new generation   total 4928K, used 512K [0x03780000, 0x03cd0000, 0x08cd0000)
  eden space 4416K,   0% used [0x03780000, 0x03780000, 0x03bd0000)
  from space 512K, 100% used [0x03c50000, 0x03cd0000, 0x03cd0000)
  to   space 512K,   0% used [0x03bd0000, 0x03bd0000, 0x03c50000)
 tenured generation   total 10944K, used 4394K [0x08cd0000, 0x09780000, 0x13780000)
   the space 10944K,  40% used [0x08cd0000, 0x0911aa30, 0x0911ac00, 0x09780000)
 compacting perm gen  total 12288K, used 5105K [0x13780000, 0x14380000, 0x17780000)
   the space 12288K,  41% used [0x13780000, 0x13c7c4b8, 0x13c7c600, 0x14380000)
No shared spaces configured.
}
Event: 17.314 GC heap before
{Heap before GC invocations=7 (full 0):
 def new generation   total 4928K, used 4928K [0x03780000, 0x03cd0000, 0x08cd0000)
  eden space 4416K, 100% used [0x03780000, 0x03bd0000, 0x03bd0000)
  from space 512K, 100% used [0x03c50000, 0x03cd0000, 0x03cd0000)
  to   space 512K,   0% used [0x03bd0000, 0x03bd0000, 0x03c50000)
 tenured generation   total 10944K, used 4394K [0x08cd0000, 0x09780000, 0x13780000)
   the space 10944K,  40% used [0x08cd0000, 0x0911aa30, 0x0911ac00, 0x09780000)
 compacting perm gen  total 12288K, used 5171K [0x13780000, 0x14380000, 0x17780000)
   the space 12288K,  42% used [0x13780000, 0x13c8ce38, 0x13c8d000, 0x14380000)
No shared spaces configured.
Event: 17.325 GC heap after
Heap after GC invocations=8 (full 0):
 def new generation   total 4928K, used 512K [0x03780000, 0x03cd0000, 0x08cd0000)
  eden space 4416K,   0% used [0x03780000, 0x03780000, 0x03bd0000)
  from space 512K, 100% used [0x03bd0000, 0x03c50000, 0x03c50000)
  to   space 512K,   0% used [0x03c50000, 0x03c50000, 0x03cd0000)
 tenured generation   total 10944K, used 6552K [0x08cd0000, 0x09780000, 0x13780000)
   the space 10944K,  59% used [0x08cd0000, 0x09336178, 0x09336200, 0x09780000)
 compacting perm gen  total 12288K, used 5171K [0x13780000, 0x14380000, 0x17780000)
   the space 12288K,  42% used [0x13780000, 0x13c8ce38, 0x13c8d000, 0x14380000)
No shared spaces configured.
}
Event: 18.530 GC heap before
{Heap before GC invocations=8 (full 0):
 def new generation   total 4928K, used 4928K [0x03780000, 0x03cd0000, 0x08cd0000)
  eden space 4416K, 100% used [0x03780000, 0x03bd0000, 0x03bd0000)
  from space 512K, 100% used [0x03bd0000, 0x03c50000, 0x03c50000)
  to   space 512K,   0% used [0x03c50000, 0x03c50000, 0x03cd0000)
 tenured generation   total 10944K, used 6552K [0x08cd0000, 0x09780000, 0x13780000)
   the space 10944K,  59% used [0x08cd0000, 0x09336178, 0x09336200, 0x09780000)
 compacting perm gen  total 12288K, used 5424K [0x13780000, 0x14380000, 0x17780000)
   the space 12288K,  44% used [0x13780000, 0x13ccc3f8, 0x13ccc400, 0x14380000)
No shared spaces configured.
Event: 18.535 GC heap after
Heap after GC invocations=9 (full 0):
 def new generation   total 4928K, used 512K [0x03780000, 0x03cd0000, 0x08cd0000)
  eden space 4416K,   0% used [0x03780000, 0x03780000, 0x03bd0000)
  from space 512K, 100% used [0x03c50000, 0x03cd0000, 0x03cd0000)
  to   space 512K,   0% used [0x03bd0000, 0x03bd0000, 0x03c50000)
 tenured generation   total 10944K, used 7200K [0x08cd0000, 0x09780000, 0x13780000)
   the space 10944K,  65% used [0x08cd0000, 0x093d83a8, 0x093d8400, 0x09780000)
 compacting perm gen  total 12288K, used 5424K [0x13780000, 0x14380000, 0x17780000)
   the space 12288K,  44% used [0x13780000, 0x13ccc3f8, 0x13ccc400, 0x14380000)
No shared spaces configured.
}
Event: 21.088 GC heap before
{Heap before GC invocations=9 (full 0):
 def new generation   total 4928K, used 4928K [0x03780000, 0x03cd0000, 0x08cd0000)
  eden space 4416K, 100% used [0x03780000, 0x03bd0000, 0x03bd0000)
  from space 512K, 100% used [0x03c50000, 0x03cd0000, 0x03cd0000)
  to   space 512K,   0% used [0x03bd0000, 0x03bd0000, 0x03c50000)
 tenured generation   total 10944K, used 7200K [0x08cd0000, 0x09780000, 0x13780000)
   the space 10944K,  65% used [0x08cd0000, 0x093d83a8, 0x093d8400, 0x09780000)
 compacting perm gen  total 12288K, used 5424K [0x13780000, 0x14380000, 0x17780000)
   the space 12288K,  44% used [0x13780000, 0x13ccc3f8, 0x13ccc400, 0x14380000)
No shared spaces configured.
Event: 21.091 GC heap after
Heap after GC invocations=10 (full 0):
 def new generation   total 4928K, used 1K [0x03780000, 0x03cd0000, 0x08cd0000)
  eden space 4416K,   0% used [0x03780000, 0x03780000, 0x03bd0000)
  from space 512K,   0% used [0x03bd0000, 0x03bd06b8, 0x03c50000)
  to   space 512K,   0% used [0x03c50000, 0x03c50000, 0x03cd0000)
 tenured generation   total 10944K, used 7665K [0x08cd0000, 0x09780000, 0x13780000)
   the space 10944K,  70% used [0x08cd0000, 0x0944c550, 0x0944c600, 0x09780000)
 compacting perm gen  total 12288K, used 5424K [0x13780000, 0x14380000, 0x17780000)
   the space 12288K,  44% used [0x13780000, 0x13ccc3f8, 0x13ccc400, 0x14380000)
No shared spaces configured.
}

Deoptimization events (0 events):
No events

Internal exceptions (10 events):
Event: 17.514 Thread 0x1794e000 Threw 0x039c4e00 at C:\re\jdk7u55\985\hotspot\src\share\vm\prims\jvm.cpp:1244
Event: 17.515 Thread 0x1794e000 Threw 0x039c8ee0 at C:\re\jdk7u55\985\hotspot\src\share\vm\prims\jvm.cpp:1244
Event: 17.516 Thread 0x1794e000 Threw 0x039cd898 at C:\re\jdk7u55\985\hotspot\src\share\vm\prims\jvm.cpp:1244
Event: 17.517 Thread 0x1794e000 Threw 0x039d2a58 at C:\re\jdk7u55\985\hotspot\src\share\vm\prims\jvm.cpp:1244
Event: 17.519 Thread 0x1794e000 Threw 0x039d7430 at C:\re\jdk7u55\985\hotspot\src\share\vm\prims\jvm.cpp:1244
Event: 17.522 Thread 0x1794e000 Threw 0x039e2528 at C:\re\jdk7u55\985\hotspot\src\share\vm\prims\jvm.cpp:1244
Event: 17.524 Thread 0x1794e000 Threw 0x039f2800 at C:\re\jdk7u55\985\hotspot\src\share\vm\prims\jvm.cpp:1244
Event: 17.526 Thread 0x1794e000 Threw 0x039fe7d0 at C:\re\jdk7u55\985\hotspot\src\share\vm\prims\jvm.cpp:1244
Event: 17.544 Thread 0x1794e000 Threw 0x03a03a78 at C:\re\jdk7u55\985\hotspot\src\share\vm\prims\jvm.cpp:1244
Event: 17.558 Thread 0x1794e000 Threw 0x03a0aa08 at C:\re\jdk7u55\985\hotspot\src\share\vm\prims\jvm.cpp:1244

Events (10 events):
Event: 18.536 Executing VM operation: RevokeBias
Event: 18.536 Executing VM operation: RevokeBias done
Event: 19.335 Thread 0x177db400 flushing nmethod 0x018be3c8
Event: 19.335 Thread 0x177db400 flushing nmethod 0x018c0908
Event: 19.459 Thread 0x177db400 flushing nmethod 0x018ca0c8
Event: 19.459 Thread 0x177db400 flushing nmethod 0x018cc048
Event: 19.459 Thread 0x177db400 flushing nmethod 0x018cfec8
Event: 19.639 Thread 0x177db400 flushing nmethod 0x018e8608
Event: 21.088 Executing VM operation: GenCollectForAllocation
Event: 21.091 Executing VM operation: GenCollectForAllocation done


Dynamic libraries:
0x01360000 - 0x0138f000 	C:\Program Files\Java\jre7\bin\javaw.exe
0x77020000 - 0x7715c000 	C:\Windows\SYSTEM32\ntdll.dll
0x6f7f0000 - 0x6f82f000 	C:\Program Files\AVAST Software\Avast\snxhk.dll
0x75450000 - 0x75524000 	C:\Windows\system32\KERNEL32.dll
0x75310000 - 0x7535b000 	C:\Windows\system32\KERNELBASE.dll
0x760c0000 - 0x76160000 	C:\Windows\system32\ADVAPI32.dll
0x771a0000 - 0x7724c000 	C:\Windows\system32\msvcrt.dll
0x757d0000 - 0x757e9000 	C:\Windows\SYSTEM32\sechost.dll
0x75ed0000 - 0x75f72000 	C:\Windows\system32\RPCRT4.dll
0x75f80000 - 0x76049000 	C:\Windows\system32\USER32.dll
0x76070000 - 0x760be000 	C:\Windows\system32\GDI32.dll
0x77160000 - 0x7716a000 	C:\Windows\system32\LPK.dll
0x75c10000 - 0x75cad000 	C:\Windows\system32\USP10.dll
0x73c80000 - 0x73e1e000 	C:\Windows\WinSxS\x86_microsoft.windows.common-controls_6595b64144ccf1df_6.0.7601.17514_none_41e6975e2bd6f2b2\COMCTL32.dll
0x756f0000 - 0x75747000 	C:\Windows\system32\SHLWAPI.dll
0x76050000 - 0x7606f000 	C:\Windows\system32\IMM32.DLL
0x76f50000 - 0x7701c000 	C:\Windows\system32\MSCTF.dll
0x5aa00000 - 0x5aabf000 	C:\Program Files\Java\jre7\bin\msvcr100.dll
0x55050000 - 0x553d0000 	C:\Program Files\Java\jre7\bin\client\jvm.dll
0x73520000 - 0x73527000 	C:\Windows\system32\WSOCK32.dll
0x762c0000 - 0x762f5000 	C:\Windows\system32\WS2_32.dll
0x77180000 - 0x77186000 	C:\Windows\system32\NSI.dll
0x70af0000 - 0x70b22000 	C:\Windows\system32\WINMM.dll
0x77190000 - 0x77195000 	C:\Windows\system32\PSAPI.DLL
0x73c60000 - 0x73c6c000 	C:\Program Files\Java\jre7\bin\verify.dll
0x71380000 - 0x713a0000 	C:\Program Files\Java\jre7\bin\java.dll
0x6deb0000 - 0x6deda000 	C:\Program Files\Java\jre7\bin\jdwp.dll
0x72fa0000 - 0x72fa7000 	C:\Program Files\Java\jre7\bin\npt.dll
0x713a0000 - 0x713b3000 	C:\Program Files\Java\jre7\bin\zip.dll
0x72fb0000 - 0x72fb8000 	C:\Program Files\Java\jre7\bin\dt_socket.dll
0x72e30000 - 0x72e40000 	C:\Windows\system32\NLAapi.dll
0x70760000 - 0x70770000 	C:\Windows\system32\napinsp.dll
0x70740000 - 0x70752000 	C:\Windows\system32\pnrpnsp.dll
0x74a50000 - 0x74a8c000 	C:\Windows\System32\mswsock.dll
0x74910000 - 0x74954000 	C:\Windows\system32\DNSAPI.dll
0x70730000 - 0x70738000 	C:\Windows\System32\winrnr.dll
0x72a20000 - 0x72a3c000 	C:\Windows\system32\IPHLPAPI.DLL
0x72a10000 - 0x72a17000 	C:\Windows\system32\WINNSI.DLL
0x728e0000 - 0x72918000 	C:\Windows\System32\fwpuclnt.dll
0x71170000 - 0x71176000 	C:\Windows\system32\rasadhlp.dll
0x745c0000 - 0x745c5000 	C:\Windows\System32\wshtcpip.dll
0x6cec0000 - 0x6cf45000 	C:\Users\Carlos\AppData\Local\Temp\libgdxCarlos\56953fb7\gdx.dll
0x01560000 - 0x015ac000 	C:\Users\Carlos\AppData\Local\Temp\libgdxCarlos\52d76f2b\lwjgl.dll
0x5ad20000 - 0x5ade8000 	C:\Windows\system32\OPENGL32.dll
0x72c70000 - 0x72c92000 	C:\Windows\system32\GLU32.dll
0x54f60000 - 0x55047000 	C:\Windows\system32\DDRAW.dll
0x732a0000 - 0x732a6000 	C:\Windows\system32\DCIMAN32.dll
0x75a70000 - 0x75c0d000 	C:\Windows\system32\SETUPAPI.dll
0x75370000 - 0x75397000 	C:\Windows\system32\CFGMGR32.dll
0x759e0000 - 0x75a6f000 	C:\Windows\system32\OLEAUT32.dll
0x76160000 - 0x762bc000 	C:\Windows\system32\ole32.dll
0x750a0000 - 0x750b2000 	C:\Windows\system32\DEVOBJ.dll
0x73910000 - 0x73923000 	C:\Windows\system32\dwmapi.dll
0x74530000 - 0x74539000 	C:\Windows\system32\VERSION.dll
0x179d0000 - 0x17a35000 	C:\Users\Carlos\AppData\Local\Temp\libgdxCarlos\52d76f2b\OpenAL32.dll
0x76300000 - 0x76f4a000 	C:\Windows\system32\SHELL32.dll
0x74fa0000 - 0x74fac000 	C:\Windows\system32\CRYPTBASE.dll
0x73c00000 - 0x73c40000 	C:\Windows\system32\uxtheme.dll
0x75530000 - 0x755b3000 	C:\Windows\system32\CLBCatQ.DLL
0x73e50000 - 0x73f45000 	C:\Windows\System32\PROPSYS.dll
0x750e0000 - 0x7510e000 	C:\Windows\system32\WINTRUST.dll
0x75140000 - 0x75260000 	C:\Windows\system32\CRYPT32.dll
0x75090000 - 0x7509c000 	C:\Windows\system32\MSASN1.dll
0x6c110000 - 0x6c182000 	C:\Windows\system32\dsound.dll
0x73f90000 - 0x73fb5000 	C:\Windows\system32\POWRPROF.dll
0x73f50000 - 0x73f89000 	C:\Windows\System32\MMDevApi.dll
0x73730000 - 0x73766000 	C:\Windows\system32\AUDIOSES.DLL
0x18fe0000 - 0x19a84000 	C:\Windows\system32\ig4icd32.dll
0x69050000 - 0x690c9000 	C:\Windows\system32\mscms.dll
0x75110000 - 0x75127000 	C:\Windows\system32\USERENV.dll
0x75080000 - 0x7508b000 	C:\Windows\system32\profapi.dll
0x68170000 - 0x681a8000 	C:\Windows\system32\icm32.dll
0x6dd40000 - 0x6de11000 	C:\Users\Carlos\AppData\Local\Temp\libgdxCarlos\1757f8d2\gdx-controllers-desktop.dll
0x6dee0000 - 0x6df10000 	C:\Windows\system32\dinput8.dll
0x73930000 - 0x73939000 	C:\Windows\system32\HID.DLL
0x732b0000 - 0x7339b000 	C:\Windows\system32\dbghelp.dll

VM Arguments:
jvm_args: -agentlib:jdwp=transport=dt_socket,suspend=y,address=localhost:52695 -Dfile.encoding=Cp1252 
java_command: com.valyrian.firstgame.Main
Launcher Type: SUN_STANDARD

Environment Variables:
PATH=C:/Program Files/Java/jre7/bin/client;C:/Program Files/Java/jre7/bin;C:/Program Files/Java/jre7/lib/i386;C:\Windows\system32;C:\Windows;C:\Windows\System32\Wbem;C:\Windows\System32\WindowsPowerShell\v1.0\;C:\Program Files\Common Files\Autodesk Shared\;C:\Program Files\Mercurial;C:\Program Files\nodejs\;C:\Users\Carlos\AppData\Roaming\npm;C:\Users\Carlos\Desktop\DAVID\eclipse;
USERNAME=Carlos
OS=Windows_NT
PROCESSOR_IDENTIFIER=x86 Family 6 Model 15 Stepping 13, GenuineIntel



---------------  S Y S T E M  ---------------

OS: Windows 7 Build 7601 Service Pack 1

CPU:total 2 (2 cores per cpu, 1 threads per core) family 6 model 15 stepping 13, cmov, cx8, fxsr, mmx, sse, sse2, sse3, ssse3, tsc

Memory: 4k page, physical 3010560k(1039440k free), swap 6019368k(2816260k free)

vm_info: Java HotSpot(TM) Client VM (24.55-b03) for windows-x86 JRE (1.7.0_55-b14), built on Apr 14 2014 18:25:32 by "java_re" with unknown MS VC++:1600

time: Fri Jun 13 17:16:53 2014
elapsed time: 22 seconds

