#
# A fatal error has been detected by the Java Runtime Environment:
#
#  EXCEPTION_ACCESS_VIOLATION (0xc0000005) at pc=0x6cee8b52, pid=2696, tid=4240
#
# JRE version: Java(TM) SE Runtime Environment (7.0_55-b14) (build 1.7.0_55-b14)
# Java VM: Java HotSpot(TM) Client VM (24.55-b03 mixed mode windows-x86 )
# Problematic frame:
# C  [gdx.dll+0x28b52]
#
# Failed to write core dump. Minidumps are not enabled by default on client versions of Windows
#
# If you would like to submit a bug report, please visit:
#   http://bugreport.sun.com/bugreport/crash.jsp
# The crash happened outside the Java Virtual Machine in native code.
# See problematic frame for where to report the bug.
#

---------------  T H R E A D  ---------------

Current thread (0x00eb1000):  JavaThread "LWJGL Application" [_thread_in_native, id=4240, stack(0x19330000,0x19380000)]

siginfo: ExceptionCode=0xc0000005, reading address 0x1832bddc

Registers:
EAX=0x09920c44, EBX=0x00eb1130, ECX=0xb8760473, EDX=0x00d60abc
ESP=0x1937f24c, EBP=0x1937f29c, ESI=0x1937f2ac, EDI=0x1832bd98
EIP=0x6cee8b52, EFLAGS=0x00010246

Top of Stack: (sp=0x1937f24c)
0x1937f24c:   1937f26c 14188d88 14188d88 00eb1000
0x1937f25c:   01c6f358 00eb1130 1937f2b8 1832bd98
0x1937f26c:   00000000 1937f2ac 00000000 00000001
0x1937f27c:   1937f27c 00000000 1937f2b8 1418c2a0
0x1937f28c:   00000000 14188d88 00000000 1937f2ac
0x1937f29c:   1937f2dc 01c63287 00000000 01c6bde9
0x1937f2ac:   09920c38 1832bd98 00000000 098fd6a0
0x1937f2bc:   1937f2bc 14188cd1 1937f2e4 1418c2a0 

Instructions: (pc=0x6cee8b52)
0x6cee8b32:   30 89 7c 24 18 8b 7c 24 28 8b 03 89 74 24 04 89
0x6cee8b42:   1c 24 c7 44 24 08 00 00 00 00 ff 90 78 03 00 00
0x6cee8b52:   8b 57 44 8b 4f 40 89 50 04 8b 13 83 ec 0c 89 08
0x6cee8b62:   89 74 24 04 89 1c 24 c7 44 24 0c 00 00 00 00 89 


Register to memory mapping:

EAX=0x09920c44 is pointing into object: 0x09920c38
[F 
 - klass: {type array float}
 - length: 4
EBX=0x00eb1130 is an unknown value
ECX=0xb8760473 is an unknown value
EDX=0x00d60abc is an unknown value
ESP=0x1937f24c is pointing into the stack for thread: 0x00eb1000
EBP=0x1937f29c is pointing into the stack for thread: 0x00eb1000
ESI=0x1937f2ac is pointing into the stack for thread: 0x00eb1000
EDI=0x1832bd98 is an unknown value


Stack: [0x19330000,0x19380000],  sp=0x1937f24c,  free space=316k
Native frames: (J=compiled Java code, j=interpreted, Vv=VM code, C=native code)
C  [gdx.dll+0x28b52]
j  com.badlogic.gdx.physics.box2d.Body.getLinearVelocity()Lcom/badlogic/gdx/math/Vector2;+9
j  com.valyrian.firstgame.entidades.Jugador.Saltar()V+15
j  com.valyrian.firstgame.utilidades.input.Teclado.keyDown(I)Z+131
J  com.badlogic.gdx.backends.lwjgl.LwjglInput.processEvents()V
j  com.badlogic.gdx.backends.lwjgl.LwjglApplication$1.run()V+27
v  ~StubRoutines::call_stub
V  [jvm.dll+0x13f25a]
V  [jvm.dll+0x202c1e]
V  [jvm.dll+0x13f425]
V  [jvm.dll+0x13f487]
V  [jvm.dll+0xeb7cf]
V  [jvm.dll+0x1604dc]
V  [jvm.dll+0x160f17]
V  [jvm.dll+0x1a4ab9]
C  [msvcr100.dll+0x5c556]
C  [msvcr100.dll+0x5c600]
C  [KERNEL32.dll+0x4ee1c]
C  [ntdll.dll+0x637eb]
C  [ntdll.dll+0x637be]

Java frames: (J=compiled Java code, j=interpreted, Vv=VM code)
j  com.badlogic.gdx.physics.box2d.Body.jniGetLinearVelocity(J[F)V+0
j  com.badlogic.gdx.physics.box2d.Body.getLinearVelocity()Lcom/badlogic/gdx/math/Vector2;+9
j  com.valyrian.firstgame.entidades.Jugador.Saltar()V+15
j  com.valyrian.firstgame.utilidades.input.Teclado.keyDown(I)Z+131
J  com.badlogic.gdx.backends.lwjgl.LwjglInput.processEvents()V
j  com.badlogic.gdx.backends.lwjgl.LwjglApplication.mainLoop()V+557
j  com.badlogic.gdx.backends.lwjgl.LwjglApplication$1.run()V+27
v  ~StubRoutines::call_stub

---------------  P R O C E S S  ---------------

Java Threads: ( => current thread )
  0x196f4400 JavaThread "LWJGL Timer" daemon [_thread_blocked, id=4672, stack(0x1cae0000,0x1cb30000)]
  0x00f04400 JavaThread "AsynchExecutor-Thread" daemon [_thread_blocked, id=4584, stack(0x1c440000,0x1c490000)]
  0x00cad400 JavaThread "DestroyJavaVM" [_thread_blocked, id=4324, stack(0x00b20000,0x00b70000)]
=>0x00eb1000 JavaThread "LWJGL Application" [_thread_in_native, id=4240, stack(0x19330000,0x19380000)]
  0x00d76400 JavaThread "Service Thread" daemon [_thread_blocked, id=2200, stack(0x186a0000,0x186f0000)]
  0x00d6b000 JavaThread "C1 CompilerThread0" daemon [_thread_blocked, id=5144, stack(0x183a0000,0x183f0000)]
  0x00d5d800 JavaThread "JDWP Command Reader" daemon [_thread_in_native, id=5664, stack(0x185a0000,0x185f0000)]
  0x00d59800 JavaThread "JDWP Event Helper Thread" daemon [_thread_blocked, id=5896, stack(0x18550000,0x185a0000)]
  0x00d51400 JavaThread "JDWP Transport Listener: dt_socket" daemon [_thread_blocked, id=1156, stack(0x184e0000,0x18530000)]
  0x00d4bc00 JavaThread "Attach Listener" daemon [_thread_blocked, id=5456, stack(0x00f80000,0x00fd0000)]
  0x00d48800 JavaThread "Signal Dispatcher" daemon [_thread_blocked, id=4712, stack(0x17e50000,0x17ea0000)]
  0x00d19400 JavaThread "Finalizer" daemon [_thread_blocked, id=4428, stack(0x00fd0000,0x01020000)]
  0x00d14400 JavaThread "Reference Handler" daemon [_thread_blocked, id=6008, stack(0x17c80000,0x17cd0000)]

Other Threads:
  0x00d12c00 VMThread [stack: 0x17d20000,0x17d70000] [id=5384]
  0x00d91800 WatcherThread [stack: 0x181f0000,0x18240000] [id=4220]

VM state:not at safepoint (normal execution)

VM Mutex/Monitor currently owned by a thread: None

Heap
 def new generation   total 4928K, used 1303K [0x03c60000, 0x041b0000, 0x091b0000)
  eden space 4416K,  22% used [0x03c60000, 0x03d538d8, 0x040b0000)
  from space 512K,  64% used [0x04130000, 0x04182588, 0x041b0000)
  to   space 512K,   0% used [0x040b0000, 0x040b0000, 0x04130000)
 tenured generation   total 10944K, used 7768K [0x091b0000, 0x09c60000, 0x13c60000)
   the space 10944K,  70% used [0x091b0000, 0x099463e8, 0x09946400, 0x09c60000)
 compacting perm gen  total 12288K, used 5421K [0x13c60000, 0x14860000, 0x17c60000)
   the space 12288K,  44% used [0x13c60000, 0x141ab720, 0x141ab800, 0x14860000)
No shared spaces configured.

Card table byte_map: [0x00bf0000,0x00ca0000] byte_map_base: 0x00bd1d00

Polling page: 0x002a0000

Code Cache  [0x01c60000, 0x01eb8000, 0x03c60000)
 total_blobs=1056 nmethods=794 adapters=207 free_code_cache=30387Kb largest_free_block=31116352

Compilation events (10 events):
Event: 145.367 Thread 0x00d6b000  791             java.util.StringTokenizer::setMaxDelimCodePoint (156 bytes)
Event: 145.368 Thread 0x00d6b000 nmethod 791 0x01d05188 code [0x01d052d0, 0x01d05634]
Event: 147.666 Thread 0x00d6b000  792             com.badlogic.gdx.graphics.g2d.BitmapFont::load (521 bytes)
Event: 147.667 Thread 0x00d6b000 nmethod 792 0x01eb1d08 code [0x01eb1e90, 0x01eb244c]
Event: 147.750 Thread 0x00d6b000  793             sun.misc.URLClassPath::findResource (38 bytes)
Event: 147.751 Thread 0x00d6b000 nmethod 793 0x01d04e88 code [0x01d04fa0, 0x01d050b8]
Event: 147.763 Thread 0x00d6b000  794             java.util.regex.Pattern$Start::match (90 bytes)
Event: 147.763 Thread 0x00d6b000 nmethod 794 0x01eb2c08 code [0x01eb2d20, 0x01eb2eac]
Event: 147.763 Thread 0x00d6b000  795             java.util.regex.Matcher::search (109 bytes)
Event: 147.764 Thread 0x00d6b000 nmethod 795 0x01eb3008 code [0x01eb3120, 0x01eb326c]

GC Heap History (10 events):
Event: 11.384 GC heap before
{Heap before GC invocations=10 (full 0):
 def new generation   total 4928K, used 4915K [0x03c60000, 0x041b0000, 0x091b0000)
  eden space 4416K,  99% used [0x03c60000, 0x040acc88, 0x040b0000)
  from space 512K, 100% used [0x040b0000, 0x04130000, 0x04130000)
  to   space 512K,   0% used [0x04130000, 0x04130000, 0x041b0000)
 tenured generation   total 10944K, used 5599K [0x091b0000, 0x09c60000, 0x13c60000)
   the space 10944K,  51% used [0x091b0000, 0x09727dc8, 0x09727e00, 0x09c60000)
 compacting perm gen  total 12288K, used 5398K [0x13c60000, 0x14860000, 0x17c60000)
   the space 12288K,  43% used [0x13c60000, 0x141a5ba0, 0x141a5c00, 0x14860000)
No shared spaces configured.
Event: 11.394 GC heap after
Heap after GC invocations=11 (full 0):
 def new generation   total 4928K, used 512K [0x03c60000, 0x041b0000, 0x091b0000)
  eden space 4416K,   0% used [0x03c60000, 0x03c60000, 0x040b0000)
  from space 512K, 100% used [0x04130000, 0x041b0000, 0x041b0000)
  to   space 512K,   0% used [0x040b0000, 0x040b0000, 0x04130000)
 tenured generation   total 10944K, used 7323K [0x091b0000, 0x09c60000, 0x13c60000)
   the space 10944K,  66% used [0x091b0000, 0x098d6cb8, 0x098d6e00, 0x09c60000)
 compacting perm gen  total 12288K, used 5398K [0x13c60000, 0x14860000, 0x17c60000)
   the space 12288K,  43% used [0x13c60000, 0x141a5ba0, 0x141a5c00, 0x14860000)
No shared spaces configured.
}
Event: 101.119 GC heap before
{Heap before GC invocations=11 (full 0):
 def new generation   total 4928K, used 4928K [0x03c60000, 0x041b0000, 0x091b0000)
  eden space 4416K, 100% used [0x03c60000, 0x040b0000, 0x040b0000)
  from space 512K, 100% used [0x04130000, 0x041b0000, 0x041b0000)
  to   space 512K,   0% used [0x040b0000, 0x040b0000, 0x04130000)
 tenured generation   total 10944K, used 7323K [0x091b0000, 0x09c60000, 0x13c60000)
   the space 10944K,  66% used [0x091b0000, 0x098d6cb8, 0x098d6e00, 0x09c60000)
 compacting perm gen  total 12288K, used 5421K [0x13c60000, 0x14860000, 0x17c60000)
   the space 12288K,  44% used [0x13c60000, 0x141ab660, 0x141ab800, 0x14860000)
No shared spaces configured.
Event: 101.123 GC heap after
Heap after GC invocations=12 (full 0):
 def new generation   total 4928K, used 134K [0x03c60000, 0x041b0000, 0x091b0000)
  eden space 4416K,   0% used [0x03c60000, 0x03c60000, 0x040b0000)
  from space 512K,  26% used [0x040b0000, 0x040d1978, 0x04130000)
  to   space 512K,   0% used [0x04130000, 0x04130000, 0x041b0000)
 tenured generation   total 10944K, used 7768K [0x091b0000, 0x09c60000, 0x13c60000)
   the space 10944K,  70% used [0x091b0000, 0x099463e8, 0x09946400, 0x09c60000)
 compacting perm gen  total 12288K, used 5421K [0x13c60000, 0x14860000, 0x17c60000)
   the space 12288K,  44% used [0x13c60000, 0x141ab660, 0x141ab800, 0x14860000)
No shared spaces configured.
}
Event: 117.331 GC heap before
{Heap before GC invocations=12 (full 0):
 def new generation   total 4928K, used 4550K [0x03c60000, 0x041b0000, 0x091b0000)
  eden space 4416K, 100% used [0x03c60000, 0x040b0000, 0x040b0000)
  from space 512K,  26% used [0x040b0000, 0x040d1978, 0x04130000)
  to   space 512K,   0% used [0x04130000, 0x04130000, 0x041b0000)
 tenured generation   total 10944K, used 7768K [0x091b0000, 0x09c60000, 0x13c60000)
   the space 10944K,  70% used [0x091b0000, 0x099463e8, 0x09946400, 0x09c60000)
 compacting perm gen  total 12288K, used 5421K [0x13c60000, 0x14860000, 0x17c60000)
   the space 12288K,  44% used [0x13c60000, 0x141ab680, 0x141ab800, 0x14860000)
No shared spaces configured.
Event: 117.332 GC heap after
Heap after GC invocations=13 (full 0):
 def new generation   total 4928K, used 131K [0x03c60000, 0x041b0000, 0x091b0000)
  eden space 4416K,   0% used [0x03c60000, 0x03c60000, 0x040b0000)
  from space 512K,  25% used [0x04130000, 0x04150db8, 0x041b0000)
  to   space 512K,   0% used [0x040b0000, 0x040b0000, 0x04130000)
 tenured generation   total 10944K, used 7768K [0x091b0000, 0x09c60000, 0x13c60000)
   the space 10944K,  70% used [0x091b0000, 0x099463e8, 0x09946400, 0x09c60000)
 compacting perm gen  total 12288K, used 5421K [0x13c60000, 0x14860000, 0x17c60000)
   the space 12288K,  44% used [0x13c60000, 0x141ab680, 0x141ab800, 0x14860000)
No shared spaces configured.
}
Event: 133.496 GC heap before
{Heap before GC invocations=13 (full 0):
 def new generation   total 4928K, used 4547K [0x03c60000, 0x041b0000, 0x091b0000)
  eden space 4416K, 100% used [0x03c60000, 0x040b0000, 0x040b0000)
  from space 512K,  25% used [0x04130000, 0x04150db8, 0x041b0000)
  to   space 512K,   0% used [0x040b0000, 0x040b0000, 0x04130000)
 tenured generation   total 10944K, used 7768K [0x091b0000, 0x09c60000, 0x13c60000)
   the space 10944K,  70% used [0x091b0000, 0x099463e8, 0x09946400, 0x09c60000)
 compacting perm gen  total 12288K, used 5421K [0x13c60000, 0x14860000, 0x17c60000)
   the space 12288K,  44% used [0x13c60000, 0x141ab690, 0x141ab800, 0x14860000)
No shared spaces configured.
Event: 133.497 GC heap after
Heap after GC invocations=14 (full 0):
 def new generation   total 4928K, used 131K [0x03c60000, 0x041b0000, 0x091b0000)
  eden space 4416K,   0% used [0x03c60000, 0x03c60000, 0x040b0000)
  from space 512K,  25% used [0x040b0000, 0x040d0ef0, 0x04130000)
  to   space 512K,   0% used [0x04130000, 0x04130000, 0x041b0000)
 tenured generation   total 10944K, used 7768K [0x091b0000, 0x09c60000, 0x13c60000)
   the space 10944K,  70% used [0x091b0000, 0x099463e8, 0x09946400, 0x09c60000)
 compacting perm gen  total 12288K, used 5421K [0x13c60000, 0x14860000, 0x17c60000)
   the space 12288K,  44% used [0x13c60000, 0x141ab690, 0x141ab800, 0x14860000)
No shared spaces configured.
}
Event: 147.658 GC heap before
{Heap before GC invocations=14 (full 0):
 def new generation   total 4928K, used 4546K [0x03c60000, 0x041b0000, 0x091b0000)
  eden space 4416K,  99% used [0x03c60000, 0x040af9c8, 0x040b0000)
  from space 512K,  25% used [0x040b0000, 0x040d0ef0, 0x04130000)
  to   space 512K,   0% used [0x04130000, 0x04130000, 0x041b0000)
 tenured generation   total 10944K, used 7768K [0x091b0000, 0x09c60000, 0x13c60000)
   the space 10944K,  70% used [0x091b0000, 0x099463e8, 0x09946400, 0x09c60000)
 compacting perm gen  total 12288K, used 5421K [0x13c60000, 0x14860000, 0x17c60000)
   the space 12288K,  44% used [0x13c60000, 0x141ab6d0, 0x141ab800, 0x14860000)
No shared spaces configured.
Event: 147.659 GC heap after
Heap after GC invocations=15 (full 0):
 def new generation   total 4928K, used 329K [0x03c60000, 0x041b0000, 0x091b0000)
  eden space 4416K,   0% used [0x03c60000, 0x03c60000, 0x040b0000)
  from space 512K,  64% used [0x04130000, 0x04182588, 0x041b0000)
  to   space 512K,   0% used [0x040b0000, 0x040b0000, 0x04130000)
 tenured generation   total 10944K, used 7768K [0x091b0000, 0x09c60000, 0x13c60000)
   the space 10944K,  70% used [0x091b0000, 0x099463e8, 0x09946400, 0x09c60000)
 compacting perm gen  total 12288K, used 5421K [0x13c60000, 0x14860000, 0x17c60000)
   the space 12288K,  44% used [0x13c60000, 0x141ab6d0, 0x141ab800, 0x14860000)
No shared spaces configured.
}

Deoptimization events (0 events):
No events

Internal exceptions (10 events):
Event: 10.723 Thread 0x00eb1000 Threw 0x04075ce0 at C:\re\jdk7u55\985\hotspot\src\share\vm\prims\jvm.cpp:1244
Event: 10.723 Thread 0x00eb1000 Threw 0x04079dc0 at C:\re\jdk7u55\985\hotspot\src\share\vm\prims\jvm.cpp:1244
Event: 10.724 Thread 0x00eb1000 Threw 0x0407e7a8 at C:\re\jdk7u55\985\hotspot\src\share\vm\prims\jvm.cpp:1244
Event: 10.725 Thread 0x00eb1000 Threw 0x040836d8 at C:\re\jdk7u55\985\hotspot\src\share\vm\prims\jvm.cpp:1244
Event: 10.743 Thread 0x00eb1000 Threw 0x04088cf0 at C:\re\jdk7u55\985\hotspot\src\share\vm\prims\jvm.cpp:1244
Event: 10.744 Thread 0x00eb1000 Threw 0x0408d640 at C:\re\jdk7u55\985\hotspot\src\share\vm\prims\jvm.cpp:1244
Event: 10.745 Thread 0x00eb1000 Threw 0x04091cd8 at C:\re\jdk7u55\985\hotspot\src\share\vm\prims\jvm.cpp:1244
Event: 10.746 Thread 0x00eb1000 Threw 0x040969c0 at C:\re\jdk7u55\985\hotspot\src\share\vm\prims\jvm.cpp:1244
Event: 11.382 Thread 0x00eb1000 Threw 0x040a6f20 at C:\re\jdk7u55\985\hotspot\src\share\vm\prims\jvm.cpp:1244
Event: 98.678 Thread 0x00eb1000 Threw 0x03ffab20 at C:\re\jdk7u55\985\hotspot\src\share\vm\prims\jvm.cpp:1244

Events (10 events):
Event: 98.680 Executing VM operation: Deoptimize done
Event: 101.119 Executing VM operation: GenCollectForAllocation
Event: 101.123 Executing VM operation: GenCollectForAllocation done
Event: 117.331 Executing VM operation: GenCollectForAllocation
Event: 117.333 Executing VM operation: GenCollectForAllocation done
Event: 118.445 Thread 0x00d6b000 flushing nmethod 0x01d04d08
Event: 133.495 Executing VM operation: GenCollectForAllocation
Event: 133.497 Executing VM operation: GenCollectForAllocation done
Event: 147.658 Executing VM operation: GenCollectForAllocation
Event: 147.660 Executing VM operation: GenCollectForAllocation done


Dynamic libraries:
0x01030000 - 0x0105f000 	C:\Program Files\Java\jre7\bin\javaw.exe
0x77490000 - 0x775cc000 	C:\Windows\SYSTEM32\ntdll.dll
0x74950000 - 0x7498f000 	C:\Program Files\AVAST Software\Avast\snxhk.dll
0x77020000 - 0x770f4000 	C:\Windows\system32\KERNEL32.dll
0x75510000 - 0x7555b000 	C:\Windows\system32\KERNELBASE.dll
0x76780000 - 0x76820000 	C:\Windows\system32\ADVAPI32.dll
0x772d0000 - 0x7737c000 	C:\Windows\system32\msvcrt.dll
0x76b90000 - 0x76ba9000 	C:\Windows\SYSTEM32\sechost.dll
0x77220000 - 0x772c2000 	C:\Windows\system32\RPCRT4.dll
0x77380000 - 0x77449000 	C:\Windows\system32\USER32.dll
0x76fd0000 - 0x7701e000 	C:\Windows\system32\GDI32.dll
0x775e0000 - 0x775ea000 	C:\Windows\system32\LPK.dll
0x775f0000 - 0x7768d000 	C:\Windows\system32\USP10.dll
0x74540000 - 0x746de000 	C:\Windows\WinSxS\x86_microsoft.windows.common-controls_6595b64144ccf1df_6.0.7601.17514_none_41e6975e2bd6f2b2\COMCTL32.dll
0x759c0000 - 0x75a17000 	C:\Windows\system32\SHLWAPI.dll
0x77690000 - 0x776af000 	C:\Windows\system32\IMM32.DLL
0x76bb0000 - 0x76c7c000 	C:\Windows\system32\MSCTF.dll
0x5b3c0000 - 0x5b47f000 	C:\Program Files\Java\jre7\bin\msvcr100.dll
0x5b8d0000 - 0x5bc50000 	C:\Program Files\Java\jre7\bin\client\jvm.dll
0x71a30000 - 0x71a37000 	C:\Windows\system32\WSOCK32.dll
0x77450000 - 0x77485000 	C:\Windows\system32\WS2_32.dll
0x775d0000 - 0x775d6000 	C:\Windows\system32\NSI.dll
0x6f2e0000 - 0x6f312000 	C:\Windows\system32\WINMM.dll
0x75810000 - 0x75815000 	C:\Windows\system32\PSAPI.DLL
0x6e810000 - 0x6e81c000 	C:\Program Files\Java\jre7\bin\verify.dll
0x69120000 - 0x69140000 	C:\Program Files\Java\jre7\bin\java.dll
0x65890000 - 0x658ba000 	C:\Program Files\Java\jre7\bin\jdwp.dll
0x72bf0000 - 0x72bf7000 	C:\Program Files\Java\jre7\bin\npt.dll
0x69380000 - 0x69393000 	C:\Program Files\Java\jre7\bin\zip.dll
0x71f10000 - 0x71f18000 	C:\Program Files\Java\jre7\bin\dt_socket.dll
0x73800000 - 0x73810000 	C:\Windows\system32\NLAapi.dll
0x6efa0000 - 0x6efb0000 	C:\Windows\system32\napinsp.dll
0x6ef80000 - 0x6ef92000 	C:\Windows\system32\pnrpnsp.dll
0x74ec0000 - 0x74efc000 	C:\Windows\System32\mswsock.dll
0x74d80000 - 0x74dc4000 	C:\Windows\system32\DNSAPI.dll
0x6ef50000 - 0x6ef58000 	C:\Windows\System32\winrnr.dll
0x73650000 - 0x7366c000 	C:\Windows\system32\IPHLPAPI.DLL
0x73630000 - 0x73637000 	C:\Windows\system32\WINNSI.DLL
0x734f0000 - 0x73528000 	C:\Windows\System32\fwpuclnt.dll
0x6d9a0000 - 0x6d9a6000 	C:\Windows\system32\rasadhlp.dll
0x74a30000 - 0x74a35000 	C:\Windows\System32\wshtcpip.dll
0x6cec0000 - 0x6cf45000 	C:\Users\Carlos\AppData\Local\Temp\libgdxCarlos\56953fb7\gdx.dll
0x17cd0000 - 0x17d1c000 	C:\Users\Carlos\AppData\Local\Temp\libgdxCarlos\52d76f2b\lwjgl.dll
0x68980000 - 0x68a48000 	C:\Windows\system32\OPENGL32.dll
0x67ad0000 - 0x67af2000 	C:\Windows\system32\GLU32.dll
0x5d8d0000 - 0x5d9b7000 	C:\Windows\system32\DDRAW.dll
0x71ef0000 - 0x71ef6000 	C:\Windows\system32\DCIMAN32.dll
0x75820000 - 0x759bd000 	C:\Windows\system32\SETUPAPI.dll
0x75590000 - 0x755b7000 	C:\Windows\system32\CFGMGR32.dll
0x77190000 - 0x7721f000 	C:\Windows\system32\OLEAUT32.dll
0x76870000 - 0x769cc000 	C:\Windows\system32\ole32.dll
0x75620000 - 0x75632000 	C:\Windows\system32\DEVOBJ.dll
0x74090000 - 0x740a3000 	C:\Windows\system32\dwmapi.dll
0x749a0000 - 0x749a9000 	C:\Windows\system32\VERSION.dll
0x17d70000 - 0x17dd5000 	C:\Users\Carlos\AppData\Local\Temp\libgdxCarlos\52d76f2b\OpenAL32.dll
0x75b30000 - 0x7677a000 	C:\Windows\system32\SHELL32.dll
0x75410000 - 0x7541c000 	C:\Windows\system32\CRYPTBASE.dll
0x743c0000 - 0x74400000 	C:\Windows\system32\uxtheme.dll
0x75aa0000 - 0x75b23000 	C:\Windows\system32\CLBCatQ.DLL
0x74400000 - 0x744f5000 	C:\Windows\System32\PROPSYS.dll
0x755d0000 - 0x755fe000 	C:\Windows\system32\WINTRUST.dll
0x756d0000 - 0x757f0000 	C:\Windows\system32\CRYPT32.dll
0x75500000 - 0x7550c000 	C:\Windows\system32\MSASN1.dll
0x71ca0000 - 0x71d12000 	C:\Windows\system32\dsound.dll
0x73b40000 - 0x73b65000 	C:\Windows\system32\POWRPROF.dll
0x740b0000 - 0x740e9000 	C:\Windows\System32\MMDevApi.dll
0x6d450000 - 0x6d486000 	C:\Windows\system32\AUDIOSES.DLL
0x199e0000 - 0x1a484000 	C:\Windows\system32\ig4icd32.dll
0x708c0000 - 0x70939000 	C:\Windows\system32\mscms.dll
0x75570000 - 0x75587000 	C:\Windows\system32\USERENV.dll
0x754f0000 - 0x754fb000 	C:\Windows\system32\profapi.dll
0x61930000 - 0x61968000 	C:\Windows\system32\icm32.dll
0x6dd40000 - 0x6de11000 	C:\Users\Carlos\AppData\Local\Temp\libgdxCarlos\1757f8d2\gdx-controllers-desktop.dll
0x61900000 - 0x61930000 	C:\Windows\system32\dinput8.dll
0x740f0000 - 0x740f9000 	C:\Windows\system32\HID.DLL
0x6f1a0000 - 0x6f28b000 	C:\Windows\system32\dbghelp.dll

VM Arguments:
jvm_args: -agentlib:jdwp=transport=dt_socket,suspend=y,address=localhost:50287 -Dfile.encoding=Cp1252 
java_command: com.valyrian.firstgame.Main
Launcher Type: SUN_STANDARD

Environment Variables:
PATH=C:/Program Files/Java/jre7/bin/client;C:/Program Files/Java/jre7/bin;C:/Program Files/Java/jre7/lib/i386;C:\Windows\system32;C:\Windows;C:\Windows\System32\Wbem;C:\Windows\System32\WindowsPowerShell\v1.0\;C:\Program Files\Common Files\Autodesk Shared\;C:\Program Files\Mercurial;C:\Program Files\nodejs\;C:\Users\Carlos\AppData\Roaming\npm;C:\Users\Carlos\Desktop\DAVID\eclipse;
USERNAME=Carlos
OS=Windows_NT
PROCESSOR_IDENTIFIER=x86 Family 6 Model 15 Stepping 13, GenuineIntel



---------------  S Y S T E M  ---------------

OS: Windows 7 Build 7601 Service Pack 1

CPU:total 2 (2 cores per cpu, 1 threads per core) family 6 model 15 stepping 13, cmov, cx8, fxsr, mmx, sse, sse2, sse3, ssse3, tsc

Memory: 4k page, physical 3010560k(1606296k free), swap 6019368k(3884228k free)

vm_info: Java HotSpot(TM) Client VM (24.55-b03) for windows-x86 JRE (1.7.0_55-b14), built on Apr 14 2014 18:25:32 by "java_re" with unknown MS VC++:1600

time: Sun Jun 15 11:54:13 2014
elapsed time: 148 seconds

