#
# A fatal error has been detected by the Java Runtime Environment:
#
#  EXCEPTION_ACCESS_VIOLATION (0xc0000005) at pc=0x6cee8b52, pid=6116, tid=5420
#
# JRE version: Java(TM) SE Runtime Environment (7.0_55-b14) (build 1.7.0_55-b14)
# Java VM: Java HotSpot(TM) Client VM (24.55-b03 mixed mode windows-x86 )
# Problematic frame:
# C  [gdx.dll+0x28b52]
#
# Failed to write core dump. Minidumps are not enabled by default on client versions of Windows
#
# If you would like to submit a bug report, please visit:
#   http://bugreport.sun.com/bugreport/crash.jsp
# The crash happened outside the Java Virtual Machine in native code.
# See problematic frame for where to report the bug.
#

---------------  T H R E A D  ---------------

Current thread (0x17866800):  JavaThread "LWJGL Application" [_thread_in_native, id=5420, stack(0x189c0000,0x18a10000)]

siginfo: ExceptionCode=0xc0000005, reading address 0x17f34574

Registers:
EAX=0x09308b34, EBX=0x17866930, ECX=0xf3cecb85, EDX=0x176e074c
ESP=0x18a0f48c, EBP=0x18a0f4d8, ESI=0x18a0f4e8, EDI=0x17f34530
EIP=0x6cee8b52, EFLAGS=0x00010246

Top of Stack: (sp=0x18a0f48c)
0x18a0f48c:   18a0f4ac 13bb9420 13bb9420 17866800
0x18a0f49c:   0169f358 17866930 18a0f4f4 17f34530
0x18a0f4ac:   00000000 18a0f4e8 00000000 18a0f4b8
0x18a0f4bc:   00000000 18a0f4f4 13bbc938 00000000
0x18a0f4cc:   13bb9420 00000000 18a0f4e8 18a0f518
0x18a0f4dc:   01693287 00000000 0169bde9 09308b28
0x18a0f4ec:   17f34530 00000000 092efcd0 18a0f4f8
0x18a0f4fc:   13bb9369 18a0f520 13bbc938 00000000 

Instructions: (pc=0x6cee8b52)
0x6cee8b32:   30 89 7c 24 18 8b 7c 24 28 8b 03 89 74 24 04 89
0x6cee8b42:   1c 24 c7 44 24 08 00 00 00 00 ff 90 78 03 00 00
0x6cee8b52:   8b 57 44 8b 4f 40 89 50 04 8b 13 83 ec 0c 89 08
0x6cee8b62:   89 74 24 04 89 1c 24 c7 44 24 0c 00 00 00 00 89 


Register to memory mapping:

EAX=0x09308b34 is pointing into object: 0x09308b28
[F 
 - klass: {type array float}
 - length: 4
EBX=0x17866930 is an unknown value
ECX=0xf3cecb85 is an unknown value
EDX=0x176e074c is an unknown value
ESP=0x18a0f48c is pointing into the stack for thread: 0x17866800
EBP=0x18a0f4d8 is pointing into the stack for thread: 0x17866800
ESI=0x18a0f4e8 is pointing into the stack for thread: 0x17866800
EDI=0x17f34530 is an unknown value


Stack: [0x189c0000,0x18a10000],  sp=0x18a0f48c,  free space=317k
Native frames: (J=compiled Java code, j=interpreted, Vv=VM code, C=native code)
C  [gdx.dll+0x28b52]
j  com.badlogic.gdx.physics.box2d.Body.getLinearVelocity()Lcom/badlogic/gdx/math/Vector2;+9
j  com.valyrian.firstgame.entidades.Jugador.MoverDerecha()V+15
j  com.valyrian.firstgame.utilidades.input.Teclado.keyDown(I)Z+105
J  com.badlogic.gdx.backends.lwjgl.LwjglInput.processEvents()V
j  com.badlogic.gdx.backends.lwjgl.LwjglApplication$1.run()V+27
v  ~StubRoutines::call_stub
V  [jvm.dll+0x13f25a]
V  [jvm.dll+0x202c1e]
V  [jvm.dll+0x13f425]
V  [jvm.dll+0x13f487]
V  [jvm.dll+0xeb7cf]
V  [jvm.dll+0x1604dc]
V  [jvm.dll+0x160f17]
V  [jvm.dll+0x1a4ab9]
C  [msvcr100.dll+0x5c556]
C  [msvcr100.dll+0x5c600]
C  [KERNEL32.dll+0x4ee1c]
C  [ntdll.dll+0x637eb]
C  [ntdll.dll+0x637be]

Java frames: (J=compiled Java code, j=interpreted, Vv=VM code)
j  com.badlogic.gdx.physics.box2d.Body.jniGetLinearVelocity(J[F)V+0
j  com.badlogic.gdx.physics.box2d.Body.getLinearVelocity()Lcom/badlogic/gdx/math/Vector2;+9
j  com.valyrian.firstgame.entidades.Jugador.MoverDerecha()V+15
j  com.valyrian.firstgame.utilidades.input.Teclado.keyDown(I)Z+105
J  com.badlogic.gdx.backends.lwjgl.LwjglInput.processEvents()V
j  com.badlogic.gdx.backends.lwjgl.LwjglApplication.mainLoop()V+557
j  com.badlogic.gdx.backends.lwjgl.LwjglApplication$1.run()V+27
v  ~StubRoutines::call_stub

---------------  P R O C E S S  ---------------

Java Threads: ( => current thread )
  0x18c4c000 JavaThread "LWJGL Timer" daemon [_thread_blocked, id=3076, stack(0x1bce0000,0x1bd30000)]
  0x18c2ac00 JavaThread "AsynchExecutor-Thread" daemon [_thread_blocked, id=4704, stack(0x1bd30000,0x1bd80000)]
  0x0145d400 JavaThread "DestroyJavaVM" [_thread_blocked, id=3904, stack(0x01390000,0x013e0000)]
=>0x17866800 JavaThread "LWJGL Application" [_thread_in_native, id=5420, stack(0x189c0000,0x18a10000)]
  0x176f6400 JavaThread "Service Thread" daemon [_thread_blocked, id=4380, stack(0x18260000,0x182b0000)]
  0x176eb000 JavaThread "C1 CompilerThread0" daemon [_thread_blocked, id=1008, stack(0x18200000,0x18250000)]
  0x176dd400 JavaThread "JDWP Command Reader" daemon [_thread_in_native, id=5216, stack(0x18120000,0x18170000)]
  0x176d9800 JavaThread "JDWP Event Helper Thread" daemon [_thread_blocked, id=5452, stack(0x180b0000,0x18100000)]
  0x176d1400 JavaThread "JDWP Transport Listener: dt_socket" daemon [_thread_blocked, id=5172, stack(0x17c90000,0x17ce0000)]
  0x176cbc00 JavaThread "Attach Listener" daemon [_thread_blocked, id=4472, stack(0x01530000,0x01580000)]
  0x176c8800 JavaThread "Signal Dispatcher" daemon [_thread_blocked, id=5484, stack(0x17970000,0x179c0000)]
  0x17699400 JavaThread "Finalizer" daemon [_thread_blocked, id=4460, stack(0x178e0000,0x17930000)]
  0x17694400 JavaThread "Reference Handler" daemon [_thread_blocked, id=2952, stack(0x17890000,0x178e0000)]

Other Threads:
  0x17692c00 VMThread [stack: 0x015f0000,0x01640000] [id=6068]
  0x17711800 WatcherThread [stack: 0x181b0000,0x18200000] [id=4036]

VM state:not at safepoint (normal execution)

VM Mutex/Monitor currently owned by a thread: None

Heap
 def new generation   total 5760K, used 3785K [0x03690000, 0x03cd0000, 0x08be0000)
  eden space 5120K,  73% used [0x03690000, 0x03a427e8, 0x03b90000)
  from space 640K,   0% used [0x03b90000, 0x03b90000, 0x03c30000)
  to   space 640K,   0% used [0x03c30000, 0x03c30000, 0x03cd0000)
 tenured generation   total 12716K, used 7628K [0x08be0000, 0x0984b000, 0x13690000)
   the space 12716K,  59% used [0x08be0000, 0x09353038, 0x09353200, 0x0984b000)
 compacting perm gen  total 12288K, used 5417K [0x13690000, 0x14290000, 0x17690000)
   the space 12288K,  44% used [0x13690000, 0x13bda470, 0x13bda600, 0x14290000)
No shared spaces configured.

Card table byte_map: [0x012c0000,0x01370000] byte_map_base: 0x012a4b80

Polling page: 0x00580000

Code Cache  [0x01690000, 0x01900000, 0x03690000)
 total_blobs=1138 nmethods=875 adapters=208 free_code_cache=30294Kb largest_free_block=31021056

Compilation events (10 events):
Event: 71.765 Thread 0x176eb000  872             com.valyrian.firstgame.utilidades.ManejadorColisiones::beginContact (855 bytes)
Event: 71.772 Thread 0x176eb000 nmethod 872 0x018f6088 code [0x018f65a0, 0x018f77b8]
Event: 72.076 Thread 0x176eb000  873             com.valyrian.firstgame.utilidades.ManejadorColisiones::endContact (124 bytes)
Event: 72.077 Thread 0x176eb000 nmethod 873 0x018f8f48 code [0x018f90b0, 0x018f9358]
Event: 80.059 Thread 0x176eb000  874             java.nio.Buffer::nextPutIndex (38 bytes)
Event: 80.059 Thread 0x176eb000 nmethod 874 0x018f9708 code [0x018f9810, 0x018f991c]
Event: 80.059 Thread 0x176eb000  875             java.nio.Buffer::nextGetIndex (38 bytes)
Event: 80.060 Thread 0x176eb000 nmethod 875 0x018f9a08 code [0x018f9b10, 0x018f9c1c]
Event: 86.879 Thread 0x176eb000  877             java.util.StringTokenizer::setMaxDelimCodePoint (156 bytes)
Event: 86.880 Thread 0x176eb000 nmethod 877 0x018f9f88 code [0x018fa0d0, 0x018fa434]

GC Heap History (10 events):
Event: 7.016 GC heap before
{Heap before GC invocations=5 (full 0):
 def new generation   total 4928K, used 4705K [0x03690000, 0x03be0000, 0x08be0000)
  eden space 4416K,  94% used [0x03690000, 0x03aa86a0, 0x03ae0000)
  from space 512K, 100% used [0x03b60000, 0x03be0000, 0x03be0000)
  to   space 512K,   0% used [0x03ae0000, 0x03ae0000, 0x03b60000)
 tenured generation   total 10944K, used 3561K [0x08be0000, 0x09690000, 0x13690000)
   the space 10944K,  32% used [0x08be0000, 0x08f5a7b8, 0x08f5a800, 0x09690000)
 compacting perm gen  total 12288K, used 5075K [0x13690000, 0x14290000, 0x17690000)
   the space 12288K,  41% used [0x13690000, 0x13b84e00, 0x13b84e00, 0x14290000)
No shared spaces configured.
Event: 7.020 GC heap after
Heap after GC invocations=6 (full 0):
 def new generation   total 4928K, used 512K [0x03690000, 0x03be0000, 0x08be0000)
  eden space 4416K,   0% used [0x03690000, 0x03690000, 0x03ae0000)
  from space 512K, 100% used [0x03ae0000, 0x03b60000, 0x03b60000)
  to   space 512K,   0% used [0x03b60000, 0x03b60000, 0x03be0000)
 tenured generation   total 10944K, used 4187K [0x08be0000, 0x09690000, 0x13690000)
   the space 10944K,  38% used [0x08be0000, 0x08ff6ca0, 0x08ff6e00, 0x09690000)
 compacting perm gen  total 12288K, used 5075K [0x13690000, 0x14290000, 0x17690000)
   the space 12288K,  41% used [0x13690000, 0x13b84e00, 0x13b84e00, 0x14290000)
No shared spaces configured.
}
Event: 7.668 GC heap before
{Heap before GC invocations=6 (full 0):
 def new generation   total 4928K, used 4928K [0x03690000, 0x03be0000, 0x08be0000)
  eden space 4416K, 100% used [0x03690000, 0x03ae0000, 0x03ae0000)
  from space 512K, 100% used [0x03ae0000, 0x03b60000, 0x03b60000)
  to   space 512K,   0% used [0x03b60000, 0x03b60000, 0x03be0000)
 tenured generation   total 10944K, used 4187K [0x08be0000, 0x09690000, 0x13690000)
   the space 10944K,  38% used [0x08be0000, 0x08ff6ca0, 0x08ff6e00, 0x09690000)
 compacting perm gen  total 12288K, used 5124K [0x13690000, 0x14290000, 0x17690000)
   the space 12288K,  41% used [0x13690000, 0x13b91288, 0x13b91400, 0x14290000)
No shared spaces configured.
Event: 7.680 GC heap after
Heap after GC invocations=7 (full 0):
 def new generation   total 4928K, used 512K [0x03690000, 0x03be0000, 0x08be0000)
  eden space 4416K,   0% used [0x03690000, 0x03690000, 0x03ae0000)
  from space 512K, 100% used [0x03b60000, 0x03be0000, 0x03be0000)
  to   space 512K,   0% used [0x03ae0000, 0x03ae0000, 0x03b60000)
 tenured generation   total 10944K, used 6263K [0x08be0000, 0x09690000, 0x13690000)
   the space 10944K,  57% used [0x08be0000, 0x091fdfc8, 0x091fe000, 0x09690000)
 compacting perm gen  total 12288K, used 5124K [0x13690000, 0x14290000, 0x17690000)
   the space 12288K,  41% used [0x13690000, 0x13b91288, 0x13b91400, 0x14290000)
No shared spaces configured.
}
Event: 8.072 GC heap before
{Heap before GC invocations=7 (full 0):
 def new generation   total 4928K, used 4596K [0x03690000, 0x03be0000, 0x08be0000)
  eden space 4416K,  92% used [0x03690000, 0x03a8d2d8, 0x03ae0000)
  from space 512K, 100% used [0x03b60000, 0x03be0000, 0x03be0000)
  to   space 512K,   0% used [0x03ae0000, 0x03ae0000, 0x03b60000)
 tenured generation   total 10944K, used 6263K [0x08be0000, 0x09690000, 0x13690000)
   the space 10944K,  57% used [0x08be0000, 0x091fdfc8, 0x091fe000, 0x09690000)
 compacting perm gen  total 12288K, used 5124K [0x13690000, 0x14290000, 0x17690000)
   the space 12288K,  41% used [0x13690000, 0x13b91298, 0x13b91400, 0x14290000)
No shared spaces configured.
Event: 8.083 GC heap after
Heap after GC invocations=8 (full 0):
 def new generation   total 4928K, used 512K [0x03690000, 0x03be0000, 0x08be0000)
  eden space 4416K,   0% used [0x03690000, 0x03690000, 0x03ae0000)
  from space 512K, 100% used [0x03ae0000, 0x03b60000, 0x03b60000)
  to   space 512K,   0% used [0x03b60000, 0x03b60000, 0x03be0000)
 tenured generation   total 10944K, used 8857K [0x08be0000, 0x09690000, 0x13690000)
   the space 10944K,  80% used [0x08be0000, 0x094867d8, 0x09486800, 0x09690000)
 compacting perm gen  total 12288K, used 5124K [0x13690000, 0x14290000, 0x17690000)
   the space 12288K,  41% used [0x13690000, 0x13b91298, 0x13b91400, 0x14290000)
No shared spaces configured.
}
Event: 8.444 GC heap before
{Heap before GC invocations=8 (full 0):
 def new generation   total 4928K, used 4928K [0x03690000, 0x03be0000, 0x08be0000)
  eden space 4416K, 100% used [0x03690000, 0x03ae0000, 0x03ae0000)
  from space 512K, 100% used [0x03ae0000, 0x03b60000, 0x03b60000)
  to   space 512K,   0% used [0x03b60000, 0x03b60000, 0x03be0000)
 tenured generation   total 10944K, used 8857K [0x08be0000, 0x09690000, 0x13690000)
   the space 10944K,  80% used [0x08be0000, 0x094867d8, 0x09486800, 0x09690000)
 compacting perm gen  total 12288K, used 5318K [0x13690000, 0x14290000, 0x17690000)
   the space 12288K,  43% used [0x13690000, 0x13bc1838, 0x13bc1a00, 0x14290000)
No shared spaces configured.
Event: 8.454 GC heap after
Heap after GC invocations=9 (full 0):
 def new generation   total 4928K, used 512K [0x03690000, 0x03be0000, 0x08be0000)
  eden space 4416K,   0% used [0x03690000, 0x03690000, 0x03ae0000)
  from space 512K, 100% used [0x03b60000, 0x03be0000, 0x03be0000)
  to   space 512K,   0% used [0x03ae0000, 0x03ae0000, 0x03b60000)
 tenured generation   total 10944K, used 10423K [0x08be0000, 0x09690000, 0x13690000)
   the space 10944K,  95% used [0x08be0000, 0x0960dee0, 0x0960e000, 0x09690000)
 compacting perm gen  total 12288K, used 5318K [0x13690000, 0x14290000, 0x17690000)
   the space 12288K,  43% used [0x13690000, 0x13bc1838, 0x13bc1a00, 0x14290000)
No shared spaces configured.
}
Event: 49.220 GC heap before
{Heap before GC invocations=9 (full 0):
 def new generation   total 4928K, used 4928K [0x03690000, 0x03be0000, 0x08be0000)
  eden space 4416K, 100% used [0x03690000, 0x03ae0000, 0x03ae0000)
  from space 512K, 100% used [0x03b60000, 0x03be0000, 0x03be0000)
  to   space 512K,   0% used [0x03ae0000, 0x03ae0000, 0x03b60000)
 tenured generation   total 10944K, used 10423K [0x08be0000, 0x09690000, 0x13690000)
   the space 10944K,  95% used [0x08be0000, 0x0960dee0, 0x0960e000, 0x09690000)
 compacting perm gen  total 12288K, used 5417K [0x13690000, 0x14290000, 0x17690000)
   the space 12288K,  44% used [0x13690000, 0x13bda460, 0x13bda600, 0x14290000)
No shared spaces configured.
Event: 49.269 GC heap after
Heap after GC invocations=10 (full 1):
 def new generation   total 5760K, used 0K [0x03690000, 0x03cd0000, 0x08be0000)
  eden space 5120K,   0% used [0x03690000, 0x03690000, 0x03b90000)
  from space 640K,   0% used [0x03b90000, 0x03b90000, 0x03c30000)
  to   space 640K,   0% used [0x03c30000, 0x03c30000, 0x03cd0000)
 tenured generation   total 12716K, used 7628K [0x08be0000, 0x0984b000, 0x13690000)
   the space 12716K,  59% used [0x08be0000, 0x09353038, 0x09353200, 0x0984b000)
 compacting perm gen  total 12288K, used 5417K [0x13690000, 0x14290000, 0x17690000)
   the space 12288K,  44% used [0x13690000, 0x13bda460, 0x13bda600, 0x14290000)
No shared spaces configured.
}

Deoptimization events (0 events):
No events

Internal exceptions (10 events):
Event: 8.577 Thread 0x17866800 Threw 0x03703140 at C:\re\jdk7u55\985\hotspot\src\share\vm\prims\jvm.cpp:1244
Event: 8.581 Thread 0x17866800 Threw 0x0371d0d8 at C:\re\jdk7u55\985\hotspot\src\share\vm\prims\jvm.cpp:1244
Event: 8.584 Thread 0x17866800 Threw 0x0373ce38 at C:\re\jdk7u55\985\hotspot\src\share\vm\prims\jvm.cpp:1244
Event: 8.588 Thread 0x17866800 Threw 0x037565e8 at C:\re\jdk7u55\985\hotspot\src\share\vm\prims\jvm.cpp:1244
Event: 8.608 Thread 0x17866800 Threw 0x03759cb0 at C:\re\jdk7u55\985\hotspot\src\share\vm\prims\jvm.cpp:1244
Event: 8.614 Thread 0x17866800 Threw 0x0376d9f8 at C:\re\jdk7u55\985\hotspot\src\share\vm\prims\jvm.cpp:1244
Event: 8.623 Thread 0x17866800 Threw 0x037728c8 at C:\re\jdk7u55\985\hotspot\src\share\vm\prims\jvm.cpp:1244
Event: 8.624 Thread 0x17866800 Threw 0x03777b90 at C:\re\jdk7u55\985\hotspot\src\share\vm\prims\jvm.cpp:1244
Event: 8.625 Thread 0x17866800 Threw 0x0377c208 at C:\re\jdk7u55\985\hotspot\src\share\vm\prims\jvm.cpp:1244
Event: 8.627 Thread 0x17866800 Threw 0x03780f40 at C:\re\jdk7u55\985\hotspot\src\share\vm\prims\jvm.cpp:1244

Events (10 events):
Event: 8.625 loading class 0x178696c8
Event: 8.625 loading class 0x178696c8 done
Event: 8.627 loading class 0x177bebc8
Event: 8.627 loading class 0x177bebc8 done
Event: 10.315 loading class 0x004acc20
Event: 10.315 loading class 0x004acc20 done
Event: 20.310 Thread 0x176eb000 flushing nmethod 0x01734d08
Event: 29.634 Thread 0x176eb000 flushing nmethod 0x01832ac8
Event: 49.220 Executing VM operation: GenCollectForAllocation
Event: 49.269 Executing VM operation: GenCollectForAllocation done


Dynamic libraries:
0x01290000 - 0x012bf000 	C:\Program Files\Java\jre7\bin\javaw.exe
0x76f40000 - 0x7707c000 	C:\Windows\SYSTEM32\ntdll.dll
0x6f030000 - 0x6f06f000 	C:\Program Files\AVAST Software\Avast\snxhk.dll
0x76e60000 - 0x76f34000 	C:\Windows\system32\KERNEL32.dll
0x75230000 - 0x7527b000 	C:\Windows\system32\KERNELBASE.dll
0x75690000 - 0x75730000 	C:\Windows\system32\ADVAPI32.dll
0x76db0000 - 0x76e5c000 	C:\Windows\system32\msvcrt.dll
0x77150000 - 0x77169000 	C:\Windows\SYSTEM32\sechost.dll
0x76d00000 - 0x76da2000 	C:\Windows\system32\RPCRT4.dll
0x76890000 - 0x76959000 	C:\Windows\system32\USER32.dll
0x76590000 - 0x765de000 	C:\Windows\system32\GDI32.dll
0x752c0000 - 0x752ca000 	C:\Windows\system32\LPK.dll
0x76630000 - 0x766cd000 	C:\Windows\system32\USP10.dll
0x73ba0000 - 0x73d3e000 	C:\Windows\WinSxS\x86_microsoft.windows.common-controls_6595b64144ccf1df_6.0.7601.17514_none_41e6975e2bd6f2b2\COMCTL32.dll
0x766d0000 - 0x76727000 	C:\Windows\system32\SHLWAPI.dll
0x770d0000 - 0x770ef000 	C:\Windows\system32\IMM32.DLL
0x76c30000 - 0x76cfc000 	C:\Windows\system32\MSCTF.dll
0x50330000 - 0x503ef000 	C:\Program Files\Java\jre7\bin\msvcr100.dll
0x5b9c0000 - 0x5bd40000 	C:\Program Files\Java\jre7\bin\client\jvm.dll
0x716a0000 - 0x716a7000 	C:\Windows\system32\WSOCK32.dll
0x765e0000 - 0x76615000 	C:\Windows\system32\WS2_32.dll
0x76620000 - 0x76626000 	C:\Windows\system32\NSI.dll
0x6eb10000 - 0x6eb42000 	C:\Windows\system32\WINMM.dll
0x75920000 - 0x75925000 	C:\Windows\system32\PSAPI.DLL
0x6dd40000 - 0x6dd4c000 	C:\Program Files\Java\jre7\bin\verify.dll
0x6c240000 - 0x6c260000 	C:\Program Files\Java\jre7\bin\java.dll
0x6c2c0000 - 0x6c2ea000 	C:\Program Files\Java\jre7\bin\jdwp.dll
0x741e0000 - 0x741e7000 	C:\Program Files\Java\jre7\bin\npt.dll
0x6c260000 - 0x6c273000 	C:\Program Files\Java\jre7\bin\zip.dll
0x68ce0000 - 0x68ce8000 	C:\Program Files\Java\jre7\bin\dt_socket.dll
0x73200000 - 0x73210000 	C:\Windows\system32\NLAapi.dll
0x6e740000 - 0x6e750000 	C:\Windows\system32\napinsp.dll
0x6e720000 - 0x6e732000 	C:\Windows\system32\pnrpnsp.dll
0x74970000 - 0x749ac000 	C:\Windows\System32\mswsock.dll
0x74830000 - 0x74874000 	C:\Windows\system32\DNSAPI.dll
0x6e710000 - 0x6e718000 	C:\Windows\System32\winrnr.dll
0x730f0000 - 0x7310c000 	C:\Windows\system32\IPHLPAPI.DLL
0x730e0000 - 0x730e7000 	C:\Windows\system32\WINNSI.DLL
0x72fa0000 - 0x72fd8000 	C:\Windows\System32\fwpuclnt.dll
0x6e700000 - 0x6e706000 	C:\Windows\system32\rasadhlp.dll
0x744e0000 - 0x744e5000 	C:\Windows\System32\wshtcpip.dll
0x6cec0000 - 0x6cf45000 	C:\Users\Carlos\AppData\Local\Temp\libgdxCarlos\56953fb7\gdx.dll
0x01580000 - 0x015cc000 	C:\Users\Carlos\AppData\Local\Temp\libgdxCarlos\52d76f2b\lwjgl.dll
0x5ead0000 - 0x5eb98000 	C:\Windows\system32\OPENGL32.dll
0x67ea0000 - 0x67ec2000 	C:\Windows\system32\GLU32.dll
0x55a80000 - 0x55b67000 	C:\Windows\system32\DDRAW.dll
0x6a960000 - 0x6a966000 	C:\Windows\system32\DCIMAN32.dll
0x754f0000 - 0x7568d000 	C:\Windows\system32\SETUPAPI.dll
0x751f0000 - 0x75217000 	C:\Windows\system32\CFGMGR32.dll
0x76a70000 - 0x76aff000 	C:\Windows\system32\OLEAUT32.dll
0x76730000 - 0x7688c000 	C:\Windows\system32\ole32.dll
0x75190000 - 0x751a2000 	C:\Windows\system32\DEVOBJ.dll
0x73830000 - 0x73843000 	C:\Windows\system32\dwmapi.dll
0x74450000 - 0x74459000 	C:\Windows\system32\VERSION.dll
0x17ce0000 - 0x17d45000 	C:\Users\Carlos\AppData\Local\Temp\libgdxCarlos\52d76f2b\OpenAL32.dll
0x75940000 - 0x7658a000 	C:\Windows\system32\SHELL32.dll
0x74ec0000 - 0x74ecc000 	C:\Windows\system32\CRYPTBASE.dll
0x73b20000 - 0x73b60000 	C:\Windows\system32\uxtheme.dll
0x76960000 - 0x769e3000 	C:\Windows\system32\CLBCatQ.DLL
0x73d70000 - 0x73e65000 	C:\Windows\System32\PROPSYS.dll
0x75280000 - 0x752ae000 	C:\Windows\system32\WINTRUST.dll
0x74fe0000 - 0x75100000 	C:\Windows\system32\CRYPT32.dll
0x74fb0000 - 0x74fbc000 	C:\Windows\system32\MSASN1.dll
0x68d40000 - 0x68db2000 	C:\Windows\system32\dsound.dll
0x73eb0000 - 0x73ed5000 	C:\Windows\system32\POWRPROF.dll
0x73e70000 - 0x73ea9000 	C:\Windows\System32\MMDevApi.dll
0x6dd50000 - 0x6dd86000 	C:\Windows\system32\AUDIOSES.DLL
0x19020000 - 0x19ac4000 	C:\Windows\system32\ig4icd32.dll
0x712a0000 - 0x71319000 	C:\Windows\system32\mscms.dll
0x751b0000 - 0x751c7000 	C:\Windows\system32\USERENV.dll
0x74fa0000 - 0x74fab000 	C:\Windows\system32\profapi.dll
0x68ca0000 - 0x68cd8000 	C:\Windows\system32\icm32.dll
0x1c010000 - 0x1c0e1000 	C:\Users\Carlos\AppData\Local\Temp\libgdxCarlos\1757f8d2\gdx-controllers-desktop.dll
0x68c00000 - 0x68c30000 	C:\Windows\system32\dinput8.dll
0x73850000 - 0x73859000 	C:\Windows\system32\HID.DLL
0x6dec0000 - 0x6dfab000 	C:\Windows\system32\dbghelp.dll

VM Arguments:
jvm_args: -agentlib:jdwp=transport=dt_socket,suspend=y,address=localhost:51133 -Dfile.encoding=Cp1252 
java_command: com.valyrian.firstgame.Main
Launcher Type: SUN_STANDARD

Environment Variables:
PATH=C:/Program Files/Java/jre7/bin/client;C:/Program Files/Java/jre7/bin;C:/Program Files/Java/jre7/lib/i386;C:\Windows\system32;C:\Windows;C:\Windows\System32\Wbem;C:\Windows\System32\WindowsPowerShell\v1.0\;C:\Program Files\Common Files\Autodesk Shared\;C:\Program Files\Mercurial;C:\Program Files\nodejs\;C:\Users\Carlos\AppData\Roaming\npm;C:\Users\Carlos\Desktop\DAVID\eclipse;
USERNAME=Carlos
OS=Windows_NT
PROCESSOR_IDENTIFIER=x86 Family 6 Model 15 Stepping 13, GenuineIntel



---------------  S Y S T E M  ---------------

OS: Windows 7 Build 7601 Service Pack 1

CPU:total 2 (2 cores per cpu, 1 threads per core) family 6 model 15 stepping 13, cmov, cx8, fxsr, mmx, sse, sse2, sse3, ssse3, tsc

Memory: 4k page, physical 3010560k(876956k free), swap 6019368k(2739476k free)

vm_info: Java HotSpot(TM) Client VM (24.55-b03) for windows-x86 JRE (1.7.0_55-b14), built on Apr 14 2014 18:25:32 by "java_re" with unknown MS VC++:1600

time: Sat Jun 14 14:19:18 2014
elapsed time: 87 seconds

