#
# A fatal error has been detected by the Java Runtime Environment:
#
#  EXCEPTION_ACCESS_VIOLATION (0xc0000005) at pc=0x6cecd649, pid=884, tid=5072
#
# JRE version: Java(TM) SE Runtime Environment (7.0_55-b14) (build 1.7.0_55-b14)
# Java VM: Java HotSpot(TM) Client VM (24.55-b03 mixed mode windows-x86 )
# Problematic frame:
# C  [gdx.dll+0xd649]
#
# Failed to write core dump. Minidumps are not enabled by default on client versions of Windows
#
# If you would like to submit a bug report, please visit:
#   http://bugreport.sun.com/bugreport/crash.jsp
# The crash happened outside the Java Virtual Machine in native code.
# See problematic frame for where to report the bug.
#

---------------  T H R E A D  ---------------

Current thread (0x189a9400):  JavaThread "LWJGL Application" [_thread_in_native, id=5072, stack(0x19960000,0x199b0000)]

siginfo: ExceptionCode=0xc0000005, writing address 0x6cf230c8

Registers:
EAX=0x1dea3a40, EBX=0x6cf230c8, ECX=0x00000001, EDX=0x182b6808
ESP=0x199af550, EBP=0x199af5e8, ESI=0x1dea3a40, EDI=0x1de9f990
EIP=0x6cecd649, EFLAGS=0x00010206

Top of Stack: (sp=0x199af550)
0x199af550:   00000030 199af5ac 189b83e8 199af54c
0x199af560:   dd484bd5 199afbf4 5183068e 6cf230c8
0x199af570:   1dea3a40 1de9f990 6cf230c8 6ceccefd
0x199af580:   6cf230c8 1dea3a40 00000001 182b6808
0x199af590:   00000000 1dea3ec0 00000000 00000004
0x199af5a0:   199af51c 199af60c 00000004 199af73c
0x199af5b0:   ffffffff 1de9f990 189a9400 00000000
0x199af5c0:   ffffffff 6cf158c0 6cf16044 199af5e0 

Instructions: (pc=0x6cecd649)
0x6cecd629:   e9 2a ff ff ff 66 90 53 83 ec 28 8b 54 24 3c 8b
0x6cecd639:   44 24 34 8b 5c 24 30 8b 4c 24 38 f3 0f 10 4a 10
0x6cecd649:   c7 03 28 33 f2 6c f3 0f 59 48 10 89 4b 38 8b 4c
0x6cecd659:   24 40 c7 43 04 04 00 00 00 89 43 30 f3 0f 51 c1 


Register to memory mapping:

EAX=0x1dea3a40 is an unknown value
EBX=0x6cf230c8 is an unknown value
ECX=0x00000001 is an unknown value
EDX=0x182b6808 is an unknown value
ESP=0x199af550 is pointing into the stack for thread: 0x189a9400
EBP=0x199af5e8 is pointing into the stack for thread: 0x189a9400
ESI=0x1dea3a40 is an unknown value
EDI=0x1de9f990 is an unknown value


Stack: [0x19960000,0x199b0000],  sp=0x199af550,  free space=317k
Native frames: (J=compiled Java code, j=interpreted, Vv=VM code, C=native code)
C  [gdx.dll+0xd649]

Java frames: (J=compiled Java code, j=interpreted, Vv=VM code)
j  com.badlogic.gdx.physics.box2d.World.jniStep(JFII)V+0
J  com.valyrian.firstgame.pantallas.PantallaNivel.render(F)V
j  com.badlogic.gdx.Game.render()V+19
j  com.badlogic.gdx.backends.lwjgl.LwjglApplication.mainLoop()V+642
j  com.badlogic.gdx.backends.lwjgl.LwjglApplication$1.run()V+27
v  ~StubRoutines::call_stub

---------------  P R O C E S S  ---------------

Java Threads: ( => current thread )
  0x18aca000 JavaThread "LWJGL Timer" daemon [_thread_blocked, id=5196, stack(0x1caa0000,0x1caf0000)]
  0x189dd000 JavaThread "AsynchExecutor-Thread" daemon [_thread_blocked, id=4228, stack(0x1bea0000,0x1bef0000)]
  0x00c0d400 JavaThread "DestroyJavaVM" [_thread_blocked, id=1180, stack(0x00a90000,0x00ae0000)]
=>0x189a9400 JavaThread "LWJGL Application" [_thread_in_native, id=5072, stack(0x19960000,0x199b0000)]
  0x00ee5000 JavaThread "AWT-Windows" daemon [_thread_in_native, id=3352, stack(0x18870000,0x188c0000)]
  0x00eb3000 JavaThread "Java2D Disposer" daemon [_thread_blocked, id=5608, stack(0x184d0000,0x18520000)]
  0x00e26800 JavaThread "Service Thread" daemon [_thread_blocked, id=6088, stack(0x18620000,0x18670000)]
  0x00e1b400 JavaThread "C1 CompilerThread0" daemon [_thread_blocked, id=3888, stack(0x185d0000,0x18620000)]
  0x00e12400 JavaThread "JDWP Command Reader" daemon [_thread_in_native, id=4464, stack(0x18470000,0x184c0000)]
  0x00e09800 JavaThread "JDWP Event Helper Thread" daemon [_thread_blocked, id=4328, stack(0x00fc0000,0x01010000)]
  0x00e01400 JavaThread "JDWP Transport Listener: dt_socket" daemon [_thread_blocked, id=5424, stack(0x18520000,0x18570000)]
  0x00dfb800 JavaThread "Attach Listener" daemon [_thread_blocked, id=5372, stack(0x17ee0000,0x17f30000)]
  0x00df8800 JavaThread "Signal Dispatcher" daemon [_thread_blocked, id=4876, stack(0x17e60000,0x17eb0000)]
  0x00dc9400 JavaThread "Finalizer" daemon [_thread_blocked, id=1264, stack(0x17d10000,0x17d60000)]
  0x00dc4400 JavaThread "Reference Handler" daemon [_thread_blocked, id=4456, stack(0x17de0000,0x17e30000)]

Other Threads:
  0x00dc2c00 VMThread [stack: 0x17d90000,0x17de0000] [id=4404]
  0x00e41800 WatcherThread [stack: 0x186c0000,0x18710000] [id=4784]

VM state:not at safepoint (normal execution)

VM Mutex/Monitor currently owned by a thread: None

Heap
 def new generation   total 4928K, used 3255K [0x03ce0000, 0x04230000, 0x09230000)
  eden space 4416K,  62% used [0x03ce0000, 0x03f8dd90, 0x04130000)
  from space 512K, 100% used [0x04130000, 0x041b0000, 0x041b0000)
  to   space 512K,   0% used [0x041b0000, 0x041b0000, 0x04230000)
 tenured generation   total 10944K, used 6431K [0x09230000, 0x09ce0000, 0x13ce0000)
   the space 10944K,  58% used [0x09230000, 0x09877ff8, 0x09878000, 0x09ce0000)
 compacting perm gen  total 12288K, used 6102K [0x13ce0000, 0x148e0000, 0x17ce0000)
   the space 12288K,  49% used [0x13ce0000, 0x142d5b20, 0x142d5c00, 0x148e0000)
No shared spaces configured.

Card table byte_map: [0x00d10000,0x00dc0000] byte_map_base: 0x00cf1900

Polling page: 0x00180000

Code Cache  [0x01ce0000, 0x01ec8000, 0x03ce0000)
 total_blobs=874 nmethods=594 adapters=225 free_code_cache=30834Kb largest_free_block=31574272

Compilation events (10 events):
Event: 17.461 Thread 0x00e1b400  589             com.badlogic.gdx.graphics.glutils.IndexBufferObject::getNumMaxIndices (8 bytes)
Event: 17.461 Thread 0x00e1b400 nmethod 589 0x01ebf6c8 code [0x01ebf7c0, 0x01ebf850]
Event: 17.461 Thread 0x00e1b400  590             com.badlogic.gdx.graphics.glutils.VertexBufferObject::getNumVertices (18 bytes)
Event: 17.461 Thread 0x00e1b400 nmethod 590 0x01ebf8c8 code [0x01ebf9c0, 0x01ebfa70]
Event: 17.461 Thread 0x00e1b400  591             com.badlogic.gdx.backends.lwjgl.LwjglGL20::glBufferData (112 bytes)
Event: 17.462 Thread 0x00e1b400 nmethod 591 0x01ebfb48 code [0x01ebfcc0, 0x01ec0048]
Event: 17.544 Thread 0x00e1b400  593   !         com.badlogic.gdx.backends.lwjgl.LwjglApplication::executeRunnables (91 bytes)
Event: 17.544 Thread 0x00e1b400 nmethod 593 0x01ec0548 code [0x01ec06b0, 0x01ec0a1c]
Event: 17.563 Thread 0x00e1b400  594             sun.nio.cs.SingleByte$Encoder::encodeArrayLoop (236 bytes)
Event: 17.565 Thread 0x00e1b400 nmethod 594 0x01ec0d08 code [0x01ec1060, 0x01ec1c84]

GC Heap History (10 events):
Event: 2.340 GC heap before
{Heap before GC invocations=3 (full 0):
 def new generation   total 4928K, used 4581K [0x03ce0000, 0x04230000, 0x09230000)
  eden space 4416K,  92% used [0x03ce0000, 0x040d97d0, 0x04130000)
  from space 512K, 100% used [0x041b0000, 0x04230000, 0x04230000)
  to   space 512K,   0% used [0x04130000, 0x04130000, 0x041b0000)
 tenured generation   total 10944K, used 2681K [0x09230000, 0x09ce0000, 0x13ce0000)
   the space 10944K,  24% used [0x09230000, 0x094ce648, 0x094ce800, 0x09ce0000)
 compacting perm gen  total 12288K, used 5297K [0x13ce0000, 0x148e0000, 0x17ce0000)
   the space 12288K,  43% used [0x13ce0000, 0x1420c4e8, 0x1420c600, 0x148e0000)
No shared spaces configured.
Event: 2.343 GC heap after
Heap after GC invocations=4 (full 0):
 def new generation   total 4928K, used 324K [0x03ce0000, 0x04230000, 0x09230000)
  eden space 4416K,   0% used [0x03ce0000, 0x03ce0000, 0x04130000)
  from space 512K,  63% used [0x04130000, 0x04181138, 0x041b0000)
  to   space 512K,   0% used [0x041b0000, 0x041b0000, 0x04230000)
 tenured generation   total 10944K, used 2961K [0x09230000, 0x09ce0000, 0x13ce0000)
   the space 10944K,  27% used [0x09230000, 0x095144a0, 0x09514600, 0x09ce0000)
 compacting perm gen  total 12288K, used 5297K [0x13ce0000, 0x148e0000, 0x17ce0000)
   the space 12288K,  43% used [0x13ce0000, 0x1420c4e8, 0x1420c600, 0x148e0000)
No shared spaces configured.
}
Event: 4.551 GC heap before
{Heap before GC invocations=4 (full 0):
 def new generation   total 4928K, used 4723K [0x03ce0000, 0x04230000, 0x09230000)
  eden space 4416K,  99% used [0x03ce0000, 0x0412bcd8, 0x04130000)
  from space 512K,  63% used [0x04130000, 0x04181138, 0x041b0000)
  to   space 512K,   0% used [0x041b0000, 0x041b0000, 0x04230000)
 tenured generation   total 10944K, used 2961K [0x09230000, 0x09ce0000, 0x13ce0000)
   the space 10944K,  27% used [0x09230000, 0x095144a0, 0x09514600, 0x09ce0000)
 compacting perm gen  total 12288K, used 5672K [0x13ce0000, 0x148e0000, 0x17ce0000)
   the space 12288K,  46% used [0x13ce0000, 0x1426a330, 0x1426a400, 0x148e0000)
No shared spaces configured.
Event: 4.554 GC heap after
Heap after GC invocations=5 (full 0):
 def new generation   total 4928K, used 512K [0x03ce0000, 0x04230000, 0x09230000)
  eden space 4416K,   0% used [0x03ce0000, 0x03ce0000, 0x04130000)
  from space 512K, 100% used [0x041b0000, 0x04230000, 0x04230000)
  to   space 512K,   0% used [0x04130000, 0x04130000, 0x041b0000)
 tenured generation   total 10944K, used 3154K [0x09230000, 0x09ce0000, 0x13ce0000)
   the space 10944K,  28% used [0x09230000, 0x09544a98, 0x09544c00, 0x09ce0000)
 compacting perm gen  total 12288K, used 5672K [0x13ce0000, 0x148e0000, 0x17ce0000)
   the space 12288K,  46% used [0x13ce0000, 0x1426a330, 0x1426a400, 0x148e0000)
No shared spaces configured.
}
Event: 5.725 GC heap before
{Heap before GC invocations=5 (full 0):
 def new generation   total 4928K, used 4928K [0x03ce0000, 0x04230000, 0x09230000)
  eden space 4416K, 100% used [0x03ce0000, 0x04130000, 0x04130000)
  from space 512K, 100% used [0x041b0000, 0x04230000, 0x04230000)
  to   space 512K,   0% used [0x04130000, 0x04130000, 0x041b0000)
 tenured generation   total 10944K, used 3154K [0x09230000, 0x09ce0000, 0x13ce0000)
   the space 10944K,  28% used [0x09230000, 0x09544a98, 0x09544c00, 0x09ce0000)
 compacting perm gen  total 12288K, used 5768K [0x13ce0000, 0x148e0000, 0x17ce0000)
   the space 12288K,  46% used [0x13ce0000, 0x14282120, 0x14282200, 0x148e0000)
No shared spaces configured.
Event: 5.729 GC heap after
Heap after GC invocations=6 (full 0):
 def new generation   total 4928K, used 512K [0x03ce0000, 0x04230000, 0x09230000)
  eden space 4416K,   0% used [0x03ce0000, 0x03ce0000, 0x04130000)
  from space 512K, 100% used [0x04130000, 0x041b0000, 0x041b0000)
  to   space 512K,   0% used [0x041b0000, 0x041b0000, 0x04230000)
 tenured generation   total 10944K, used 3529K [0x09230000, 0x09ce0000, 0x13ce0000)
   the space 10944K,  32% used [0x09230000, 0x095a2440, 0x095a2600, 0x09ce0000)
 compacting perm gen  total 12288K, used 5768K [0x13ce0000, 0x148e0000, 0x17ce0000)
   the space 12288K,  46% used [0x13ce0000, 0x14282120, 0x14282200, 0x148e0000)
No shared spaces configured.
}
Event: 6.019 GC heap before
{Heap before GC invocations=6 (full 0):
 def new generation   total 4928K, used 4928K [0x03ce0000, 0x04230000, 0x09230000)
  eden space 4416K, 100% used [0x03ce0000, 0x04130000, 0x04130000)
  from space 512K, 100% used [0x04130000, 0x041b0000, 0x041b0000)
  to   space 512K,   0% used [0x041b0000, 0x041b0000, 0x04230000)
 tenured generation   total 10944K, used 3529K [0x09230000, 0x09ce0000, 0x13ce0000)
   the space 10944K,  32% used [0x09230000, 0x095a2440, 0x095a2600, 0x09ce0000)
 compacting perm gen  total 12288K, used 5951K [0x13ce0000, 0x148e0000, 0x17ce0000)
   the space 12288K,  48% used [0x13ce0000, 0x142afde8, 0x142afe00, 0x148e0000)
No shared spaces configured.
Event: 6.033 GC heap after
Heap after GC invocations=7 (full 0):
 def new generation   total 4928K, used 512K [0x03ce0000, 0x04230000, 0x09230000)
  eden space 4416K,   0% used [0x03ce0000, 0x03ce0000, 0x04130000)
  from space 512K, 100% used [0x041b0000, 0x04230000, 0x04230000)
  to   space 512K,   0% used [0x04130000, 0x04130000, 0x041b0000)
 tenured generation   total 10944K, used 5800K [0x09230000, 0x09ce0000, 0x13ce0000)
   the space 10944K,  53% used [0x09230000, 0x097da1d8, 0x097da200, 0x09ce0000)
 compacting perm gen  total 12288K, used 5951K [0x13ce0000, 0x148e0000, 0x17ce0000)
   the space 12288K,  48% used [0x13ce0000, 0x142afde8, 0x142afe00, 0x148e0000)
No shared spaces configured.
}
Event: 11.662 GC heap before
{Heap before GC invocations=7 (full 0):
 def new generation   total 4928K, used 4928K [0x03ce0000, 0x04230000, 0x09230000)
  eden space 4416K, 100% used [0x03ce0000, 0x04130000, 0x04130000)
  from space 512K, 100% used [0x041b0000, 0x04230000, 0x04230000)
  to   space 512K,   0% used [0x04130000, 0x04130000, 0x041b0000)
 tenured generation   total 10944K, used 5800K [0x09230000, 0x09ce0000, 0x13ce0000)
   the space 10944K,  53% used [0x09230000, 0x097da1d8, 0x097da200, 0x09ce0000)
 compacting perm gen  total 12288K, used 6102K [0x13ce0000, 0x148e0000, 0x17ce0000)
   the space 12288K,  49% used [0x13ce0000, 0x142d5ad0, 0x142d5c00, 0x148e0000)
No shared spaces configured.
Event: 11.668 GC heap after
Heap after GC invocations=8 (full 0):
 def new generation   total 4928K, used 512K [0x03ce0000, 0x04230000, 0x09230000)
  eden space 4416K,   0% used [0x03ce0000, 0x03ce0000, 0x04130000)
  from space 512K, 100% used [0x04130000, 0x041b0000, 0x041b0000)
  to   space 512K,   0% used [0x041b0000, 0x041b0000, 0x04230000)
 tenured generation   total 10944K, used 6431K [0x09230000, 0x09ce0000, 0x13ce0000)
   the space 10944K,  58% used [0x09230000, 0x09877ff8, 0x09878000, 0x09ce0000)
 compacting perm gen  total 12288K, used 6102K [0x13ce0000, 0x148e0000, 0x17ce0000)
   the space 12288K,  49% used [0x13ce0000, 0x142d5ad0, 0x142d5c00, 0x148e0000)
No shared spaces configured.
}

Deoptimization events (0 events):
No events

Internal exceptions (10 events):
Event: 6.174 Thread 0x189a9400 Threw 0x03eb7c70 at C:\re\jdk7u55\985\hotspot\src\share\vm\prims\jvm.cpp:1244
Event: 6.176 Thread 0x189a9400 Threw 0x03ebadc0 at C:\re\jdk7u55\985\hotspot\src\share\vm\prims\jvm.cpp:1244
Event: 6.178 Thread 0x189a9400 Threw 0x03ecb7f0 at C:\re\jdk7u55\985\hotspot\src\share\vm\prims\jvm.cpp:1244
Event: 6.181 Thread 0x189a9400 Threw 0x03ecffc0 at C:\re\jdk7u55\985\hotspot\src\share\vm\prims\jvm.cpp:1244
Event: 6.185 Thread 0x189a9400 Threw 0x03ed2e50 at C:\re\jdk7u55\985\hotspot\src\share\vm\prims\jvm.cpp:1244
Event: 6.196 Thread 0x189a9400 Threw 0x03ed9018 at C:\re\jdk7u55\985\hotspot\src\share\vm\prims\jvm.cpp:1244
Event: 6.200 Thread 0x189a9400 Threw 0x03ee1dc8 at C:\re\jdk7u55\985\hotspot\src\share\vm\prims\jvm.cpp:1244
Event: 6.201 Thread 0x189a9400 Threw 0x03ee6778 at C:\re\jdk7u55\985\hotspot\src\share\vm\prims\jvm.cpp:1244
Event: 6.202 Thread 0x189a9400 Threw 0x03eeaef0 at C:\re\jdk7u55\985\hotspot\src\share\vm\prims\jvm.cpp:1244
Event: 6.204 Thread 0x189a9400 Threw 0x03eefd80 at C:\re\jdk7u55\985\hotspot\src\share\vm\prims\jvm.cpp:1244

Events (10 events):
Event: 11.670 Executing VM operation: RevokeBias
Event: 11.670 Executing VM operation: RevokeBias done
Event: 11.670 Executing VM operation: RevokeBias
Event: 11.670 Executing VM operation: RevokeBias done
Event: 11.670 Executing VM operation: RevokeBias
Event: 11.670 Executing VM operation: RevokeBias done
Event: 11.670 Executing VM operation: RevokeBias
Event: 11.670 Executing VM operation: RevokeBias done
Event: 11.670 Executing VM operation: RevokeBias
Event: 11.670 Executing VM operation: RevokeBias done


Dynamic libraries:
0x010b0000 - 0x010df000 	C:\Program Files\Java\jre7\bin\javaw.exe
0x770e0000 - 0x7721c000 	C:\Windows\SYSTEM32\ntdll.dll
0x73350000 - 0x7338f000 	C:\Program Files\AVAST Software\Avast\snxhk.dll
0x76a60000 - 0x76b34000 	C:\Windows\system32\KERNEL32.dll
0x751c0000 - 0x7520b000 	C:\Windows\system32\KERNELBASE.dll
0x77040000 - 0x770e0000 	C:\Windows\system32\ADVAPI32.dll
0x76510000 - 0x765bc000 	C:\Windows\system32\msvcrt.dll
0x76b40000 - 0x76b59000 	C:\Windows\SYSTEM32\sechost.dll
0x76d00000 - 0x76da2000 	C:\Windows\system32\RPCRT4.dll
0x75500000 - 0x755c9000 	C:\Windows\system32\USER32.dll
0x76310000 - 0x7635e000 	C:\Windows\system32\GDI32.dll
0x76830000 - 0x7683a000 	C:\Windows\system32\LPK.dll
0x75460000 - 0x754fd000 	C:\Windows\system32\USP10.dll
0x73d40000 - 0x73ede000 	C:\Windows\WinSxS\x86_microsoft.windows.common-controls_6595b64144ccf1df_6.0.7601.17514_none_41e6975e2bd6f2b2\COMCTL32.dll
0x765d0000 - 0x76627000 	C:\Windows\system32\SHLWAPI.dll
0x76810000 - 0x7682f000 	C:\Windows\system32\IMM32.DLL
0x76db0000 - 0x76e7c000 	C:\Windows\system32\MSCTF.dll
0x57310000 - 0x573cf000 	C:\Program Files\Java\jre7\bin\msvcr100.dll
0x515a0000 - 0x51920000 	C:\Program Files\Java\jre7\bin\client\jvm.dll
0x714e0000 - 0x714e7000 	C:\Windows\system32\WSOCK32.dll
0x76360000 - 0x76395000 	C:\Windows\system32\WS2_32.dll
0x77220000 - 0x77226000 	C:\Windows\system32\NSI.dll
0x6f560000 - 0x6f592000 	C:\Windows\system32\WINMM.dll
0x765c0000 - 0x765c5000 	C:\Windows\system32\PSAPI.DLL
0x6fc20000 - 0x6fc2c000 	C:\Program Files\Java\jre7\bin\verify.dll
0x6ca50000 - 0x6ca70000 	C:\Program Files\Java\jre7\bin\java.dll
0x67d90000 - 0x67dba000 	C:\Program Files\Java\jre7\bin\jdwp.dll
0x73d30000 - 0x73d37000 	C:\Program Files\Java\jre7\bin\npt.dll
0x6d030000 - 0x6d043000 	C:\Program Files\Java\jre7\bin\zip.dll
0x69350000 - 0x69358000 	C:\Program Files\Java\jre7\bin\dt_socket.dll
0x73780000 - 0x73790000 	C:\Windows\system32\NLAapi.dll
0x6f440000 - 0x6f450000 	C:\Windows\system32\napinsp.dll
0x6f360000 - 0x6f372000 	C:\Windows\system32\pnrpnsp.dll
0x74b60000 - 0x74b9c000 	C:\Windows\System32\mswsock.dll
0x749f0000 - 0x74a34000 	C:\Windows\system32\DNSAPI.dll
0x6f350000 - 0x6f358000 	C:\Windows\System32\winrnr.dll
0x73280000 - 0x7329c000 	C:\Windows\system32\IPHLPAPI.DLL
0x73270000 - 0x73277000 	C:\Windows\system32\WINNSI.DLL
0x73170000 - 0x731a8000 	C:\Windows\System32\fwpuclnt.dll
0x6d700000 - 0x6d706000 	C:\Windows\system32\rasadhlp.dll
0x74680000 - 0x74685000 	C:\Windows\System32\wshtcpip.dll
0x6c2e0000 - 0x6c423000 	C:\Program Files\Java\jre7\bin\awt.dll
0x755d0000 - 0x7565f000 	C:\Windows\system32\OLEAUT32.dll
0x763a0000 - 0x764fc000 	C:\Windows\system32\ole32.dll
0x739a0000 - 0x739b3000 	C:\Windows\system32\DWMAPI.DLL
0x73cc0000 - 0x73d00000 	C:\Windows\system32\uxtheme.dll
0x75080000 - 0x7508c000 	C:\Windows\system32\CRYPTBASE.dll
0x6cec0000 - 0x6cf45000 	C:\Users\Carlos\AppData\Local\Temp\libgdxCarlos\56953fb7\gdx.dll
0x18300000 - 0x1834c000 	C:\Users\Carlos\AppData\Local\Temp\libgdxCarlos\52d76f2b\lwjgl.dll
0x5e7f0000 - 0x5e8b8000 	C:\Windows\system32\OPENGL32.dll
0x69920000 - 0x69942000 	C:\Windows\system32\GLU32.dll
0x527d0000 - 0x528b7000 	C:\Windows\system32\DDRAW.dll
0x704d0000 - 0x704d6000 	C:\Windows\system32\DCIMAN32.dll
0x76b60000 - 0x76cfd000 	C:\Windows\system32\SETUPAPI.dll
0x752b0000 - 0x752d7000 	C:\Windows\system32\CFGMGR32.dll
0x75180000 - 0x75192000 	C:\Windows\system32\DEVOBJ.dll
0x745f0000 - 0x745f9000 	C:\Windows\system32\VERSION.dll
0x187f0000 - 0x18855000 	C:\Users\Carlos\AppData\Local\Temp\libgdxCarlos\52d76f2b\OpenAL32.dll
0x75660000 - 0x762aa000 	C:\Windows\system32\SHELL32.dll
0x77280000 - 0x77303000 	C:\Windows\system32\CLBCatQ.DLL
0x73fe0000 - 0x74019000 	C:\Windows\System32\MMDevApi.dll
0x73ee0000 - 0x73fd5000 	C:\Windows\System32\PROPSYS.dll
0x66b90000 - 0x66c02000 	C:\Windows\system32\dsound.dll
0x74150000 - 0x74175000 	C:\Windows\system32\POWRPROF.dll
0x732b0000 - 0x732e6000 	C:\Windows\system32\AUDIOSES.DLL
0x199b0000 - 0x1a454000 	C:\Windows\system32\ig4icd32.dll
0x66aa0000 - 0x66b19000 	C:\Windows\system32\mscms.dll
0x74750000 - 0x74767000 	C:\Windows\system32\USERENV.dll
0x75100000 - 0x7510b000 	C:\Windows\system32\profapi.dll
0x67d10000 - 0x67d48000 	C:\Windows\system32\icm32.dll
0x6dd40000 - 0x6de11000 	C:\Users\Carlos\AppData\Local\Temp\libgdxCarlos\1757f8d2\gdx-controllers-desktop.dll
0x67400000 - 0x67430000 	C:\Windows\system32\dinput8.dll
0x739c0000 - 0x739c9000 	C:\Windows\system32\HID.DLL
0x752e0000 - 0x7530e000 	C:\Windows\system32\WINTRUST.dll
0x75330000 - 0x75450000 	C:\Windows\system32\CRYPT32.dll
0x75170000 - 0x7517c000 	C:\Windows\system32\MSASN1.dll
0x6ed20000 - 0x6ee0b000 	C:\Windows\system32\dbghelp.dll

VM Arguments:
jvm_args: -agentlib:jdwp=transport=dt_socket,suspend=y,address=localhost:51020 -Dfile.encoding=Cp1252 
java_command: com.valyrian.firstgame.Main
Launcher Type: SUN_STANDARD

Environment Variables:
PATH=C:/Program Files/Java/jre7/bin/client;C:/Program Files/Java/jre7/bin;C:/Program Files/Java/jre7/lib/i386;C:\Windows\system32;C:\Windows;C:\Windows\System32\Wbem;C:\Windows\System32\WindowsPowerShell\v1.0\;C:\Program Files\Common Files\Autodesk Shared\;C:\Program Files\Mercurial;C:\Program Files\nodejs\;C:\Users\Carlos\AppData\Roaming\npm;C:\Users\Carlos\Desktop\DAVID\eclipse;
USERNAME=Carlos
OS=Windows_NT
PROCESSOR_IDENTIFIER=x86 Family 6 Model 15 Stepping 13, GenuineIntel



---------------  S Y S T E M  ---------------

OS: Windows 7 Build 7601 Service Pack 1

CPU:total 2 (2 cores per cpu, 1 threads per core) family 6 model 15 stepping 13, cmov, cx8, fxsr, mmx, sse, sse2, sse3, ssse3, tsc

Memory: 4k page, physical 1961984k(321032k free), swap 3923968k(727020k free)

vm_info: Java HotSpot(TM) Client VM (24.55-b03) for windows-x86 JRE (1.7.0_55-b14), built on Apr 14 2014 18:25:32 by "java_re" with unknown MS VC++:1600

time: Sun Jun 01 11:04:38 2014
elapsed time: 17 seconds

