#
# A fatal error has been detected by the Java Runtime Environment:
#
#  SIGSEGV (0xb) at pc=0x8a8b8653, pid=3965, tid=2234506048
#
# JRE version: 6.0_27-b27
# Java VM: OpenJDK Server VM (20.0-b12 mixed mode linux-x86 )
# Derivative: IcedTea6 1.12.6
# Distribution: Ubuntu 12.04 LTS, package 6b27-1.12.6-1ubuntu0.12.04.2
# Problematic frame:
# C  [libgdx.so+0x36653]  b2Fixture::Create(b2BlockAllocator*, b2Body*, b2FixtureDef const*)+0x63
#
# If you would like to submit a bug report, please include
# instructions how to reproduce the bug and visit:
#   https://bugs.launchpad.net/ubuntu/+source/openjdk-6/
# The crash happened outside the Java Virtual Machine in native code.
# See problematic frame for where to report the bug.
#

---------------  T H R E A D  ---------------

Current thread (0x8a7ff400):  JavaThread "LWJGL Application" [_thread_in_native, id=3987, stack(0x852ad000,0x852fe000)]

siginfo:si_signo=SIGSEGV: si_errno=0, si_code=1 (SEGV_MAPERR), si_addr=0x0000000c

Registers:
EAX=0x08632c20, EBX=0x8a8f4ff4, ECX=0x00000004, EDX=0x086859f8
ESP=0x852fcd00, EBP=0x852fcd84, ESI=0x08633b30, EDI=0x086ab188
EIP=0x8a8b8653, EFLAGS=0x00010292, CR2=0x0000000c

Top of Stack: (sp=0x852fcd00)
0x852fcd00:   08632c20 086859f8 852fcd40 b3602ee1
0x852fcd10:   00000004 8a7ff400 b3602ee1 086859f8
0x852fcd20:   852fcd20 8bcc2871 852fcd48 8a8f4ff4
0x852fcd30:   08633b30 086859f8 086ab188 8a8b70b8
0x852fcd40:   086ab188 086859f8 08633b30 852fcd84
0x852fcd50:   a8e8d458 852fcd54 8bcc2871 8a8f4ff4
0x852fcd60:   8bd11660 8a7ff400 852fce08 8a8c1150
0x852fcd70:   08633b30 852fcd84 b3602ee1 a8e8d458 

Instructions: (pc=0x8a8b8653)
0x8a8b8633:   20 0f b7 45 1a 66 89 47 24 0f b6 45 14 88 47 26
0x8a8b8643:   8b 45 00 8b 08 89 54 24 04 89 54 24 1c 89 04 24
0x8a8b8653:   ff 51 08 8b 08 89 47 0c 89 04 24 ff 51 0c 8b 54
0x8a8b8663:   24 1c 89 14 24 89 c6 6b c0 1c 89 44 24 04 e8 0a 

Register to memory mapping:

EAX=0x08632c20 is an unknown value
EBX=0x8a8f4ff4: <offset 0x72ff4> in /tmp/libgdxroger/98aad7b2/libgdx.so at 0x8a882000
ECX=0x00000004 is an unknown value
EDX=0x086859f8 is an unknown value
ESP=0x852fcd00 is pointing into the stack for thread: 0x8a7ff400
EBP=0x852fcd84 is pointing into the stack for thread: 0x8a7ff400
ESI=0x08633b30 is an unknown value
EDI=0x086ab188 is an unknown value


Stack: [0x852ad000,0x852fe000],  sp=0x852fcd00,  free space=319k
Native frames: (J=compiled Java code, j=interpreted, Vv=VM code, C=native code)
C  [libgdx.so+0x36653]  b2Fixture::Create(b2BlockAllocator*, b2Body*, b2FixtureDef const*)+0x63

Java frames: (J=compiled Java code, j=interpreted, Vv=VM code)
j  com.badlogic.gdx.physics.box2d.Body.jniCreateFixture(JJFFFZSSS)J+0
j  com.badlogic.gdx.physics.box2d.Body.createFixture(Lcom/badlogic/gdx/physics/box2d/FixtureDef;)Lcom/badlogic/gdx/physics/box2d/Fixture;+49
j  com.valyrian.firstgame.pantallas.pruebas.PantallaPruebaPersonaje.show()V+311
j  com.badlogic.gdx.Game.setScreen(Lcom/badlogic/gdx/Screen;)V+32
j  com.valyrian.firstgame.PrimerJuego.create()V+19
j  com.badlogic.gdx.backends.lwjgl.LwjglApplication.mainLoop()V+29
j  com.badlogic.gdx.backends.lwjgl.LwjglApplication$1.run()V+27
v  ~StubRoutines::call_stub

---------------  P R O C E S S  ---------------

Java Threads: ( => current thread )
  0xb6605800 JavaThread "DestroyJavaVM" [_thread_blocked, id=3968, stack(0xb67cf000,0xb6820000)]
=>0x8a7ff400 JavaThread "LWJGL Application" [_thread_in_native, id=3987, stack(0x852ad000,0x852fe000)]
  0x8a7d8800 JavaThread "AWT-XAWT" daemon [_thread_in_native, id=3983, stack(0x8a217000,0x8a268000)]
  0x8a776c00 JavaThread "Java2D Disposer" daemon [_thread_blocked, id=3982, stack(0x8a3a6000,0x8a3f7000)]
  0xb66a5400 JavaThread "Low Memory Detector" daemon [_thread_blocked, id=3979, stack(0x8a977000,0x8a9c8000)]
  0xb66a3800 JavaThread "C2 CompilerThread1" daemon [_thread_blocked, id=3978, stack(0x8a9c8000,0x8aa49000)]
  0xb66a1800 JavaThread "C2 CompilerThread0" daemon [_thread_blocked, id=3977, stack(0x8aa49000,0x8aaca000)]
  0xb66a0000 JavaThread "Signal Dispatcher" daemon [_thread_blocked, id=3976, stack(0x8aaca000,0x8ab1b000)]
  0xb668fc00 JavaThread "Finalizer" daemon [_thread_blocked, id=3975, stack(0x8ad1b000,0x8ad6c000)]
  0xb668e400 JavaThread "Reference Handler" daemon [_thread_blocked, id=3974, stack(0x8b02e000,0x8b07f000)]

Other Threads:
  0xb668b400 VMThread [stack: 0x8b07f000,0x8b100000] [id=3973]
  0xb66a7000 WatcherThread [stack: 0x8a8f6000,0x8a977000] [id=3980]

VM state:not at safepoint (normal execution)

VM Mutex/Monitor currently owned by a thread: None

Heap
 PSYoungGen      total 9280K, used 4794K [0xa8aa0000, 0xa94f0000, 0xb3540000)
  eden space 8000K, 51% used [0xa8aa0000,0xa8ea63e8,0xa9270000)
  from space 1280K, 52% used [0xa9270000,0xa93185b0,0xa93b0000)
  to   space 1280K, 0% used [0xa93b0000,0xa93b0000,0xa94f0000)
 PSOldGen        total 21120K, used 0K [0x93540000, 0x949e0000, 0xa8aa0000)
  object space 21120K, 0% used [0x93540000,0x93540000,0x949e0000)
 PSPermGen       total 16384K, used 8068K [0x8b540000, 0x8c540000, 0x93540000)
  object space 16384K, 49% used [0x8b540000,0x8bd210a0,0x8c540000)

Code Cache  [0xb3600000, 0xb3840000, 0xb6600000)
 total_blobs=340 nmethods=36 adapters=259 free_code_cache=49888640 largest_free_block=4352

Dynamic libraries:
08048000-08051000 r-xp 00000000 08:06 17488      /usr/lib/jvm/java-6-openjdk-i386/jre/bin/java
08051000-08052000 r--p 00008000 08:06 17488      /usr/lib/jvm/java-6-openjdk-i386/jre/bin/java
08052000-08053000 rw-p 00009000 08:06 17488      /usr/lib/jvm/java-6-openjdk-i386/jre/bin/java
080ce000-087e0000 rw-p 00000000 00:00 0          [heap]
83ef0000-83f28000 rw-s 2557a000 00:05 6970       /dev/dri/card0
83f28000-840a8000 rw-s 253fa000 00:05 6970       /dev/dri/card0
840a8000-84228000 rw-s 2527a000 00:05 6970       /dev/dri/card0
84228000-842a8000 rw-s 25860000 00:05 6970       /dev/dri/card0
842a8000-84d66000 rw-p 00000000 00:00 0 
84de4000-84ded000 r-xp 00000000 08:06 2233202    /usr/lib/i386-linux-gnu/libpciaccess.so.0.11.0
84ded000-84dee000 r--p 00008000 08:06 2233202    /usr/lib/i386-linux-gnu/libpciaccess.so.0.11.0
84dee000-84def000 rw-p 00009000 08:06 2233202    /usr/lib/i386-linux-gnu/libpciaccess.so.0.11.0
84def000-84e0c000 r-xp 00000000 08:06 2232927    /usr/lib/i386-linux-gnu/libdrm_intel.so.1.0.0
84e0c000-84e0d000 r--p 0001c000 08:06 2232927    /usr/lib/i386-linux-gnu/libdrm_intel.so.1.0.0
84e0d000-84e0e000 rw-p 0001d000 08:06 2232927    /usr/lib/i386-linux-gnu/libdrm_intel.so.1.0.0
84e0e000-84e34000 r-xp 00000000 08:06 266235     /lib/i386-linux-gnu/libexpat.so.1.5.2
84e34000-84e35000 ---p 00026000 08:06 266235     /lib/i386-linux-gnu/libexpat.so.1.5.2
84e35000-84e37000 r--p 00026000 08:06 266235     /lib/i386-linux-gnu/libexpat.so.1.5.2
84e37000-84e38000 rw-p 00028000 08:06 266235     /lib/i386-linux-gnu/libexpat.so.1.5.2
84e38000-84f4d000 r-xp 00000000 08:06 2234041    /usr/lib/i386-linux-gnu/dri/libglsl.so
84f4d000-84f52000 r--p 00114000 08:06 2234041    /usr/lib/i386-linux-gnu/dri/libglsl.so
84f52000-84f54000 rw-p 00119000 08:06 2234041    /usr/lib/i386-linux-gnu/dri/libglsl.so
84f54000-84f55000 rw-p 00000000 00:00 0 
84f55000-851b0000 r-xp 00000000 08:06 2233022    /usr/lib/i386-linux-gnu/dri/libdricore.so
851b0000-851b1000 ---p 0025b000 08:06 2233022    /usr/lib/i386-linux-gnu/dri/libdricore.so
851b1000-851b7000 r--p 0025b000 08:06 2233022    /usr/lib/i386-linux-gnu/dri/libdricore.so
851b7000-851b9000 rw-p 00261000 08:06 2233022    /usr/lib/i386-linux-gnu/dri/libdricore.so
851b9000-851ce000 rw-p 00000000 00:00 0 
851ce000-852a8000 r-xp 00000000 08:06 2233005    /usr/lib/i386-linux-gnu/dri/i965_dri.so
852a8000-852aa000 r--p 000d9000 08:06 2233005    /usr/lib/i386-linux-gnu/dri/i965_dri.so
852aa000-852ac000 rw-p 000db000 08:06 2233005    /usr/lib/i386-linux-gnu/dri/i965_dri.so
852ac000-852ad000 rw-p 00000000 00:00 0 
852ad000-852b0000 ---p 00000000 00:00 0 
852b0000-852fe000 rw-p 00000000 00:00 0 
852fe000-852ff000 ---p 00000000 00:00 0 
852ff000-853ff000 rw-p 00000000 00:00 0 
853ff000-89400000 rw-s 00000000 00:12 48196      /run/shm/pulse-shm-1787600373
89400000-89468000 rw-p 00000000 00:00 0 
89468000-89500000 ---p 00000000 00:00 0 
89504000-8951a000 r-xp 00000000 08:06 2233355    /usr/lib/i386-linux-gnu/libxcb-glx.so.0.0.0
8951a000-8951b000 r--p 00016000 08:06 2233355    /usr/lib/i386-linux-gnu/libxcb-glx.so.0.0.0
8951b000-8951c000 rw-p 00017000 08:06 2233355    /usr/lib/i386-linux-gnu/libxcb-glx.so.0.0.0
8951c000-8952b000 r-xp 00000000 08:06 2233417    /usr/lib/i386-linux-gnu/libglapi.so.0.0.0
8952b000-8952d000 r--p 0000f000 08:06 2233417    /usr/lib/i386-linux-gnu/libglapi.so.0.0.0
8952d000-89532000 rwxp 00011000 08:06 2233417    /usr/lib/i386-linux-gnu/libglapi.so.0.0.0
89532000-89584000 r-xp 00000000 08:06 2232945    /usr/lib/i386-linux-gnu/mesa/libGL.so.1.2
89584000-89586000 r--p 00051000 08:06 2232945    /usr/lib/i386-linux-gnu/mesa/libGL.so.1.2
89586000-8958b000 rwxp 00053000 08:06 2232945    /usr/lib/i386-linux-gnu/mesa/libGL.so.1.2
895a1000-895a4000 ---p 00000000 00:00 0 
895a4000-895f2000 rw-p 00000000 00:00 0 
895f2000-895f3000 ---p 00000000 00:00 0 
895f3000-89df3000 rw-p 00000000 00:00 0 
89df3000-89e06000 r-xp 00000000 08:06 263155     /lib/i386-linux-gnu/libresolv-2.15.so
89e06000-89e07000 ---p 00013000 08:06 263155     /lib/i386-linux-gnu/libresolv-2.15.so
89e07000-89e08000 r--p 00013000 08:06 263155     /lib/i386-linux-gnu/libresolv-2.15.so
89e08000-89e09000 rw-p 00014000 08:06 263155     /lib/i386-linux-gnu/libresolv-2.15.so
89e09000-89e0b000 rw-p 00000000 00:00 0 
89e0b000-89e34000 r-xp 00000000 08:06 2233334    /usr/lib/i386-linux-gnu/libvorbis.so.0.4.5
89e34000-89e35000 r--p 00028000 08:06 2233334    /usr/lib/i386-linux-gnu/libvorbis.so.0.4.5
89e35000-89e36000 rw-p 00029000 08:06 2233334    /usr/lib/i386-linux-gnu/libvorbis.so.0.4.5
89e36000-89f9c000 r-xp 00000000 08:06 2233336    /usr/lib/i386-linux-gnu/libvorbisenc.so.2.0.8
89f9c000-89fad000 r--p 00165000 08:06 2233336    /usr/lib/i386-linux-gnu/libvorbisenc.so.2.0.8
89fad000-89fae000 rw-p 00176000 08:06 2233336    /usr/lib/i386-linux-gnu/libvorbisenc.so.2.0.8
89fae000-89ffa000 r-xp 00000000 08:06 2232709    /usr/lib/i386-linux-gnu/libFLAC.so.8.2.0
89ffa000-89ffb000 r--p 0004b000 08:06 2232709    /usr/lib/i386-linux-gnu/libFLAC.so.8.2.0
89ffb000-89ffc000 rw-p 0004c000 08:06 2232709    /usr/lib/i386-linux-gnu/libFLAC.so.8.2.0
89ffc000-8a068000 r-xp 00000000 08:06 2233271    /usr/lib/i386-linux-gnu/libsndfile.so.1.0.25
8a068000-8a069000 r--p 0006c000 08:06 2233271    /usr/lib/i386-linux-gnu/libsndfile.so.1.0.25
8a069000-8a06a000 rw-p 0006d000 08:06 2233271    /usr/lib/i386-linux-gnu/libsndfile.so.1.0.25
8a06a000-8a06e000 rw-p 00000000 00:00 0 
8a06e000-8a0b5000 r-xp 00000000 08:06 263083     /lib/i386-linux-gnu/libdbus-1.so.3.5.8
8a0b5000-8a0b6000 r--p 00046000 08:06 263083     /lib/i386-linux-gnu/libdbus-1.so.3.5.8
8a0b6000-8a0b7000 rw-p 00047000 08:06 263083     /lib/i386-linux-gnu/libdbus-1.so.3.5.8
8a0b7000-8a11a000 r-xp 00000000 08:06 2233883    /usr/lib/i386-linux-gnu/libpulsecommon-1.1.so
8a11a000-8a11b000 r--p 00062000 08:06 2233883    /usr/lib/i386-linux-gnu/libpulsecommon-1.1.so
8a11b000-8a11c000 rw-p 00063000 08:06 2233883    /usr/lib/i386-linux-gnu/libpulsecommon-1.1.so
8a11c000-8a168000 r-xp 00000000 08:06 2233215    /usr/lib/i386-linux-gnu/libpulse.so.0.13.5
8a168000-8a169000 r--p 0004b000 08:06 2233215    /usr/lib/i386-linux-gnu/libpulse.so.0.13.5
8a169000-8a16a000 rw-p 0004c000 08:06 2233215    /usr/lib/i386-linux-gnu/libpulse.so.0.13.5
8a16a000-8a1b8000 r-xp 00000000 08:06 2097232    /tmp/libgdxroger/13fdc6a4/libopenal.so
8a1b8000-8a1ba000 r--p 0004d000 08:06 2097232    /tmp/libgdxroger/13fdc6a4/libopenal.so
8a1ba000-8a1bb000 rw-p 0004f000 08:06 2097232    /tmp/libgdxroger/13fdc6a4/libopenal.so
8a1bb000-8a215000 r-xp 00000000 08:06 2097231    /tmp/libgdxroger/13fdc6a4/liblwjgl.so
8a215000-8a216000 r--p 0005a000 08:06 2097231    /tmp/libgdxroger/13fdc6a4/liblwjgl.so
8a216000-8a217000 rw-p 0005b000 08:06 2097231    /tmp/libgdxroger/13fdc6a4/liblwjgl.so
8a217000-8a21a000 ---p 00000000 00:00 0 
8a21a000-8a268000 rw-p 00000000 00:00 0 
8a268000-8a269000 r--s 00000000 08:06 2368540    /var/cache/fontconfig/c05880de57d1f5e948fdfacc138775d9-le32d4.cache-3
8a269000-8a26f000 r--s 00000000 08:06 2368535    /var/cache/fontconfig/945677eb7aeaf62f1d50efc3fb3ec7d8-le32d4.cache-3
8a26f000-8a271000 r--s 00000000 08:06 2368536    /var/cache/fontconfig/99e8ed0e538f840c565b6ed5dad60d56-le32d4.cache-3
8a271000-8a277000 r--s 00000000 08:06 2380075    /var/cache/fontconfig/a6d8cf8e4ec09cdbc8633c31745a07dd-le32d4.cache-3
8a277000-8a27a000 r--s 00000000 08:06 2368522    /var/cache/fontconfig/2cd17615ca594fa2959ae173292e504c-le32d4.cache-3
8a27a000-8a27b000 r--s 00000000 08:06 2368547    /var/cache/fontconfig/e7071f4a29fa870f4323321c154eba04-le32d4.cache-3
8a27b000-8a27c000 r--s 00000000 08:06 2368520    /var/cache/fontconfig/0d8c3b2ac0904cb8a57a757ad11a4a08-le32d4.cache-3
8a27c000-8a280000 r--s 00000000 08:06 2368537    /var/cache/fontconfig/a755afe4a08bf5b97852ceb7400b47bc-le32d4.cache-3
8a280000-8a287000 r--s 00000000 08:06 2378356    /var/cache/fontconfig/6d41288fd70b0be22e8c3a91e032eec0-le32d4.cache-3
8a287000-8a292000 r--s 00000000 08:06 2368519    /var/cache/fontconfig/04aabc0a78ac019cf9454389977116d2-le32d4.cache-3
8a292000-8a295000 r--s 00000000 08:06 2368525    /var/cache/fontconfig/385c0604a188198f04d133e54aba7fe7-le32d4.cache-3
8a295000-8a296000 r--s 00000000 08:06 2359515    /var/cache/fontconfig/4794a0821666d79190d59a36cb4f44b5-le32d4.cache-3
8a296000-8a299000 r--s 00000000 08:06 2368534    /var/cache/fontconfig/8801497958630a81b71ace7c5f9b32a8-le32d4.cache-3
8a299000-8a2bb000 r--s 00000000 08:06 2371323    /var/cache/fontconfig/365b55f210c0a22e9a19e35191240f32-le32d4.cache-3
8a2c0000-8a2c6000 r-xp 00000000 08:06 2233176    /usr/lib/i386-linux-gnu/libogg.so.0.7.1
8a2c6000-8a2c7000 r--p 00005000 08:06 2233176    /usr/lib/i386-linux-gnu/libogg.so.0.7.1
8a2c7000-8a2c8000 rw-p 00006000 08:06 2233176    /usr/lib/i386-linux-gnu/libogg.so.0.7.1
8a2c8000-8a2cd000 r-xp 00000000 08:06 2232823    /usr/lib/i386-linux-gnu/libasyncns.so.0.3.1
8a2cd000-8a2ce000 r--p 00004000 08:06 2232823    /usr/lib/i386-linux-gnu/libasyncns.so.0.3.1
8a2ce000-8a2cf000 rw-p 00005000 08:06 2232823    /usr/lib/i386-linux-gnu/libasyncns.so.0.3.1
8a2d1000-8a2dc000 r-xp 00000000 08:06 2232925    /usr/lib/i386-linux-gnu/libdrm.so.2.4.0
8a2dc000-8a2dd000 r--p 0000a000 08:06 2232925    /usr/lib/i386-linux-gnu/libdrm.so.2.4.0
8a2dd000-8a2de000 rw-p 0000b000 08:06 2232925    /usr/lib/i386-linux-gnu/libdrm.so.2.4.0
8a2de000-8a2e5000 r--s 00000000 08:06 2233679    /usr/lib/i386-linux-gnu/gconv/gconv-modules.cache
8a2e5000-8a2e6000 r--s 00000000 08:06 2368540    /var/cache/fontconfig/c05880de57d1f5e948fdfacc138775d9-le32d4.cache-3
8a2e6000-8a2ec000 r--s 00000000 08:06 2368535    /var/cache/fontconfig/945677eb7aeaf62f1d50efc3fb3ec7d8-le32d4.cache-3
8a2ec000-8a2ee000 r--s 00000000 08:06 2368536    /var/cache/fontconfig/99e8ed0e538f840c565b6ed5dad60d56-le32d4.cache-3
8a2ee000-8a2f4000 r--s 00000000 08:06 2380075    /var/cache/fontconfig/a6d8cf8e4ec09cdbc8633c31745a07dd-le32d4.cache-3
8a2f4000-8a2f7000 r--s 00000000 08:06 2368522    /var/cache/fontconfig/2cd17615ca594fa2959ae173292e504c-le32d4.cache-3
8a2f7000-8a2f8000 r--s 00000000 08:06 2368547    /var/cache/fontconfig/e7071f4a29fa870f4323321c154eba04-le32d4.cache-3
8a2f8000-8a2f9000 r--s 00000000 08:06 2368520    /var/cache/fontconfig/0d8c3b2ac0904cb8a57a757ad11a4a08-le32d4.cache-3
8a2f9000-8a2fd000 r--s 00000000 08:06 2368537    /var/cache/fontconfig/a755afe4a08bf5b97852ceb7400b47bc-le32d4.cache-3
8a2fd000-8a304000 r--s 00000000 08:06 2378356    /var/cache/fontconfig/6d41288fd70b0be22e8c3a91e032eec0-le32d4.cache-3
8a304000-8a30f000 r--s 00000000 08:06 2368519    /var/cache/fontconfig/04aabc0a78ac019cf9454389977116d2-le32d4.cache-3
8a30f000-8a312000 r--s 00000000 08:06 2368525    /var/cache/fontconfig/385c0604a188198f04d133e54aba7fe7-le32d4.cache-3
8a312000-8a313000 r--s 00000000 08:06 2359515    /var/cache/fontconfig/4794a0821666d79190d59a36cb4f44b5-le32d4.cache-3
8a313000-8a316000 r--s 00000000 08:06 2368534    /var/cache/fontconfig/8801497958630a81b71ace7c5f9b32a8-le32d4.cache-3
8a316000-8a338000 r--s 00000000 08:06 2371323    /var/cache/fontconfig/365b55f210c0a22e9a19e35191240f32-le32d4.cache-3
8a338000-8a33c000 r--s 00000000 08:06 2359511    /var/cache/fontconfig/3047814df9a2f067bd2d96a2b9c36e5a-le32d4.cache-3
8a33c000-8a33d000 r--s 00000000 08:06 2368528    /var/cache/fontconfig/56cf4f4769d0f4abc89a4895d7bd3ae1-le32d4.cache-3
8a33d000-8a33e000 r--s 00000000 08:06 2368539    /var/cache/fontconfig/b9d506c9ac06c20b433354fa67a72993-le32d4.cache-3
8a33e000-8a342000 r--s 00000000 08:06 2368538    /var/cache/fontconfig/b47c4e1ecd0709278f4910c18777a504-le32d4.cache-3
8a342000-8a348000 r--s 00000000 08:06 2380074    /var/cache/fontconfig/52f7bdb7ce746bfd7eaa1985bd9cfa93-le32d4.cache-3
8a348000-8a350000 r-xp 00000000 08:06 263180     /lib/i386-linux-gnu/libwrap.so.0.7.6
8a350000-8a351000 r--p 00007000 08:06 263180     /lib/i386-linux-gnu/libwrap.so.0.7.6
8a351000-8a352000 rw-p 00008000 08:06 263180     /lib/i386-linux-gnu/libwrap.so.0.7.6
8a352000-8a356000 r--s 00000000 08:06 2368538    /var/cache/fontconfig/b47c4e1ecd0709278f4910c18777a504-le32d4.cache-3
8a356000-8a35c000 r--s 00000000 08:06 2380074    /var/cache/fontconfig/52f7bdb7ce746bfd7eaa1985bd9cfa93-le32d4.cache-3
8a35f000-8a360000 r-xp 00000000 08:06 2232762    /usr/lib/i386-linux-gnu/libX11-xcb.so.1.0.0
8a360000-8a361000 r--p 00000000 08:06 2232762    /usr/lib/i386-linux-gnu/libX11-xcb.so.1.0.0
8a361000-8a362000 rw-p 00001000 08:06 2232762    /usr/lib/i386-linux-gnu/libX11-xcb.so.1.0.0
8a362000-8a368000 r-xp 00000000 08:06 2233110    /usr/lib/i386-linux-gnu/libjson.so.0.0.1
8a368000-8a369000 r--p 00005000 08:06 2233110    /usr/lib/i386-linux-gnu/libjson.so.0.0.1
8a369000-8a36a000 rw-p 00006000 08:06 2233110    /usr/lib/i386-linux-gnu/libjson.so.0.0.1
8a36a000-8a36e000 r-xp 00000000 08:06 2232781    /usr/lib/i386-linux-gnu/libXfixes.so.3.1.0
8a36e000-8a36f000 r--p 00004000 08:06 2232781    /usr/lib/i386-linux-gnu/libXfixes.so.3.1.0
8a36f000-8a370000 rw-p 00005000 08:06 2232781    /usr/lib/i386-linux-gnu/libXfixes.so.3.1.0
8a370000-8a379000 r-xp 00000000 08:06 2232773    /usr/lib/i386-linux-gnu/libXcursor.so.1.0.2
8a379000-8a37a000 r--p 00008000 08:06 2232773    /usr/lib/i386-linux-gnu/libXcursor.so.1.0.2
8a37a000-8a37b000 rw-p 00009000 08:06 2232773    /usr/lib/i386-linux-gnu/libXcursor.so.1.0.2
8a37b000-8a37d000 r-xp 00000000 08:06 2232775    /usr/lib/i386-linux-gnu/libXdamage.so.1.1.0
8a37d000-8a37e000 r--p 00001000 08:06 2232775    /usr/lib/i386-linux-gnu/libXdamage.so.1.1.0
8a37e000-8a37f000 rw-p 00002000 08:06 2232775    /usr/lib/i386-linux-gnu/libXdamage.so.1.1.0
8a37f000-8a383000 r-xp 00000000 08:06 2232807    /usr/lib/i386-linux-gnu/libXxf86vm.so.1.0.0
8a383000-8a384000 r--p 00003000 08:06 2232807    /usr/lib/i386-linux-gnu/libXxf86vm.so.1.0.0
8a384000-8a385000 rw-p 00004000 08:06 2232807    /usr/lib/i386-linux-gnu/libXxf86vm.so.1.0.0
8a385000-8a38c000 r-xp 00000000 08:06 2232797    /usr/lib/i386-linux-gnu/libXrandr.so.2.2.0
8a38c000-8a38d000 r--p 00006000 08:06 2232797    /usr/lib/i386-linux-gnu/libXrandr.so.2.2.0
8a38d000-8a38e000 rw-p 00007000 08:06 2232797    /usr/lib/i386-linux-gnu/libXrandr.so.2.2.0
8a38e000-8a38f000 r-xp 00000000 08:06 17528      /usr/lib/jvm/java-6-openjdk-i386/jre/lib/i386/libjawt.so
8a38f000-8a390000 r--p 00000000 08:06 17528      /usr/lib/jvm/java-6-openjdk-i386/jre/lib/i386/libjawt.so
8a390000-8a391000 rw-p 00001000 08:06 17528      /usr/lib/jvm/java-6-openjdk-i386/jre/lib/i386/libjawt.so
8a391000-8a395000 r--s 00000000 08:06 2359511    /var/cache/fontconfig/3047814df9a2f067bd2d96a2b9c36e5a-le32d4.cache-3
8a395000-8a3a2000 r--s 00000000 08:06 2368543    /var/cache/fontconfig/d52a8644073d54c13679302ca1180695-le32d4.cache-3
8a3a2000-8a3a6000 r--s 00000000 08:06 2377600    /var/cache/fontconfig/3f7329c5293ffd510edef78f73874cfd-le32d4.cache-3
8a3a6000-8a3a9000 ---p 00000000 00:00 0 
8a3a9000-8a3f7000 rw-p 00000000 00:00 0 
8a3f7000-8a48c000 r-xp 00000000 08:06 2232959    /usr/lib/i386-linux-gnu/libfreetype.so.6.8.0
8a48c000-8a490000 r--p 00094000 08:06 2232959    /usr/lib/i386-linux-gnu/libfreetype.so.6.8.0
8a490000-8a491000 rw-p 00098000 08:06 2232959    /usr/lib/i386-linux-gnu/libfreetype.so.6.8.0
8a491000-8a4d9000 r-xp 00000000 08:06 17504      /usr/lib/jvm/java-6-openjdk-i386/jre/lib/i386/libfontmanager.so
8a4d9000-8a4da000 r--p 00048000 08:06 17504      /usr/lib/jvm/java-6-openjdk-i386/jre/lib/i386/libfontmanager.so
8a4da000-8a4db000 rw-p 00049000 08:06 17504      /usr/lib/jvm/java-6-openjdk-i386/jre/lib/i386/libfontmanager.so
8a4db000-8a4fa000 r-xp 00000000 08:06 2233365    /usr/lib/i386-linux-gnu/libxcb.so.1.1.0
8a4fa000-8a4fb000 r--p 0001f000 08:06 2233365    /usr/lib/i386-linux-gnu/libxcb.so.1.1.0
8a4fb000-8a4fc000 rw-p 00020000 08:06 2233365    /usr/lib/i386-linux-gnu/libxcb.so.1.1.0
8a4fc000-8a50a000 r-xp 00000000 08:06 2232785    /usr/lib/i386-linux-gnu/libXi.so.6.1.0
8a50a000-8a50b000 r--p 0000d000 08:06 2232785    /usr/lib/i386-linux-gnu/libXi.so.6.1.0
8a50b000-8a50c000 rw-p 0000e000 08:06 2232785    /usr/lib/i386-linux-gnu/libXi.so.6.1.0
8a50c000-8a63c000 r-xp 00000000 08:06 2232764    /usr/lib/i386-linux-gnu/libX11.so.6.3.0
8a63c000-8a63d000 r--p 0012f000 08:06 2232764    /usr/lib/i386-linux-gnu/libX11.so.6.3.0
8a63d000-8a63f000 rw-p 00130000 08:06 2232764    /usr/lib/i386-linux-gnu/libX11.so.6.3.0
8a63f000-8a640000 rw-p 00000000 00:00 0 
8a640000-8a6d4000 r-xp 00000000 08:06 17512      /usr/lib/jvm/java-6-openjdk-i386/jre/lib/i386/libawt.so
8a6d4000-8a6d5000 r--p 00093000 08:06 17512      /usr/lib/jvm/java-6-openjdk-i386/jre/lib/i386/libawt.so
8a6d5000-8a6dc000 rw-p 00094000 08:06 17512      /usr/lib/jvm/java-6-openjdk-i386/jre/lib/i386/libawt.so
8a6dc000-8a700000 rw-p 00000000 00:00 0 
8a700000-8a800000 rw-p 00000000 00:00 0 
8a801000-8a802000 rwxp 00000000 00:00 0 
8a802000-8a803000 r--s 00000000 08:06 2368528    /var/cache/fontconfig/56cf4f4769d0f4abc89a4895d7bd3ae1-le32d4.cache-3
8a803000-8a808000 r-xp 00000000 08:06 2232777    /usr/lib/i386-linux-gnu/libXdmcp.so.6.0.0
8a808000-8a809000 r--p 00004000 08:06 2232777    /usr/lib/i386-linux-gnu/libXdmcp.so.6.0.0
8a809000-8a80a000 rw-p 00005000 08:06 2232777    /usr/lib/i386-linux-gnu/libXdmcp.so.6.0.0
8a80a000-8a81a000 r-xp 00000000 08:06 2232779    /usr/lib/i386-linux-gnu/libXext.so.6.4.0
8a81a000-8a81b000 r--p 0000f000 08:06 2232779    /usr/lib/i386-linux-gnu/libXext.so.6.4.0
8a81b000-8a81c000 rw-p 00010000 08:06 2232779    /usr/lib/i386-linux-gnu/libXext.so.6.4.0
8a81c000-8a829000 r--s 00000000 08:06 2368543    /var/cache/fontconfig/d52a8644073d54c13679302ca1180695-le32d4.cache-3
8a829000-8a82d000 r--s 00000000 08:06 2377600    /var/cache/fontconfig/3f7329c5293ffd510edef78f73874cfd-le32d4.cache-3
8a82d000-8a82f000 r--s 00000000 08:06 2368783    /var/cache/fontconfig/e13b20fdb08344e0e664864cc2ede53d-le32d4.cache-3
8a82f000-8a832000 r--s 00000000 08:06 2371320    /var/cache/fontconfig/7ef2298fde41cc6eeb7af42e48b7d293-le32d4.cache-3
8a832000-8a87e000 r-xp 00000000 08:06 14977      /usr/lib/jvm/java-6-openjdk-i386/jre/lib/i386/xawt/libmawt.so
8a87e000-8a87f000 r--p 0004b000 08:06 14977      /usr/lib/jvm/java-6-openjdk-i386/jre/lib/i386/xawt/libmawt.so
8a87f000-8a881000 rw-p 0004c000 08:06 14977      /usr/lib/jvm/java-6-openjdk-i386/jre/lib/i386/xawt/libmawt.so
8a881000-8a882000 rw-p 00000000 00:00 0 
8a882000-8a8f4000 r-xp 00000000 08:06 2097229    /tmp/libgdxroger/98aad7b2/libgdx.so
8a8f4000-8a8f5000 r--p 00071000 08:06 2097229    /tmp/libgdxroger/98aad7b2/libgdx.so
8a8f5000-8a8f6000 rw-p 00072000 08:06 2097229    /tmp/libgdxroger/98aad7b2/libgdx.so
8a8f6000-8a8f7000 ---p 00000000 00:00 0 
8a8f7000-8a977000 rw-p 00000000 00:00 0 
8a977000-8a97a000 ---p 00000000 00:00 0 
8a97a000-8a9c8000 rw-p 00000000 00:00 0 
8a9c8000-8a9cb000 ---p 00000000 00:00 0 
8a9cb000-8aa49000 rw-p 00000000 00:00 0 
8aa49000-8aa4c000 ---p 00000000 00:00 0 
8aa4c000-8aaca000 rw-p 00000000 00:00 0 
8aaca000-8aacd000 ---p 00000000 00:00 0 
8aacd000-8ab1b000 rw-p 00000000 00:00 0 
8ab1b000-8ad1b000 r--p 00000000 08:06 2235956    /usr/lib/locale/locale-archive
8ad1b000-8ad1e000 ---p 00000000 00:00 0 
8ad1e000-8ad6c000 rw-p 00000000 00:00 0 
8ad6c000-8af00000 r--s 03807000 08:06 17497      /usr/lib/jvm/java-6-openjdk-i386/jre/lib/rt.jar
8af00000-8afc7000 rw-p 00000000 00:00 0 
8afc7000-8b000000 ---p 00000000 00:00 0 
8b000000-8b002000 r-xp 00000000 08:06 2232766    /usr/lib/i386-linux-gnu/libXau.so.6.0.0
8b002000-8b003000 r--p 00001000 08:06 2232766    /usr/lib/i386-linux-gnu/libXau.so.6.0.0
8b003000-8b004000 rw-p 00002000 08:06 2232766    /usr/lib/i386-linux-gnu/libXau.so.6.0.0
8b004000-8b009000 r-xp 00000000 08:06 2232803    /usr/lib/i386-linux-gnu/libXtst.so.6.1.0
8b009000-8b00a000 r--p 00004000 08:06 2232803    /usr/lib/i386-linux-gnu/libXtst.so.6.1.0
8b00a000-8b00b000 rw-p 00005000 08:06 2232803    /usr/lib/i386-linux-gnu/libXtst.so.6.1.0
8b00b000-8b013000 r-xp 00000000 08:06 2232799    /usr/lib/i386-linux-gnu/libXrender.so.1.3.0
8b013000-8b014000 r--p 00007000 08:06 2232799    /usr/lib/i386-linux-gnu/libXrender.so.1.3.0
8b014000-8b015000 rw-p 00008000 08:06 2232799    /usr/lib/i386-linux-gnu/libXrender.so.1.3.0
8b015000-8b01c000 r--s 000fc000 08:06 2271911    /usr/lib/jvm/java-6-openjdk-common/jre/lib/resources.jar
8b01c000-8b02e000 r--s 00128000 08:06 580811     /home/roger/proyectois/valyrianFirstGame-desktop/libs/gdx-backend-lwjgl.jar
8b02e000-8b031000 ---p 00000000 00:00 0 
8b031000-8b07f000 rw-p 00000000 00:00 0 
8b07f000-8b080000 ---p 00000000 00:00 0 
8b080000-8b100000 rw-p 00000000 00:00 0 
8b100000-8b121000 rw-p 00000000 00:00 0 
8b121000-8b200000 ---p 00000000 00:00 0 
8b200000-8b201000 r--s 00000000 08:06 2368539    /var/cache/fontconfig/b9d506c9ac06c20b433354fa67a72993-le32d4.cache-3
8b201000-8b203000 r--s 00000000 08:06 2368783    /var/cache/fontconfig/e13b20fdb08344e0e664864cc2ede53d-le32d4.cache-3
8b203000-8b206000 r--s 0001b000 08:06 591653     /home/roger/proyectois/valyrianFirstGame/libs/libgdx-utils.jar
8b206000-8b209000 r--s 0007f000 08:06 2271919    /usr/lib/jvm/java-6-openjdk-common/jre/lib/jsse.jar
8b209000-8b21f000 r--s 0014b000 08:06 580820     /home/roger/proyectois/valyrianFirstGame/libs/gdx.jar
8b21f000-8b252000 rw-p 00000000 00:00 0 
8b252000-8b253000 ---p 00000000 00:00 0 
8b253000-8b2d3000 rw-p 00000000 00:00 0 
8b2d3000-8b2d4000 ---p 00000000 00:00 0 
8b2d4000-8b35f000 rw-p 00000000 00:00 0 
8b35f000-8b3ff000 rw-p 00000000 00:00 0 
8b3ff000-8b407000 rw-p 00000000 00:00 0 
8b407000-8b43f000 rw-p 00000000 00:00 0 
8b43f000-8b44a000 rw-p 00000000 00:00 0 
8b44a000-8b4e9000 rw-p 00000000 00:00 0 
8b4e9000-8b4ef000 rw-p 00000000 00:00 0 
8b4ef000-8b53f000 rw-p 00000000 00:00 0 
8b53f000-8c540000 rw-p 00000000 00:00 0 
8c540000-93540000 rw-p 00000000 00:00 0 
93540000-949e0000 rw-p 00000000 00:00 0 
949e0000-a8aa0000 rw-p 00000000 00:00 0 
a8aa0000-a94f0000 rw-p 00000000 00:00 0 
a94f0000-b3540000 rw-p 00000000 00:00 0 
b3540000-b3549000 rw-p 00000000 00:00 0 
b3549000-b3600000 rw-p 00000000 00:00 0 
b3600000-b3840000 rwxp 00000000 00:00 0 
b3840000-b66fe000 rw-p 00000000 00:00 0 
b66fe000-b6700000 ---p 00000000 00:00 0 
b6700000-b6703000 r--s 00000000 08:06 2371320    /var/cache/fontconfig/7ef2298fde41cc6eeb7af42e48b7d293-le32d4.cache-3
b6703000-b6704000 r--s 00127000 08:06 580812     /home/roger/proyectois/valyrianFirstGame-desktop/libs/gdx-natives.jar
b6704000-b6707000 r--s 00077000 08:06 2382082    /usr/lib/jvm/java-6-openjdk-common/jre/lib/ext/localedata.jar
b6707000-b670b000 r--s 00039000 08:06 2382080    /usr/lib/jvm/java-6-openjdk-common/jre/lib/ext/sunpkcs11.jar
b670b000-b6713000 rw-p 00000000 00:00 0 
b6713000-b674b000 rw-p 00000000 00:00 0 
b674b000-b6756000 r-xp 00000000 08:06 263122     /lib/i386-linux-gnu/libnss_files-2.15.so
b6756000-b6757000 r--p 0000a000 08:06 263122     /lib/i386-linux-gnu/libnss_files-2.15.so
b6757000-b6758000 rw-p 0000b000 08:06 263122     /lib/i386-linux-gnu/libnss_files-2.15.so
b6758000-b6762000 r-xp 00000000 08:06 263126     /lib/i386-linux-gnu/libnss_nis-2.15.so
b6762000-b6763000 r--p 00009000 08:06 263126     /lib/i386-linux-gnu/libnss_nis-2.15.so
b6763000-b6764000 rw-p 0000a000 08:06 263126     /lib/i386-linux-gnu/libnss_nis-2.15.so
b6764000-b677a000 r-xp 00000000 08:06 263116     /lib/i386-linux-gnu/libnsl-2.15.so
b677a000-b677b000 r--p 00015000 08:06 263116     /lib/i386-linux-gnu/libnsl-2.15.so
b677b000-b677c000 rw-p 00016000 08:06 263116     /lib/i386-linux-gnu/libnsl-2.15.so
b677c000-b677e000 rw-p 00000000 00:00 0 
b677e000-b6785000 r-xp 00000000 08:06 263118     /lib/i386-linux-gnu/libnss_compat-2.15.so
b6785000-b6786000 r--p 00006000 08:06 263118     /lib/i386-linux-gnu/libnss_compat-2.15.so
b6786000-b6787000 rw-p 00007000 08:06 263118     /lib/i386-linux-gnu/libnss_compat-2.15.so
b6787000-b6789000 r--s 0019e000 08:06 580809     /home/roger/proyectois/valyrianFirstGame-desktop/libs/gdx-backend-lwjgl-natives.jar
b6789000-b678c000 r--s 00031000 08:06 2382084    /usr/lib/jvm/java-6-openjdk-common/jre/lib/ext/sunjce_provider.jar
b678c000-b6793000 r-xp 00000000 08:06 17517      /usr/lib/jvm/java-6-openjdk-i386/jre/lib/i386/libzip.so
b6793000-b6794000 r--p 00006000 08:06 17517      /usr/lib/jvm/java-6-openjdk-i386/jre/lib/i386/libzip.so
b6794000-b6795000 rw-p 00007000 08:06 17517      /usr/lib/jvm/java-6-openjdk-i386/jre/lib/i386/libzip.so
b6795000-b679d000 rw-s 00000000 08:06 2097181    /tmp/hsperfdata_roger/3965
b679d000-b67c3000 r-xp 00000000 08:06 17507      /usr/lib/jvm/java-6-openjdk-i386/jre/lib/i386/libjava.so
b67c3000-b67c4000 r--p 00025000 08:06 17507      /usr/lib/jvm/java-6-openjdk-i386/jre/lib/i386/libjava.so
b67c4000-b67c6000 rw-p 00026000 08:06 17507      /usr/lib/jvm/java-6-openjdk-i386/jre/lib/i386/libjava.so
b67c6000-b67cd000 r-xp 00000000 08:06 263157     /lib/i386-linux-gnu/librt-2.15.so
b67cd000-b67ce000 r--p 00006000 08:06 263157     /lib/i386-linux-gnu/librt-2.15.so
b67ce000-b67cf000 rw-p 00007000 08:06 263157     /lib/i386-linux-gnu/librt-2.15.so
b67cf000-b67d2000 ---p 00000000 00:00 0 
b67d2000-b6820000 rw-p 00000000 00:00 0 
b6820000-b683c000 r-xp 00000000 08:06 263092     /lib/i386-linux-gnu/libgcc_s.so.1
b683c000-b683d000 r--p 0001b000 08:06 263092     /lib/i386-linux-gnu/libgcc_s.so.1
b683d000-b683e000 rw-p 0001c000 08:06 263092     /lib/i386-linux-gnu/libgcc_s.so.1
b683e000-b6868000 r-xp 00000000 08:06 263103     /lib/i386-linux-gnu/libm-2.15.so
b6868000-b6869000 r--p 00029000 08:06 263103     /lib/i386-linux-gnu/libm-2.15.so
b6869000-b686a000 rw-p 0002a000 08:06 263103     /lib/i386-linux-gnu/libm-2.15.so
b686a000-b6942000 r-xp 00000000 08:06 2233293    /usr/lib/i386-linux-gnu/libstdc++.so.6.0.16
b6942000-b6943000 ---p 000d8000 08:06 2233293    /usr/lib/i386-linux-gnu/libstdc++.so.6.0.16
b6943000-b6947000 r--p 000d8000 08:06 2233293    /usr/lib/i386-linux-gnu/libstdc++.so.6.0.16
b6947000-b6948000 rw-p 000dc000 08:06 2233293    /usr/lib/i386-linux-gnu/libstdc++.so.6.0.16
b6948000-b694f000 rw-p 00000000 00:00 0 
b694f000-b716f000 r-xp 00000000 08:06 17500      /usr/lib/jvm/java-6-openjdk-i386/jre/lib/i386/server/libjvm.so
b716f000-b71b4000 r--p 0081f000 08:06 17500      /usr/lib/jvm/java-6-openjdk-i386/jre/lib/i386/server/libjvm.so
b71b4000-b71c3000 rw-p 00864000 08:06 17500      /usr/lib/jvm/java-6-openjdk-i386/jre/lib/i386/server/libjvm.so
b71c3000-b75df000 rw-p 00000000 00:00 0 
b75df000-b75f3000 r-xp 00000000 08:06 263182     /lib/i386-linux-gnu/libz.so.1.2.3.4
b75f3000-b75f4000 r--p 00013000 08:06 263182     /lib/i386-linux-gnu/libz.so.1.2.3.4
b75f4000-b75f5000 rw-p 00014000 08:06 263182     /lib/i386-linux-gnu/libz.so.1.2.3.4
b75f5000-b7794000 r-xp 00000000 08:06 263071     /lib/i386-linux-gnu/libc-2.15.so
b7794000-b7796000 r--p 0019f000 08:06 263071     /lib/i386-linux-gnu/libc-2.15.so
b7796000-b7797000 rw-p 001a1000 08:06 263071     /lib/i386-linux-gnu/libc-2.15.so
b7797000-b779a000 rw-p 00000000 00:00 0 
b779a000-b779d000 r-xp 00000000 08:06 263084     /lib/i386-linux-gnu/libdl-2.15.so
b779d000-b779e000 r--p 00002000 08:06 263084     /lib/i386-linux-gnu/libdl-2.15.so
b779e000-b779f000 rw-p 00003000 08:06 263084     /lib/i386-linux-gnu/libdl-2.15.so
b779f000-b77a3000 r-xp 00000000 08:06 17516      /usr/lib/jvm/java-6-openjdk-i386/jre/lib/i386/jli/libjli.so
b77a3000-b77a4000 r--p 00003000 08:06 17516      /usr/lib/jvm/java-6-openjdk-i386/jre/lib/i386/jli/libjli.so
b77a4000-b77a5000 rw-p 00004000 08:06 17516      /usr/lib/jvm/java-6-openjdk-i386/jre/lib/i386/jli/libjli.so
b77a5000-b77a6000 rw-p 00000000 00:00 0 
b77a6000-b77bd000 r-xp 00000000 08:06 263151     /lib/i386-linux-gnu/libpthread-2.15.so
b77bd000-b77be000 r--p 00016000 08:06 263151     /lib/i386-linux-gnu/libpthread-2.15.so
b77be000-b77bf000 rw-p 00017000 08:06 263151     /lib/i386-linux-gnu/libpthread-2.15.so
b77bf000-b77c1000 rw-p 00000000 00:00 0 
b77c1000-b77c2000 r--s 00007000 08:06 2511056    /usr/share/java/java-atk-wrapper.jar
b77c2000-b77c4000 r--s 0000f000 08:06 2382081    /usr/lib/jvm/java-6-openjdk-common/jre/lib/ext/pulse-java.jar
b77c4000-b77c6000 r--s 00001000 08:06 2382083    /usr/lib/jvm/java-6-openjdk-common/jre/lib/ext/dnsns.jar
b77c6000-b77c7000 r--p 005e0000 08:06 2235956    /usr/lib/locale/locale-archive
b77c7000-b77c8000 rw-p 00000000 00:00 0 
b77c8000-b77c9000 r--p 00000000 00:00 0 
b77c9000-b77d4000 r-xp 00000000 08:06 17532      /usr/lib/jvm/java-6-openjdk-i386/jre/lib/i386/libverify.so
b77d4000-b77d5000 ---p 0000b000 08:06 17532      /usr/lib/jvm/java-6-openjdk-i386/jre/lib/i386/libverify.so
b77d5000-b77d6000 r--p 0000b000 08:06 17532      /usr/lib/jvm/java-6-openjdk-i386/jre/lib/i386/libverify.so
b77d6000-b77d7000 rw-p 0000c000 08:06 17532      /usr/lib/jvm/java-6-openjdk-i386/jre/lib/i386/libverify.so
b77d7000-b77d9000 rw-p 00000000 00:00 0 
b77d9000-b77da000 r-xp 00000000 00:00 0          [vdso]
b77da000-b77fa000 r-xp 00000000 08:06 263051     /lib/i386-linux-gnu/ld-2.15.so
b77fa000-b77fb000 r--p 0001f000 08:06 263051     /lib/i386-linux-gnu/ld-2.15.so
b77fb000-b77fc000 rw-p 00020000 08:06 263051     /lib/i386-linux-gnu/ld-2.15.so
bfb69000-bfb8a000 rw-p 00000000 00:00 0          [stack]

VM Arguments:
jvm_args: -Dfile.encoding=UTF-8 
java_command: com.valyrian.firstgame.Main
Launcher Type: SUN_STANDARD

Environment Variables:
PATH=/usr/lib/lightdm/lightdm:/usr/local/sbin:/usr/local/bin:/usr/sbin:/usr/bin:/sbin:/bin:/usr/games
LD_LIBRARY_PATH=/usr/lib/jvm/java-6-openjdk-i386/jre/lib/i386/server:/usr/lib/jvm/java-6-openjdk-i386/jre/lib/i386:/usr/lib/jvm/java-6-openjdk-i386/jre/../lib/i386:/usr/lib/jvm/java-6-openjdk-i386/jre/lib/i386/client:/usr/lib/jvm/java-6-openjdk-i386/jre/lib/i386:
SHELL=/bin/bash
DISPLAY=:0

Signal Handlers:
SIGSEGV: [libjvm.so+0x66e730], sa_mask[0]=0x7ffbfeff, sa_flags=0x10000004
SIGBUS: [libjvm.so+0x66e730], sa_mask[0]=0x7ffbfeff, sa_flags=0x10000004
SIGFPE: [libjvm.so+0x530470], sa_mask[0]=0x7ffbfeff, sa_flags=0x10000004
SIGPIPE: [libjvm.so+0x530470], sa_mask[0]=0x7ffbfeff, sa_flags=0x10000004
SIGXFSZ: [libjvm.so+0x530470], sa_mask[0]=0x7ffbfeff, sa_flags=0x10000004
SIGILL: [libjvm.so+0x530470], sa_mask[0]=0x7ffbfeff, sa_flags=0x10000004
SIGUSR1: SIG_DFL, sa_mask[0]=0x00000000, sa_flags=0x00000000
SIGUSR2: [libjvm.so+0x530300], sa_mask[0]=0x00000004, sa_flags=0x10000004
SIGHUP: [libjvm.so+0x533290], sa_mask[0]=0x7ffbfeff, sa_flags=0x10000004
SIGINT: [libjvm.so+0x533290], sa_mask[0]=0x7ffbfeff, sa_flags=0x10000004
SIGTERM: [libjvm.so+0x533290], sa_mask[0]=0x7ffbfeff, sa_flags=0x10000004
SIGQUIT: [libjvm.so+0x533290], sa_mask[0]=0x7ffbfeff, sa_flags=0x10000004


---------------  S Y S T E M  ---------------

OS:Ubuntu 12.04 (precise)
uname:Linux 3.2.0-29-generic-pae #46-Ubuntu SMP Fri Jul 27 17:25:43 UTC 2012 i686
libc:glibc 2.15 NPTL 2.15 
rlimit: STACK 8192k, CORE 0k, NPROC 15720, NOFILE 4096, AS infinity
load average:2.85 1.03 0.57

/proc/meminfo:
MemTotal:        2026732 kB
MemFree:          216196 kB
Buffers:           89488 kB
Cached:           781064 kB
SwapCached:          568 kB
Active:           976972 kB
Inactive:         722756 kB
Active(anon):     671292 kB
Inactive(anon):   384304 kB
Active(file):     305680 kB
Inactive(file):   338452 kB
Unevictable:          40 kB
Mlocked:              40 kB
HighTotal:       1148552 kB
HighFree:          32428 kB
LowTotal:         878180 kB
LowFree:          183768 kB
SwapTotal:       2060284 kB
SwapFree:        2057920 kB
Dirty:              9072 kB
Writeback:             0 kB
AnonPages:        828912 kB
Mapped:           180780 kB
Shmem:            226420 kB
Slab:              72824 kB
SReclaimable:      56044 kB
SUnreclaim:        16780 kB
KernelStack:        3944 kB
PageTables:        11352 kB
NFS_Unstable:          0 kB
Bounce:                0 kB
WritebackTmp:          0 kB
CommitLimit:     3073648 kB
Committed_AS:    3544720 kB
VmallocTotal:     122880 kB
VmallocUsed:       16444 kB
VmallocChunk:     104932 kB
HardwareCorrupted:     0 kB
AnonHugePages:         0 kB
HugePages_Total:       0
HugePages_Free:        0
HugePages_Rsvd:        0
HugePages_Surp:        0
Hugepagesize:       2048 kB
DirectMap4k:       10232 kB
DirectMap2M:      903168 kB


CPU:total 2 (2 cores per cpu, 1 threads per core) family 6 model 23 stepping 10, cmov, cx8, fxsr, mmx, sse, sse2, sse3, ssse3, sse4.1

Memory: 4k page, physical 2026732k(216196k free), swap 2060284k(2057920k free)

vm_info: OpenJDK Server VM (20.0-b12) for linux-x86 JRE (1.6.0_27-b27), built on Jul 17 2013 13:43:50 by "buildd" with gcc 4.6.3

time: Sat Jan 25 07:17:14 2014
elapsed time: 1 seconds

