#
# A fatal error has been detected by the Java Runtime Environment:
#
#  EXCEPTION_ACCESS_VIOLATION (0xc0000005) at pc=0x6cee8b52, pid=1164, tid=5404
#
# JRE version: Java(TM) SE Runtime Environment (7.0_55-b14) (build 1.7.0_55-b14)
# Java VM: Java HotSpot(TM) Client VM (24.55-b03 mixed mode windows-x86 )
# Problematic frame:
# C  [gdx.dll+0x28b52]
#
# Failed to write core dump. Minidumps are not enabled by default on client versions of Windows
#
# If you would like to submit a bug report, please visit:
#   http://bugreport.sun.com/bugreport/crash.jsp
# The crash happened outside the Java Virtual Machine in native code.
# See problematic frame for where to report the bug.
#

---------------  T H R E A D  ---------------

Current thread (0x00ed7400):  JavaThread "LWJGL Application" [_thread_in_native, id=5404, stack(0x18920000,0x18970000)]

siginfo: ExceptionCode=0xc0000005, reading address 0x1827bddc

Registers:
EAX=0x03c985a4, EBX=0x00ed7530, ECX=0x62f1fbcc, EDX=0x00d50cdc
ESP=0x1896f32c, EBP=0x1896f37c, ESI=0x1896f38c, EDI=0x1827bd98
EIP=0x6cee8b52, EFLAGS=0x00010246

Top of Stack: (sp=0x1896f32c)
0x1896f32c:   1896f34c 14188ca0 14188ca0 00ed7400
0x1896f33c:   01c6f358 00ed7530 1896f398 1827bd98
0x1896f34c:   00000000 1896f38c 00000000 09454088
0x1896f35c:   1896f35c 00000000 1896f398 1418c1b8
0x1896f36c:   00000000 14188ca0 00000000 1896f38c
0x1896f37c:   1896f3bc 01c63287 00000000 01c6bde9
0x1896f38c:   03c98598 1827bd98 00000000 03c98540
0x1896f39c:   1896f39c 14188be9 1896f3c4 1418c1b8 

Instructions: (pc=0x6cee8b52)
0x6cee8b32:   30 89 7c 24 18 8b 7c 24 28 8b 03 89 74 24 04 89
0x6cee8b42:   1c 24 c7 44 24 08 00 00 00 00 ff 90 78 03 00 00
0x6cee8b52:   8b 57 44 8b 4f 40 89 50 04 8b 13 83 ec 0c 89 08
0x6cee8b62:   89 74 24 04 89 1c 24 c7 44 24 0c 00 00 00 00 89 


Register to memory mapping:

EAX=0x03c985a4 is pointing into object: 0x03c98598
[F 
 - klass: {type array float}
 - length: 4
EBX=0x00ed7530 is an unknown value
ECX=0x62f1fbcc is an unknown value
EDX=0x00d50cdc is an unknown value
ESP=0x1896f32c is pointing into the stack for thread: 0x00ed7400
EBP=0x1896f37c is pointing into the stack for thread: 0x00ed7400
ESI=0x1896f38c is pointing into the stack for thread: 0x00ed7400
EDI=0x1827bd98 is an unknown value


Stack: [0x18920000,0x18970000],  sp=0x1896f32c,  free space=316k
Native frames: (J=compiled Java code, j=interpreted, Vv=VM code, C=native code)
C  [gdx.dll+0x28b52]
j  com.badlogic.gdx.physics.box2d.Body.getLinearVelocity()Lcom/badlogic/gdx/math/Vector2;+9
j  com.valyrian.firstgame.entidades.Jugador.Saltar()V+15
j  com.valyrian.firstgame.utilidades.input.Teclado.keyDown(I)Z+131
J  com.badlogic.gdx.backends.lwjgl.LwjglInput.processEvents()V
j  com.badlogic.gdx.backends.lwjgl.LwjglApplication$1.run()V+27
v  ~StubRoutines::call_stub
V  [jvm.dll+0x13f25a]
V  [jvm.dll+0x202c1e]
V  [jvm.dll+0x13f425]
V  [jvm.dll+0x13f487]
V  [jvm.dll+0xeb7cf]
V  [jvm.dll+0x1604dc]
V  [jvm.dll+0x160f17]
V  [jvm.dll+0x1a4ab9]
C  [msvcr100.dll+0x5c556]
C  [msvcr100.dll+0x5c600]
C  [KERNEL32.dll+0x4ee1c]
C  [ntdll.dll+0x637eb]
C  [ntdll.dll+0x637be]

Java frames: (J=compiled Java code, j=interpreted, Vv=VM code)
j  com.badlogic.gdx.physics.box2d.Body.jniGetLinearVelocity(J[F)V+0
j  com.badlogic.gdx.physics.box2d.Body.getLinearVelocity()Lcom/badlogic/gdx/math/Vector2;+9
j  com.valyrian.firstgame.entidades.Jugador.Saltar()V+15
j  com.valyrian.firstgame.utilidades.input.Teclado.keyDown(I)Z+131
J  com.badlogic.gdx.backends.lwjgl.LwjglInput.processEvents()V
j  com.badlogic.gdx.backends.lwjgl.LwjglApplication.mainLoop()V+557
j  com.badlogic.gdx.backends.lwjgl.LwjglApplication$1.run()V+27
v  ~StubRoutines::call_stub

---------------  P R O C E S S  ---------------

Java Threads: ( => current thread )
  0x19585400 JavaThread "LWJGL Timer" daemon [_thread_blocked, id=4764, stack(0x1d1e0000,0x1d230000)]
  0x1948b000 JavaThread "AsynchExecutor-Thread" daemon [_thread_blocked, id=1068, stack(0x1a470000,0x1a4c0000)]
  0x00a9d400 JavaThread "DestroyJavaVM" [_thread_blocked, id=5880, stack(0x00cb0000,0x00d00000)]
=>0x00ed7400 JavaThread "LWJGL Application" [_thread_in_native, id=5404, stack(0x18920000,0x18970000)]
  0x00d68400 JavaThread "Service Thread" daemon [_thread_blocked, id=4444, stack(0x18670000,0x186c0000)]
  0x00d5d400 JavaThread "C1 CompilerThread0" daemon [_thread_blocked, id=5316, stack(0x00f80000,0x00fd0000)]
  0x00d4d800 JavaThread "JDWP Command Reader" daemon [_thread_in_native, id=1964, stack(0x18470000,0x184c0000)]
  0x00d49800 JavaThread "JDWP Event Helper Thread" daemon [_thread_blocked, id=5376, stack(0x183c0000,0x18410000)]
  0x00d41400 JavaThread "JDWP Transport Listener: dt_socket" daemon [_thread_blocked, id=5844, stack(0x17c60000,0x17cb0000)]
  0x00d3bc00 JavaThread "Attach Listener" daemon [_thread_blocked, id=5064, stack(0x17e30000,0x17e80000)]
  0x00d38800 JavaThread "Signal Dispatcher" daemon [_thread_blocked, id=4196, stack(0x17eb0000,0x17f00000)]
  0x00d09400 JavaThread "Finalizer" daemon [_thread_blocked, id=4864, stack(0x17dd0000,0x17e20000)]
  0x00d04400 JavaThread "Reference Handler" daemon [_thread_blocked, id=5592, stack(0x17cc0000,0x17d10000)]

Other Threads:
  0x00d02c00 VMThread [stack: 0x00f20000,0x00f70000] [id=3072]
  0x00d83800 WatcherThread [stack: 0x182f0000,0x18340000] [id=4280]

VM state:not at safepoint (normal execution)

VM Mutex/Monitor currently owned by a thread: None

Heap
 def new generation   total 4928K, used 4552K [0x03c60000, 0x041b0000, 0x091b0000)
  eden space 4416K,  91% used [0x03c60000, 0x04052048, 0x040b0000)
  from space 512K, 100% used [0x040b0000, 0x04130000, 0x04130000)
  to   space 512K,   0% used [0x04130000, 0x04130000, 0x041b0000)
 tenured generation   total 10944K, used 7330K [0x091b0000, 0x09c60000, 0x13c60000)
   the space 10944K,  66% used [0x091b0000, 0x098d8838, 0x098d8a00, 0x09c60000)
 compacting perm gen  total 12288K, used 5400K [0x13c60000, 0x14860000, 0x17c60000)
   the space 12288K,  43% used [0x13c60000, 0x141a6138, 0x141a6200, 0x14860000)
No shared spaces configured.

Card table byte_map: [0x009e0000,0x00a90000] byte_map_base: 0x009c1d00

Polling page: 0x001d0000

Code Cache  [0x01c60000, 0x01ea0000, 0x03c60000)
 total_blobs=995 nmethods=733 adapters=207 free_code_cache=30487Kb largest_free_block=31219200

Compilation events (10 events):
Event: 31.896 Thread 0x00d5d400  729             java.util.regex.Matcher::reset (83 bytes)
Event: 31.896 Thread 0x00d5d400 nmethod 729 0x01e99108 code [0x01e99220, 0x01e9937c]
Event: 31.993 Thread 0x00d5d400  730             java.util.regex.Pattern$Start::match (90 bytes)
Event: 31.994 Thread 0x00d5d400 nmethod 730 0x01e99548 code [0x01e99660, 0x01e997ec]
Event: 31.994 Thread 0x00d5d400  731             java.util.regex.Matcher::search (109 bytes)
Event: 31.994 Thread 0x00d5d400 nmethod 731 0x01e99948 code [0x01e99a60, 0x01e99bac]
Event: 31.994 Thread 0x00d5d400  732             java.util.regex.Pattern$BmpCharProperty::match (50 bytes)
Event: 31.995 Thread 0x00d5d400 nmethod 732 0x01e99d08 code [0x01e99e30, 0x01e99f74]
Event: 31.995 Thread 0x00d5d400  733             java.util.regex.Pattern$Single::isSatisfiedBy (14 bytes)
Event: 31.995 Thread 0x00d5d400 nmethod 733 0x01e9a048 code [0x01e9a140, 0x01e9a1d0]

GC Heap History (10 events):
Event: 2.501 GC heap before
{Heap before GC invocations=3 (full 0):
 def new generation   total 4928K, used 4920K [0x03c60000, 0x041b0000, 0x091b0000)
  eden space 4416K,  99% used [0x03c60000, 0x040ae028, 0x040b0000)
  from space 512K, 100% used [0x04130000, 0x041b0000, 0x041b0000)
  to   space 512K,   0% used [0x040b0000, 0x040b0000, 0x04130000)
 tenured generation   total 10944K, used 3033K [0x091b0000, 0x09c60000, 0x13c60000)
   the space 10944K,  27% used [0x091b0000, 0x094a6618, 0x094a6800, 0x09c60000)
 compacting perm gen  total 12288K, used 4525K [0x13c60000, 0x14860000, 0x17c60000)
   the space 12288K,  36% used [0x13c60000, 0x140cb7a0, 0x140cb800, 0x14860000)
No shared spaces configured.
Event: 2.505 GC heap after
Heap after GC invocations=4 (full 0):
 def new generation   total 4928K, used 375K [0x03c60000, 0x041b0000, 0x091b0000)
  eden space 4416K,   0% used [0x03c60000, 0x03c60000, 0x040b0000)
  from space 512K,  73% used [0x040b0000, 0x0410def8, 0x04130000)
  to   space 512K,   0% used [0x04130000, 0x04130000, 0x041b0000)
 tenured generation   total 10944K, used 3312K [0x091b0000, 0x09c60000, 0x13c60000)
   the space 10944K,  30% used [0x091b0000, 0x094ec290, 0x094ec400, 0x09c60000)
 compacting perm gen  total 12288K, used 4525K [0x13c60000, 0x14860000, 0x17c60000)
   the space 12288K,  36% used [0x13c60000, 0x140cb7a0, 0x140cb800, 0x14860000)
No shared spaces configured.
}
Event: 4.239 GC heap before
{Heap before GC invocations=4 (full 0):
 def new generation   total 4928K, used 4776K [0x03c60000, 0x041b0000, 0x091b0000)
  eden space 4416K,  99% used [0x03c60000, 0x040ac440, 0x040b0000)
  from space 512K,  73% used [0x040b0000, 0x0410def8, 0x04130000)
  to   space 512K,   0% used [0x04130000, 0x04130000, 0x041b0000)
 tenured generation   total 10944K, used 3312K [0x091b0000, 0x09c60000, 0x13c60000)
   the space 10944K,  30% used [0x091b0000, 0x094ec290, 0x094ec400, 0x09c60000)
 compacting perm gen  total 12288K, used 4879K [0x13c60000, 0x14860000, 0x17c60000)
   the space 12288K,  39% used [0x13c60000, 0x14123e88, 0x14124000, 0x14860000)
No shared spaces configured.
Event: 4.242 GC heap after
Heap after GC invocations=5 (full 0):
 def new generation   total 4928K, used 512K [0x03c60000, 0x041b0000, 0x091b0000)
  eden space 4416K,   0% used [0x03c60000, 0x03c60000, 0x040b0000)
  from space 512K, 100% used [0x04130000, 0x041b0000, 0x041b0000)
  to   space 512K,   0% used [0x040b0000, 0x040b0000, 0x04130000)
 tenured generation   total 10944K, used 3571K [0x091b0000, 0x09c60000, 0x13c60000)
   the space 10944K,  32% used [0x091b0000, 0x0952cd18, 0x0952ce00, 0x09c60000)
 compacting perm gen  total 12288K, used 4879K [0x13c60000, 0x14860000, 0x17c60000)
   the space 12288K,  39% used [0x13c60000, 0x14123e88, 0x14124000, 0x14860000)
No shared spaces configured.
}
Event: 5.233 GC heap before
{Heap before GC invocations=5 (full 0):
 def new generation   total 4928K, used 4928K [0x03c60000, 0x041b0000, 0x091b0000)
  eden space 4416K, 100% used [0x03c60000, 0x040b0000, 0x040b0000)
  from space 512K, 100% used [0x04130000, 0x041b0000, 0x041b0000)
  to   space 512K,   0% used [0x040b0000, 0x040b0000, 0x04130000)
 tenured generation   total 10944K, used 3571K [0x091b0000, 0x09c60000, 0x13c60000)
   the space 10944K,  32% used [0x091b0000, 0x0952cd18, 0x0952ce00, 0x09c60000)
 compacting perm gen  total 12288K, used 5084K [0x13c60000, 0x14860000, 0x17c60000)
   the space 12288K,  41% used [0x13c60000, 0x14157188, 0x14157200, 0x14860000)
No shared spaces configured.
Event: 5.238 GC heap after
Heap after GC invocations=6 (full 0):
 def new generation   total 4928K, used 512K [0x03c60000, 0x041b0000, 0x091b0000)
  eden space 4416K,   0% used [0x03c60000, 0x03c60000, 0x040b0000)
  from space 512K, 100% used [0x040b0000, 0x04130000, 0x04130000)
  to   space 512K,   0% used [0x04130000, 0x04130000, 0x041b0000)
 tenured generation   total 10944K, used 4447K [0x091b0000, 0x09c60000, 0x13c60000)
   the space 10944K,  40% used [0x091b0000, 0x09607c00, 0x09607c00, 0x09c60000)
 compacting perm gen  total 12288K, used 5084K [0x13c60000, 0x14860000, 0x17c60000)
   the space 12288K,  41% used [0x13c60000, 0x14157188, 0x14157200, 0x14860000)
No shared spaces configured.
}
Event: 6.387 GC heap before
{Heap before GC invocations=6 (full 0):
 def new generation   total 4928K, used 4918K [0x03c60000, 0x041b0000, 0x091b0000)
  eden space 4416K,  99% used [0x03c60000, 0x040ad948, 0x040b0000)
  from space 512K, 100% used [0x040b0000, 0x04130000, 0x04130000)
  to   space 512K,   0% used [0x04130000, 0x04130000, 0x041b0000)
 tenured generation   total 10944K, used 4447K [0x091b0000, 0x09c60000, 0x13c60000)
   the space 10944K,  40% used [0x091b0000, 0x09607c00, 0x09607c00, 0x09c60000)
 compacting perm gen  total 12288K, used 5114K [0x13c60000, 0x14860000, 0x17c60000)
   the space 12288K,  41% used [0x13c60000, 0x1415eac0, 0x1415ec00, 0x14860000)
No shared spaces configured.
Event: 6.392 GC heap after
Heap after GC invocations=7 (full 0):
 def new generation   total 4928K, used 512K [0x03c60000, 0x041b0000, 0x091b0000)
  eden space 4416K,   0% used [0x03c60000, 0x03c60000, 0x040b0000)
  from space 512K, 100% used [0x04130000, 0x041b0000, 0x041b0000)
  to   space 512K,   0% used [0x040b0000, 0x040b0000, 0x04130000)
 tenured generation   total 10944K, used 5118K [0x091b0000, 0x09c60000, 0x13c60000)
   the space 10944K,  46% used [0x091b0000, 0x096af890, 0x096afa00, 0x09c60000)
 compacting perm gen  total 12288K, used 5114K [0x13c60000, 0x14860000, 0x17c60000)
   the space 12288K,  41% used [0x13c60000, 0x1415eac0, 0x1415ec00, 0x14860000)
No shared spaces configured.
}
Event: 6.652 GC heap before
{Heap before GC invocations=7 (full 0):
 def new generation   total 4928K, used 4928K [0x03c60000, 0x041b0000, 0x091b0000)
  eden space 4416K, 100% used [0x03c60000, 0x040b0000, 0x040b0000)
  from space 512K, 100% used [0x04130000, 0x041b0000, 0x041b0000)
  to   space 512K,   0% used [0x040b0000, 0x040b0000, 0x04130000)
 tenured generation   total 10944K, used 5118K [0x091b0000, 0x09c60000, 0x13c60000)
   the space 10944K,  46% used [0x091b0000, 0x096af890, 0x096afa00, 0x09c60000)
 compacting perm gen  total 12288K, used 5316K [0x13c60000, 0x14860000, 0x17c60000)
   the space 12288K,  43% used [0x13c60000, 0x141910b8, 0x14191200, 0x14860000)
No shared spaces configured.
Event: 6.665 GC heap after
Heap after GC invocations=8 (full 0):
 def new generation   total 4928K, used 512K [0x03c60000, 0x041b0000, 0x091b0000)
  eden space 4416K,   0% used [0x03c60000, 0x03c60000, 0x040b0000)
  from space 512K, 100% used [0x040b0000, 0x04130000, 0x04130000)
  to   space 512K,   0% used [0x04130000, 0x04130000, 0x041b0000)
 tenured generation   total 10944K, used 7330K [0x091b0000, 0x09c60000, 0x13c60000)
   the space 10944K,  66% used [0x091b0000, 0x098d8838, 0x098d8a00, 0x09c60000)
 compacting perm gen  total 12288K, used 5316K [0x13c60000, 0x14860000, 0x17c60000)
   the space 12288K,  43% used [0x13c60000, 0x141910b8, 0x14191200, 0x14860000)
No shared spaces configured.
}

Deoptimization events (0 events):
No events

Internal exceptions (10 events):
Event: 6.780 Thread 0x00ed7400 Threw 0x03cdf370 at C:\re\jdk7u55\985\hotspot\src\share\vm\prims\jvm.cpp:1244
Event: 6.781 Thread 0x00ed7400 Threw 0x03ce69b8 at C:\re\jdk7u55\985\hotspot\src\share\vm\prims\jvm.cpp:1244
Event: 6.783 Thread 0x00ed7400 Threw 0x03ceaa98 at C:\re\jdk7u55\985\hotspot\src\share\vm\prims\jvm.cpp:1244
Event: 6.784 Thread 0x00ed7400 Threw 0x03cef4c0 at C:\re\jdk7u55\985\hotspot\src\share\vm\prims\jvm.cpp:1244
Event: 6.785 Thread 0x00ed7400 Threw 0x03cf43b0 at C:\re\jdk7u55\985\hotspot\src\share\vm\prims\jvm.cpp:1244
Event: 6.803 Thread 0x00ed7400 Threw 0x03cf99d8 at C:\re\jdk7u55\985\hotspot\src\share\vm\prims\jvm.cpp:1244
Event: 6.804 Thread 0x00ed7400 Threw 0x03cfe248 at C:\re\jdk7u55\985\hotspot\src\share\vm\prims\jvm.cpp:1244
Event: 6.805 Thread 0x00ed7400 Threw 0x03d028c0 at C:\re\jdk7u55\985\hotspot\src\share\vm\prims\jvm.cpp:1244
Event: 6.807 Thread 0x00ed7400 Threw 0x03d07628 at C:\re\jdk7u55\985\hotspot\src\share\vm\prims\jvm.cpp:1244
Event: 7.881 Thread 0x00ed7400 Threw 0x03d1dfc0 at C:\re\jdk7u55\985\hotspot\src\share\vm\prims\jvm.cpp:1244

Events (10 events):
Event: 6.804 loading class 0x00ede9d0
Event: 6.804 loading class 0x00ede9d0 done
Event: 6.805 loading class 0x00ea9678
Event: 6.805 loading class 0x00ea9678 done
Event: 6.807 loading class 0x00e30ef8
Event: 6.807 loading class 0x00e30ef8 done
Event: 7.537 loading class 0x00accc20
Event: 7.537 loading class 0x00accc20 done
Event: 7.881 loading class 0x19606268
Event: 7.881 loading class 0x19606268 done


Dynamic libraries:
0x01030000 - 0x0105f000 	C:\Program Files\Java\jre7\bin\javaw.exe
0x77490000 - 0x775cc000 	C:\Windows\SYSTEM32\ntdll.dll
0x74950000 - 0x7498f000 	C:\Program Files\AVAST Software\Avast\snxhk.dll
0x77020000 - 0x770f4000 	C:\Windows\system32\KERNEL32.dll
0x75510000 - 0x7555b000 	C:\Windows\system32\KERNELBASE.dll
0x76780000 - 0x76820000 	C:\Windows\system32\ADVAPI32.dll
0x772d0000 - 0x7737c000 	C:\Windows\system32\msvcrt.dll
0x76b90000 - 0x76ba9000 	C:\Windows\SYSTEM32\sechost.dll
0x77220000 - 0x772c2000 	C:\Windows\system32\RPCRT4.dll
0x77380000 - 0x77449000 	C:\Windows\system32\USER32.dll
0x76fd0000 - 0x7701e000 	C:\Windows\system32\GDI32.dll
0x775e0000 - 0x775ea000 	C:\Windows\system32\LPK.dll
0x775f0000 - 0x7768d000 	C:\Windows\system32\USP10.dll
0x74540000 - 0x746de000 	C:\Windows\WinSxS\x86_microsoft.windows.common-controls_6595b64144ccf1df_6.0.7601.17514_none_41e6975e2bd6f2b2\COMCTL32.dll
0x759c0000 - 0x75a17000 	C:\Windows\system32\SHLWAPI.dll
0x77690000 - 0x776af000 	C:\Windows\system32\IMM32.DLL
0x76bb0000 - 0x76c7c000 	C:\Windows\system32\MSCTF.dll
0x5b3c0000 - 0x5b47f000 	C:\Program Files\Java\jre7\bin\msvcr100.dll
0x5b8d0000 - 0x5bc50000 	C:\Program Files\Java\jre7\bin\client\jvm.dll
0x71a30000 - 0x71a37000 	C:\Windows\system32\WSOCK32.dll
0x77450000 - 0x77485000 	C:\Windows\system32\WS2_32.dll
0x775d0000 - 0x775d6000 	C:\Windows\system32\NSI.dll
0x6f2e0000 - 0x6f312000 	C:\Windows\system32\WINMM.dll
0x75810000 - 0x75815000 	C:\Windows\system32\PSAPI.DLL
0x6e810000 - 0x6e81c000 	C:\Program Files\Java\jre7\bin\verify.dll
0x69120000 - 0x69140000 	C:\Program Files\Java\jre7\bin\java.dll
0x71c10000 - 0x71c3a000 	C:\Program Files\Java\jre7\bin\jdwp.dll
0x72bf0000 - 0x72bf7000 	C:\Program Files\Java\jre7\bin\npt.dll
0x69380000 - 0x69393000 	C:\Program Files\Java\jre7\bin\zip.dll
0x71f10000 - 0x71f18000 	C:\Program Files\Java\jre7\bin\dt_socket.dll
0x73800000 - 0x73810000 	C:\Windows\system32\NLAapi.dll
0x6efa0000 - 0x6efb0000 	C:\Windows\system32\napinsp.dll
0x6ef80000 - 0x6ef92000 	C:\Windows\system32\pnrpnsp.dll
0x74ec0000 - 0x74efc000 	C:\Windows\System32\mswsock.dll
0x74d80000 - 0x74dc4000 	C:\Windows\system32\DNSAPI.dll
0x6ef50000 - 0x6ef58000 	C:\Windows\System32\winrnr.dll
0x73650000 - 0x7366c000 	C:\Windows\system32\IPHLPAPI.DLL
0x73630000 - 0x73637000 	C:\Windows\system32\WINNSI.DLL
0x734f0000 - 0x73528000 	C:\Windows\System32\fwpuclnt.dll
0x6d9a0000 - 0x6d9a6000 	C:\Windows\system32\rasadhlp.dll
0x74a30000 - 0x74a35000 	C:\Windows\System32\wshtcpip.dll
0x6cec0000 - 0x6cf45000 	C:\Users\Carlos\AppData\Local\Temp\libgdxCarlos\56953fb7\gdx.dll
0x00fd0000 - 0x0101c000 	C:\Users\Carlos\AppData\Local\Temp\libgdxCarlos\52d76f2b\lwjgl.dll
0x68980000 - 0x68a48000 	C:\Windows\system32\OPENGL32.dll
0x67ad0000 - 0x67af2000 	C:\Windows\system32\GLU32.dll
0x5d8d0000 - 0x5d9b7000 	C:\Windows\system32\DDRAW.dll
0x71ef0000 - 0x71ef6000 	C:\Windows\system32\DCIMAN32.dll
0x75820000 - 0x759bd000 	C:\Windows\system32\SETUPAPI.dll
0x75590000 - 0x755b7000 	C:\Windows\system32\CFGMGR32.dll
0x77190000 - 0x7721f000 	C:\Windows\system32\OLEAUT32.dll
0x76870000 - 0x769cc000 	C:\Windows\system32\ole32.dll
0x75620000 - 0x75632000 	C:\Windows\system32\DEVOBJ.dll
0x74090000 - 0x740a3000 	C:\Windows\system32\dwmapi.dll
0x749a0000 - 0x749a9000 	C:\Windows\system32\VERSION.dll
0x184c0000 - 0x18525000 	C:\Users\Carlos\AppData\Local\Temp\libgdxCarlos\52d76f2b\OpenAL32.dll
0x75b30000 - 0x7677a000 	C:\Windows\system32\SHELL32.dll
0x75410000 - 0x7541c000 	C:\Windows\system32\CRYPTBASE.dll
0x743c0000 - 0x74400000 	C:\Windows\system32\uxtheme.dll
0x75aa0000 - 0x75b23000 	C:\Windows\system32\CLBCatQ.DLL
0x74400000 - 0x744f5000 	C:\Windows\System32\PROPSYS.dll
0x755d0000 - 0x755fe000 	C:\Windows\system32\WINTRUST.dll
0x756d0000 - 0x757f0000 	C:\Windows\system32\CRYPT32.dll
0x75500000 - 0x7550c000 	C:\Windows\system32\MSASN1.dll
0x71ca0000 - 0x71d12000 	C:\Windows\system32\dsound.dll
0x73b40000 - 0x73b65000 	C:\Windows\system32\POWRPROF.dll
0x740b0000 - 0x740e9000 	C:\Windows\System32\MMDevApi.dll
0x6d450000 - 0x6d486000 	C:\Windows\system32\AUDIOSES.DLL
0x19880000 - 0x1a324000 	C:\Windows\system32\ig4icd32.dll
0x708c0000 - 0x70939000 	C:\Windows\system32\mscms.dll
0x75570000 - 0x75587000 	C:\Windows\system32\USERENV.dll
0x754f0000 - 0x754fb000 	C:\Windows\system32\profapi.dll
0x652e0000 - 0x65318000 	C:\Windows\system32\icm32.dll
0x6dd40000 - 0x6de11000 	C:\Users\Carlos\AppData\Local\Temp\libgdxCarlos\1757f8d2\gdx-controllers-desktop.dll
0x67810000 - 0x67840000 	C:\Windows\system32\dinput8.dll
0x740f0000 - 0x740f9000 	C:\Windows\system32\HID.DLL
0x6f1a0000 - 0x6f28b000 	C:\Windows\system32\dbghelp.dll

VM Arguments:
jvm_args: -agentlib:jdwp=transport=dt_socket,suspend=y,address=localhost:50280 -Dfile.encoding=Cp1252 
java_command: com.valyrian.firstgame.Main
Launcher Type: SUN_STANDARD

Environment Variables:
PATH=C:/Program Files/Java/jre7/bin/client;C:/Program Files/Java/jre7/bin;C:/Program Files/Java/jre7/lib/i386;C:\Windows\system32;C:\Windows;C:\Windows\System32\Wbem;C:\Windows\System32\WindowsPowerShell\v1.0\;C:\Program Files\Common Files\Autodesk Shared\;C:\Program Files\Mercurial;C:\Program Files\nodejs\;C:\Users\Carlos\AppData\Roaming\npm;C:\Users\Carlos\Desktop\DAVID\eclipse;
USERNAME=Carlos
OS=Windows_NT
PROCESSOR_IDENTIFIER=x86 Family 6 Model 15 Stepping 13, GenuineIntel



---------------  S Y S T E M  ---------------

OS: Windows 7 Build 7601 Service Pack 1

CPU:total 2 (2 cores per cpu, 1 threads per core) family 6 model 15 stepping 13, cmov, cx8, fxsr, mmx, sse, sse2, sse3, ssse3, tsc

Memory: 4k page, physical 3010560k(1609744k free), swap 6019368k(3901316k free)

vm_info: Java HotSpot(TM) Client VM (24.55-b03) for windows-x86 JRE (1.7.0_55-b14), built on Apr 14 2014 18:25:32 by "java_re" with unknown MS VC++:1600

time: Sun Jun 15 11:42:08 2014
elapsed time: 32 seconds

