#
# A fatal error has been detected by the Java Runtime Environment:
#
#  SIGSEGV (0xb) at pc=0x8a20f8e7, pid=8503, tid=2234506048
#
# JRE version: 6.0_27-b27
# Java VM: OpenJDK Server VM (20.0-b12 mixed mode linux-x86 )
# Derivative: IcedTea6 1.12.6
# Distribution: Ubuntu 12.04 LTS, package 6b27-1.12.6-1ubuntu0.12.04.2
# Problematic frame:
# C  [libgdx.so+0x228e7]  b2Contact::b2Contact(b2Fixture*, int, b2Fixture*, int)+0x27
#
# If you would like to submit a bug report, please include
# instructions how to reproduce the bug and visit:
#   https://bugs.launchpad.net/ubuntu/+source/openjdk-6/
# The crash happened outside the Java Virtual Machine in native code.
# See problematic frame for where to report the bug.
#

---------------  T H R E A D  ---------------

Current thread (0x89478800):  JavaThread "LWJGL Application" [_thread_in_native, id=8527, stack(0x852ad000,0x852fe000)]

siginfo:si_signo=SIGSEGV: si_errno=0, si_code=2 (SEGV_ACCERR), si_addr=0x8a25f98c

Registers:
EAX=0x091d7dc0, EBX=0x8a25fff4, ECX=0x8a25f8b8, EDX=0x09419738
ESP=0x852fc9f0, EBP=0x00000000, ESI=0x8a25f988, EDI=0x091d7dc0
EIP=0x8a20f8e7, EFLAGS=0x00010286, CR2=0x8a25f98c

Top of Stack: (sp=0x852fc9f0)
0x852fc9f0:   89478800 0000000a 092bb710 0000000a
0x852fca00:   092c3990 0000056d 43969000 8a20df50
0x852fca10:   8a20f8c7 8a25fff4 8a25f988 8a21325c
0x852fca20:   8a25f988 091d7dc0 00000000 09419738
0x852fca30:   00000000 092866dc 852fcab8 8a25fff4
0x852fca40:   09419738 8a25fff4 8a25f988 8a213328
0x852fca50:   8a25f988 091d7dc0 09419738 8a25fff4
0x852fca60:   00000000 8a25fff4 09419738 8a20f6fd 

Instructions: (pc=0x8a20f8e7)
0x8a20f8c7:   81 c3 2d 07 05 00 83 ec 24 8b 54 24 3c 8b 74 24
0x8a20f8d7:   30 8b 44 24 34 f3 0f 10 4a 10 8b 8b d4 ff ff ff
0x8a20f8e7:   c7 46 04 04 00 00 00 f3 0f 59 48 10 89 46 30 83
0x8a20f8f7:   c1 08 89 0e 8b 4c 24 38 f3 0f 51 c1 89 56 34 c7 

Register to memory mapping:

EAX=0x091d7dc0 is an unknown value
EBX=0x8a25fff4: <offset 0x72ff4> in /tmp/libgdxroger/98aad7b2/libgdx.so at 0x8a1ed000
ECX=0x8a25f8b8: _ZTV9b2Contact+0 in /tmp/libgdxroger/98aad7b2/libgdx.so at 0x8a1ed000
EDX=0x09419738 is an unknown value
ESP=0x852fc9f0 is pointing into the stack for thread: 0x89478800
EBP=0x00000000 is an unknown value
ESI=0x8a25f988: _ZTV16b2PolygonContact+0x8 in /tmp/libgdxroger/98aad7b2/libgdx.so at 0x8a1ed000
EDI=0x091d7dc0 is an unknown value


Stack: [0x852ad000,0x852fe000],  sp=0x852fc9f0,  free space=318k
Native frames: (J=compiled Java code, j=interpreted, Vv=VM code, C=native code)
C  [libgdx.so+0x228e7]  b2Contact::b2Contact(b2Fixture*, int, b2Fixture*, int)+0x27

[error occurred during error reporting (printing native stack), id 0xb]

Java frames: (J=compiled Java code, j=interpreted, Vv=VM code)
j  com.badlogic.gdx.physics.box2d.World.jniStep(JFII)V+0
j  com.badlogic.gdx.physics.box2d.World.step(FII)V+8
j  com.valyrian.firstgame.pantallas.pruebas.PantallaPruebaPersonaje.render(F)V+32
j  com.badlogic.gdx.Game.render()V+19
j  com.badlogic.gdx.backends.lwjgl.LwjglApplication.mainLoop()V+642
j  com.badlogic.gdx.backends.lwjgl.LwjglApplication$1.run()V+27
v  ~StubRoutines::call_stub

---------------  P R O C E S S  ---------------

Java Threads: ( => current thread )
  0xb6606000 JavaThread "DestroyJavaVM" [_thread_blocked, id=8508, stack(0xb6749000,0xb679a000)]
=>0x89478800 JavaThread "LWJGL Application" [_thread_in_native, id=8527, stack(0x852ad000,0x852fe000)]
  0x8a7cc000 JavaThread "AWT-XAWT" daemon [_thread_in_native, id=8520, stack(0x8a19c000,0x8a1ed000)]
  0x8a773400 JavaThread "Java2D Disposer" daemon [_thread_blocked, id=8519, stack(0x8a39f000,0x8a3f0000)]
  0xb66a5800 JavaThread "Low Memory Detector" daemon [_thread_blocked, id=8517, stack(0x8a8f6000,0x8a947000)]
  0xb66a3c00 JavaThread "C2 CompilerThread1" daemon [_thread_blocked, id=8516, stack(0x8a947000,0x8a9c8000)]
  0xb66a1c00 JavaThread "C2 CompilerThread0" daemon [_thread_blocked, id=8515, stack(0x8a9c8000,0x8aa49000)]
  0xb66a0800 JavaThread "Signal Dispatcher" daemon [_thread_blocked, id=8514, stack(0x8b02e000,0x8b07f000)]
  0xb6690000 JavaThread "Finalizer" daemon [_thread_blocked, id=8513, stack(0x8ac49000,0x8ac9a000)]
  0xb668e800 JavaThread "Reference Handler" daemon [_thread_blocked, id=8512, stack(0x8ac9a000,0x8aceb000)]

Other Threads:
  0xb668bc00 VMThread [stack: 0x8aceb000,0x8ad6c000] [id=8511]
  0xb66a7400 WatcherThread [stack: 0x8a875000,0x8a8f6000] [id=8518]

VM state:not at safepoint (normal execution)

VM Mutex/Monitor currently owned by a thread: None

Heap
 PSYoungGen      total 9280K, used 1565K [0xa8a60000, 0xa9c80000, 0xb3500000)
  eden space 8000K, 3% used [0xa8a60000,0xa8aa87c8,0xa9230000)
  from space 1280K, 99% used [0xa9230000,0xa936efd0,0xa9370000)
  to   space 1280K, 0% used [0xa9b40000,0xa9b40000,0xa9c80000)
 PSOldGen        total 21120K, used 2309K [0x93500000, 0x949a0000, 0xa8a60000)
  object space 21120K, 10% used [0x93500000,0x93741578,0x949a0000)
 PSPermGen       total 16384K, used 8340K [0x8b500000, 0x8c500000, 0x93500000)
  object space 16384K, 50% used [0x8b500000,0x8bd251a0,0x8c500000)

Code Cache  [0xb35c4000, 0xb3804000, 0xb65c4000)
 total_blobs=439 nmethods=136 adapters=258 free_code_cache=49688832 largest_free_block=11264

Dynamic libraries:
08048000-08051000 r-xp 00000000 08:06 17488      /usr/lib/jvm/java-6-openjdk-i386/jre/bin/java
08051000-08052000 r--p 00008000 08:06 17488      /usr/lib/jvm/java-6-openjdk-i386/jre/bin/java
08052000-08053000 rw-p 00009000 08:06 17488      /usr/lib/jvm/java-6-openjdk-i386/jre/bin/java
08e3b000-09679000 rw-p 00000000 00:00 0          [heap]
80c02000-81802000 rw-s 343ca000 00:05 7876       /dev/dri/card0
81802000-82402000 rw-s 337ca000 00:05 7876       /dev/dri/card0
826e9000-826f5000 rw-s 23ba1000 00:05 7876       /dev/dri/card0
826f5000-82701000 rw-s 23b95000 00:05 7876       /dev/dri/card0
82701000-82981000 rw-s 353da000 00:05 7876       /dev/dri/card0
82981000-83581000 rw-s 15509000 00:05 7876       /dev/dri/card0
83584000-83590000 rw-s 23b89000 00:05 7876       /dev/dri/card0
83590000-8359c000 rw-s 23b7d000 00:05 7876       /dev/dri/card0
8359c000-835a8000 rw-s 23b71000 00:05 7876       /dev/dri/card0
835a8000-835b4000 rw-s 23b65000 00:05 7876       /dev/dri/card0
835b4000-835c0000 rw-s 23b59000 00:05 7876       /dev/dri/card0
835c0000-835cc000 rw-s 23b4d000 00:05 7876       /dev/dri/card0
835cc000-835d8000 rw-s 23b41000 00:05 7876       /dev/dri/card0
835d8000-835e4000 rw-s 23b35000 00:05 7876       /dev/dri/card0
835e4000-835f0000 rw-s 23b29000 00:05 7876       /dev/dri/card0
835f0000-835fc000 rw-s 23b1d000 00:05 7876       /dev/dri/card0
835fc000-83608000 rw-s 23b11000 00:05 7876       /dev/dri/card0
83608000-83614000 rw-s 23b05000 00:05 7876       /dev/dri/card0
83614000-83620000 rw-s 23af9000 00:05 7876       /dev/dri/card0
83620000-8362c000 rw-s 23aed000 00:05 7876       /dev/dri/card0
8362c000-83638000 rw-s 23ae1000 00:05 7876       /dev/dri/card0
83638000-83644000 rw-s 23ad5000 00:05 7876       /dev/dri/card0
83644000-83650000 rw-s 23ac9000 00:05 7876       /dev/dri/card0
83650000-8365c000 rw-s 23abd000 00:05 7876       /dev/dri/card0
8365c000-83668000 rw-s 23ab1000 00:05 7876       /dev/dri/card0
83668000-83674000 rw-s 23aa5000 00:05 7876       /dev/dri/card0
83674000-83680000 rw-s 23a99000 00:05 7876       /dev/dri/card0
83680000-8368c000 rw-s 23a8d000 00:05 7876       /dev/dri/card0
8368c000-83698000 rw-s 23a81000 00:05 7876       /dev/dri/card0
83698000-836a4000 rw-s 23a75000 00:05 7876       /dev/dri/card0
836a4000-836b0000 rw-s 23a69000 00:05 7876       /dev/dri/card0
836b0000-836bc000 rw-s 302ee000 00:05 7876       /dev/dri/card0
836bc000-836c8000 rw-s 32d6a000 00:05 7876       /dev/dri/card0
836c8000-836d4000 rw-s 32d5e000 00:05 7876       /dev/dri/card0
836d4000-836e0000 rw-s 32d3e000 00:05 7876       /dev/dri/card0
836e0000-836ec000 rw-s 32d32000 00:05 7876       /dev/dri/card0
836ec000-836f8000 rw-s 32d26000 00:05 7876       /dev/dri/card0
836f8000-83704000 rw-s 32d1a000 00:05 7876       /dev/dri/card0
83704000-83710000 rw-s 32d0e000 00:05 7876       /dev/dri/card0
83710000-8371c000 rw-s 32d02000 00:05 7876       /dev/dri/card0
8371c000-83728000 rw-s 32cf6000 00:05 7876       /dev/dri/card0
83728000-83734000 rw-s 32cea000 00:05 7876       /dev/dri/card0
83734000-83740000 rw-s 32cde000 00:05 7876       /dev/dri/card0
83740000-8374c000 rw-s 32cd2000 00:05 7876       /dev/dri/card0
8374c000-83758000 rw-s 32cc6000 00:05 7876       /dev/dri/card0
83758000-83764000 rw-s 32cba000 00:05 7876       /dev/dri/card0
83764000-83770000 rw-s 32cae000 00:05 7876       /dev/dri/card0
83770000-8377c000 rw-s 32ca2000 00:05 7876       /dev/dri/card0
8377c000-83788000 rw-s 32c96000 00:05 7876       /dev/dri/card0
83788000-83794000 rw-s 32c8a000 00:05 7876       /dev/dri/card0
83794000-837a0000 rw-s 32c7e000 00:05 7876       /dev/dri/card0
837a0000-837ac000 rw-s 32c72000 00:05 7876       /dev/dri/card0
837ac000-837b8000 rw-s 32c66000 00:05 7876       /dev/dri/card0
837b8000-837c4000 rw-s 32c5a000 00:05 7876       /dev/dri/card0
837c4000-837d0000 rw-s 32c4e000 00:05 7876       /dev/dri/card0
837d0000-837dc000 rw-s 32c42000 00:05 7876       /dev/dri/card0
837dc000-837e8000 rw-s 32c36000 00:05 7876       /dev/dri/card0
837e8000-837f4000 rw-s 32c2a000 00:05 7876       /dev/dri/card0
837f4000-83800000 rw-s 32c1e000 00:05 7876       /dev/dri/card0
83800000-8380c000 rw-s 32c12000 00:05 7876       /dev/dri/card0
8380c000-83818000 rw-s 32c06000 00:05 7876       /dev/dri/card0
83818000-83824000 rw-s 32bfa000 00:05 7876       /dev/dri/card0
83824000-83830000 rw-s 32bee000 00:05 7876       /dev/dri/card0
83830000-8383c000 rw-s 32be2000 00:05 7876       /dev/dri/card0
8383c000-83848000 rw-s 32bd6000 00:05 7876       /dev/dri/card0
83848000-83854000 rw-s 32bca000 00:05 7876       /dev/dri/card0
83854000-83860000 rw-s 32bbe000 00:05 7876       /dev/dri/card0
83860000-8386c000 rw-s 32bb2000 00:05 7876       /dev/dri/card0
8386c000-83878000 rw-s 32ba6000 00:05 7876       /dev/dri/card0
83878000-83884000 rw-s 32b9a000 00:05 7876       /dev/dri/card0
83884000-83890000 rw-s 32b8e000 00:05 7876       /dev/dri/card0
83890000-8389c000 rw-s 32b82000 00:05 7876       /dev/dri/card0
8389c000-838a8000 rw-s 32b76000 00:05 7876       /dev/dri/card0
838a8000-838b4000 rw-s 32b6a000 00:05 7876       /dev/dri/card0
838b4000-838c0000 rw-s 32b5e000 00:05 7876       /dev/dri/card0
838c0000-838cc000 rw-s 32b52000 00:05 7876       /dev/dri/card0
838cc000-838d8000 rw-s 32d52000 00:05 7876       /dev/dri/card0
838d8000-838e4000 rw-s 18e4c000 00:05 7876       /dev/dri/card0
838e4000-838f0000 rw-s 357fa000 00:05 7876       /dev/dri/card0
838f0000-838fc000 rw-s 357ee000 00:05 7876       /dev/dri/card0
838fc000-83908000 rw-s 357e2000 00:05 7876       /dev/dri/card0
83908000-83914000 rw-s 357d6000 00:05 7876       /dev/dri/card0
83914000-83920000 rw-s 357ca000 00:05 7876       /dev/dri/card0
83920000-83a20000 rw-s 352da000 00:05 7876       /dev/dri/card0
83a20000-83b00000 rw-s 351fa000 00:05 7876       /dev/dri/card0
83b00000-83bfb000 rw-p 00000000 00:00 0 
83bfb000-83c00000 ---p 00000000 00:00 0 
83c00000-83cc0000 rw-p 00000000 00:00 0 
83cc0000-83d00000 ---p 00000000 00:00 0 
83d00000-83dfc000 rw-p 00000000 00:00 0 
83dfc000-83e00000 ---p 00000000 00:00 0 
83e04000-83e10000 rw-s 357be000 00:05 7876       /dev/dri/card0
83e10000-83e80000 rw-s 356e2000 00:05 7876       /dev/dri/card0
83e80000-83f40000 rw-s 3513a000 00:05 7876       /dev/dri/card0
83f40000-84000000 rw-s 3507a000 00:05 7876       /dev/dri/card0
84000000-840d8000 rw-p 00000000 00:00 0 
840d8000-84100000 ---p 00000000 00:00 0 
84106000-84112000 rw-s 357b2000 00:05 7876       /dev/dri/card0
84112000-8413a000 rw-s 356ba000 00:05 7876       /dev/dri/card0
8413a000-8419a000 rw-s 3565a000 00:05 7876       /dev/dri/card0
8419a000-841fa000 rw-s 3501a000 00:05 7876       /dev/dri/card0
841fa000-84c7e000 rw-p 00000000 00:00 0 
84c7e000-84cb8000 rw-p 00000000 00:00 0 
84cb9000-84cc5000 rw-s 357a6000 00:05 7876       /dev/dri/card0
84cc5000-84ced000 rw-s 3577e000 00:05 7876       /dev/dri/card0
84ced000-84d01000 rw-s 3576a000 00:05 7876       /dev/dri/card0
84d01000-84d0d000 rw-s 3575e000 00:05 7876       /dev/dri/card0
84d0d000-84d5d000 rw-s 34fca000 00:05 7876       /dev/dri/card0
84d5d000-84d66000 r-xp 00000000 08:06 2233202    /usr/lib/i386-linux-gnu/libpciaccess.so.0.11.0
84d66000-84d67000 r--p 00008000 08:06 2233202    /usr/lib/i386-linux-gnu/libpciaccess.so.0.11.0
84d67000-84d68000 rw-p 00009000 08:06 2233202    /usr/lib/i386-linux-gnu/libpciaccess.so.0.11.0
84d68000-84d85000 r-xp 00000000 08:06 2232927    /usr/lib/i386-linux-gnu/libdrm_intel.so.1.0.0
84d85000-84d86000 r--p 0001c000 08:06 2232927    /usr/lib/i386-linux-gnu/libdrm_intel.so.1.0.0
84d86000-84d87000 rw-p 0001d000 08:06 2232927    /usr/lib/i386-linux-gnu/libdrm_intel.so.1.0.0
84d87000-84dad000 r-xp 00000000 08:06 266235     /lib/i386-linux-gnu/libexpat.so.1.5.2
84dad000-84dae000 ---p 00026000 08:06 266235     /lib/i386-linux-gnu/libexpat.so.1.5.2
84dae000-84db0000 r--p 00026000 08:06 266235     /lib/i386-linux-gnu/libexpat.so.1.5.2
84db0000-84db1000 rw-p 00028000 08:06 266235     /lib/i386-linux-gnu/libexpat.so.1.5.2
84db1000-84ec6000 r-xp 00000000 08:06 2234041    /usr/lib/i386-linux-gnu/dri/libglsl.so
84ec6000-84ecb000 r--p 00114000 08:06 2234041    /usr/lib/i386-linux-gnu/dri/libglsl.so
84ecb000-84ecd000 rw-p 00119000 08:06 2234041    /usr/lib/i386-linux-gnu/dri/libglsl.so
84ecd000-84ece000 rw-p 00000000 00:00 0 
84ece000-85129000 r-xp 00000000 08:06 2233022    /usr/lib/i386-linux-gnu/dri/libdricore.so
85129000-8512a000 ---p 0025b000 08:06 2233022    /usr/lib/i386-linux-gnu/dri/libdricore.so
8512a000-85130000 r--p 0025b000 08:06 2233022    /usr/lib/i386-linux-gnu/dri/libdricore.so
85130000-85132000 rw-p 00261000 08:06 2233022    /usr/lib/i386-linux-gnu/dri/libdricore.so
85132000-85147000 rw-p 00000000 00:00 0 
85147000-85221000 r-xp 00000000 08:06 2233005    /usr/lib/i386-linux-gnu/dri/i965_dri.so
85221000-85223000 r--p 000d9000 08:06 2233005    /usr/lib/i386-linux-gnu/dri/i965_dri.so
85223000-85225000 rw-p 000db000 08:06 2233005    /usr/lib/i386-linux-gnu/dri/i965_dri.so
85225000-85226000 rw-p 00000000 00:00 0 
85226000-8523c000 r-xp 00000000 08:06 2233355    /usr/lib/i386-linux-gnu/libxcb-glx.so.0.0.0
8523c000-8523d000 r--p 00016000 08:06 2233355    /usr/lib/i386-linux-gnu/libxcb-glx.so.0.0.0
8523d000-8523e000 rw-p 00017000 08:06 2233355    /usr/lib/i386-linux-gnu/libxcb-glx.so.0.0.0
8523e000-8524d000 r-xp 00000000 08:06 2233417    /usr/lib/i386-linux-gnu/libglapi.so.0.0.0
8524d000-8524f000 r--p 0000f000 08:06 2233417    /usr/lib/i386-linux-gnu/libglapi.so.0.0.0
8524f000-85254000 rwxp 00011000 08:06 2233417    /usr/lib/i386-linux-gnu/libglapi.so.0.0.0
85254000-852a6000 r-xp 00000000 08:06 2232945    /usr/lib/i386-linux-gnu/mesa/libGL.so.1.2
852a6000-852a8000 r--p 00051000 08:06 2232945    /usr/lib/i386-linux-gnu/mesa/libGL.so.1.2
852a8000-852ad000 rwxp 00053000 08:06 2232945    /usr/lib/i386-linux-gnu/mesa/libGL.so.1.2
852ad000-852b0000 ---p 00000000 00:00 0 
852b0000-852fe000 rw-p 00000000 00:00 0 
852fe000-852ff000 ---p 00000000 00:00 0 
852ff000-853ff000 rw-p 00000000 00:00 0 
853ff000-89400000 rw-s 00000000 00:12 143463     /run/shm/pulse-shm-4073777310
89400000-8947f000 rw-p 00000000 00:00 0 
8947f000-89500000 ---p 00000000 00:00 0 
89508000-89514000 rw-s 35752000 00:05 7876       /dev/dri/card0
89514000-89517000 rw-s 00000000 00:04 144432     /drm mm object (deleted)
89517000-8951a000 ---p 00000000 00:00 0 
8951a000-89568000 rw-p 00000000 00:00 0 
89568000-89569000 ---p 00000000 00:00 0 
89569000-89d69000 rw-p 00000000 00:00 0 
89d69000-89d7c000 r-xp 00000000 08:06 263155     /lib/i386-linux-gnu/libresolv-2.15.so
89d7c000-89d7d000 ---p 00013000 08:06 263155     /lib/i386-linux-gnu/libresolv-2.15.so
89d7d000-89d7e000 r--p 00013000 08:06 263155     /lib/i386-linux-gnu/libresolv-2.15.so
89d7e000-89d7f000 rw-p 00014000 08:06 263155     /lib/i386-linux-gnu/libresolv-2.15.so
89d7f000-89d81000 rw-p 00000000 00:00 0 
89d81000-89d87000 r-xp 00000000 08:06 2233176    /usr/lib/i386-linux-gnu/libogg.so.0.7.1
89d87000-89d88000 r--p 00005000 08:06 2233176    /usr/lib/i386-linux-gnu/libogg.so.0.7.1
89d88000-89d89000 rw-p 00006000 08:06 2233176    /usr/lib/i386-linux-gnu/libogg.so.0.7.1
89d89000-89db2000 r-xp 00000000 08:06 2233334    /usr/lib/i386-linux-gnu/libvorbis.so.0.4.5
89db2000-89db3000 r--p 00028000 08:06 2233334    /usr/lib/i386-linux-gnu/libvorbis.so.0.4.5
89db3000-89db4000 rw-p 00029000 08:06 2233334    /usr/lib/i386-linux-gnu/libvorbis.so.0.4.5
89db4000-89f1a000 r-xp 00000000 08:06 2233336    /usr/lib/i386-linux-gnu/libvorbisenc.so.2.0.8
89f1a000-89f2b000 r--p 00165000 08:06 2233336    /usr/lib/i386-linux-gnu/libvorbisenc.so.2.0.8
89f2b000-89f2c000 rw-p 00176000 08:06 2233336    /usr/lib/i386-linux-gnu/libvorbisenc.so.2.0.8
89f2c000-89f78000 r-xp 00000000 08:06 2232709    /usr/lib/i386-linux-gnu/libFLAC.so.8.2.0
89f78000-89f79000 r--p 0004b000 08:06 2232709    /usr/lib/i386-linux-gnu/libFLAC.so.8.2.0
89f79000-89f7a000 rw-p 0004c000 08:06 2232709    /usr/lib/i386-linux-gnu/libFLAC.so.8.2.0
89f7a000-89f7f000 r-xp 00000000 08:06 2232823    /usr/lib/i386-linux-gnu/libasyncns.so.0.3.1
89f7f000-89f80000 r--p 00004000 08:06 2232823    /usr/lib/i386-linux-gnu/libasyncns.so.0.3.1
89f80000-89f81000 rw-p 00005000 08:06 2232823    /usr/lib/i386-linux-gnu/libasyncns.so.0.3.1
89f81000-89fed000 r-xp 00000000 08:06 2233271    /usr/lib/i386-linux-gnu/libsndfile.so.1.0.25
89fed000-89fee000 r--p 0006c000 08:06 2233271    /usr/lib/i386-linux-gnu/libsndfile.so.1.0.25
89fee000-89fef000 rw-p 0006d000 08:06 2233271    /usr/lib/i386-linux-gnu/libsndfile.so.1.0.25
89fef000-89ff3000 rw-p 00000000 00:00 0 
89ff3000-8a03a000 r-xp 00000000 08:06 263083     /lib/i386-linux-gnu/libdbus-1.so.3.5.8
8a03a000-8a03b000 r--p 00046000 08:06 263083     /lib/i386-linux-gnu/libdbus-1.so.3.5.8
8a03b000-8a03c000 rw-p 00047000 08:06 263083     /lib/i386-linux-gnu/libdbus-1.so.3.5.8
8a03c000-8a09f000 r-xp 00000000 08:06 2233883    /usr/lib/i386-linux-gnu/libpulsecommon-1.1.so
8a09f000-8a0a0000 r--p 00062000 08:06 2233883    /usr/lib/i386-linux-gnu/libpulsecommon-1.1.so
8a0a0000-8a0a1000 rw-p 00063000 08:06 2233883    /usr/lib/i386-linux-gnu/libpulsecommon-1.1.so
8a0a1000-8a0ed000 r-xp 00000000 08:06 2233215    /usr/lib/i386-linux-gnu/libpulse.so.0.13.5
8a0ed000-8a0ee000 r--p 0004b000 08:06 2233215    /usr/lib/i386-linux-gnu/libpulse.so.0.13.5
8a0ee000-8a0ef000 rw-p 0004c000 08:06 2233215    /usr/lib/i386-linux-gnu/libpulse.so.0.13.5
8a0ef000-8a13d000 r-xp 00000000 08:06 2097234    /tmp/libgdxroger/13fdc6a4/libopenal.so
8a13d000-8a13f000 r--p 0004d000 08:06 2097234    /tmp/libgdxroger/13fdc6a4/libopenal.so
8a13f000-8a140000 rw-p 0004f000 08:06 2097234    /tmp/libgdxroger/13fdc6a4/libopenal.so
8a140000-8a19a000 r-xp 00000000 08:06 2097233    /tmp/libgdxroger/13fdc6a4/liblwjgl.so
8a19a000-8a19b000 r--p 0005a000 08:06 2097233    /tmp/libgdxroger/13fdc6a4/liblwjgl.so
8a19b000-8a19c000 rw-p 0005b000 08:06 2097233    /tmp/libgdxroger/13fdc6a4/liblwjgl.so
8a19c000-8a19f000 ---p 00000000 00:00 0 
8a19f000-8a1ed000 rw-p 00000000 00:00 0 
8a1ed000-8a25f000 r-xp 00000000 08:06 2097231    /tmp/libgdxroger/98aad7b2/libgdx.so
8a25f000-8a260000 r--p 00071000 08:06 2097231    /tmp/libgdxroger/98aad7b2/libgdx.so
8a260000-8a261000 rw-p 00072000 08:06 2097231    /tmp/libgdxroger/98aad7b2/libgdx.so
8a261000-8a262000 r--s 00000000 08:06 2368540    /var/cache/fontconfig/c05880de57d1f5e948fdfacc138775d9-le32d4.cache-3
8a262000-8a268000 r--s 00000000 08:06 2368535    /var/cache/fontconfig/945677eb7aeaf62f1d50efc3fb3ec7d8-le32d4.cache-3
8a268000-8a26a000 r--s 00000000 08:06 2368536    /var/cache/fontconfig/99e8ed0e538f840c565b6ed5dad60d56-le32d4.cache-3
8a26a000-8a270000 r--s 00000000 08:06 2380075    /var/cache/fontconfig/a6d8cf8e4ec09cdbc8633c31745a07dd-le32d4.cache-3
8a270000-8a273000 r--s 00000000 08:06 2368522    /var/cache/fontconfig/2cd17615ca594fa2959ae173292e504c-le32d4.cache-3
8a273000-8a274000 r--s 00000000 08:06 2368547    /var/cache/fontconfig/e7071f4a29fa870f4323321c154eba04-le32d4.cache-3
8a274000-8a275000 r--s 00000000 08:06 2368520    /var/cache/fontconfig/0d8c3b2ac0904cb8a57a757ad11a4a08-le32d4.cache-3
8a275000-8a279000 r--s 00000000 08:06 2368537    /var/cache/fontconfig/a755afe4a08bf5b97852ceb7400b47bc-le32d4.cache-3
8a279000-8a280000 r--s 00000000 08:06 2378356    /var/cache/fontconfig/6d41288fd70b0be22e8c3a91e032eec0-le32d4.cache-3
8a280000-8a28b000 r--s 00000000 08:06 2368519    /var/cache/fontconfig/04aabc0a78ac019cf9454389977116d2-le32d4.cache-3
8a28b000-8a28e000 r--s 00000000 08:06 2368525    /var/cache/fontconfig/385c0604a188198f04d133e54aba7fe7-le32d4.cache-3
8a28e000-8a28f000 r--s 00000000 08:06 2359515    /var/cache/fontconfig/4794a0821666d79190d59a36cb4f44b5-le32d4.cache-3
8a28f000-8a292000 r--s 00000000 08:06 2368534    /var/cache/fontconfig/8801497958630a81b71ace7c5f9b32a8-le32d4.cache-3
8a292000-8a2b4000 r--s 00000000 08:06 2371323    /var/cache/fontconfig/365b55f210c0a22e9a19e35191240f32-le32d4.cache-3
8a2b6000-8a2be000 r-xp 00000000 08:06 263180     /lib/i386-linux-gnu/libwrap.so.0.7.6
8a2be000-8a2bf000 r--p 00007000 08:06 263180     /lib/i386-linux-gnu/libwrap.so.0.7.6
8a2bf000-8a2c0000 rw-p 00008000 08:06 263180     /lib/i386-linux-gnu/libwrap.so.0.7.6
8a2c0000-8a2c6000 r-xp 00000000 08:06 2233110    /usr/lib/i386-linux-gnu/libjson.so.0.0.1
8a2c6000-8a2c7000 r--p 00005000 08:06 2233110    /usr/lib/i386-linux-gnu/libjson.so.0.0.1
8a2c7000-8a2c8000 rw-p 00006000 08:06 2233110    /usr/lib/i386-linux-gnu/libjson.so.0.0.1
8a2ca000-8a2d5000 r-xp 00000000 08:06 2232925    /usr/lib/i386-linux-gnu/libdrm.so.2.4.0
8a2d5000-8a2d6000 r--p 0000a000 08:06 2232925    /usr/lib/i386-linux-gnu/libdrm.so.2.4.0
8a2d6000-8a2d7000 rw-p 0000b000 08:06 2232925    /usr/lib/i386-linux-gnu/libdrm.so.2.4.0
8a2d7000-8a2de000 r--s 00000000 08:06 2233679    /usr/lib/i386-linux-gnu/gconv/gconv-modules.cache
8a2de000-8a2df000 r--s 00000000 08:06 2368540    /var/cache/fontconfig/c05880de57d1f5e948fdfacc138775d9-le32d4.cache-3
8a2df000-8a2e5000 r--s 00000000 08:06 2368535    /var/cache/fontconfig/945677eb7aeaf62f1d50efc3fb3ec7d8-le32d4.cache-3
8a2e5000-8a2e7000 r--s 00000000 08:06 2368536    /var/cache/fontconfig/99e8ed0e538f840c565b6ed5dad60d56-le32d4.cache-3
8a2e7000-8a2ed000 r--s 00000000 08:06 2380075    /var/cache/fontconfig/a6d8cf8e4ec09cdbc8633c31745a07dd-le32d4.cache-3
8a2ed000-8a2f0000 r--s 00000000 08:06 2368522    /var/cache/fontconfig/2cd17615ca594fa2959ae173292e504c-le32d4.cache-3
8a2f0000-8a2f1000 r--s 00000000 08:06 2368547    /var/cache/fontconfig/e7071f4a29fa870f4323321c154eba04-le32d4.cache-3
8a2f1000-8a2f2000 r--s 00000000 08:06 2368520    /var/cache/fontconfig/0d8c3b2ac0904cb8a57a757ad11a4a08-le32d4.cache-3
8a2f2000-8a2f6000 r--s 00000000 08:06 2368537    /var/cache/fontconfig/a755afe4a08bf5b97852ceb7400b47bc-le32d4.cache-3
8a2f6000-8a2fd000 r--s 00000000 08:06 2378356    /var/cache/fontconfig/6d41288fd70b0be22e8c3a91e032eec0-le32d4.cache-3
8a2fd000-8a308000 r--s 00000000 08:06 2368519    /var/cache/fontconfig/04aabc0a78ac019cf9454389977116d2-le32d4.cache-3
8a308000-8a30b000 r--s 00000000 08:06 2368525    /var/cache/fontconfig/385c0604a188198f04d133e54aba7fe7-le32d4.cache-3
8a30b000-8a30c000 r--s 00000000 08:06 2359515    /var/cache/fontconfig/4794a0821666d79190d59a36cb4f44b5-le32d4.cache-3
8a30c000-8a30f000 r--s 00000000 08:06 2368534    /var/cache/fontconfig/8801497958630a81b71ace7c5f9b32a8-le32d4.cache-3
8a30f000-8a331000 r--s 00000000 08:06 2371323    /var/cache/fontconfig/365b55f210c0a22e9a19e35191240f32-le32d4.cache-3
8a331000-8a335000 r--s 00000000 08:06 2359511    /var/cache/fontconfig/3047814df9a2f067bd2d96a2b9c36e5a-le32d4.cache-3
8a335000-8a336000 r--s 00000000 08:06 2368528    /var/cache/fontconfig/56cf4f4769d0f4abc89a4895d7bd3ae1-le32d4.cache-3
8a336000-8a337000 r--s 00000000 08:06 2368539    /var/cache/fontconfig/b9d506c9ac06c20b433354fa67a72993-le32d4.cache-3
8a337000-8a33b000 r--s 00000000 08:06 2368538    /var/cache/fontconfig/b47c4e1ecd0709278f4910c18777a504-le32d4.cache-3
8a33b000-8a341000 r--s 00000000 08:06 2380074    /var/cache/fontconfig/52f7bdb7ce746bfd7eaa1985bd9cfa93-le32d4.cache-3
8a341000-8a342000 rw-s 23bae000 00:05 7876       /dev/dri/card0
8a342000-8a343000 r-xp 00000000 08:06 2232762    /usr/lib/i386-linux-gnu/libX11-xcb.so.1.0.0
8a343000-8a344000 r--p 00000000 08:06 2232762    /usr/lib/i386-linux-gnu/libX11-xcb.so.1.0.0
8a344000-8a345000 rw-p 00001000 08:06 2232762    /usr/lib/i386-linux-gnu/libX11-xcb.so.1.0.0
8a345000-8a349000 r--s 00000000 08:06 2359511    /var/cache/fontconfig/3047814df9a2f067bd2d96a2b9c36e5a-le32d4.cache-3
8a349000-8a34a000 r--s 00000000 08:06 2368528    /var/cache/fontconfig/56cf4f4769d0f4abc89a4895d7bd3ae1-le32d4.cache-3
8a34a000-8a34b000 r--s 00000000 08:06 2368539    /var/cache/fontconfig/b9d506c9ac06c20b433354fa67a72993-le32d4.cache-3
8a34b000-8a34f000 r--s 00000000 08:06 2368538    /var/cache/fontconfig/b47c4e1ecd0709278f4910c18777a504-le32d4.cache-3
8a34f000-8a355000 r--s 00000000 08:06 2380074    /var/cache/fontconfig/52f7bdb7ce746bfd7eaa1985bd9cfa93-le32d4.cache-3
8a355000-8a357000 rw-s 00000000 00:04 143722     /drm mm object (deleted)
8a357000-8a359000 r-xp 00000000 08:06 2232775    /usr/lib/i386-linux-gnu/libXdamage.so.1.1.0
8a359000-8a35a000 r--p 00001000 08:06 2232775    /usr/lib/i386-linux-gnu/libXdamage.so.1.1.0
8a35a000-8a35b000 rw-p 00002000 08:06 2232775    /usr/lib/i386-linux-gnu/libXdamage.so.1.1.0
8a35b000-8a35f000 r-xp 00000000 08:06 2232807    /usr/lib/i386-linux-gnu/libXxf86vm.so.1.0.0
8a35f000-8a360000 r--p 00003000 08:06 2232807    /usr/lib/i386-linux-gnu/libXxf86vm.so.1.0.0
8a360000-8a361000 rw-p 00004000 08:06 2232807    /usr/lib/i386-linux-gnu/libXxf86vm.so.1.0.0
8a361000-8a362000 r-xp 00000000 08:06 17528      /usr/lib/jvm/java-6-openjdk-i386/jre/lib/i386/libjawt.so
8a362000-8a363000 r--p 00000000 08:06 17528      /usr/lib/jvm/java-6-openjdk-i386/jre/lib/i386/libjawt.so
8a363000-8a364000 rw-p 00001000 08:06 17528      /usr/lib/jvm/java-6-openjdk-i386/jre/lib/i386/libjawt.so
8a364000-8a368000 r-xp 00000000 08:06 2232781    /usr/lib/i386-linux-gnu/libXfixes.so.3.1.0
8a368000-8a369000 r--p 00004000 08:06 2232781    /usr/lib/i386-linux-gnu/libXfixes.so.3.1.0
8a369000-8a36a000 rw-p 00005000 08:06 2232781    /usr/lib/i386-linux-gnu/libXfixes.so.3.1.0
8a36a000-8a371000 r-xp 00000000 08:06 2232797    /usr/lib/i386-linux-gnu/libXrandr.so.2.2.0
8a371000-8a372000 r--p 00006000 08:06 2232797    /usr/lib/i386-linux-gnu/libXrandr.so.2.2.0
8a372000-8a373000 rw-p 00007000 08:06 2232797    /usr/lib/i386-linux-gnu/libXrandr.so.2.2.0
8a373000-8a374000 rw-s 23bad000 00:05 7876       /dev/dri/card0
8a374000-8a37d000 r-xp 00000000 08:06 2232773    /usr/lib/i386-linux-gnu/libXcursor.so.1.0.2
8a37d000-8a37e000 r--p 00008000 08:06 2232773    /usr/lib/i386-linux-gnu/libXcursor.so.1.0.2
8a37e000-8a37f000 rw-p 00009000 08:06 2232773    /usr/lib/i386-linux-gnu/libXcursor.so.1.0.2
8a37f000-8a386000 r--s 000fc000 08:06 2271911    /usr/lib/jvm/java-6-openjdk-common/jre/lib/resources.jar
8a386000-8a387000 r--s 00127000 08:06 593003     /home/roger/proyectoahorasi/proyecto-isb2013-valyrian/valyrianFirstGame-desktop/libs/gdx-natives.jar
8a387000-8a389000 r--s 0019e000 08:06 592997     /home/roger/proyectoahorasi/proyecto-isb2013-valyrian/valyrianFirstGame-desktop/libs/gdx-backend-lwjgl-natives.jar
8a389000-8a396000 r--s 00000000 08:06 2368543    /var/cache/fontconfig/d52a8644073d54c13679302ca1180695-le32d4.cache-3
8a396000-8a39a000 r--s 00000000 08:06 2377600    /var/cache/fontconfig/3f7329c5293ffd510edef78f73874cfd-le32d4.cache-3
8a39a000-8a39c000 r--s 00000000 08:06 2368783    /var/cache/fontconfig/e13b20fdb08344e0e664864cc2ede53d-le32d4.cache-3
8a39c000-8a39f000 r--s 00000000 08:06 2371320    /var/cache/fontconfig/7ef2298fde41cc6eeb7af42e48b7d293-le32d4.cache-3
8a39f000-8a3a2000 ---p 00000000 00:00 0 
8a3a2000-8a3f0000 rw-p 00000000 00:00 0 
8a3f0000-8a485000 r-xp 00000000 08:06 2232959    /usr/lib/i386-linux-gnu/libfreetype.so.6.8.0
8a485000-8a489000 r--p 00094000 08:06 2232959    /usr/lib/i386-linux-gnu/libfreetype.so.6.8.0
8a489000-8a48a000 rw-p 00098000 08:06 2232959    /usr/lib/i386-linux-gnu/libfreetype.so.6.8.0
8a48a000-8a4d2000 r-xp 00000000 08:06 17504      /usr/lib/jvm/java-6-openjdk-i386/jre/lib/i386/libfontmanager.so
8a4d2000-8a4d3000 r--p 00048000 08:06 17504      /usr/lib/jvm/java-6-openjdk-i386/jre/lib/i386/libfontmanager.so
8a4d3000-8a4d4000 rw-p 00049000 08:06 17504      /usr/lib/jvm/java-6-openjdk-i386/jre/lib/i386/libfontmanager.so
8a4d4000-8a4d9000 r-xp 00000000 08:06 2232777    /usr/lib/i386-linux-gnu/libXdmcp.so.6.0.0
8a4d9000-8a4da000 r--p 00004000 08:06 2232777    /usr/lib/i386-linux-gnu/libXdmcp.so.6.0.0
8a4da000-8a4db000 rw-p 00005000 08:06 2232777    /usr/lib/i386-linux-gnu/libXdmcp.so.6.0.0
8a4db000-8a4fa000 r-xp 00000000 08:06 2233365    /usr/lib/i386-linux-gnu/libxcb.so.1.1.0
8a4fa000-8a4fb000 r--p 0001f000 08:06 2233365    /usr/lib/i386-linux-gnu/libxcb.so.1.1.0
8a4fb000-8a4fc000 rw-p 00020000 08:06 2233365    /usr/lib/i386-linux-gnu/libxcb.so.1.1.0
8a4fc000-8a50a000 r-xp 00000000 08:06 2232785    /usr/lib/i386-linux-gnu/libXi.so.6.1.0
8a50a000-8a50b000 r--p 0000d000 08:06 2232785    /usr/lib/i386-linux-gnu/libXi.so.6.1.0
8a50b000-8a50c000 rw-p 0000e000 08:06 2232785    /usr/lib/i386-linux-gnu/libXi.so.6.1.0
8a50c000-8a63c000 r-xp 00000000 08:06 2232764    /usr/lib/i386-linux-gnu/libX11.so.6.3.0
8a63c000-8a63d000 r--p 0012f000 08:06 2232764    /usr/lib/i386-linux-gnu/libX11.so.6.3.0
8a63d000-8a63f000 rw-p 00130000 08:06 2232764    /usr/lib/i386-linux-gnu/libX11.so.6.3.0
8a63f000-8a640000 rw-p 00000000 00:00 0 
8a640000-8a6d4000 r-xp 00000000 08:06 17512      /usr/lib/jvm/java-6-openjdk-i386/jre/lib/i386/libawt.so
8a6d4000-8a6d5000 r--p 00093000 08:06 17512      /usr/lib/jvm/java-6-openjdk-i386/jre/lib/i386/libawt.so
8a6d5000-8a6dc000 rw-p 00094000 08:06 17512      /usr/lib/jvm/java-6-openjdk-i386/jre/lib/i386/libawt.so
8a6dc000-8a700000 rw-p 00000000 00:00 0 
8a700000-8a7fb000 rw-p 00000000 00:00 0 
8a7fb000-8a800000 ---p 00000000 00:00 0 
8a800000-8a802000 rw-s 00000000 00:04 144438     /drm mm object (deleted)
8a802000-8a807000 r-xp 00000000 08:06 2232803    /usr/lib/i386-linux-gnu/libXtst.so.6.1.0
8a807000-8a808000 r--p 00004000 08:06 2232803    /usr/lib/i386-linux-gnu/libXtst.so.6.1.0
8a808000-8a809000 rw-p 00005000 08:06 2232803    /usr/lib/i386-linux-gnu/libXtst.so.6.1.0
8a809000-8a811000 r-xp 00000000 08:06 2232799    /usr/lib/i386-linux-gnu/libXrender.so.1.3.0
8a811000-8a812000 r--p 00007000 08:06 2232799    /usr/lib/i386-linux-gnu/libXrender.so.1.3.0
8a812000-8a813000 rw-p 00008000 08:06 2232799    /usr/lib/i386-linux-gnu/libXrender.so.1.3.0
8a813000-8a823000 r-xp 00000000 08:06 2232779    /usr/lib/i386-linux-gnu/libXext.so.6.4.0
8a823000-8a824000 r--p 0000f000 08:06 2232779    /usr/lib/i386-linux-gnu/libXext.so.6.4.0
8a824000-8a825000 rw-p 00010000 08:06 2232779    /usr/lib/i386-linux-gnu/libXext.so.6.4.0
8a825000-8a871000 r-xp 00000000 08:06 14977      /usr/lib/jvm/java-6-openjdk-i386/jre/lib/i386/xawt/libmawt.so
8a871000-8a872000 r--p 0004b000 08:06 14977      /usr/lib/jvm/java-6-openjdk-i386/jre/lib/i386/xawt/libmawt.so
8a872000-8a874000 rw-p 0004c000 08:06 14977      /usr/lib/jvm/java-6-openjdk-i386/jre/lib/i386/xawt/libmawt.so
8a874000-8a875000 rw-p 00000000 00:00 0 
8a875000-8a876000 ---p 00000000 00:00 0 
8a876000-8a8f6000 rw-p 00000000 00:00 0 
8a8f6000-8a8f9000 ---p 00000000 00:00 0 
8a8f9000-8a947000 rw-p 00000000 00:00 0 
8a947000-8a94a000 ---p 00000000 00:00 0 
8a94a000-8a9c8000 rw-p 00000000 00:00 0 
8a9c8000-8a9cb000 ---p 00000000 00:00 0 
8a9cb000-8aa49000 rw-p 00000000 00:00 0 
8aa49000-8ac49000 r--p 00000000 08:06 2235956    /usr/lib/locale/locale-archive
8ac49000-8ac4c000 ---p 00000000 00:00 0 
8ac4c000-8ac9a000 rw-p 00000000 00:00 0 
8ac9a000-8ac9d000 ---p 00000000 00:00 0 
8ac9d000-8aceb000 rw-p 00000000 00:00 0 
8aceb000-8acec000 ---p 00000000 00:00 0 
8acec000-8ad6c000 rw-p 00000000 00:00 0 
8ad6c000-8af00000 r--s 03807000 08:06 17497      /usr/lib/jvm/java-6-openjdk-i386/jre/lib/rt.jar
8af00000-8affe000 rw-p 00000000 00:00 0 
8affe000-8b000000 ---p 00000000 00:00 0 
8b000000-8b001000 rwxp 00000000 00:00 0 
8b001000-8b003000 r-xp 00000000 08:06 2232766    /usr/lib/i386-linux-gnu/libXau.so.6.0.0
8b003000-8b004000 r--p 00001000 08:06 2232766    /usr/lib/i386-linux-gnu/libXau.so.6.0.0
8b004000-8b005000 rw-p 00002000 08:06 2232766    /usr/lib/i386-linux-gnu/libXau.so.6.0.0
8b005000-8b012000 r--s 00000000 08:06 2368543    /var/cache/fontconfig/d52a8644073d54c13679302ca1180695-le32d4.cache-3
8b012000-8b016000 r--s 00000000 08:06 2377600    /var/cache/fontconfig/3f7329c5293ffd510edef78f73874cfd-le32d4.cache-3
8b016000-8b018000 r--s 00000000 08:06 2368783    /var/cache/fontconfig/e13b20fdb08344e0e664864cc2ede53d-le32d4.cache-3
8b018000-8b01b000 r--s 00000000 08:06 2371320    /var/cache/fontconfig/7ef2298fde41cc6eeb7af42e48b7d293-le32d4.cache-3
8b01b000-8b02d000 r--s 00128000 08:06 593000     /home/roger/proyectoahorasi/proyecto-isb2013-valyrian/valyrianFirstGame-desktop/libs/gdx-backend-lwjgl.jar
8b02d000-8b02e000 r--s 00002000 08:06 594387     /home/roger/proyectoahorasi/proyecto-isb2013-valyrian/valyrianFirstGame/libs/gdx-controllers/gdx-controllers.jar
8b02e000-8b031000 ---p 00000000 00:00 0 
8b031000-8b07f000 rw-p 00000000 00:00 0 
8b07f000-8b080000 ---p 00000000 00:00 0 
8b080000-8b100000 rw-p 00000000 00:00 0 
8b100000-8b121000 rw-p 00000000 00:00 0 
8b121000-8b200000 ---p 00000000 00:00 0 
8b200000-8b201000 r--s 00003000 08:06 594386     /home/roger/proyectoahorasi/proyecto-isb2013-valyrian/valyrianFirstGame/libs/gdx-controllers/gdx-controllers-gwt.jar
8b201000-8b202000 r--s 00004000 08:06 594382     /home/roger/proyectoahorasi/proyecto-isb2013-valyrian/valyrianFirstGame/libs/gdx-controllers/gdx-controllers-desktop.jar
8b202000-8b203000 r--s 00100000 08:06 594381     /home/roger/proyectoahorasi/proyecto-isb2013-valyrian/valyrianFirstGame/libs/gdx-controllers/gdx-controllers-desktop-natives.jar
8b203000-8b204000 r--s 00002000 08:06 594380     /home/roger/proyectoahorasi/proyecto-isb2013-valyrian/valyrianFirstGame/libs/gdx-controllers/gdx-controllers-android.jar
8b204000-8b207000 r--s 0001b000 08:06 593023     /home/roger/proyectoahorasi/proyecto-isb2013-valyrian/valyrianFirstGame/libs/libgdx-utils.jar
8b207000-8b20a000 r--s 0007f000 08:06 2271919    /usr/lib/jvm/java-6-openjdk-common/jre/lib/jsse.jar
8b20a000-8b220000 r--s 0014b000 08:06 593022     /home/roger/proyectoahorasi/proyecto-isb2013-valyrian/valyrianFirstGame/libs/gdx.jar
8b220000-8b253000 rw-p 00000000 00:00 0 
8b253000-8b254000 ---p 00000000 00:00 0 
8b254000-8b2dc000 rw-p 00000000 00:00 0 
8b2dc000-8b314000 rw-p 00000000 00:00 0 
8b314000-8b31f000 rw-p 00000000 00:00 0 
8b31f000-8b3bf000 rw-p 00000000 00:00 0 
8b3bf000-8b3c7000 rw-p 00000000 00:00 0 
8b3c7000-8b3ff000 rw-p 00000000 00:00 0 
8b3ff000-8b40a000 rw-p 00000000 00:00 0 
8b40a000-8b4a9000 rw-p 00000000 00:00 0 
8b4a9000-8b4b3000 rw-p 00000000 00:00 0 
8b4b3000-8b4ff000 rw-p 00000000 00:00 0 
8b4ff000-8c500000 rw-p 00000000 00:00 0 
8c500000-93500000 rw-p 00000000 00:00 0 
93500000-949a0000 rw-p 00000000 00:00 0 
949a0000-a8a60000 rw-p 00000000 00:00 0 
a8a60000-a9c80000 rw-p 00000000 00:00 0 
a9c80000-b3500000 rw-p 00000000 00:00 0 
b3500000-b3504000 r--s 00039000 08:06 2382080    /usr/lib/jvm/java-6-openjdk-common/jre/lib/ext/sunpkcs11.jar
b3504000-b350d000 rw-p 00000000 00:00 0 
b350d000-b35c4000 rw-p 00000000 00:00 0 
b35c4000-b3804000 rwxp 00000000 00:00 0 
b3804000-b65c4000 rw-p 00000000 00:00 0 
b65c4000-b65cf000 r-xp 00000000 08:06 263122     /lib/i386-linux-gnu/libnss_files-2.15.so
b65cf000-b65d0000 r--p 0000a000 08:06 263122     /lib/i386-linux-gnu/libnss_files-2.15.so
b65d0000-b65d1000 rw-p 0000b000 08:06 263122     /lib/i386-linux-gnu/libnss_files-2.15.so
b65d1000-b65db000 r-xp 00000000 08:06 263126     /lib/i386-linux-gnu/libnss_nis-2.15.so
b65db000-b65dc000 r--p 00009000 08:06 263126     /lib/i386-linux-gnu/libnss_nis-2.15.so
b65dc000-b65dd000 rw-p 0000a000 08:06 263126     /lib/i386-linux-gnu/libnss_nis-2.15.so
b65dd000-b65f3000 r-xp 00000000 08:06 263116     /lib/i386-linux-gnu/libnsl-2.15.so
b65f3000-b65f4000 r--p 00015000 08:06 263116     /lib/i386-linux-gnu/libnsl-2.15.so
b65f4000-b65f5000 rw-p 00016000 08:06 263116     /lib/i386-linux-gnu/libnsl-2.15.so
b65f5000-b65f7000 rw-p 00000000 00:00 0 
b65f7000-b65fe000 r-xp 00000000 08:06 263118     /lib/i386-linux-gnu/libnss_compat-2.15.so
b65fe000-b65ff000 r--p 00006000 08:06 263118     /lib/i386-linux-gnu/libnss_compat-2.15.so
b65ff000-b6600000 rw-p 00007000 08:06 263118     /lib/i386-linux-gnu/libnss_compat-2.15.so
b6600000-b66fe000 rw-p 00000000 00:00 0 
b66fe000-b6700000 ---p 00000000 00:00 0 
b6700000-b6703000 r--s 00077000 08:06 2382082    /usr/lib/jvm/java-6-openjdk-common/jre/lib/ext/localedata.jar
b6703000-b6706000 r--s 00031000 08:06 2382084    /usr/lib/jvm/java-6-openjdk-common/jre/lib/ext/sunjce_provider.jar
b6706000-b670d000 r-xp 00000000 08:06 17517      /usr/lib/jvm/java-6-openjdk-i386/jre/lib/i386/libzip.so
b670d000-b670e000 r--p 00006000 08:06 17517      /usr/lib/jvm/java-6-openjdk-i386/jre/lib/i386/libzip.so
b670e000-b670f000 rw-p 00007000 08:06 17517      /usr/lib/jvm/java-6-openjdk-i386/jre/lib/i386/libzip.so
b670f000-b6717000 rw-s 00000000 08:06 2097228    /tmp/hsperfdata_roger/8503
b6717000-b673d000 r-xp 00000000 08:06 17507      /usr/lib/jvm/java-6-openjdk-i386/jre/lib/i386/libjava.so
b673d000-b673e000 r--p 00025000 08:06 17507      /usr/lib/jvm/java-6-openjdk-i386/jre/lib/i386/libjava.so
b673e000-b6740000 rw-p 00026000 08:06 17507      /usr/lib/jvm/java-6-openjdk-i386/jre/lib/i386/libjava.so
b6740000-b6747000 r-xp 00000000 08:06 263157     /lib/i386-linux-gnu/librt-2.15.so
b6747000-b6748000 r--p 00006000 08:06 263157     /lib/i386-linux-gnu/librt-2.15.so
b6748000-b6749000 rw-p 00007000 08:06 263157     /lib/i386-linux-gnu/librt-2.15.so
b6749000-b674c000 ---p 00000000 00:00 0 
b674c000-b679a000 rw-p 00000000 00:00 0 
b679a000-b67b6000 r-xp 00000000 08:06 263092     /lib/i386-linux-gnu/libgcc_s.so.1
b67b6000-b67b7000 r--p 0001b000 08:06 263092     /lib/i386-linux-gnu/libgcc_s.so.1
b67b7000-b67b8000 rw-p 0001c000 08:06 263092     /lib/i386-linux-gnu/libgcc_s.so.1
b67b8000-b67e2000 r-xp 00000000 08:06 263103     /lib/i386-linux-gnu/libm-2.15.so
b67e2000-b67e3000 r--p 00029000 08:06 263103     /lib/i386-linux-gnu/libm-2.15.so
b67e3000-b67e4000 rw-p 0002a000 08:06 263103     /lib/i386-linux-gnu/libm-2.15.so
b67e4000-b68bc000 r-xp 00000000 08:06 2233293    /usr/lib/i386-linux-gnu/libstdc++.so.6.0.16
b68bc000-b68bd000 ---p 000d8000 08:06 2233293    /usr/lib/i386-linux-gnu/libstdc++.so.6.0.16
b68bd000-b68c1000 r--p 000d8000 08:06 2233293    /usr/lib/i386-linux-gnu/libstdc++.so.6.0.16
b68c1000-b68c2000 rw-p 000dc000 08:06 2233293    /usr/lib/i386-linux-gnu/libstdc++.so.6.0.16
b68c2000-b68c9000 rw-p 00000000 00:00 0 
b68c9000-b70e9000 r-xp 00000000 08:06 17500      /usr/lib/jvm/java-6-openjdk-i386/jre/lib/i386/server/libjvm.so
b70e9000-b712e000 r--p 0081f000 08:06 17500      /usr/lib/jvm/java-6-openjdk-i386/jre/lib/i386/server/libjvm.so
b712e000-b713d000 rw-p 00864000 08:06 17500      /usr/lib/jvm/java-6-openjdk-i386/jre/lib/i386/server/libjvm.so
b713d000-b7559000 rw-p 00000000 00:00 0 
b7559000-b756d000 r-xp 00000000 08:06 263182     /lib/i386-linux-gnu/libz.so.1.2.3.4
b756d000-b756e000 r--p 00013000 08:06 263182     /lib/i386-linux-gnu/libz.so.1.2.3.4
b756e000-b756f000 rw-p 00014000 08:06 263182     /lib/i386-linux-gnu/libz.so.1.2.3.4
b756f000-b770e000 r-xp 00000000 08:06 263071     /lib/i386-linux-gnu/libc-2.15.so
b770e000-b7710000 r--p 0019f000 08:06 263071     /lib/i386-linux-gnu/libc-2.15.so
b7710000-b7711000 rw-p 001a1000 08:06 263071     /lib/i386-linux-gnu/libc-2.15.so
b7711000-b7714000 rw-p 00000000 00:00 0 
b7714000-b7717000 r-xp 00000000 08:06 263084     /lib/i386-linux-gnu/libdl-2.15.so
b7717000-b7718000 r--p 00002000 08:06 263084     /lib/i386-linux-gnu/libdl-2.15.so
b7718000-b7719000 rw-p 00003000 08:06 263084     /lib/i386-linux-gnu/libdl-2.15.so
b7719000-b771d000 r-xp 00000000 08:06 17516      /usr/lib/jvm/java-6-openjdk-i386/jre/lib/i386/jli/libjli.so
b771d000-b771e000 r--p 00003000 08:06 17516      /usr/lib/jvm/java-6-openjdk-i386/jre/lib/i386/jli/libjli.so
b771e000-b771f000 rw-p 00004000 08:06 17516      /usr/lib/jvm/java-6-openjdk-i386/jre/lib/i386/jli/libjli.so
b771f000-b7720000 rw-p 00000000 00:00 0 
b7720000-b7737000 r-xp 00000000 08:06 263151     /lib/i386-linux-gnu/libpthread-2.15.so
b7737000-b7738000 r--p 00016000 08:06 263151     /lib/i386-linux-gnu/libpthread-2.15.so
b7738000-b7739000 rw-p 00017000 08:06 263151     /lib/i386-linux-gnu/libpthread-2.15.so
b7739000-b773b000 rw-p 00000000 00:00 0 
b773b000-b773c000 r--s 00007000 08:06 2511056    /usr/share/java/java-atk-wrapper.jar
b773c000-b773e000 r--s 0000f000 08:06 2382081    /usr/lib/jvm/java-6-openjdk-common/jre/lib/ext/pulse-java.jar
b773e000-b7740000 r--s 00001000 08:06 2382083    /usr/lib/jvm/java-6-openjdk-common/jre/lib/ext/dnsns.jar
b7740000-b7741000 r--p 005e0000 08:06 2235956    /usr/lib/locale/locale-archive
b7741000-b7742000 rw-p 00000000 00:00 0 
b7742000-b7743000 r--p 00000000 00:00 0 
b7743000-b774e000 r-xp 00000000 08:06 17532      /usr/lib/jvm/java-6-openjdk-i386/jre/lib/i386/libverify.so
b774e000-b774f000 ---p 0000b000 08:06 17532      /usr/lib/jvm/java-6-openjdk-i386/jre/lib/i386/libverify.so
b774f000-b7750000 r--p 0000b000 08:06 17532      /usr/lib/jvm/java-6-openjdk-i386/jre/lib/i386/libverify.so
b7750000-b7751000 rw-p 0000c000 08:06 17532      /usr/lib/jvm/java-6-openjdk-i386/jre/lib/i386/libverify.so
b7751000-b7753000 rw-p 00000000 00:00 0 
b7753000-b7754000 r-xp 00000000 00:00 0          [vdso]
b7754000-b7774000 r-xp 00000000 08:06 263051     /lib/i386-linux-gnu/ld-2.15.so
b7774000-b7775000 r--p 0001f000 08:06 263051     /lib/i386-linux-gnu/ld-2.15.so
b7775000-b7776000 rw-p 00020000 08:06 263051     /lib/i386-linux-gnu/ld-2.15.so
bfa1e000-bfa3f000 rw-p 00000000 00:00 0          [stack]

VM Arguments:
jvm_args: -Dfile.encoding=UTF-8 
java_command: com.valyrian.firstgame.Main
Launcher Type: SUN_STANDARD

Environment Variables:
PATH=/usr/lib/lightdm/lightdm:/usr/local/sbin:/usr/local/bin:/usr/sbin:/usr/bin:/sbin:/bin:/usr/games
LD_LIBRARY_PATH=/usr/lib/jvm/java-6-openjdk-i386/jre/lib/i386/server:/usr/lib/jvm/java-6-openjdk-i386/jre/lib/i386:/usr/lib/jvm/java-6-openjdk-i386/jre/../lib/i386:/usr/lib/jvm/java-6-openjdk-i386/jre/lib/i386/client:/usr/lib/jvm/java-6-openjdk-i386/jre/lib/i386:
SHELL=/bin/bash
DISPLAY=:0

Signal Handlers:
SIGSEGV: [libjvm.so+0x66e730], sa_mask[0]=0x7ffbfeff, sa_flags=0x10000004
SIGBUS: [libjvm.so+0x66e730], sa_mask[0]=0x7ffbfeff, sa_flags=0x10000004
SIGFPE: [libjvm.so+0x530470], sa_mask[0]=0x7ffbfeff, sa_flags=0x10000004
SIGPIPE: [libjvm.so+0x530470], sa_mask[0]=0x7ffbfeff, sa_flags=0x10000004
SIGXFSZ: [libjvm.so+0x530470], sa_mask[0]=0x7ffbfeff, sa_flags=0x10000004
SIGILL: [libjvm.so+0x530470], sa_mask[0]=0x7ffbfeff, sa_flags=0x10000004
SIGUSR1: SIG_DFL, sa_mask[0]=0x00000000, sa_flags=0x00000000
SIGUSR2: [libjvm.so+0x530300], sa_mask[0]=0x00000004, sa_flags=0x10000004
SIGHUP: [libjvm.so+0x533290], sa_mask[0]=0x7ffbfeff, sa_flags=0x10000004
SIGINT: [libjvm.so+0x533290], sa_mask[0]=0x7ffbfeff, sa_flags=0x10000004
SIGTERM: [libjvm.so+0x533290], sa_mask[0]=0x7ffbfeff, sa_flags=0x10000004
SIGQUIT: [libjvm.so+0x533290], sa_mask[0]=0x7ffbfeff, sa_flags=0x10000004


---------------  S Y S T E M  ---------------

OS:Ubuntu 12.04 (precise)
uname:Linux 3.2.0-29-generic-pae #46-Ubuntu SMP Fri Jul 27 17:25:43 UTC 2012 i686
libc:glibc 2.15 NPTL 2.15 
rlimit: STACK 8192k, CORE 0k, NPROC 15720, NOFILE 4096, AS infinity
load average:0.36 0.21 0.24

/proc/meminfo:
MemTotal:        2026732 kB
MemFree:          143360 kB
Buffers:           55616 kB
Cached:           556648 kB
SwapCached:          448 kB
Active:          1064600 kB
Inactive:         710220 kB
Active(anon):     858524 kB
Inactive(anon):   515032 kB
Active(file):     206076 kB
Inactive(file):   195188 kB
Unevictable:          40 kB
Mlocked:              40 kB
HighTotal:       1148552 kB
HighFree:          19036 kB
LowTotal:         878180 kB
LowFree:          124324 kB
SwapTotal:       2060284 kB
SwapFree:        2046344 kB
Dirty:              1280 kB
Writeback:             0 kB
AnonPages:       1162456 kB
Mapped:           133812 kB
Shmem:            210844 kB
Slab:              68760 kB
SReclaimable:      51716 kB
SUnreclaim:        17044 kB
KernelStack:        3784 kB
PageTables:        13692 kB
NFS_Unstable:          0 kB
Bounce:                0 kB
WritebackTmp:          0 kB
CommitLimit:     3073648 kB
Committed_AS:    4202700 kB
VmallocTotal:     122880 kB
VmallocUsed:       16468 kB
VmallocChunk:     103624 kB
HardwareCorrupted:     0 kB
AnonHugePages:         0 kB
HugePages_Total:       0
HugePages_Free:        0
HugePages_Rsvd:        0
HugePages_Surp:        0
Hugepagesize:       2048 kB
DirectMap4k:       10232 kB
DirectMap2M:      903168 kB


CPU:total 2 (2 cores per cpu, 1 threads per core) family 6 model 23 stepping 10, cmov, cx8, fxsr, mmx, sse, sse2, sse3, ssse3, sse4.1

Memory: 4k page, physical 2026732k(143360k free), swap 2060284k(2046344k free)

vm_info: OpenJDK Server VM (20.0-b12) for linux-x86 JRE (1.6.0_27-b27), built on Jul 17 2013 13:43:50 by "buildd" with gcc 4.6.3

time: Sat Feb 22 21:08:22 2014
elapsed time: 3 seconds

