#
# A fatal error has been detected by the Java Runtime Environment:
#
#  EXCEPTION_ACCESS_VIOLATION (0xc0000005) at pc=0x19d1921f, pid=4352, tid=1592
#
# JRE version: Java(TM) SE Runtime Environment (7.0_51-b13) (build 1.7.0_51-b13)
# Java VM: Java HotSpot(TM) Client VM (24.51-b03 mixed mode windows-x86 )
# Problematic frame:
# C  [ig4icd32.dll+0x12921f]
#
# Failed to write core dump. Minidumps are not enabled by default on client versions of Windows
#
# If you would like to submit a bug report, please visit:
#   http://bugreport.sun.com/bugreport/crash.jsp
# The crash happened outside the Java Virtual Machine in native code.
# See problematic frame for where to report the bug.
#

---------------  T H R E A D  ---------------

Current thread (0x189e9000):  JavaThread "LWJGL Application" [_thread_in_native, id=1592, stack(0x18770000,0x187c0000)]

siginfo: ExceptionCode=0xc0000005, reading address 0x18308780

Registers:
EAX=0x1ac08600, EBX=0x1ac00ac8, ECX=0x00000001, EDX=0x1aba0500
ESP=0x187bf1f0, EBP=0x00000000, ESI=0x181f1680, EDI=0x00117100
EIP=0x19d1921f, EFLAGS=0x00010206

Top of Stack: (sp=0x187bf1f0)
0x187bf1f0:   00000006 1ab20068 00000006 00000001
0x187bf200:   000000ff 1ac00ac0 10101010 3f701010
0x187bf210:   19d1e74b 00000004 1aba0500 00000006
0x187bf220:   00000000 19d20ed9 1aba0500 00000006
0x187bf230:   00000000 1ab20068 1ab2027f 00080039
0x187bf240:   19c6fb74 1ac00ad8 1ab20068 1ab20068
0x187bf250:   00000006 1ab20068 1ab2027f 19c8d1d7
0x187bf260:   00000004 0000003c 00000006 00000000 

Instructions: (pc=0x19d1921f)
0x19d191ff:   f3 0f 11 48 18 0f b6 7f 03 f2 0f 2a cf f2 0f 59
0x19d1920f:   c8 f2 0f 5a c9 f3 0f 11 48 1c 8b 3b 0f af 7a 18
0x19d1921f:   0f b6 2c 37 03 fe f2 0f 2a cd f2 0f 59 c8 f2 0f
0x19d1922f:   5a c9 f3 0f 11 48 20 0f b6 6f 01 f2 0f 2a cd f2 


Register to memory mapping:

EAX=0x1ac08600 is an unknown value
EBX=0x1ac00ac8 is an unknown value
ECX=0x00000001 is an unknown value
EDX=0x1aba0500 is an unknown value
ESP=0x187bf1f0 is pointing into the stack for thread: 0x189e9000
EBP=0x00000000 is an unknown value
ESI=0x181f1680 is an unknown value
EDI=0x00117100 is an unknown value


Stack: [0x18770000,0x187c0000],  sp=0x187bf1f0,  free space=316k
Native frames: (J=compiled Java code, j=interpreted, Vv=VM code, C=native code)
C  [ig4icd32.dll+0x12921f]

[error occurred during error reporting (printing native stack), id 0xc0000005]

Java frames: (J=compiled Java code, j=interpreted, Vv=VM code)
j  org.lwjgl.opengl.GL11.nglDrawElements(IIIJJ)V+0
j  org.lwjgl.opengl.GL11.glDrawElements(ILjava/nio/ShortBuffer;)V+34
j  com.badlogic.gdx.backends.lwjgl.LwjglGL20.glDrawElements(IIILjava/nio/Buffer;)V+21
j  com.badlogic.gdx.graphics.Mesh.render(Lcom/badlogic/gdx/graphics/glutils/ShaderProgram;IIIZ)V+109
j  com.badlogic.gdx.graphics.Mesh.render(Lcom/badlogic/gdx/graphics/glutils/ShaderProgram;III)V+10
j  com.badlogic.gdx.graphics.g2d.SpriteBatch.flush()V+187
j  com.badlogic.gdx.graphics.g2d.SpriteBatch.end()V+25
j  com.valyrian.firstgame.pantallas.PantallaSplash.render(F)V+54
j  com.badlogic.gdx.Game.render()V+19
j  com.badlogic.gdx.backends.lwjgl.LwjglApplication.mainLoop()V+642
j  com.badlogic.gdx.backends.lwjgl.LwjglApplication$1.run()V+27
v  ~StubRoutines::call_stub

---------------  P R O C E S S  ---------------

Java Threads: ( => current thread )
  0x18a38000 JavaThread "LWJGL Timer" daemon [_thread_blocked, id=4988, stack(0x18dd0000,0x18e20000)]
  0x007dd400 JavaThread "DestroyJavaVM" [_thread_blocked, id=3836, stack(0x00760000,0x007b0000)]
=>0x189e9000 JavaThread "LWJGL Application" [_thread_in_native, id=1592, stack(0x18770000,0x187c0000)]
  0x17d27000 JavaThread "AWT-Windows" daemon [_thread_in_native, id=5044, stack(0x187e0000,0x18830000)]
  0x17cf3800 JavaThread "Java2D Disposer" daemon [_thread_blocked, id=4232, stack(0x18830000,0x18880000)]
  0x17c5dc00 JavaThread "Service Thread" daemon [_thread_blocked, id=3980, stack(0x18640000,0x18690000)]
  0x17c5ac00 JavaThread "C1 CompilerThread0" daemon [_thread_blocked, id=1544, stack(0x18330000,0x18380000)]
  0x17c4d000 JavaThread "JDWP Command Reader" daemon [_thread_in_native, id=1148, stack(0x185b0000,0x18600000)]
  0x17c4b400 JavaThread "JDWP Event Helper Thread" daemon [_thread_blocked, id=1364, stack(0x18490000,0x184e0000)]
  0x17c47800 JavaThread "JDWP Transport Listener: dt_socket" daemon [_thread_blocked, id=3888, stack(0x17e70000,0x17ec0000)]
  0x17c3b800 JavaThread "Attach Listener" daemon [_thread_blocked, id=1128, stack(0x17ec0000,0x17f10000)]
  0x17c38400 JavaThread "Signal Dispatcher" daemon [_thread_blocked, id=4472, stack(0x00910000,0x00960000)]
  0x17c0a000 JavaThread "Finalizer" daemon [_thread_blocked, id=4948, stack(0x00890000,0x008e0000)]
  0x17c05000 JavaThread "Reference Handler" daemon [_thread_blocked, id=4968, stack(0x01b40000,0x01b90000)]

Other Threads:
  0x17c02c00 VMThread [stack: 0x01a30000,0x01a80000] [id=664]
  0x17c67c00 WatcherThread [stack: 0x01a90000,0x01ae0000] [id=4100]

VM state:not at safepoint (normal execution)

VM Mutex/Monitor currently owned by a thread: None

Heap
 def new generation   total 4928K, used 2943K [0x03c00000, 0x04150000, 0x09150000)
  eden space 4416K,  57% used [0x03c00000, 0x03e7bf70, 0x04050000)
  from space 512K,  78% used [0x040d0000, 0x04133f28, 0x04150000)
  to   space 512K,   0% used [0x04050000, 0x04050000, 0x040d0000)
 tenured generation   total 10944K, used 2245K [0x09150000, 0x09c00000, 0x13c00000)
   the space 10944K,  20% used [0x09150000, 0x09381780, 0x09381800, 0x09c00000)
 compacting perm gen  total 12288K, used 5279K [0x13c00000, 0x14800000, 0x17c00000)
   the space 12288K,  42% used [0x13c00000, 0x14127e70, 0x14128000, 0x14800000)
No shared spaces configured.

Card table byte_map: [0x007e0000,0x00890000] byte_map_base: 0x007c2000

Polling page: 0x00180000

Code Cache  [0x01c00000, 0x01d28000, 0x03c00000)
 total_blobs=473 nmethods=203 adapters=215 free_code_cache=31590Kb largest_free_block=32348160

Compilation events (10 events):
Event: 8.064 Thread 0x17c5ac00  199             com.badlogic.gdx.maps.tiled.TiledMapTileSets::getTile (47 bytes)
Event: 8.065 Thread 0x17c5ac00 nmethod 199 0x01d21388 code [0x01d214d0, 0x01d21700]
Event: 8.075 Thread 0x17c5ac00  200             com.badlogic.gdx.graphics.g2d.SpriteBatch::<init> (482 bytes)
Event: 8.078 Thread 0x17c5ac00 nmethod 200 0x01d21988 code [0x01d21c70, 0x01d22ca8]
Event: 8.078 Thread 0x17c5ac00  201             org.lwjgl.opengl.APIUtil::encode (58 bytes)
Event: 8.078 Thread 0x17c5ac00 nmethod 201 0x01d23ec8 code [0x01d23ff0, 0x01d240f4]
Event: 8.101 Thread 0x17c5ac00  202             com.badlogic.gdx.math.Vector2::<init> (5 bytes)
Event: 8.101 Thread 0x17c5ac00 nmethod 202 0x01d25648 code [0x01d25740, 0x01d257c0]
Event: 8.147 Thread 0x17c5ac00  203 %           com.badlogic.gdx.math.MathUtils$Sin::<clinit> @ 10 (84 bytes)
Event: 8.148 Thread 0x17c5ac00 nmethod 203% 0x01d25fc8 code [0x01d26140, 0x01d26560]

GC Heap History (6 events):
Event: 2.039 GC heap before
{Heap before GC invocations=0 (full 0):
 def new generation   total 4928K, used 4416K [0x03c00000, 0x04150000, 0x09150000)
  eden space 4416K, 100% used [0x03c00000, 0x04050000, 0x04050000)
  from space 512K,   0% used [0x04050000, 0x04050000, 0x040d0000)
  to   space 512K,   0% used [0x040d0000, 0x040d0000, 0x04150000)
 tenured generation   total 10944K, used 0K [0x09150000, 0x09c00000, 0x13c00000)
   the space 10944K,   0% used [0x09150000, 0x09150000, 0x09150200, 0x09c00000)
 compacting perm gen  total 12288K, used 3445K [0x13c00000, 0x14800000, 0x17c00000)
   the space 12288K,  28% used [0x13c00000, 0x13f5d710, 0x13f5d800, 0x14800000)
No shared spaces configured.
Event: 2.046 GC heap after
Heap after GC invocations=1 (full 0):
 def new generation   total 4928K, used 512K [0x03c00000, 0x04150000, 0x09150000)
  eden space 4416K,   0% used [0x03c00000, 0x03c00000, 0x04050000)
  from space 512K, 100% used [0x040d0000, 0x04150000, 0x04150000)
  to   space 512K,   0% used [0x04050000, 0x04050000, 0x040d0000)
 tenured generation   total 10944K, used 620K [0x09150000, 0x09c00000, 0x13c00000)
   the space 10944K,   5% used [0x09150000, 0x091eb2e8, 0x091eb400, 0x09c00000)
 compacting perm gen  total 12288K, used 3445K [0x13c00000, 0x14800000, 0x17c00000)
   the space 12288K,  28% used [0x13c00000, 0x13f5d710, 0x13f5d800, 0x14800000)
No shared spaces configured.
}
Event: 2.658 GC heap before
{Heap before GC invocations=1 (full 0):
 def new generation   total 4928K, used 4926K [0x03c00000, 0x04150000, 0x09150000)
  eden space 4416K,  99% used [0x03c00000, 0x0404f870, 0x04050000)
  from space 512K, 100% used [0x040d0000, 0x04150000, 0x04150000)
  to   space 512K,   0% used [0x04050000, 0x04050000, 0x040d0000)
 tenured generation   total 10944K, used 620K [0x09150000, 0x09c00000, 0x13c00000)
   the space 10944K,   5% used [0x09150000, 0x091eb2e8, 0x091eb400, 0x09c00000)
 compacting perm gen  total 12288K, used 4638K [0x13c00000, 0x14800000, 0x17c00000)
   the space 12288K,  37% used [0x13c00000, 0x140879d8, 0x14087a00, 0x14800000)
No shared spaces configured.
Event: 2.666 GC heap after
Heap after GC invocations=2 (full 0):
 def new generation   total 4928K, used 512K [0x03c00000, 0x04150000, 0x09150000)
  eden space 4416K,   0% used [0x03c00000, 0x03c00000, 0x04050000)
  from space 512K, 100% used [0x04050000, 0x040d0000, 0x040d0000)
  to   space 512K,   0% used [0x040d0000, 0x040d0000, 0x04150000)
 tenured generation   total 10944K, used 1938K [0x09150000, 0x09c00000, 0x13c00000)
   the space 10944K,  17% used [0x09150000, 0x09334858, 0x09334a00, 0x09c00000)
 compacting perm gen  total 12288K, used 4638K [0x13c00000, 0x14800000, 0x17c00000)
   the space 12288K,  37% used [0x13c00000, 0x140879d8, 0x14087a00, 0x14800000)
No shared spaces configured.
}
Event: 7.963 GC heap before
{Heap before GC invocations=2 (full 0):
 def new generation   total 4928K, used 4928K [0x03c00000, 0x04150000, 0x09150000)
  eden space 4416K, 100% used [0x03c00000, 0x04050000, 0x04050000)
  from space 512K, 100% used [0x04050000, 0x040d0000, 0x040d0000)
  to   space 512K,   0% used [0x040d0000, 0x040d0000, 0x04150000)
 tenured generation   total 10944K, used 1938K [0x09150000, 0x09c00000, 0x13c00000)
   the space 10944K,  17% used [0x09150000, 0x09334858, 0x09334a00, 0x09c00000)
 compacting perm gen  total 12288K, used 4911K [0x13c00000, 0x14800000, 0x17c00000)
   the space 12288K,  39% used [0x13c00000, 0x140cbc58, 0x140cbe00, 0x14800000)
No shared spaces configured.
Event: 7.968 GC heap after
Heap after GC invocations=3 (full 0):
 def new generation   total 4928K, used 399K [0x03c00000, 0x04150000, 0x09150000)
  eden space 4416K,   0% used [0x03c00000, 0x03c00000, 0x04050000)
  from space 512K,  78% used [0x040d0000, 0x04133f28, 0x04150000)
  to   space 512K,   0% used [0x04050000, 0x04050000, 0x040d0000)
 tenured generation   total 10944K, used 2245K [0x09150000, 0x09c00000, 0x13c00000)
   the space 10944K,  20% used [0x09150000, 0x09381780, 0x09381800, 0x09c00000)
 compacting perm gen  total 12288K, used 4911K [0x13c00000, 0x14800000, 0x17c00000)
   the space 12288K,  39% used [0x13c00000, 0x140cbc58, 0x140cbe00, 0x14800000)
No shared spaces configured.
}

Deoptimization events (0 events):
No events

Internal exceptions (10 events):
Event: 8.151 Thread 0x189e9000 Threw 0x03e30d08 at C:\re\jdk7u51\527\hotspot\src\share\vm\prims\jvm.cpp:1244
Event: 8.152 Thread 0x189e9000 Threw 0x03e44338 at C:\re\jdk7u51\527\hotspot\src\share\vm\prims\jvm.cpp:1244
Event: 8.154 Thread 0x189e9000 Threw 0x03e48e60 at C:\re\jdk7u51\527\hotspot\src\share\vm\prims\jvm.cpp:1244
Event: 8.157 Thread 0x189e9000 Threw 0x03e4f810 at C:\re\jdk7u51\527\hotspot\src\share\vm\prims\jvm.cpp:1244
Event: 8.158 Thread 0x189e9000 Threw 0x03e54358 at C:\re\jdk7u51\527\hotspot\src\share\vm\prims\jvm.cpp:1244
Event: 8.159 Thread 0x189e9000 Threw 0x03e56e28 at C:\re\jdk7u51\527\hotspot\src\share\vm\prims\jvm.cpp:1244
Event: 8.160 Thread 0x189e9000 Threw 0x03e599d0 at C:\re\jdk7u51\527\hotspot\src\share\vm\prims\jvm.cpp:1244
Event: 8.167 Thread 0x189e9000 Threw 0x03e65da8 at C:\re\jdk7u51\527\hotspot\src\share\vm\prims\jvm.cpp:1244
Event: 8.168 Thread 0x189e9000 Threw 0x03e6c150 at C:\re\jdk7u51\527\hotspot\src\share\vm\prims\jvm.cpp:1244
Event: 8.169 Thread 0x189e9000 Threw 0x03e71e38 at C:\re\jdk7u51\527\hotspot\src\share\vm\prims\jvm.cpp:1244

Events (10 events):
Event: 8.159 loading class 0x17d9ce68
Event: 8.159 loading class 0x17d9ce68 done
Event: 8.160 loading class 0x17cdcff0
Event: 8.160 loading class 0x17cdcff0 done
Event: 8.166 loading class 0x17d9ce28
Event: 8.166 loading class 0x17d9ce28 done
Event: 8.168 loading class 0x17d3c7f8
Event: 8.168 loading class 0x17d3c7f8 done
Event: 8.169 loading class 0x17d3e648
Event: 8.169 loading class 0x17d3e648 done


Dynamic libraries:
0x009d0000 - 0x009ff000 	C:\Program Files\Java\jre7\bin\javaw.exe
0x772d0000 - 0x7740c000 	C:\Windows\SYSTEM32\ntdll.dll
0x6f2e0000 - 0x6f31f000 	C:\Program Files\AVAST Software\Avast\snxhk.dll
0x77420000 - 0x774f4000 	C:\Windows\system32\KERNEL32.dll
0x75450000 - 0x7549b000 	C:\Windows\system32\KERNELBASE.dll
0x76b30000 - 0x76bd0000 	C:\Windows\system32\ADVAPI32.dll
0x768f0000 - 0x7699c000 	C:\Windows\system32\msvcrt.dll
0x76c40000 - 0x76c59000 	C:\Windows\SYSTEM32\sechost.dll
0x76a80000 - 0x76b22000 	C:\Windows\system32\RPCRT4.dll
0x76fe0000 - 0x770a9000 	C:\Windows\system32\USER32.dll
0x764f0000 - 0x7653e000 	C:\Windows\system32\GDI32.dll
0x77410000 - 0x7741a000 	C:\Windows\system32\LPK.dll
0x76450000 - 0x764ed000 	C:\Windows\system32\USP10.dll
0x74260000 - 0x743fe000 	C:\Windows\WinSxS\x86_microsoft.windows.common-controls_6595b64144ccf1df_6.0.7601.17514_none_41e6975e2bd6f2b2\COMCTL32.dll
0x757a0000 - 0x757f7000 	C:\Windows\system32\SHLWAPI.dll
0x76e50000 - 0x76e6f000 	C:\Windows\system32\IMM32.DLL
0x769a0000 - 0x76a6c000 	C:\Windows\system32\MSCTF.dll
0x775d0000 - 0x7768f000 	C:\Program Files\Java\jre7\bin\msvcr100.dll
0x52bc0000 - 0x52f40000 	C:\Program Files\Java\jre7\bin\client\jvm.dll
0x71620000 - 0x71627000 	C:\Windows\system32\WSOCK32.dll
0x76c60000 - 0x76c95000 	C:\Windows\system32\WS2_32.dll
0x76c30000 - 0x76c36000 	C:\Windows\system32\NSI.dll
0x69f20000 - 0x69f52000 	C:\Windows\system32\WINMM.dll
0x768e0000 - 0x768e5000 	C:\Windows\system32\PSAPI.DLL
0x720d0000 - 0x720dc000 	C:\Program Files\Java\jre7\bin\verify.dll
0x69f00000 - 0x69f20000 	C:\Program Files\Java\jre7\bin\java.dll
0x65360000 - 0x6538a000 	C:\Program Files\Java\jre7\bin\jdwp.dll
0x71a60000 - 0x71a67000 	C:\Program Files\Java\jre7\bin\npt.dll
0x65cd0000 - 0x65ce3000 	C:\Program Files\Java\jre7\bin\zip.dll
0x71c50000 - 0x71c58000 	C:\Program Files\Java\jre7\bin\dt_socket.dll
0x73580000 - 0x73590000 	C:\Windows\system32\NLAapi.dll
0x6dad0000 - 0x6dae0000 	C:\Windows\system32\napinsp.dll
0x6dab0000 - 0x6dac2000 	C:\Windows\system32\pnrpnsp.dll
0x74d40000 - 0x74d7c000 	C:\Windows\System32\mswsock.dll
0x74c00000 - 0x74c44000 	C:\Windows\system32\DNSAPI.dll
0x6daa0000 - 0x6daa8000 	C:\Windows\System32\winrnr.dll
0x73340000 - 0x7335c000 	C:\Windows\system32\IPHLPAPI.DLL
0x73360000 - 0x73367000 	C:\Windows\system32\WINNSI.DLL
0x73240000 - 0x73278000 	C:\Windows\System32\fwpuclnt.dll
0x6a460000 - 0x6a466000 	C:\Windows\system32\rasadhlp.dll
0x74860000 - 0x74865000 	C:\Windows\System32\wshtcpip.dll
0x77be0000 - 0x77d23000 	C:\Program Files\Java\jre7\bin\awt.dll
0x76f50000 - 0x76fdf000 	C:\Windows\system32\OLEAUT32.dll
0x75640000 - 0x7579c000 	C:\Windows\system32\ole32.dll
0x73ed0000 - 0x73ee3000 	C:\Windows\system32\DWMAPI.DLL
0x73e40000 - 0x73e80000 	C:\Windows\system32\uxtheme.dll
0x75260000 - 0x7526c000 	C:\Windows\system32\CRYPTBASE.dll
0x6cec0000 - 0x6cf45000 	C:\Users\Carlos\AppData\Local\Temp\libgdxCarlos\56953fb7\gdx.dll
0x17e00000 - 0x17e4c000 	C:\Users\Carlos\AppData\Local\Temp\libgdxCarlos\52d76f2b\lwjgl.dll
0x18e40000 - 0x18f08000 	C:\Windows\system32\OPENGL32.dll
0x65bc0000 - 0x65be2000 	C:\Windows\system32\GLU32.dll
0x70390000 - 0x70477000 	C:\Windows\system32\DDRAW.dll
0x698f0000 - 0x698f6000 	C:\Windows\system32\DCIMAN32.dll
0x76570000 - 0x7670d000 	C:\Windows\system32\SETUPAPI.dll
0x75410000 - 0x75437000 	C:\Windows\system32\CFGMGR32.dll
0x75620000 - 0x75632000 	C:\Windows\system32\DEVOBJ.dll
0x747d0000 - 0x747d9000 	C:\Windows\system32\VERSION.dll
0x183e0000 - 0x18445000 	C:\Users\Carlos\AppData\Local\Temp\libgdxCarlos\52d76f2b\OpenAL32.dll
0x75800000 - 0x7644a000 	C:\Windows\system32\SHELL32.dll
0x76ec0000 - 0x76f43000 	C:\Windows\system32\CLBCatQ.DLL
0x74170000 - 0x741a9000 	C:\Windows\System32\MMDevApi.dll
0x74070000 - 0x74165000 	C:\Windows\System32\PROPSYS.dll
0x72360000 - 0x723d2000 	C:\Windows\system32\dsound.dll
0x741b0000 - 0x741d5000 	C:\Windows\system32\POWRPROF.dll
0x68ee0000 - 0x68f16000 	C:\Windows\system32\AUDIOSES.DLL
0x19bf0000 - 0x1a694000 	C:\Windows\system32\ig4icd32.dll
0x6f260000 - 0x6f2d9000 	C:\Windows\system32\mscms.dll
0x74930000 - 0x74947000 	C:\Windows\system32\USERENV.dll
0x752e0000 - 0x752eb000 	C:\Windows\system32\profapi.dll
0x5cfb0000 - 0x5cfe8000 	C:\Windows\system32\icm32.dll
0x6fbb0000 - 0x6fc9b000 	C:\Windows\system32\dbghelp.dll

VM Arguments:
jvm_args: -agentlib:jdwp=transport=dt_socket,suspend=y,address=localhost:49842 -Dfile.encoding=Cp1252 
java_command: com.valyrian.firstgame.Main
Launcher Type: SUN_STANDARD

Environment Variables:
PATH=C:/Program Files/Java/jre7/bin/client;C:/Program Files/Java/jre7/bin;C:/Program Files/Java/jre7/lib/i386;C:\Windows\system32;C:\Windows;C:\Windows\System32\Wbem;C:\Windows\System32\WindowsPowerShell\v1.0\;C:\Program Files\Common Files\Autodesk Shared\;C:\Program Files\Mercurial;C:\Users\Carlos\Desktop\DAVID\eclipse;
USERNAME=Carlos
OS=Windows_NT
PROCESSOR_IDENTIFIER=x86 Family 6 Model 15 Stepping 13, GenuineIntel



---------------  S Y S T E M  ---------------

OS: Windows 7 Build 7601 Service Pack 1

CPU:total 2 (2 cores per cpu, 1 threads per core) family 6 model 15 stepping 13, cmov, cx8, fxsr, mmx, sse, sse2, sse3, ssse3, tsc

Memory: 4k page, physical 1961984k(454984k free), swap 3923968k(2144456k free)

vm_info: Java HotSpot(TM) Client VM (24.51-b03) for windows-x86 JRE (1.7.0_51-b13), built on Dec 18 2013 19:09:58 by "java_re" with unknown MS VC++:1600

time: Fri Jan 31 18:59:17 2014
elapsed time: 8 seconds

